SLURM_ARRAY_JOB_ID: 35887057
SLURM_JOB_ID: 35887064
SLURM_ARRAY_TASK_ID: 6
Created job directory: logs/job_35887057
Task 6: Waiting for initialization to complete...
Task 6: Initialization complete, proceeding...
Running model 6...
Running: LCL2_CNL_pref 
Starting Setup 
Setup  Complete 
Starting Search-Start 
Saving original apollo_inputs 
Testing probability function (apollo_probabilities)
Apollo found a model component of type classAlloc without a
  componentName. The name was set to "classAlloc" by default.
INFORMATION: Setting "avail" is missing, so full availability is
  assumed. 
Apollo found a model component of type CNL without a componentName. The
  name was set to "Class_1" by default.
Apollo found a model component of type CNL without a componentName. The
  name was set to "Class_2" by default.
Pre-processing likelihood function...
Creating initial set of 101 candidate values.
Calculating LL of candidates 0%....50%.....100%
3 candidates removed due to non-finite starting LL. 98 remain.
Total avail. cores = 32 cores
Avail. GB per core = 2 GB
Req. GB per cluster = 2 GB
Running searchStart on 32 cores.

Stage 1, 98 active candidates.
Estimating 25 BFGS iteration(s) for each active candidate.
 Candidate......LLstart.....LLfinish.....GradientNorm...Converged
         1        -9336        -8873         2568.874           0
         2       -11415        -9092         6472.254           0
         3       -13926        -9299         7238.523           0
         4       -11605        -9248          739.015           0
         5       -15501        -9505         5368.513           0
         6       -13863        -9445         2244.872           0
         7       -10251        -9022          808.341           0
         8       -11441        -9122         5043.606           0
         9       -15182        -9177         2811.909           0
        10       -11865        -9302         5090.502           0
        11       -10318        -9081         4892.363           0
        12       -12050        -9146         2934.026           0
        13       -11494        -9123         3331.677           0
        14       -11799        -9098         2381.185           0
        15       -14121        -9191         6751.498           0
        16       -14384        -9293          357.429           0
        17       -16123        -9514         5022.866           0
        18       -10871        -8962         2375.903           0
        19       -10812        -9040         7497.367           0
        20       -16186        -9397         3858.292           0
        21        -9986        -9009          801.532           0
        22       -12489        -9215          8680.87           0
        23       -12438        -9290         2005.958           0
        24       -12530        -9017          805.302           0
        25       -13022        -9151        12634.522           0
        26       -10597        -8973         4729.793           0
        27       -11024        -8929         5266.717           0
        28       -10674        -9162         2935.949           0
        29        -9694        -9101         3148.366           0
        30       -11166        -8886         2249.286           0
        31       -11378        -9042         4014.124           0
        32       -19223        -9322          812.854           0
        33       -11055        -9416         7035.776           0
        34        -9388        -8906         7174.666           0
        35       -21476        -9289          439.723           0
        36       -11436        -9184         5009.167           0
        37       -10996        -9061         3472.452           0
        38       -12025        -9004         4182.746           0
        39        -9894        -9025          1837.51           0
        40       -12843        -9216         7413.511           0
        41       -11374        -8914          3014.99           0
        42        -9713        -8854         1761.848           0
        43        -9426        -8874         4789.478           0
        44       -11120        -8938          725.774           0
        45       -14329        -9099         4358.418           0
        46       -15732        -9820        17681.621           0
        47       -15131        -9223         3634.436           0
        48       -12563        -9253         1028.063           0
        49       -10460        -8921          1970.82           0
        50       -12907        -9272         4870.436           0
        51       -10952        -9084         3373.153           0
        52       -24947        -9324         1977.945           0
        53       -11547        -9069         4240.544           0
        54       -11539        -9222         7230.934           0
        55       -13508        -9346         5766.344           0
        56       -13350        -9105         6558.829           0
        57       -21552        -9014         5778.522           0
        58       -12317        -9343        10017.105           0
        59       -15009        -9311         8705.031           0
        60       -11988        -9077         3632.169           0
        61       -19872        -9289         3045.869           0
        62       -12401        -9108         1994.369           0
        63       -11369        -8966         1196.102           0
        64       -10582        -9007         4658.116           0
        65       -10566        -9027         2146.455           0
        66       -10542        -9018         4553.949           0
        67       -10986        -9074         2564.686           0
        68       -11758        -8994         2296.724           0
        69       -11704        -8996         3988.024           0
        70       -10225        -9113         6007.934           0
        71       -10750        -9174         2555.234           0
        72       -11067        -9120         9804.864           0
        73       -13186        -8944         3604.994           0
        74       -18042        -9244         1041.966           0
        75       -13559        -9053         3345.698           0
        76       -10136        -8934         4890.431           0
        77       -17938        -9198        12495.698           0
        78       -22985        -9403         6259.486           0
        79       -10907        -8930         3225.185           0
        80       -17842        -8945         2289.405           0
        81       -10309        -8958          3532.53           0
        82       -10604        -9040         3253.702           0
        83       -18184       -10236        16734.129           0
        84        -9847        -8958         2689.765           0
        85       -14923        -9170         2967.327           0
        86       -10337        -8957         6366.603           0
        87       -11368        -8935         2125.267           0
        88        -9947        -9023         2380.364           0
        89       -10666        -9050         2012.395           0
        90       -11284        -9153        10945.599           0
        91       -59678        -9099         2205.845           0
        92       -44007        -9370         4797.635           0
        93       -68763       -10859         5575.708           0
        94       -27964        -9385          9602.25           0
        95       -33424        -9230         3735.273           0
        96       -31046       -11151         7382.179           0
        97       -38453        -9165         2801.429           0
        98      -142798       -10478          1277.09           0
Best candidate so far (LL=-8853.7)

Stage 2, 98 active candidates.
Estimating 25 BFGS iteration(s) for each active candidate.
 Candidate......LLstart.....LLfinish.....GradientNorm...Converged
         1        -8873        -8838         1466.886           0
         2        -9092        -8850          699.909           0
         3        -9299        -8932         2647.553           0
         4        -9248        -9106         4424.557           0
         5        -9505        -9286            2.795           0
         6        -9445        -9296          1911.73           0
         7        -9022        -8978         1072.911           0
         8        -9122        -8885          1452.94           0
         9        -9177        -8938         2138.823           0
        10        -9302        -9114         5222.155           0
        11        -9081        -8982          840.957           0
        12        -9146        -8933         3266.765           0
        13        -9123        -8876         2900.916           0
        14        -9098        -8884         1239.168           0
        15        -9191        -8910         3943.461           0
        16        -9293        -9286            1.916           0
        17        -9514        -9089         2987.815           0
        18        -8962        -8860          757.116           0
        19        -9040        -8898         2880.797           0
        20        -9397        -9273          656.586           0
        21        -9009        -8894         1049.579           0
        22        -9215        -8948         6160.039           0
        23        -9290        -9290              NaN           1
        24        -9017        -8854          425.449           0
        25        -9151        -8900         5793.019           0
        26        -8973        -8850         1731.858           0
        27        -8929        -8847         2371.394           0
        28        -9162        -8865         1273.783           0
        29        -9101        -8850          398.492           0
        30        -8886        -8841          416.586           0
        31        -9042        -8859          645.913           0
        32        -9322        -9286           20.521           0
        33        -9416        -9086          482.558           0
        34        -8906        -8842          1132.69           0
        35        -9289        -9256            1.785           0
        36        -9184        -8955         7577.625           0
        37        -9061        -8919         6485.946           0
        38        -9004        -8896         1881.637           0
        39        -9025        -8886          909.519           0
        40        -9216        -8931         4122.873           0
        41        -8914        -8840         1565.623           0
        42        -8854        -8835          351.571           0
        43        -8874        -8845         1625.147           0
        44        -8938        -8899         3255.666           0
        45        -9099        -8901         1773.676           0
        46        -9820        -9001         2093.862           0
        47        -9223        -8909         1011.696           0
        48        -9253        -8950          923.415           0
        49        -8921        -8840          370.918           0
        50        -9272        -9110         2456.232           0
        51        -9084        -8891         3271.532           0
        52        -9324        -9246          653.921           0
        53        -9069        -8859         2578.332           0
        54        -9222        -8890         2418.238           0
        55        -9346        -9044         2151.671           0
        56        -9105        -8876         1781.867           0
        57        -9014        -8908         1258.436           0
        58        -9343        -9113         4372.355           0
        59        -9311        -9075         1744.968           0
        60        -9077        -8934          851.661           0
        61        -9289        -8875         1735.259           0
        62        -9108        -8886         1361.244           0
        63        -8966        -8869          306.402           0
        64        -9007        -8881          907.839           0
        65        -9027        -8905          317.597           0
        66        -9018        -8861         1015.442           0
        67        -9074        -8994         1217.724           0
        68        -8994        -8842          729.614           0
        69        -8996        -8851          253.087           0
        70        -9113        -8906         1040.492           0
        71        -9174        -8888         3634.805           0
        72        -9120        -8871          1016.87           0
        73        -8944        -8875         1947.756           0
        74        -9244        -8952         1814.696           0
        75        -9053        -8863         1317.165           0
        76        -8934        -8842          528.035           0
        77        -9198        -8921          855.429           0
        78        -9403        -9077         1644.041           0
        79        -8930        -8851           838.28           0
        80        -8945        -8840          278.487           0
        81        -8958        -8911          435.507           0
        82        -9040        -8916         1718.215           0
        83       -10236        -9291         1010.372           0
        84        -8958        -8845          599.295           0
        85        -9170        -8936         1108.838           0
        86        -8957        -8850          963.997           0
        87        -8935        -8839         1005.168           0
        88        -9023        -8923           3420.4           0
        89        -9050        -8864         3183.641           0
        90        -9153        -8865         2804.545           0
        91        -9099        -8973         1460.654           0
        92        -9370        -9252           85.968           0
        93       -10859        -8979         2721.569           0
        94        -9385        -9202          443.545           0
        95        -9230        -8995          439.908           0
        96       -11151        -9586         1933.246           0
        97        -9165        -8919          686.947           0
        98       -10478        -8946         1446.485           0
Best candidate so far (LL=-8835)

Stage 3, 97 active candidates.
Estimating 25 BFGS iteration(s) for each active candidate.
 Candidate......LLstart.....LLfinish.....GradientNorm...Converged
         1        -8838        -8834          314.399           0
         2        -8850        -8836          463.518           0
         3        -8932        -8844         1098.644           0
         4        -9106        -8929         1255.106           0
         5        -9286        -9286            2.753           1
         6        -9296        -9269          328.039           0
         7        -8978        -8964          321.856           0
         8        -8885        -8838            64.61           0
         9        -8938        -8847          450.925           0
        10        -9114        -8913         3616.243           0
        11        -8982        -8965          230.192           0
        12        -8933        -8860         1005.474           0
        13        -8876        -8840         1412.076           0
        14        -8884        -8855          296.379           0
        15        -8910        -8849         2801.832           0
        16        -9286        -9286             1.08           1
        17        -9089        -8988          139.482           0
        18        -8860        -8838           55.655           0
        19        -8898        -8853          469.222           0
        20        -9273        -9226          103.516           0
        21        -8894        -8866          371.615           0
        22        -8948        -8855         2393.456           0
        24        -8854        -8839           48.018           0
        25        -8900        -8842         1297.749           0
        26        -8850        -8838          170.518           0
        27        -8847        -8835          518.793           0
        28        -8865        -8834          173.613           0
        29        -8850        -8837           66.353           0
        30        -8841        -8833           23.407           0
        31        -8859        -8839            697.3           0
        32        -9286        -9286           15.191           1
        33        -9086        -8993          979.263           0
        34        -8842        -8834          334.109           0
        35        -9256        -9256            1.989           1
        36        -8955        -8847         2033.302           0
        37        -8919        -8836          899.655           0
        38        -8896        -8845          445.731           0
        39        -8886        -8849         1212.161           0
        40        -8931        -8844         1768.182           0
        41        -8840        -8834          106.149           0
        42        -8835        -8833           30.201           0
        43        -8845        -8835         1034.754           0
        44        -8899        -8846          755.638           0
        45        -8901        -8841          372.805           0
        46        -9001        -8850         1548.472           0
        47        -8909        -8840          977.303           0
        48        -8950        -8873          448.325           0
        49        -8840        -8834          223.927           0
        50        -9110        -8983         2961.991           0
        51        -8891        -8844          921.521           0
        52        -9246        -9188           404.52           0
        53        -8859        -8836            836.1           0
        54        -8890        -8835          138.041           0
        55        -9044        -8925          2070.28           0
        56        -8876        -8836          402.707           0
        57        -8908        -8893         2786.224           0
        58        -9113        -9002         2231.315           0
        59        -9075        -8985         2105.228           0
        60        -8934        -8908         1244.804           0
        61        -8875        -8840           574.34           0
        62        -8886        -8836          269.466           0
        63        -8869        -8866          131.831           0
        64        -8881        -8840          708.238           0
        65        -8905        -8893           12.048           0
        66        -8861        -8852          293.755           0
        67        -8994        -8965          276.646           0
        68        -8842        -8835          173.007           0
        69        -8851        -8835           47.814           0
        70        -8906        -8877            978.5           0
        71        -8888        -8846         2464.425           0
        72        -8871        -8837          411.789           0
        73        -8875        -8839         1128.777           0
        74        -8952        -8916          692.167           0
        75        -8863        -8836          225.241           0
        76        -8842        -8834          124.214           0
        77        -8921        -8858         2160.602           0
        78        -9077        -8978         1222.936           0
        79        -8851        -8835          198.579           0
        80        -8840        -8834          114.873           0
        81        -8911        -8905              Inf           1
        82        -8916        -8866          500.534           0
        83        -9291        -9286           14.212           0
        84        -8845        -8838           84.363           0
        85        -8936        -8849           281.89           0
        86        -8850        -8836          184.025           0
        87        -8839        -8834          407.947           0
        88        -8923        -8869          675.404           0
        89        -8864        -8841           76.037           0
        90        -8865        -8839          525.687           0
        91        -8973        -8916         1071.252           0
        92        -9252        -9245           24.994           0
        93        -8979        -8855          720.061           0
        94        -9202        -9090         2121.387           0
        95        -8995        -8965          111.987           0
        96        -9586        -9285          717.008           0
        97        -8919        -8879         2583.546           0
        98        -8946        -8917          318.542           0
Best candidate so far (LL=-8833)

Stage 4, 92 active candidates.
Estimating 25 BFGS iteration(s) for each active candidate.
 Candidate......LLstart.....LLfinish.....GradientNorm...Converged
         1        -8834        -8833          166.996           0
         2        -8836        -8833          233.494           0
         3        -8844        -8834           492.06           0
         4        -8929        -8871           792.47           0
         6        -9269        -9248           28.752           0
         7        -8964        -8963           84.635           0
         8        -8838        -8835           82.733           0
         9        -8847        -8834          280.823           0
        10        -8913        -8841          744.129           0
        11        -8965        -8963          128.731           0
        12        -8860        -8835          522.419           0
        13        -8840        -8834          410.366           0
        14        -8855        -8852           31.162           0
        15        -8849        -8835         1092.707           0
        17        -8988        -8983            68.83           0
        18        -8838        -8835           62.533           0
        19        -8853        -8849          194.005           0
        20        -9226        -9171           47.558           0
        21        -8866        -8848          440.423           0
        22        -8855        -8836          1198.66           0
        24        -8839        -8838            11.07           0
        25        -8842        -8835          441.554           0
        26        -8838        -8838          102.015           0
        27        -8835        -8833          325.018           0
        28        -8834        -8833          116.988           0
        29        -8837        -8834           23.147           0
        30        -8833        -8833           47.355           0
        31        -8839        -8833           78.374           0
        33        -8993        -8976          184.492           0
        34        -8834        -8833          187.934           0
        36        -8847        -8834          557.635           0
        37        -8836        -8833          422.351           0
        38        -8845        -8834          193.236           0
        39        -8849        -8835          576.824           0
        40        -8844        -8834          640.639           0
        41        -8834        -8833           69.298           0
        42        -8833        -8833            23.48           0
        43        -8835        -8833          236.734           0
        44        -8846        -8835          497.228           0
        45        -8841        -8836          279.598           0
        46        -8850        -8838          329.908           0
        47        -8840        -8834          383.132           0
        48        -8873        -8869           34.481           0
        49        -8834        -8833          103.781           0
        50        -8983        -8870          602.629           0
        51        -8844        -8834           56.169           0
        52        -9188        -9128          769.166           0
        53        -8836        -8833          377.703           0
        54        -8835        -8833           64.275           0
        55        -8925        -8857         1099.787           0
        56        -8836        -8833          254.559           0
        57        -8893        -8852          515.599           0
        58        -9002        -8984           96.904           0
        59        -8985        -8911         3605.971           0
        60        -8908        -8891         1881.655           0
        61        -8840        -8835          488.302           0
        62        -8836        -8833          149.606           0
        63        -8866        -8865           43.639           0
        64        -8840        -8833           47.314           0
        65        -8893        -8891          150.999           0
        66        -8852        -8852          105.018           0
        67        -8965        -8963           64.136           0
        68        -8835        -8833          104.498           0
        69        -8835        -8833           83.087           0
        70        -8877        -8843          744.899           0
        71        -8846        -8835         1103.266           0
        72        -8837        -8833           48.148           0
        73        -8839        -8835          426.409           0
        74        -8916        -8903           609.89           0
        75        -8836        -8833           40.094           0
        76        -8834        -8833           54.088           0
        77        -8858        -8837          397.368           0
        78        -8978        -8893         3813.548           0
        79        -8835        -8833          144.017           0
        80        -8834        -8833          157.162           0
        82        -8866        -8843          446.984           0
        83        -9286        -9286            7.916           1
        84        -8838        -8836           92.554           0
        85        -8849        -8837           18.872           0
        86        -8836        -8833          284.108           0
        87        -8834        -8833          212.412           0
        88        -8869        -8859          383.775           0
        89        -8841        -8838           37.607           0
        90        -8839        -8838           77.668           0
        91        -8916        -8906         1095.165           0
        92        -9245        -9245           10.323           1
        93        -8855        -8839            36.28           0
        94        -9090        -8961         2506.963           0
        95        -8965        -8963           56.641           0
        96        -9285        -9267           77.382           0
        97        -8879        -8843          432.209           0
        98        -8917        -8911         1374.252           0
Candidate 31 dropped.
- Failed test 1: Too close to 87 in parameter space.
Candidate 34 dropped.
- Failed test 1: Too close to 1 in parameter space.
Candidate 43 dropped.
- Failed test 1: Too close to 41 in parameter space.
Best candidate so far (LL=-8832.8)

Stage 5, 87 active candidates.
Estimating 25 BFGS iteration(s) for each active candidate.
 Candidate......LLstart.....LLfinish.....GradientNorm...Converged
         1        -8833        -8833           86.127           0
         2        -8833        -8833           24.585           0
         3        -8834        -8833          274.833           0
         4        -8871        -8842          443.646           0
         6        -9248        -9247            8.574           0
         7        -8963        -8963           24.211           0
         8        -8835        -8833           31.446           0
         9        -8834        -8833           54.468           0
        10        -8841        -8834          488.833           0
        11        -8963        -8963           37.502           0
        12        -8835        -8833          240.105           0
        13        -8834        -8833           199.61           0
        14        -8852        -8852            6.042           0
        15        -8835        -8833          555.937           0
        17        -8983        -8983            4.284           0
        18        -8835        -8833           56.815           0
        19        -8849        -8836          290.257           0
        20        -9171        -9169           21.382           0
        21        -8848        -8836          151.946           0
        22        -8836        -8834          585.748           0
        24        -8838        -8838            6.579           0
        25        -8835        -8833          200.904           0
        26        -8838        -8838          244.218           0
        27        -8833        -8833          156.229           0
        28        -8833        -8833           52.227           0
        29        -8834        -8833           65.805           0
        30        -8833        -8833            8.655           0
        33        -8976        -8966          538.975           0
        36        -8834        -8833          330.843           0
        37        -8833        -8833          194.276           0
        38        -8834        -8833           48.659           0
        39        -8835        -8833          154.859           0
        40        -8834        -8833           44.385           0
        41        -8833        -8833           17.014           0
        42        -8833        -8833            6.212           1
        44        -8835        -8833          137.336           0
        45        -8836        -8834          120.962           0
        46        -8838        -8838           79.704           0
        47        -8834        -8833            81.87           0
        48        -8869        -8867           84.295           0
        49        -8833        -8833            7.313           0
        50        -8870        -8839           214.28           0
        51        -8834        -8833            65.96           0
        52        -9128        -9001          671.518           0
        53        -8833        -8833          213.486           0
        54        -8833        -8833           57.104           0
        55        -8857        -8839           237.57           0
        56        -8833        -8833           55.697           0
        57        -8852        -8834          131.561           0
        58        -8984        -8983            18.68           0
        59        -8911        -8845          573.923           0
        60        -8891        -8859          407.324           0
        61        -8835        -8833           262.84           0
        62        -8833        -8833           10.265           0
        63        -8865        -8865           13.616           0
        64        -8833        -8833           48.085           0
        65        -8891        -8868          144.322           0
        66        -8852        -8852           29.602           0
        67        -8963        -8963           22.593           0
        68        -8833        -8833           20.706           0
        69        -8833        -8833           37.101           0
        70        -8843        -8834          372.238           0
        71        -8835        -8833           286.77           0
        72        -8833        -8833           66.808           0
        73        -8835        -8833          252.399           0
        74        -8903        -8889         1868.881           0
        75        -8833        -8833          119.261           0
        76        -8833        -8833           38.489           0
        77        -8837        -8834          228.966           0
        78        -8893        -8839         1687.432           0
        79        -8833        -8833            6.442           0
        80        -8833        -8833           62.834           0
        82        -8843        -8838          143.512           0
        84        -8836        -8833            46.94           0
        85        -8837        -8835          172.106           0
        86        -8833        -8833          150.112           0
        87        -8833        -8833          107.126           0
        88        -8859        -8839          121.037           0
        89        -8838        -8838            5.114           0
        90        -8838        -8838           20.043           0
        91        -8906        -8891          697.819           0
        93        -8839        -8838            7.709           0
        94        -8961        -8871          825.757           0
        95        -8963        -8963           17.502           0
        96        -9267        -9258           28.506           0
        97        -8843        -8838           66.224           0
        98        -8911        -8894          1608.48           0
Candidate 3 dropped.
- Failed test 1: Too close to 12 in parameter space.
Candidate 7 dropped.
- Failed test 1: Too close to 95 in parameter space.
Candidate 12 dropped.
- Failed test 1: Too close to 2 in parameter space.
Candidate 18 dropped.
- Failed test 1: Too close to 1, 44 in parameter space.
Candidate 27 dropped.
- Failed test 1: Too close to 49, 64, 68 in parameter space.
Candidate 40 dropped.
- Failed test 1: Too close to 27, 49, 64, 68 in parameter space.
Candidate 44 dropped.
- Failed test 1: Too close to 1 in parameter space.
Candidate 45 dropped.
- Failed test 1: Too close to 49, 51, 68 in parameter space.
Candidate 49 dropped.
- Failed test 1: Too close to 64, 68 in parameter space.
Candidate 51 dropped.
- Failed test 1: Too close to 27, 40, 49, 64, 68 in parameter space.
Candidate 54 dropped.
- Failed test 1: Too close to 80 in parameter space.
Candidate 64 dropped.
- Failed test 1: Too close to 68 in parameter space.
Candidate 70 dropped.
- Failed test 1: Too close to 87 in parameter space.
Candidate 71 dropped.
- Failed test 1: Too close to 2, 12 in parameter space.
Candidate 73 dropped.
- Failed test 1: Too close to 2, 12 in parameter space.
Candidate 77 dropped.
- Failed test 1: Too close to 12 in parameter space.
Candidate 84 dropped.
- Failed test 1: Too close to 29 in parameter space.
Best candidate so far (LL=-8832.7)

Stage 6, 69 active candidates.
Estimating 25 BFGS iteration(s) for each active candidate.
 Candidate......LLstart.....LLfinish.....GradientNorm...Converged
         1        -8833        -8833           33.589           0
         2        -8833        -8833            6.829           0
         4        -8842        -8838           27.526           0
         6        -9247        -9247             7.66           1
         8        -8833        -8833           22.949           0
         9        -8833        -8833           42.084           0
        10        -8834        -8833          238.759           0
        11        -8963        -8963           28.736           0
        13        -8833        -8833          105.037           0
        14        -8852        -8852            9.157           1
        15        -8833        -8833          317.881           0
        17        -8983        -8983            5.318           1
        19        -8836        -8833          112.889           0
        20        -9169        -9169           24.814           1
        21        -8836        -8833           93.663           0
        22        -8834        -8833          289.079           0
        24        -8838        -8838            5.775           1
        25        -8833        -8833            2.706           0
        26        -8838        -8837         1132.872           0
        28        -8833        -8833           14.007           1
        29        -8833        -8833           61.179           0
        30        -8833        -8833            7.397           1
        33        -8966        -8963          106.443           0
        36        -8833        -8833          186.288           0
        37        -8833        -8833           98.392           0
        38        -8833        -8833           15.585           0
        39        -8833        -8833            15.02           0
        41        -8833        -8833           10.163           1
        46        -8838        -8838           67.507           0
        47        -8833        -8833           37.779           0
        48        -8867        -8865           12.985           0
        50        -8839        -8834           56.817           0
        52        -9001        -8969          213.857           0
        53        -8833        -8833            35.56           0
        55        -8839        -8838           61.867           0
        56        -8833        -8833           13.288           1
        57        -8834        -8833           56.314           0
        58        -8983        -8983            5.383           0
        59        -8845        -8834           68.206           0
        60        -8859        -8852           82.277           0
        61        -8833        -8833          120.317           0
        62        -8833        -8833            8.721           1
        63        -8865        -8865           39.608           0
        65        -8868        -8865           35.423           0
        66        -8852        -8852           24.509           1
        67        -8963        -8963            8.177           0
        68        -8833        -8833            4.551           1
        69        -8833        -8833           21.004           0
        72        -8833        -8833           30.921           0
        74        -8889        -8853           271.35           0
        75        -8833        -8833           38.031           0
        76        -8833        -8833           16.857           1
        78        -8839        -8834          741.076           0
        79        -8833        -8833            5.407           1
        80        -8833        -8833           24.119           0
        82        -8838        -8837          257.189           0
        85        -8835        -8833           78.514           0
        86        -8833        -8833           66.726           0
        87        -8833        -8833           45.454           0
        88        -8839        -8835          124.459           0
        89        -8838        -8838            4.551           1
        90        -8838        -8838            2.454           1
        91        -8891        -8864          995.915           0
        93        -8838        -8838            6.458           1
        94        -8871        -8836           163.04           0
        95        -8963        -8963            8.306           1
        96        -9258        -9249           52.448           0
        97        -8838        -8838           12.497           0
        98        -8894        -8862          300.729           0
Candidate 1 dropped.
- Failed test 1: Too close to 29, 30 in parameter space.
Candidate 8 dropped.
- Failed test 1: Too close to 79 in parameter space.
Candidate 13 dropped.
- Failed test 1: Too close to 87 in parameter space.
Candidate 22 dropped.
- Failed test 1: Too close to 10 in parameter space.
Candidate 29 dropped.
- Failed test 1: Too close to 30 in parameter space.
Candidate 36 dropped.
- Failed test 1: Too close to 1, 29 in parameter space.
Candidate 37 dropped.
- Failed test 1: Too close to 25 in parameter space.
Candidate 39 dropped.
- Failed test 1: Too close to 68, 87 in parameter space.
Candidate 47 dropped.
- Failed test 1: Too close to 41 in parameter space.
Candidate 61 dropped.
- Failed test 1: Too close to 80 in parameter space.
Candidate 87 dropped.
- Failed test 1: Too close to 68 in parameter space.
Best candidate so far (LL=-8832.7)

Stage 7, 40 active candidates.
Estimating 25 BFGS iteration(s) for each active candidate.
 Candidate......LLstart.....LLfinish.....GradientNorm...Converged
         2        -8833        -8833            6.135           1
         4        -8838        -8837          128.729           0
         9        -8833        -8833           10.851           1
        10        -8833        -8833          140.776           0
        11        -8963        -8963           18.119           1
        15        -8833        -8833          151.745           0
        19        -8833        -8833           11.293           0
        21        -8833        -8833           37.475           0
        25        -8833        -8833            2.381           1
        26        -8837        -8833          531.556           0
        33        -8963        -8963           26.246           0
        38        -8833        -8833            3.096           1
        46        -8838        -8838           16.927           1
        48        -8865        -8865           17.866           1
        50        -8834        -8833           56.389           0
        52        -8969        -8964          107.363           0
        53        -8833        -8833           14.428           1
        55        -8838        -8838           11.458           0
        57        -8833        -8833           22.005           0
        58        -8983        -8983            14.21           1
        59        -8834        -8833           41.191           0
        60        -8852        -8852           13.774           0
        63        -8865        -8863           43.826           0
        65        -8865        -8865           21.305           0
        67        -8963        -8963            4.945           1
        69        -8833        -8833           13.367           0
        72        -8833        -8833            9.953           1
        74        -8853        -8846          166.115           0
        75        -8833        -8833            9.144           1
        78        -8834        -8833          438.336           0
        80        -8833        -8833           14.428           1
        82        -8837        -8834            65.03           0
        85        -8833        -8833           62.665           0
        86        -8833        -8833            24.31           1
        88        -8835        -8833            90.06           0
        91        -8864        -8853          395.575           0
        94        -8836        -8833          131.003           0
        96        -9249        -9248              NaN           1
        97        -8838        -8838           11.233           0
        98        -8862        -8853          115.049           0
Candidate 59 dropped.
- Failed test 1: Too close to 80 in parameter space.
Candidate 78 dropped.
- Failed test 1: Too close to 2, 21 in parameter space.
Candidate 85 dropped.
- Failed test 1: Too close to 80 in parameter space.
Best candidate so far (LL=-8832.7)

Stage 8, 23 active candidates.
Estimating 25 BFGS iteration(s) for each active candidate.
 Candidate......LLstart.....LLfinish.....GradientNorm...Converged
         4        -8837        -8835           47.658           0
        10        -8833        -8833           85.152           0
        15        -8833        -8833           17.888           1
        19        -8833        -8833            4.799           1
        21        -8833        -8833           17.355           0
        26        -8833        -8833          109.315           0
        33        -8963        -8963            8.276           0
        38        -8833        -8833                0           1
        50        -8833        -8833           51.155           0
        52        -8964        -8963           57.105           0
        55        -8838        -8838            9.227           1
        57        -8833        -8833            3.439           1
        60        -8852        -8852           52.325           1
        63        -8863        -8848          181.351           0
        65        -8865        -8865            7.536           0
        69        -8833        -8833           10.238           1
        74        -8846        -8834          140.297           0
        82        -8834        -8833            9.486           0
        88        -8833        -8833          101.259           0
        91        -8853        -8852          122.489           0
        94        -8833        -8833           63.488           0
        97        -8838        -8838           735.63           0
        98        -8853        -8852            51.17           0
Candidate 21 dropped.
- Failed test 1: Too close to 15 in parameter space.
Candidate 50 dropped.
- Failed test 1: Too close to 15 in parameter space.
Candidate 88 dropped.
- Failed test 1: Too close to 10 in parameter space.
Best candidate so far (LL=-8832.7)

Stage 9, 14 active candidates.
Estimating 25 BFGS iteration(s) for each active candidate.
 Candidate......LLstart.....LLfinish.....GradientNorm...Converged
         4        -8835        -8833           17.115           0
        10        -8833        -8833           21.771           1
        26        -8833        -8833            6.634           0
        33        -8963        -8963            4.736           1
        38        -8833        -8833                0           1
        52        -8963        -8963            7.232           0
        63        -8848        -8835          100.903           0
        65        -8865        -8865            5.553           1
        74        -8834        -8833            38.67           0
        82        -8833        -8833            28.57           0
        91        -8852        -8849          646.987           0
        94        -8833        -8833            3.966           1
        97        -8838        -8834          303.359           0
        98        -8852        -8852           19.385           0
Best candidate so far (LL=-8832.7)

Stage 10, 10 active candidates.
Estimating 100 BFGS iteration(s) for each active candidate.
 Candidate......LLstart.....LLfinish.....GradientNorm...Converged
         4        -8833        -8833            12.13           1
        26        -8833        -8833            5.149           1
        38        -8833        -8833                0           1
        52        -8963        -8963            0.032           1
        63        -8835        -8833            0.003           1
        74        -8833        -8833            4.435           1
        82        -8833        -8833            8.834           1
        91        -8849        -8833            0.132           1
        97        -8834        -8833            0.037           1
        98        -8852        -8852           16.017           1
Best candidate so far (LL=-8832.7)
  n_points n_best n_within_tol did_best_conv
1       98      3           67          TRUE
Search-Start Execution Complete 
Using  32 cores. 
Search-Start Post-Processing Complete 
Starting main estimation 
WARNING: Object get_nl_spec from the global environment should not be
  used inside apollo_probabilities. If needed, save it inside
  apollo_inputs and call it as apollo_inputs$get_nl_spec. 
Preparing user-defined functions.

Testing likelihood function...
Apollo found a model component of type classAlloc without a
  componentName. The name was set to "classAlloc" by default.
INFORMATION: Setting "avail" is missing, so full availability is
  assumed. 

Overview of choices for CNL model component Class_1:
                                    cvC1    cvC2    cvC3   hevC1   hevC2
Times available                  1311.00 1389.00 1340.00 1403.00 1348.00
Times chosen                      478.00  497.00  495.00  546.00  485.00
Percentage chosen overall           4.34    4.51    4.50    4.96    4.41
Percentage chosen when available   36.46   35.78   36.94   38.92   35.98
                                   hevC3 phev20C1 phev20C2 phev20C3 phev40C1
Times available                  1371.00  1400.00  1342.00  1367.00  1443.00
Times chosen                      541.00   494.00   507.00   518.00   558.00
Percentage chosen overall           4.91     4.49     4.60     4.70     5.07
Percentage chosen when available   39.46    35.29    37.78    37.89    38.67
                                 phev40C2 phev40C3 bev100C1 bev100C2 bev100C3
Times available                   1278.00  1369.00  1345.00  1320.00  1359.00
Times chosen                       488.00   537.00   313.00   299.00   305.00
Percentage chosen overall            4.43     4.88     2.84     2.72     2.77
Percentage chosen when available    38.18    39.23    23.27    22.65    22.44
                                 bev150C1 bev150C2 bev150C3 bev300C1 bev300C2
Times available                   1357.00  1472.00  1410.00  1357.00  1459.00
Times chosen                       363.00   389.00   336.00   449.00   487.00
Percentage chosen overall            3.30     3.53     3.05     4.08     4.42
Percentage chosen when available    26.75    26.43    23.83    33.09    33.38
                                 bev300C3 bev400C1 bev400C2 bev400C3
Times available                   1396.00  1394.00  1402.00  1398.00
Times chosen                       441.00   469.00   525.00   490.00
Percentage chosen overall            4.01     4.26     4.77     4.45
Percentage chosen when available    31.59    33.64    37.45    35.05

Structure for CNL model component Class_1:
         cvC1 (alpha) cvC2 (alpha) cvC3 (alpha) hevC1 (alpha) hevC2 (alpha)
GAS nest        1.000        1.000        1.000         1.000         1.000
BEV nest        0.000        0.000        0.000         0.000         0.000
         hevC3 (alpha) phev20C1 (alpha) phev20C2 (alpha) phev20C3 (alpha)
GAS nest         1.000           0.9999           0.9999           0.9999
BEV nest         0.000        6.042e-05        6.042e-05        6.042e-05
         phev40C1 (alpha) phev40C2 (alpha) phev40C3 (alpha) bev100C1 (alpha)
GAS nest           0.9999           0.9999           0.9999            0.000
BEV nest        6.042e-05        6.042e-05        6.042e-05            1.000
         bev100C2 (alpha) bev100C3 (alpha) bev150C1 (alpha) bev150C2 (alpha)
GAS nest            0.000            0.000            0.000            0.000
BEV nest            1.000            1.000            1.000            1.000
         bev150C3 (alpha) bev300C1 (alpha) bev300C2 (alpha) bev300C3 (alpha)
GAS nest            0.000            0.000            0.000            0.000
BEV nest            1.000            1.000            1.000            1.000
         bev400C1 (alpha) bev400C2 (alpha) bev400C3 (alpha)      lambda
GAS nest            0.000            0.000            0.000      0.6635
BEV nest            1.000            1.000            1.000      0.7341

Overview of choices for CNL model component Class_2:
                                    cvC1    cvC2    cvC3   hevC1   hevC2
Times available                  1311.00 1389.00 1340.00 1403.00 1348.00
Times chosen                      478.00  497.00  495.00  546.00  485.00
Percentage chosen overall           4.34    4.51    4.50    4.96    4.41
Percentage chosen when available   36.46   35.78   36.94   38.92   35.98
                                   hevC3 phev20C1 phev20C2 phev20C3 phev40C1
Times available                  1371.00  1400.00  1342.00  1367.00  1443.00
Times chosen                      541.00   494.00   507.00   518.00   558.00
Percentage chosen overall           4.91     4.49     4.60     4.70     5.07
Percentage chosen when available   39.46    35.29    37.78    37.89    38.67
                                 phev40C2 phev40C3 bev100C1 bev100C2 bev100C3
Times available                   1278.00  1369.00  1345.00  1320.00  1359.00
Times chosen                       488.00   537.00   313.00   299.00   305.00
Percentage chosen overall            4.43     4.88     2.84     2.72     2.77
Percentage chosen when available    38.18    39.23    23.27    22.65    22.44
                                 bev150C1 bev150C2 bev150C3 bev300C1 bev300C2
Times available                   1357.00  1472.00  1410.00  1357.00  1459.00
Times chosen                       363.00   389.00   336.00   449.00   487.00
Percentage chosen overall            3.30     3.53     3.05     4.08     4.42
Percentage chosen when available    26.75    26.43    23.83    33.09    33.38
                                 bev300C3 bev400C1 bev400C2 bev400C3
Times available                   1396.00  1394.00  1402.00  1398.00
Times chosen                       441.00   469.00   525.00   490.00
Percentage chosen overall            4.01     4.26     4.77     4.45
Percentage chosen when available    31.59    33.64    37.45    35.05

Structure for CNL model component Class_2:
         cvC1 (alpha) cvC2 (alpha) cvC3 (alpha) hevC1 (alpha) hevC2 (alpha)
GAS nest        1.000        1.000        1.000         1.000         1.000
BEV nest        0.000        0.000        0.000         0.000         0.000
         hevC3 (alpha) phev20C1 (alpha) phev20C2 (alpha) phev20C3 (alpha)
GAS nest         1.000           0.6652           0.6652           0.6652
BEV nest         0.000           0.3348           0.3348           0.3348
         phev40C1 (alpha) phev40C2 (alpha) phev40C3 (alpha) bev100C1 (alpha)
GAS nest           0.6652           0.6652           0.6652            0.000
BEV nest           0.3348           0.3348           0.3348            1.000
         bev100C2 (alpha) bev100C3 (alpha) bev150C1 (alpha) bev150C2 (alpha)
GAS nest            0.000            0.000            0.000            0.000
BEV nest            1.000            1.000            1.000            1.000
         bev150C3 (alpha) bev300C1 (alpha) bev300C2 (alpha) bev300C3 (alpha)
GAS nest            0.000            0.000            0.000            0.000
BEV nest            1.000            1.000            1.000            1.000
         bev400C1 (alpha) bev400C2 (alpha) bev400C3 (alpha)      lambda
GAS nest            0.000            0.000            0.000      0.4719
BEV nest            1.000            1.000            1.000      0.5958

Summary of class allocation for model component :
         Mean prob.
Class_1      0.6119
Class_2      0.3881

Pre-processing likelihood function...
Creating cluster...
INFORMATION: While preparing your inputs for multi-core estimation, the
  following objects were found in "apollo_inputs", but were not split
  across cores: "attrCols", "availCols", "constraints",
  "heterogeneity_spec", "lognorm_price_dist", "n_classes", "n_draws",
  "nesting_params", "nesting_spec", "observed_attributes",
  "scalingFactor_dist", "utility_space". If these objects contain
  observation or individual-specific data, and thus need to be split,
  please add a column with the IDs to these objects, and call this
  column "ID" 
Preparing workers for multithreading...

Testing influence of parameters.................................
Starting main estimation
initial  value 8832.696504 
iter   2 value 8832.696504
iter   3 value 8832.696504
iter   4 value 8832.696504
iter   5 value 8832.696504
iter   6 value 8832.696504
iter   7 value 8832.696504
iter   8 value 8832.696504
iter   9 value 8832.696504
iter  10 value 8832.696504
iter  11 value 8832.696504
iter  12 value 8832.696504
iter  13 value 8832.696504
iter  14 value 8832.696504
iter  15 value 8832.696504
iter  16 value 8832.696504
iter  17 value 8832.696504
iter  18 value 8832.696504
iter  19 value 8832.696503
iter  20 value 8832.696503
iter  21 value 8832.696503
iter  22 value 8832.696503
iter  23 value 8832.696503
iter  24 value 8832.696503
iter  25 value 8832.696503
iter  26 value 8832.696502
iter  27 value 8832.696498
iter  28 value 8832.696492
iter  29 value 8832.696490
iter  30 value 8832.696489
iter  31 value 8832.696489
iter  32 value 8832.696489
iter  33 value 8832.696488
iter  34 value 8832.696467
iter  35 value 8832.696424
iter  36 value 8832.696301
iter  37 value 8832.696269
iter  38 value 8832.696255
iter  39 value 8832.696227
iter  40 value 8832.696226
iter  41 value 8832.696224
iter  42 value 8832.696224
iter  43 value 8832.696224
iter  44 value 8832.696224
iter  45 value 8832.696224
iter  45 value 8832.696224
iter  45 value 8832.696224
final  value 8832.696224 
converged

Estimated parameters with approximate standard errors from BHHH matrix:
                             Estimate     BHHH se BHH t-ratio (0)
b_Price_1                   -0.031997    0.001007      -31.775540
b_Acceleration_1            -0.078875    0.005166      -15.267792
b_OpCost_1                  -0.093688    0.003817      -24.542229
b_hev_1                     -0.008176    0.032239       -0.253592
b_phev20_1                  -0.055636    0.056158       -0.990708
b_phev40_1                   0.139003    0.059439        2.338569
b_bev_1                     -0.232323    0.030374       -7.648790
b_bevRangeRel_1              0.261235    0.010310       25.337767
b_noBEVFC_1                 -0.336623    0.033272      -10.117427
b_american_1                -0.158676    0.025076       -6.327755
b_chinese_1                 -1.203625    0.032203      -37.375636
b_japanese_1                 0.007523    0.022574        0.333263
b_skorean_1                 -0.371820    0.025876      -14.369541
lambda_ICE_1                 0.663501    0.023051       28.783923
lambda_BEV_1                 0.734075    0.025973       28.262865
alpha_PHEV_ICE_logistic_1    9.976022 1644.381162        0.006067
class_intercept_1            0.000000          NA              NA
b_Price_2                   -0.127094    0.005177      -24.551951
b_Acceleration_2            -0.064429    0.007519       -8.568939
b_OpCost_2                  -0.120296    0.007111      -16.917881
b_hev_2                      0.161298    0.053960        2.989242
b_phev20_2                   0.242875    0.061394        3.956028
b_phev40_2                   0.133795    0.052673        2.540114
b_bev_2                     -0.280644    0.051421       -5.457756
b_bevRangeRel_2              0.276583    0.018587       14.880332
b_noBEVFC_2                 -0.027551    0.048552       -0.567455
b_american_2                 0.105961    0.051230        2.068334
b_chinese_2                 -0.649756    0.046243      -14.051045
b_japanese_2                -0.059275    0.046087       -1.286151
b_skorean_2                 -0.139567    0.044886       -3.109343
lambda_ICE_2                 0.471909    0.039273       12.016171
lambda_BEV_2                 0.595789    0.030925       19.265757
alpha_PHEV_ICE_logistic_2    0.686851    0.255465        2.688632
class_intercept_2           -0.455423    0.065329       -6.971188

Final LL: -8832.7066

Structure for CNL model component Class_1:
         cvC1 (alpha) cvC2 (alpha) cvC3 (alpha) hevC1 (alpha) hevC2 (alpha)
GAS nest        1.000        1.000        1.000         1.000         1.000
BEV nest        0.000        0.000        0.000         0.000         0.000
         hevC3 (alpha) phev20C1 (alpha) phev20C2 (alpha) phev20C3 (alpha)
GAS nest         1.000            1.000            1.000            1.000
BEV nest         0.000        4.650e-05        4.650e-05        4.650e-05
         phev40C1 (alpha) phev40C2 (alpha) phev40C3 (alpha) bev100C1 (alpha)
GAS nest            1.000            1.000            1.000            0.000
BEV nest        4.650e-05        4.650e-05        4.650e-05            1.000
         bev100C2 (alpha) bev100C3 (alpha) bev150C1 (alpha) bev150C2 (alpha)
GAS nest            0.000            0.000            0.000            0.000
BEV nest            1.000            1.000            1.000            1.000
         bev150C3 (alpha) bev300C1 (alpha) bev300C2 (alpha) bev300C3 (alpha)
GAS nest            0.000            0.000            0.000            0.000
BEV nest            1.000            1.000            1.000            1.000
         bev400C1 (alpha) bev400C2 (alpha) bev400C3 (alpha)      lambda
GAS nest            0.000            0.000            0.000      0.6635
BEV nest            1.000            1.000            1.000      0.7341
Structure for CNL model component Class_2:
         cvC1 (alpha) cvC2 (alpha) cvC3 (alpha) hevC1 (alpha) hevC2 (alpha)
GAS nest        1.000        1.000        1.000         1.000         1.000
BEV nest        0.000        0.000        0.000         0.000         0.000
         hevC3 (alpha) phev20C1 (alpha) phev20C2 (alpha) phev20C3 (alpha)
GAS nest         1.000           0.6653           0.6653           0.6653
BEV nest         0.000           0.3347           0.3347           0.3347
         phev40C1 (alpha) phev40C2 (alpha) phev40C3 (alpha) bev100C1 (alpha)
GAS nest           0.6653           0.6653           0.6653            0.000
BEV nest           0.3347           0.3347           0.3347            1.000
         bev100C2 (alpha) bev100C3 (alpha) bev150C1 (alpha) bev150C2 (alpha)
GAS nest            0.000            0.000            0.000            0.000
BEV nest            1.000            1.000            1.000            1.000
         bev150C3 (alpha) bev300C1 (alpha) bev300C2 (alpha) bev300C3 (alpha)
GAS nest            0.000            0.000            0.000            0.000
BEV nest            1.000            1.000            1.000            1.000
         bev400C1 (alpha) bev400C2 (alpha) bev400C3 (alpha)      lambda
GAS nest            0.000            0.000            0.000      0.4719
BEV nest            1.000            1.000            1.000      0.5958

Summary of class allocation for model component :
         Mean prob.
Class_1      0.6119
Class_2      0.3881

Calculating log-likelihood at equal shares (LL(0)) for applicable
  models...
Calculating LL of each model component...
Calculating other model fit measures
Computing covariance matrix using numerical methods (numDeriv).
 0%....25%....50%....75%....100%
Negative definite Hessian with maximum eigenvalue: -0.001034

Please acknowledge the use of Apollo by citing Hess & Palma (2019) -
  doi.org/10.1016/j.jocm.2019.100170
Model output saved to logs/job_35887057/LCL2_CNL_pref/LCL2_CNL_pref_output.txt 
Estimates saved to logs/job_35887057/LCL2_CNL_pref/LCL2_CNL_pref_estimates.csv 
Model object saved to logs/job_35887057/LCL2_CNL_pref/LCL2_CNL_pref.rds 
[1] TRUE
Starting Cross-Validation 
Testing likelihood function.
5 separate runs will be conducted, each using a random subset of 80% of
  individuals for estimation, and the remainder for validation.
Number of individuals
- for estimation : 587
- for forecasting : 147
- in sample (total): 734
Estimated parameters and log-likelihoods for each sample will be
  written to:
  logs/job_35887057/LCL2_CNL_pref/LCL2_CNL_pref_outOfSample_params.csv
The matrix defining the observations used in each repetition will be
  written to:
  logs/job_35887057/LCL2_CNL_pref/LCL2_CNL_pref_outOfSample_samples.csv

Estimation cycle 1 (8805 obs.)
WARNING: Object get_nl_spec from the global environment should not be
  used inside apollo_probabilities. If needed, save it inside
  apollo_inputs and call it as apollo_inputs$get_nl_spec. 
Apollo found a model component of type CNL without a componentName. The
  name was set to "Class_1" by default.
Apollo found a model component of type CNL without a componentName. The
  name was set to "Class_2" by default.
INFORMATION: While preparing your inputs for multi-core estimation, the
  following objects were found in "apollo_inputs", but were not split
  across cores: "attrCols", "availCols", "constraints",
  "heterogeneity_spec", "lognorm_price_dist", "n_classes", "n_draws",
  "nesting_params", "nesting_spec", "observed_attributes",
  "scalingFactor_dist", "utility_space". If these objects contain
  observation or individual-specific data, and thus need to be split,
  please add a column with the IDs to these objects, and call this
  column "ID" 
Saving CV model as: LCL2_CNL_pref_CV01
Model output saved to logs/job_35887057/LCL2_CNL_pref/LCL2_CNL_pref_CV01_output.txt 
Estimates saved to logs/job_35887057/LCL2_CNL_pref/LCL2_CNL_pref_CV01_estimates.csv 
Model object saved to logs/job_35887057/LCL2_CNL_pref/LCL2_CNL_pref_CV01.rds 
Out-of-sample time: 0.037
Iter. total wall time: 334.8968 secs
Estimation results written to file.
Estimation cycle 2 (8805 obs.)
WARNING: Object get_nl_spec from the global environment should not be
  used inside apollo_probabilities. If needed, save it inside
  apollo_inputs and call it as apollo_inputs$get_nl_spec. 
INFORMATION: While preparing your inputs for multi-core estimation, the
  following objects were found in "apollo_inputs", but were not split
  across cores: "attrCols", "availCols", "constraints",
  "heterogeneity_spec", "lognorm_price_dist", "n_classes", "n_draws",
  "nesting_params", "nesting_spec", "observed_attributes",
  "scalingFactor_dist", "utility_space". If these objects contain
  observation or individual-specific data, and thus need to be split,
  please add a column with the IDs to these objects, and call this
  column "ID" 
Saving CV model as: LCL2_CNL_pref_CV02
Model output saved to logs/job_35887057/LCL2_CNL_pref/LCL2_CNL_pref_CV02_output.txt 
Estimates saved to logs/job_35887057/LCL2_CNL_pref/LCL2_CNL_pref_CV02_estimates.csv 
Model object saved to logs/job_35887057/LCL2_CNL_pref/LCL2_CNL_pref_CV02.rds 
Out-of-sample time: 0.041
Iter. total wall time: 326.107 secs
Estimation results written to file.
Estimation cycle 3 (8805 obs.)
WARNING: Object get_nl_spec from the global environment should not be
  used inside apollo_probabilities. If needed, save it inside
  apollo_inputs and call it as apollo_inputs$get_nl_spec. 
INFORMATION: While preparing your inputs for multi-core estimation, the
  following objects were found in "apollo_inputs", but were not split
  across cores: "attrCols", "availCols", "constraints",
  "heterogeneity_spec", "lognorm_price_dist", "n_classes", "n_draws",
  "nesting_params", "nesting_spec", "observed_attributes",
  "scalingFactor_dist", "utility_space". If these objects contain
  observation or individual-specific data, and thus need to be split,
  please add a column with the IDs to these objects, and call this
  column "ID" 
Saving CV model as: LCL2_CNL_pref_CV03
Model output saved to logs/job_35887057/LCL2_CNL_pref/LCL2_CNL_pref_CV03_output.txt 
Estimates saved to logs/job_35887057/LCL2_CNL_pref/LCL2_CNL_pref_CV03_estimates.csv 
Model object saved to logs/job_35887057/LCL2_CNL_pref/LCL2_CNL_pref_CV03.rds 
Out-of-sample time: 0.037
Iter. total wall time: 327.4139 secs
Estimation results written to file.
Estimation cycle 4 (8805 obs.)
WARNING: Object get_nl_spec from the global environment should not be
  used inside apollo_probabilities. If needed, save it inside
  apollo_inputs and call it as apollo_inputs$get_nl_spec. 
INFORMATION: While preparing your inputs for multi-core estimation, the
  following objects were found in "apollo_inputs", but were not split
  across cores: "attrCols", "availCols", "constraints",
  "heterogeneity_spec", "lognorm_price_dist", "n_classes", "n_draws",
  "nesting_params", "nesting_spec", "observed_attributes",
  "scalingFactor_dist", "utility_space". If these objects contain
  observation or individual-specific data, and thus need to be split,
  please add a column with the IDs to these objects, and call this
  column "ID" 
Saving CV model as: LCL2_CNL_pref_CV04
Model output saved to logs/job_35887057/LCL2_CNL_pref/LCL2_CNL_pref_CV04_output.txt 
Estimates saved to logs/job_35887057/LCL2_CNL_pref/LCL2_CNL_pref_CV04_estimates.csv 
Model object saved to logs/job_35887057/LCL2_CNL_pref/LCL2_CNL_pref_CV04.rds 
Out-of-sample time: 0.043
Iter. total wall time: 342.2521 secs
Estimation results written to file.
Estimation cycle 5 (8805 obs.)
WARNING: Object get_nl_spec from the global environment should not be
  used inside apollo_probabilities. If needed, save it inside
  apollo_inputs and call it as apollo_inputs$get_nl_spec. 
INFORMATION: While preparing your inputs for multi-core estimation, the
  following objects were found in "apollo_inputs", but were not split
  across cores: "attrCols", "availCols", "constraints",
  "heterogeneity_spec", "lognorm_price_dist", "n_classes", "n_draws",
  "nesting_params", "nesting_spec", "observed_attributes",
  "scalingFactor_dist", "utility_space". If these objects contain
  observation or individual-specific data, and thus need to be split,
  please add a column with the IDs to these objects, and call this
  column "ID" 
Saving CV model as: LCL2_CNL_pref_CV05
Model output saved to logs/job_35887057/LCL2_CNL_pref/LCL2_CNL_pref_CV05_output.txt 
Estimates saved to logs/job_35887057/LCL2_CNL_pref/LCL2_CNL_pref_CV05_estimates.csv 
Model object saved to logs/job_35887057/LCL2_CNL_pref/LCL2_CNL_pref_CV05.rds 
Out-of-sample time: 0.039
Iter. total wall time: 363.7914 secs
Estimation results written to file.
Processing time: 28.25161 mins

Summary of cross-validation:
         LL per obs in estimation sample LL per obs in validation sample
sample_1                         -0.8089                         -0.7917
sample_2                         -0.8108                         -0.7739
sample_3                         -0.8022                         -0.8093
sample_4                         -0.7679                         -0.9460
sample_5                         -0.8062                         -0.7914
Average                          -0.7992                         -0.8224
         % difference CPU sec in validation sample
sample_1      -2.1279                      0.03700
sample_2      -4.5547                      0.04100
sample_3       0.8853                      0.03700
sample_4      23.1918                      0.04300
sample_5      -1.8370                      0.03900
Average        3.1115                      0.03940
Cross-Validation Complete 
Starting Psi' on Dataset Test 
Mean Psi' (all) =  0.2082278 
Mean Psi' (chosen only) =  0.2220286 
Saved psi' dataset to:  logs/job_35887057/LCL2_CNL_pref//LCL2_CNL_pref_psi_prime_dataset.csv 
Psi' on Dataset Test Complete
Starting Speed Test 
       ___Draws___              sec/
nCores inter intra  progress  LLCall RAM(MB)
     1     0     0 ..........   0.95   966.5
     2     0     0 INFORMATION: While preparing your inputs for multi-core estimation, the
  following objects were found in "apollo_inputs", but were not split
  across cores: "attrCols", "availCols", "constraints",
  "heterogeneity_spec", "lognorm_price_dist", "n_classes", "n_draws",
  "nesting_params", "nesting_spec", "observed_attributes",
  "scalingFactor_dist", "utility_space". If these objects contain
  observation or individual-specific data, and thus need to be split,
  please add a column with the IDs to these objects, and call this
  column "ID" 
..........   0.58  1297.1
     4     0     0 INFORMATION: While preparing your inputs for multi-core estimation, the
  following objects were found in "apollo_inputs", but were not split
  across cores: "attrCols", "availCols", "constraints",
  "heterogeneity_spec", "lognorm_price_dist", "n_classes", "n_draws",
  "nesting_params", "nesting_spec", "observed_attributes",
  "scalingFactor_dist", "utility_space". If these objects contain
  observation or individual-specific data, and thus need to be split,
  please add a column with the IDs to these objects, and call this
  column "ID" 
..........   0.86  1615.7

Summary of results (sec. per call to LL function)
       draws0
cores1 0.9549
cores2 0.5829
cores4 0.8645
     model_name cores inter_draws intra_draws calls time_per_call ram_mb
1 LCL2_CNL_pref     1           0           0   100     0.9548887  966.5
2 LCL2_CNL_pref     2           0           0   100     0.5828695 1297.1
3 LCL2_CNL_pref     4           0           0   100     0.8644634 1615.7
Saved speed test results to: logs/job_35887057/LCL2_CNL_pref//LCL2_CNL_pref_speedTest.csv 
Saved detailed speed test results to: logs/job_35887057/LCL2_CNL_pref//LCL2_CNL_pref_speedTest_detailed.csv 
Speed Test Complete 
Starting Psi' Test 
Psi' Test Complete 
Starting Func Eval Timing 
Func Eval Timing Complete 
LCL2_CNL_pref done.
Results saved to: logs/job_35887057/LCL2_CNL_pref 
Done Running. Log files moved to logs/job_35887057/
