SLURM_ARRAY_JOB_ID: 35887057
SLURM_JOB_ID: 35887066
SLURM_ARRAY_TASK_ID: 8
Created job directory: logs/job_35887057
Task 8: Waiting for initialization to complete...
Task 8: Initialization complete, proceeding...
Running model 8...
Running: LCL4_NL_pref 
Starting Setup 
Setup  Complete 
Starting Search-Start 
Saving original apollo_inputs 
Testing probability function (apollo_probabilities)
Apollo found a model component of type classAlloc without a
  componentName. The name was set to "classAlloc" by default.
INFORMATION: Setting "avail" is missing, so full availability is
  assumed. 
Apollo found a model component of type NL without a componentName. The
  name was set to "Class_1" by default.
Apollo found a model component of type NL without a componentName. The
  name was set to "Class_2" by default.
Apollo found a model component of type NL without a componentName. The
  name was set to "Class_3" by default.
Apollo found a model component of type NL without a componentName. The
  name was set to "Class_4" by default.
Pre-processing likelihood function...
Creating initial set of 101 candidate values.
Calculating LL of candidates 0%....50%.....100%
8 candidates removed due to non-finite starting LL. 93 remain.
Total avail. cores = 32 cores
Avail. GB per core = 2 GB
Req. GB per cluster = 2 GB
Running searchStart on 32 cores.

Stage 1, 93 active candidates.
Estimating 25 BFGS iteration(s) for each active candidate.
 Candidate......LLstart.....LLfinish.....GradientNorm...Converged
         1        -9336        -8696         3131.006           0
         2       -10306        -8514         3696.604           0
         3       -10262        -8612         2134.522           0
         4        -9723        -8390         2037.962           0
         5       -11204        -8467         2432.895           0
         6       -10606        -8576         2731.241           0
         7        -9830        -8504          1900.15           0
         8       -10947        -8690         3040.473           0
         9       -10426        -8702          2592.31           0
        10        -9833        -8413         2859.331           0
        11        -9561        -8451         2366.539           0
        12       -10789        -8587          2303.89           0
        13       -11958        -8617         2953.696           0
        14       -10397        -8679         3936.846           0
        15       -10686        -8556          2779.78           0
        16        -9817        -8541         2305.118           0
        17        -9816        -8382         1530.475           0
        18        -9672        -8614         3277.584           0
        19        -9877        -8788         2035.562           0
        20        -9893        -8579         1318.974           0
        21       -10583        -8478         2201.674           0
        22       -10701        -8555         2451.688           0
        23       -10061        -8418         1265.125           0
        24       -10855        -8703         1816.862           0
        25        -9639        -8510         1353.332           0
        26        -9929        -8473         3488.054           0
        27        -9917        -8609         2283.419           0
        28        -9529        -8523         2832.142           0
        29       -10134        -8477         2379.524           0
        30       -10113        -9253          987.779           0
        31        -9800        -8589         3401.316           0
        32        -9360        -8683         2662.189           0
        33        -9817        -8478         1706.632           0
        34       -10683        -8591         5171.075           0
        35       -10795        -8575         1396.342           0
        36       -11955        -8846         5920.283           0
        37        -9703        -8620         1952.215           0
        38        -9818        -8525         2759.133           0
        39       -10443        -8436         1266.806           0
        40       -11351        -8743         1637.986           0
        41       -10930        -8809         1199.052           0
        42        -9300        -8469         3461.718           0
        43        -9819        -8601          4201.71           0
        44        -9520        -8451         2691.878           0
        45       -11952        -8471         1962.914           0
        46        -9373        -8648         4788.597           0
        47       -10857        -8657         3635.951           0
        48       -11242        -8974          2118.55           0
        49        -9970        -8477          2126.51           0
        50       -10229        -8764          861.055           0
        51        -9724        -8597          6207.09           0
        52       -11091        -8587         4613.516           0
        53        -9832        -8620          3269.47           0
        54       -10032        -8655         3016.403           0
        55       -10157        -8450         1370.852           0
        56       -10378        -8676         3933.571           0
        57        -9292        -8823              NaN           1
        58       -10970        -8642         1848.909           0
        59        -9314        -8634         2201.395           0
        60        -9971        -8492         2151.292           0
        61       -10612        -8528         1024.549           0
        62        -9265        -8517         2005.211           0
        63        -9883        -8421         1034.363           0
        64        -9787        -8495         2129.886           0
        65       -10455        -8648         1320.484           0
        66       -10394        -8683          3144.06           0
        67        -9271        -8482         2453.349           0
        68        -9644        -8643         1224.482           0
        69        -9253        -8476         1120.889           0
        70        -9678        -8618         2492.008           0
        71        -9911        -8785         2063.704           0
        72       -10180        -8485          699.843           0
        73       -10026        -8488         1833.559           0
        74       -10173        -8539         4424.834           0
        75        -9480        -8564         2188.868           0
        76       -11785        -8583         1056.782           0
        77        -9204        -8577         2589.531           0
        78       -10020        -8512         3795.021           0
        79       -10207        -8559         3041.529           0
        80        -9684        -8635         1029.445           0
        81       -11852        -8872        10020.476           0
        82       -10338        -8446         2662.038           0
        83       -10542        -8731          4245.74           0
        84        -9330        -8420         2675.742           0
        85        -9433        -8530         2323.046           0
        86        -9538        -8486         3387.474           0
        87        -9394        -8581         6269.495           0
        88        -9577        -8372          1129.43           0
        89       -28121        -8970         3839.181           0
        90       -35470        -9502         6802.668           0
        91       -14244        -9222         3086.075           0
        92       -24128        -9105         3705.372           0
        93       -22340        -9106         2950.195           0
Best candidate so far (LL=-8372.4)

Stage 2, 92 active candidates.
Estimating 25 BFGS iteration(s) for each active candidate.
 Candidate......LLstart.....LLfinish.....GradientNorm...Converged
         1        -8696        -8391          629.341           0
         2        -8514        -8292         2071.885           0
         3        -8612        -8330          855.191           0
         4        -8390        -8324         1048.603           0
         5        -8467        -8308         1472.505           0
         6        -8576        -8370          804.164           0
         7        -8504        -8408         1943.887           0
         8        -8690        -8313         1625.407           0
         9        -8702        -8352         1045.123           0
        10        -8413        -8273         1497.653           0
        11        -8451        -8300         1590.857           0
        12        -8587        -8424         1199.623           0
        13        -8617        -8406         2489.955           0
        14        -8679        -8385         2664.036           0
        15        -8556        -8366          1001.58           0
        16        -8541        -8360          780.383           0
        17        -8382        -8269          803.898           0
        18        -8614        -8371          2775.91           0
        19        -8788        -8587         2573.131           0
        20        -8579        -8388         1630.089           0
        21        -8478        -8324          801.036           0
        22        -8555        -8321         1867.129           0
        23        -8418        -8297          865.145           0
        24        -8703        -8437         1250.273           0
        25        -8510        -8373         2245.514           0
        26        -8473        -8329         1058.736           0
        27        -8609        -8492         1231.847           0
        28        -8523        -8369         2041.122           0
        29        -8477        -8334          827.506           0
        30        -9253        -8916         1317.792           0
        31        -8589        -8381          927.572           0
        32        -8683        -8679              NaN           1
        33        -8478        -8324         2104.614           0
        34        -8591        -8307         1039.425           0
        35        -8575        -8361         1220.777           0
        36        -8846        -8510         1897.562           0
        37        -8620        -8447         1453.278           0
        38        -8525        -8431         1373.394           0
        39        -8436        -8322         1035.518           0
        40        -8743        -8552         1399.722           0
        41        -8809        -8546          983.754           0
        42        -8469        -8309         1762.711           0
        43        -8601        -8330         2288.374           0
        44        -8451        -8292         1946.519           0
        45        -8471        -8321          1621.94           0
        46        -8648        -8325         2166.601           0
        47        -8657        -8371         1986.446           0
        48        -8974        -8716         1051.888           0
        49        -8477        -8300          1416.34           0
        50        -8764        -8609          937.427           0
        51        -8597        -8311         2232.704           0
        52        -8587        -8343         2117.299           0
        53        -8620        -8401         3506.861           0
        54        -8655        -8380         1683.581           0
        55        -8450        -8313          667.804           0
        56        -8676        -8429          964.317           0
        58        -8642        -8467         2806.054           0
        59        -8634        -8521         1521.669           0
        60        -8492        -8375         1704.471           0
        61        -8528        -8359         1227.103           0
        62        -8517        -8354         1067.413           0
        63        -8421        -8292          739.838           0
        64        -8495        -8287         1516.636           0
        65        -8648        -8511         1084.619           0
        66        -8683        -8576         1213.703           0
        67        -8482        -8347         1193.082           0
        68        -8643        -8550          453.111           0
        69        -8476        -8313         1311.273           0
        70        -8618        -8402              NaN           1
        71        -8785        -8597         1512.621           0
        72        -8485        -8391         1070.842           0
        73        -8488        -8331          624.508           0
        74        -8539        -8338         2516.213           0
        75        -8564        -8357         1569.423           0
        76        -8583        -8404         1197.638           0
        77        -8577        -8377         2403.739           0
        78        -8512        -8318          1769.21           0
        79        -8559        -8315         2098.145           0
        80        -8635        -8540          516.229           0
        81        -8872        -8411         4000.136           0
        82        -8446        -8302         1480.234           0
        83        -8731        -8669              NaN           1
        84        -8420        -8322         1373.545           0
        85        -8530        -8318         1361.902           0
        86        -8486        -8312         1546.674           0
        87        -8581        -8317          878.669           0
        88        -8372        -8273          493.278           0
        89        -8970        -8685         1574.322           0
        90        -9502        -9201         3265.297           0
        91        -9222        -8920         2360.291           0
        92        -9105        -8888         4650.906           0
        93        -9106        -8771         2397.469           0
Best candidate so far (LL=-8269)

Stage 3, 89 active candidates.
Estimating 25 BFGS iteration(s) for each active candidate.
 Candidate......LLstart.....LLfinish.....GradientNorm...Converged
         1        -8391        -8294         1226.027           0
         2        -8292        -8259          816.884           0
         3        -8330        -8261          483.344           0
         4        -8324        -8289          704.093           0
         5        -8308        -8261         1107.304           0
         6        -8370        -8319          940.077           0
         7        -8408        -8389          506.685           0
         8        -8313        -8262          912.882           0
         9        -8352        -8278          942.665           0
        10        -8273        -8255          610.539           0
        11        -8300        -8259          769.565           0
        12        -8424        -8311          807.125           0
        13        -8406        -8277         1539.474           0
        14        -8385        -8276          996.044           0
        15        -8366        -8295         1494.108           0
        16        -8360        -8278            523.2           0
        17        -8269        -8254          334.192           0
        18        -8371        -8286          970.313           0
        19        -8587        -8475         1439.317           0
        20        -8388        -8306         1664.774           0
        21        -8324        -8293          722.386           0
        22        -8321        -8266          904.118           0
        23        -8297        -8259          784.603           0
        24        -8437        -8287           770.78           0
        25        -8373        -8272         1264.215           0
        26        -8329        -8297          827.034           0
        27        -8492        -8433          506.137           0
        28        -8369        -8305          581.811           0
        29        -8334        -8300          644.775           0
        30        -8916        -8798         1014.784           0
        31        -8381        -8294         1017.296           0
        33        -8324        -8273          999.681           0
        34        -8307        -8260          448.158           0
        35        -8361        -8299          668.575           0
        36        -8510        -8302         1304.083           0
        37        -8447        -8396          721.053           0
        38        -8431        -8382          840.656           0
        39        -8322        -8282           695.27           0
        40        -8552        -8496          222.215           0
        41        -8546        -8488          906.876           0
        42        -8309        -8261          588.307           0
        43        -8330        -8260          817.148           0
        44        -8292        -8260          582.083           0
        45        -8321        -8293         1261.775           0
        46        -8325        -8270         1708.763           0
        47        -8371        -8276         1629.619           0
        48        -8716        -8641         1099.031           0
        49        -8300        -8257          586.529           0
        50        -8609        -8539          443.858           0
        51        -8311        -8265          792.786           0
        52        -8343        -8266          600.594           0
        53        -8401        -8302           1783.8           0
        54        -8380        -8272          979.926           0
        55        -8313        -8282          805.871           0
        56        -8429        -8415              NaN           1
        58        -8467        -8330          2446.25           0
        59        -8521        -8439           951.33           0
        60        -8375        -8322          636.151           0
        61        -8359        -8270         1192.984           0
        62        -8354        -8265          489.071           0
        63        -8292        -8257          638.711           0
        64        -8287        -8256          673.635           0
        65        -8511        -8438         2112.526           0
        66        -8576        -8539          367.158           0
        67        -8347        -8328              NaN           1
        68        -8550        -8527          324.138           0
        69        -8313        -8260           412.12           0
        71        -8597        -8470         1680.334           0
        72        -8391        -8275         1633.905           0
        73        -8331        -8278          768.212           0
        74        -8338        -8269          988.335           0
        75        -8357        -8276         1436.078           0
        76        -8404        -8347          583.074           0
        77        -8377        -8326          919.403           0
        78        -8318        -8255           374.21           0
        79        -8315        -8260          786.774           0
        80        -8540        -8530          182.453           0
        81        -8411        -8282         1783.144           0
        82        -8302        -8261          815.093           0
        84        -8322        -8263          667.263           0
        85        -8318        -8266           811.32           0
        86        -8312        -8260          680.158           0
        87        -8317        -8261          412.806           0
        88        -8273        -8255          516.767           0
        89        -8685        -8570           908.77           0
        90        -9201        -9016          1354.82           0
        91        -8920        -8845              NaN           1
        92        -8888        -8737          2233.01           0
        93        -8771        -8570          381.613           0
Best candidate so far (LL=-8253.5)

Stage 4, 86 active candidates.
Estimating 25 BFGS iteration(s) for each active candidate.
 Candidate......LLstart.....LLfinish.....GradientNorm...Converged
         1        -8294        -8258          574.693           0
         2        -8259        -8253          409.545           0
         3        -8261        -8253          174.005           0
         4        -8289        -8259          615.466           0
         5        -8261        -8253          432.879           0
         6        -8319        -8290         1004.247           0
         7        -8389        -8386          167.633           0
         8        -8262        -8254          456.964           0
         9        -8278        -8254           516.16           0
        10        -8255        -8253          251.413           0
        11        -8259        -8253          293.967           0
        12        -8311        -8258          320.805           0
        13        -8277        -8256          705.932           0
        14        -8276        -8256          563.514           0
        15        -8295        -8260          684.102           0
        16        -8278        -8258          287.777           0
        17        -8254        -8252          154.204           0
        18        -8286        -8257          882.984           0
        19        -8475        -8306         1032.767           0
        20        -8306        -8259          828.751           0
        21        -8293        -8262          410.214           0
        22        -8266        -8254          371.869           0
        23        -8259        -8254          493.384           0
        24        -8287        -8255          343.393           0
        25        -8272        -8255          615.405           0
        26        -8297        -8258          562.427           0
        27        -8433        -8421          759.277           0
        28        -8305        -8276         1221.322           0
        29        -8300        -8289          246.615           0
        30        -8798        -8731          383.176           0
        31        -8294        -8258          798.658           0
        33        -8273        -8256          739.937           0
        34        -8260        -8253          196.559           0
        35        -8299        -8258          362.895           0
        36        -8302        -8257          507.863           0
        37        -8396        -8389          210.916           0
        38        -8382        -8290          919.894           0
        39        -8282        -8259          462.164           0
        40        -8496        -8485          130.087           0
        41        -8488        -8443          349.032           0
        42        -8261        -8253          208.469           0
        43        -8260        -8254          494.471           0
        44        -8260        -8253          271.076           0
        45        -8293        -8257          546.676           0
        46        -8270        -8255          617.905           0
        47        -8276        -8255          709.759           0
        48        -8641        -8608         1775.277           0
        49        -8257        -8253          271.149           0
        50        -8539        -8531          304.844           0
        51        -8265        -8253          263.973           0
        52        -8266        -8254          318.558           0
        53        -8302        -8265         1362.888           0
        54        -8272        -8255          339.403           0
        55        -8282        -8256          244.141           0
        58        -8330        -8269          917.755           0
        59        -8439        -8297           718.24           0
        60        -8322        -8308          312.724           0
        61        -8270        -8255          669.963           0
        62        -8265        -8254          339.112           0
        63        -8257        -8253          252.501           0
        64        -8256        -8253          347.619           0
        65        -8438        -8314          884.184           0
        66        -8539        -8531          174.206           0
        68        -8527        -8525              NaN           1
        69        -8260        -8253          130.455           0
        71        -8470        -8401          715.635           0
        72        -8275        -8255          558.011           0
        73        -8278        -8255          452.825           0
        74        -8269        -8255          535.912           0
        75        -8276        -8255          634.469           0
        76        -8347        -8284         1368.756           0
        77        -8326        -8278         1302.564           0
        78        -8255        -8253          169.569           0
        79        -8260        -8253          416.212           0
        80        -8530        -8529           81.633           0
        81        -8282        -8256          751.813           0
        82        -8261        -8254          486.389           0
        84        -8263        -8254          297.138           0
        85        -8266        -8254          390.782           0
        86        -8260        -8253          234.586           0
        87        -8261        -8253          252.037           0
        88        -8255        -8253          179.963           0
        89        -8570        -8488          548.008           0
        90        -9016        -8969          405.781           0
        92        -8737        -8737              NaN           1
        93        -8570        -8564              NaN           1
Candidate 63 dropped.
- Failed test 1: Too close to 88 in parameter space.
Best candidate so far (LL=-8252.3)

Stage 5, 82 active candidates.
Estimating 25 BFGS iteration(s) for each active candidate.
 Candidate......LLstart.....LLfinish.....GradientNorm...Converged
         1        -8258        -8253          277.974           0
         2        -8253        -8252          126.256           0
         3        -8253        -8252           71.717           0
         4        -8259        -8253          318.121           0
         5        -8253        -8252          147.507           0
         6        -8290        -8260          435.043           0
         7        -8386        -8386           59.681           0
         8        -8254        -8252          190.306           0
         9        -8254        -8252          184.617           0
        10        -8253        -8252           89.279           0
        11        -8253        -8252          117.548           0
        12        -8258        -8253          261.298           0
        13        -8256        -8253          317.188           0
        14        -8256        -8253          194.443           0
        15        -8260        -8253          261.845           0
        16        -8258        -8253           222.73           0
        17        -8252        -8252           48.978           0
        18        -8257        -8253          338.932           0
        19        -8306        -8264          241.022           0
        20        -8259        -8254          286.725           0
        21        -8262        -8253          127.439           0
        22        -8254        -8252          152.501           0
        23        -8254        -8252          219.961           0
        24        -8255        -8252           84.987           0
        25        -8255        -8253          166.624           0
        26        -8258        -8253          222.681           0
        27        -8421        -8354         1561.338           0
        28        -8276        -8255          484.224           0
        29        -8289        -8267           737.69           0
        30        -8731        -8644          955.731           0
        31        -8258        -8253          319.419           0
        33        -8256        -8253          281.407           0
        34        -8253        -8252           93.082           0
        35        -8258        -8253          201.457           0
        36        -8257        -8253          249.422           0
        37        -8389        -8387           66.385           0
        38        -8290        -8255          277.294           0
        39        -8259        -8253          119.301           0
        40        -8485        -8485              NaN           1
        41        -8443        -8396          604.128           0
        42        -8253        -8252          143.711           0
        43        -8254        -8253          220.467           0
        44        -8253        -8252          128.299           0
        45        -8257        -8253          226.539           0
        46        -8255        -8252           235.21           0
        47        -8255        -8252          259.242           0
        48        -8608        -8542          406.079           0
        49        -8253        -8252            90.35           0
        50        -8531        -8529           16.357           0
        51        -8253        -8252           97.602           0
        52        -8254        -8252          130.907           0
        53        -8265        -8255          698.309           0
        54        -8255        -8253          241.297           0
        55        -8256        -8253          207.099           0
        58        -8269        -8255          361.628           0
        59        -8297        -8259          792.117           0
        60        -8308        -8282          605.165           0
        61        -8255        -8253          285.428           0
        62        -8254        -8252           61.958           0
        64        -8253        -8252          151.209           0
        65        -8314        -8257          377.273           0
        66        -8531        -8529           99.677           0
        69        -8253        -8252           38.942           0
        71        -8401        -8391          366.166           0
        72        -8255        -8253          238.058           0
        73        -8255        -8252          179.048           0
        74        -8255        -8252          147.742           0
        75        -8255        -8253          252.704           0
        76        -8284        -8256          820.968           0
        77        -8278        -8257          842.565           0
        78        -8253        -8252           98.537           0
        79        -8253        -8252          146.822           0
        80        -8529        -8528           57.416           0
        81        -8256        -8253          304.043           0
        82        -8254        -8252          217.955           0
        84        -8254        -8252           66.804           0
        85        -8254        -8252          186.539           0
        86        -8253        -8252           59.737           0
        87        -8253        -8252          145.112           0
        88        -8253        -8252           77.702           0
        89        -8488        -8473          373.103           0
        90        -8969        -8959          393.324           0
Candidate 1 dropped.
- Failed test 1: Too close to 11 in parameter space.
Candidate 2 dropped.
- Failed test 1: Too close to 69, 86 in parameter space.
Candidate 3 dropped.
- Failed test 1: Too close to 10, 78 in parameter space.
Candidate 4 dropped.
- Failed test 1: Too close to 10, 64, 78 in parameter space.
Candidate 5 dropped.
- Failed test 1: Too close to 49, 69, 86 in parameter space.
Candidate 8 dropped.
- Failed test 1: Too close to 44, 85, 88 in parameter space.
Candidate 9 dropped.
- Failed test 1: Too close to 2, 5, 49, 69, 86 in parameter space.
Candidate 11 dropped.
- Failed test 1: Too close to 17, 34 in parameter space.
Candidate 12 dropped.
- Failed test 1: Too close to 14, 17, 22, 34, 43, 52, 79 in parameter
  space.
Candidate 13 dropped.
- Failed test 1: Too close to 8, 44, 85, 88 in parameter space.
Candidate 14 dropped.
- Failed test 1: Too close to 11, 17, 22, 34, 43, 52, 72, 79 in
  parameter space.
Candidate 15 dropped.
- Failed test 1: Too close to 34, 42 in parameter space.
Candidate 16 dropped.
- Failed test 1: Too close to 47, 73, 88 in parameter space.
Candidate 18 dropped.
- Failed test 1: Too close to 5 in parameter space.
Candidate 22 dropped.
- Failed test 1: Too close to 17, 34, 52, 79 in parameter space.
Candidate 23 dropped.
- Failed test 1: Too close to 2, 5, 9, 49, 69, 86 in parameter space.
Candidate 24 dropped.
- Failed test 1: Too close to 3, 10, 51, 64, 74, 78 in parameter space.
Candidate 31 dropped.
- Failed test 1: Too close to 43, 72 in parameter space.
Candidate 33 dropped.
- Failed test 1: Too close to 9 in parameter space.
Candidate 34 dropped.
- Failed test 1: Too close to 17 in parameter space.
Candidate 36 dropped.
- Failed test 1: Too close to 9, 49, 82 in parameter space.
Candidate 39 dropped.
- Failed test 1: Too close to 3, 46, 51, 64, 74, 78 in parameter space.
Candidate 42 dropped.
- Failed test 1: Too close to 11, 17, 34 in parameter space.
Candidate 43 dropped.
- Failed test 1: Too close to 34, 52, 79 in parameter space.
Candidate 44 dropped.
- Failed test 1: Too close to 88 in parameter space.
Candidate 45 dropped.
- Failed test 1: Too close to 24, 46, 51, 64, 74 in parameter space.
Candidate 46 dropped.
- Failed test 1: Too close to 3, 10, 24, 51, 62, 64, 74, 78 in
  parameter space.
Candidate 47 dropped.
- Failed test 1: Too close to 73, 88 in parameter space.
Candidate 49 dropped.
- Failed test 1: Too close to 69 in parameter space.
Candidate 51 dropped.
- Failed test 1: Too close to 3, 10, 64, 78 in parameter space.
Candidate 52 dropped.
- Failed test 1: Too close to 11, 17, 34, 42, 79 in parameter space.
Candidate 54 dropped.
- Failed test 1: Too close to 3, 10, 62, 64, 78 in parameter space.
Candidate 55 dropped.
- Failed test 1: Too close to 9, 23, 49, 69, 82, 86 in parameter space.
Candidate 61 dropped.
- Failed test 1: Too close to 3, 10, 24, 45, 46, 51, 64, 74, 78 in
  parameter space.
Candidate 62 dropped.
- Failed test 1: Too close to 10, 64, 78 in parameter space.
Candidate 64 dropped.
- Failed test 1: Too close to 3, 10, 78 in parameter space.
Candidate 72 dropped.
- Failed test 1: Too close to 17, 22, 34, 43, 52, 79 in parameter
  space.
Candidate 73 dropped.
- Failed test 1: Too close to 44, 85, 88 in parameter space.
Candidate 74 dropped.
- Failed test 1: Too close to 3, 51, 64, 78 in parameter space.
Candidate 75 dropped.
- Failed test 1: Too close to 11, 34, 42, 87 in parameter space.
Candidate 78 dropped.
- Failed test 1: Too close to 10 in parameter space.
Candidate 79 dropped.
- Failed test 1: Too close to 11, 17, 34, 42 in parameter space.
Candidate 81 dropped.
- Failed test 1: Too close to 43 in parameter space.
Candidate 82 dropped.
- Failed test 1: Too close to 2, 9, 23, 49, 69, 86 in parameter space.
Candidate 84 dropped.
- Failed test 1: Too close to 5, 9, 69 in parameter space.
Candidate 85 dropped.
- Failed test 1: Too close to 44, 88 in parameter space.
Candidate 86 dropped.
- Failed test 1: Too close to 49, 69 in parameter space.
Candidate 87 dropped.
- Failed test 1: Too close to 11, 17, 34, 42, 52, 79 in parameter
  space.
Best candidate so far (LL=-8252.2)

Stage 6, 33 active candidates.
Estimating 25 BFGS iteration(s) for each active candidate.
 Candidate......LLstart.....LLfinish.....GradientNorm...Converged
         6        -8260        -8253          337.152           0
         7        -8386        -8386           32.084           0
        10        -8252        -8252           40.725           0
        17        -8252        -8252           36.016           0
        19        -8264        -8255          258.796           0
        20        -8254        -8252          206.525           0
        21        -8253        -8252           78.209           0
        25        -8253        -8252           65.187           0
        26        -8253        -8252          120.286           0
        27        -8354        -8287          915.517           0
        28        -8255        -8253          213.263           0
        29        -8267        -8254          374.079           0
        30        -8644        -8592         1958.897           0
        35        -8253        -8252          168.494           0
        37        -8387        -8387            36.43           1
        38        -8255        -8252          203.137           0
        41        -8396        -8387          239.923           0
        48        -8542        -8529          153.089           0
        50        -8529        -8529           11.569           0
        53        -8255        -8253          309.263           0
        58        -8255        -8252           93.766           0
        59        -8259        -8253          390.479           0
        60        -8282        -8257          308.899           0
        65        -8257        -8253          149.351           0
        66        -8529        -8529           35.445           0
        69        -8252        -8252           32.289           0
        71        -8391        -8389            213.1           0
        76        -8256        -8253          280.983           0
        77        -8257        -8253          294.605           0
        80        -8528        -8528           11.348           0
        88        -8252        -8252            6.005           1
        89        -8473        -8449          215.783           0
        90        -8959        -8957           94.384           0
Candidate 20 dropped.
- Failed test 1: Too close to 21, 69 in parameter space.
Candidate 21 dropped.
- Failed test 1: Too close to 69 in parameter space.
Candidate 25 dropped.
- Failed test 1: Too close to 17 in parameter space.
Candidate 26 dropped.
- Failed test 1: Too close to 88 in parameter space.
Candidate 28 dropped.
- Failed test 1: Too close to 38 in parameter space.
Candidate 29 dropped.
- Failed test 1: Too close to 10 in parameter space.
Candidate 35 dropped.
- Failed test 1: Too close to 17, 25 in parameter space.
Candidate 38 dropped.
- Failed test 1: Too close to 21, 69 in parameter space.
Candidate 53 dropped.
- Failed test 1: Too close to 10 in parameter space.
Candidate 58 dropped.
- Failed test 1: Too close to 26, 88 in parameter space.
Candidate 65 dropped.
- Failed test 1: Too close to 17, 25, 35 in parameter space.
Candidate 77 dropped.
- Failed test 1: Too close to 26, 88 in parameter space.
Best candidate so far (LL=-8252.1)

Stage 7, 20 active candidates.
Estimating 25 BFGS iteration(s) for each active candidate.
 Candidate......LLstart.....LLfinish.....GradientNorm...Converged
         6        -8253        -8252          140.984           0
         7        -8386        -8386            5.666           0
        10        -8252        -8252            5.729           1
        17        -8252        -8252            5.084           1
        19        -8255        -8252          165.912           0
        27        -8287        -8257          492.617           0
        30        -8592        -8540          491.805           0
        41        -8387        -8386           76.197           0
        48        -8529        -8528           34.124           0
        50        -8529        -8529            7.939           0
        59        -8253        -8252          147.823           0
        60        -8257        -8253          172.353           0
        66        -8529        -8529           17.197           0
        69        -8252        -8252            2.287           1
        71        -8389        -8388           89.341           0
        76        -8253        -8252           83.529           0
        80        -8528        -8528            3.856           0
        88        -8252        -8252                0           1
        89        -8449        -8446              NaN           1
        90        -8957        -8957          114.865           0
Candidate 6 dropped.
- Failed test 1: Too close to 88 in parameter space.
Candidate 19 dropped.
- Failed test 1: Too close to 17 in parameter space.
Candidate 59 dropped.
- Failed test 1: Too close to 10 in parameter space.
Candidate 60 dropped.
- Failed test 1: Too close to 69 in parameter space.
Candidate 76 dropped.
- Failed test 1: Too close to 10, 59 in parameter space.
Best candidate so far (LL=-8252.1)

Stage 8, 11 active candidates.
Estimating 25 BFGS iteration(s) for each active candidate.
 Candidate......LLstart.....LLfinish.....GradientNorm...Converged
         7        -8386        -8386            2.372           1
        10        -8252        -8252                0           1
        27        -8257        -8253          332.833           0
        30        -8540        -8530          280.616           0
        41        -8386        -8386           17.092           0
        48        -8528        -8528            17.62           0
        50        -8529        -8529            6.657           0
        66        -8529        -8529           88.467           1
        71        -8388        -8388           32.941           0
        80        -8528        -8528            3.589           0
        90        -8957        -8957           13.823           0
Best candidate so far (LL=-8252.1)

Stage 9, 9 active candidates.
Estimating 25 BFGS iteration(s) for each active candidate.
 Candidate......LLstart.....LLfinish.....GradientNorm...Converged
        10        -8252        -8252                0           1
        27        -8253        -8252          117.557           0
        30        -8530        -8528           66.169           0
        41        -8386        -8386            6.343           1
        48        -8528        -8528            6.898           0
        50        -8529        -8529            4.585           1
        71        -8388        -8388           10.419           1
        80        -8528        -8528            8.761           1
        90        -8957        -8956           30.864           0
Best candidate so far (LL=-8252.1)

Stage 10, 5 active candidates.
Estimating 100 BFGS iteration(s) for each active candidate.
 Candidate......LLstart.....LLfinish.....GradientNorm...Converged
        10        -8252        -8252                0           1
        27        -8252        -8252            2.797           1
        30        -8528        -8528            2.043           1
        48        -8528        -8528           16.445           1
        90        -8956        -8956                0           1
Best candidate so far (LL=-8252.1)
  n_points n_best n_within_tol did_best_conv
1       93     18           71          TRUE
Search-Start Execution Complete 
Using  32 cores. 
Search-Start Post-Processing Complete 
Starting main estimation 
WARNING: Object get_nl_spec from the global environment should not be
  used inside apollo_probabilities. If needed, save it inside
  apollo_inputs and call it as apollo_inputs$get_nl_spec. 
Preparing user-defined functions.

Testing likelihood function...
Apollo found a model component of type classAlloc without a
  componentName. The name was set to "classAlloc" by default.
INFORMATION: Setting "avail" is missing, so full availability is
  assumed. 

Overview of choices for NL model component Class_1:
                                    cvC1    cvC2    cvC3   hevC1   hevC2
Times available                  1311.00 1389.00 1340.00 1403.00 1348.00
Times chosen                      478.00  497.00  495.00  546.00  485.00
Percentage chosen overall           4.34    4.51    4.50    4.96    4.41
Percentage chosen when available   36.46   35.78   36.94   38.92   35.98
                                   hevC3 phev20C1 phev20C2 phev20C3 phev40C1
Times available                  1371.00  1400.00  1342.00  1367.00  1443.00
Times chosen                      541.00   494.00   507.00   518.00   558.00
Percentage chosen overall           4.91     4.49     4.60     4.70     5.07
Percentage chosen when available   39.46    35.29    37.78    37.89    38.67
                                 phev40C2 phev40C3 bev100C1 bev100C2 bev100C3
Times available                   1278.00  1369.00  1345.00  1320.00  1359.00
Times chosen                       488.00   537.00   313.00   299.00   305.00
Percentage chosen overall            4.43     4.88     2.84     2.72     2.77
Percentage chosen when available    38.18    39.23    23.27    22.65    22.44
                                 bev150C1 bev150C2 bev150C3 bev300C1 bev300C2
Times available                   1357.00  1472.00  1410.00  1357.00  1459.00
Times chosen                       363.00   389.00   336.00   449.00   487.00
Percentage chosen overall            3.30     3.53     3.05     4.08     4.42
Percentage chosen when available    26.75    26.43    23.83    33.09    33.38
                                 bev300C3 bev400C1 bev400C2 bev400C3
Times available                   1396.00  1394.00  1402.00  1398.00
Times chosen                       441.00   469.00   525.00   490.00
Percentage chosen overall            4.01     4.26     4.77     4.45
Percentage chosen when available    31.59    33.64    37.45    35.05

Nesting structure for NL model component Class_1:
Nest: root (1)
|-Nest: ICE (0.784)
|  |-Alternative: cvC1
|  |-Alternative: cvC2
|  |-Alternative: cvC3
|  |-Alternative: hevC1
|  |-Alternative: hevC2
|  '-Alternative: hevC3
|-Nest: PHEV (0.5374)
|  |-Alternative: phev20C1
|  |-Alternative: phev20C2
|  |-Alternative: phev20C3
|  |-Alternative: phev40C1
|  |-Alternative: phev40C2
|  '-Alternative: phev40C3
'-Nest: BEV (0.7002)
   |-Alternative: bev100C1
   |-Alternative: bev100C2
   |-Alternative: bev100C3
   |-Alternative: bev150C1
   |-Alternative: bev150C2
   |-Alternative: bev150C3
   |-Alternative: bev300C1
   |-Alternative: bev300C2
   |-Alternative: bev300C3
   |-Alternative: bev400C1
   |-Alternative: bev400C2
   '-Alternative: bev400C3

Overview of choices for NL model component Class_2:
                                    cvC1    cvC2    cvC3   hevC1   hevC2
Times available                  1311.00 1389.00 1340.00 1403.00 1348.00
Times chosen                      478.00  497.00  495.00  546.00  485.00
Percentage chosen overall           4.34    4.51    4.50    4.96    4.41
Percentage chosen when available   36.46   35.78   36.94   38.92   35.98
                                   hevC3 phev20C1 phev20C2 phev20C3 phev40C1
Times available                  1371.00  1400.00  1342.00  1367.00  1443.00
Times chosen                      541.00   494.00   507.00   518.00   558.00
Percentage chosen overall           4.91     4.49     4.60     4.70     5.07
Percentage chosen when available   39.46    35.29    37.78    37.89    38.67
                                 phev40C2 phev40C3 bev100C1 bev100C2 bev100C3
Times available                   1278.00  1369.00  1345.00  1320.00  1359.00
Times chosen                       488.00   537.00   313.00   299.00   305.00
Percentage chosen overall            4.43     4.88     2.84     2.72     2.77
Percentage chosen when available    38.18    39.23    23.27    22.65    22.44
                                 bev150C1 bev150C2 bev150C3 bev300C1 bev300C2
Times available                   1357.00  1472.00  1410.00  1357.00  1459.00
Times chosen                       363.00   389.00   336.00   449.00   487.00
Percentage chosen overall            3.30     3.53     3.05     4.08     4.42
Percentage chosen when available    26.75    26.43    23.83    33.09    33.38
                                 bev300C3 bev400C1 bev400C2 bev400C3
Times available                   1396.00  1394.00  1402.00  1398.00
Times chosen                       441.00   469.00   525.00   490.00
Percentage chosen overall            4.01     4.26     4.77     4.45
Percentage chosen when available    31.59    33.64    37.45    35.05

Nesting structure for NL model component Class_2:
Nest: root (1)
|-Nest: ICE (0.7171)
|  |-Alternative: cvC1
|  |-Alternative: cvC2
|  |-Alternative: cvC3
|  |-Alternative: hevC1
|  |-Alternative: hevC2
|  '-Alternative: hevC3
|-Nest: PHEV (0.5054)
|  |-Alternative: phev20C1
|  |-Alternative: phev20C2
|  |-Alternative: phev20C3
|  |-Alternative: phev40C1
|  |-Alternative: phev40C2
|  '-Alternative: phev40C3
'-Nest: BEV (0.7458)
   |-Alternative: bev100C1
   |-Alternative: bev100C2
   |-Alternative: bev100C3
   |-Alternative: bev150C1
   |-Alternative: bev150C2
   |-Alternative: bev150C3
   |-Alternative: bev300C1
   |-Alternative: bev300C2
   |-Alternative: bev300C3
   |-Alternative: bev400C1
   |-Alternative: bev400C2
   '-Alternative: bev400C3

Overview of choices for NL model component Class_3:
                                    cvC1    cvC2    cvC3   hevC1   hevC2
Times available                  1311.00 1389.00 1340.00 1403.00 1348.00
Times chosen                      478.00  497.00  495.00  546.00  485.00
Percentage chosen overall           4.34    4.51    4.50    4.96    4.41
Percentage chosen when available   36.46   35.78   36.94   38.92   35.98
                                   hevC3 phev20C1 phev20C2 phev20C3 phev40C1
Times available                  1371.00  1400.00  1342.00  1367.00  1443.00
Times chosen                      541.00   494.00   507.00   518.00   558.00
Percentage chosen overall           4.91     4.49     4.60     4.70     5.07
Percentage chosen when available   39.46    35.29    37.78    37.89    38.67
                                 phev40C2 phev40C3 bev100C1 bev100C2 bev100C3
Times available                   1278.00  1369.00  1345.00  1320.00  1359.00
Times chosen                       488.00   537.00   313.00   299.00   305.00
Percentage chosen overall            4.43     4.88     2.84     2.72     2.77
Percentage chosen when available    38.18    39.23    23.27    22.65    22.44
                                 bev150C1 bev150C2 bev150C3 bev300C1 bev300C2
Times available                   1357.00  1472.00  1410.00  1357.00  1459.00
Times chosen                       363.00   389.00   336.00   449.00   487.00
Percentage chosen overall            3.30     3.53     3.05     4.08     4.42
Percentage chosen when available    26.75    26.43    23.83    33.09    33.38
                                 bev300C3 bev400C1 bev400C2 bev400C3
Times available                   1396.00  1394.00  1402.00  1398.00
Times chosen                       441.00   469.00   525.00   490.00
Percentage chosen overall            4.01     4.26     4.77     4.45
Percentage chosen when available    31.59    33.64    37.45    35.05

Nesting structure for NL model component Class_3:
Nest: root (1)
|-Nest: ICE (0.3818)
|  |-Alternative: cvC1
|  |-Alternative: cvC2
|  |-Alternative: cvC3
|  |-Alternative: hevC1
|  |-Alternative: hevC2
|  '-Alternative: hevC3
|-Nest: PHEV (0.6487)
|  |-Alternative: phev20C1
|  |-Alternative: phev20C2
|  |-Alternative: phev20C3
|  |-Alternative: phev40C1
|  |-Alternative: phev40C2
|  '-Alternative: phev40C3
'-Nest: BEV (1.0951)
   |-Alternative: bev100C1
   |-Alternative: bev100C2
   |-Alternative: bev100C3
   |-Alternative: bev150C1
   |-Alternative: bev150C2
   |-Alternative: bev150C3
   |-Alternative: bev300C1
   |-Alternative: bev300C2
   |-Alternative: bev300C3
   |-Alternative: bev400C1
   |-Alternative: bev400C2
   '-Alternative: bev400C3

WARNING: The nesting parameter for nest "BEV" should be between 0 and 1
  (the nesting parameter for nest "root"), yet its value is 1.0951. 

Overview of choices for NL model component Class_4:
                                    cvC1    cvC2    cvC3   hevC1   hevC2
Times available                  1311.00 1389.00 1340.00 1403.00 1348.00
Times chosen                      478.00  497.00  495.00  546.00  485.00
Percentage chosen overall           4.34    4.51    4.50    4.96    4.41
Percentage chosen when available   36.46   35.78   36.94   38.92   35.98
                                   hevC3 phev20C1 phev20C2 phev20C3 phev40C1
Times available                  1371.00  1400.00  1342.00  1367.00  1443.00
Times chosen                      541.00   494.00   507.00   518.00   558.00
Percentage chosen overall           4.91     4.49     4.60     4.70     5.07
Percentage chosen when available   39.46    35.29    37.78    37.89    38.67
                                 phev40C2 phev40C3 bev100C1 bev100C2 bev100C3
Times available                   1278.00  1369.00  1345.00  1320.00  1359.00
Times chosen                       488.00   537.00   313.00   299.00   305.00
Percentage chosen overall            4.43     4.88     2.84     2.72     2.77
Percentage chosen when available    38.18    39.23    23.27    22.65    22.44
                                 bev150C1 bev150C2 bev150C3 bev300C1 bev300C2
Times available                   1357.00  1472.00  1410.00  1357.00  1459.00
Times chosen                       363.00   389.00   336.00   449.00   487.00
Percentage chosen overall            3.30     3.53     3.05     4.08     4.42
Percentage chosen when available    26.75    26.43    23.83    33.09    33.38
                                 bev300C3 bev400C1 bev400C2 bev400C3
Times available                   1396.00  1394.00  1402.00  1398.00
Times chosen                       441.00   469.00   525.00   490.00
Percentage chosen overall            4.01     4.26     4.77     4.45
Percentage chosen when available    31.59    33.64    37.45    35.05

Nesting structure for NL model component Class_4:
Nest: root (1)
|-Nest: ICE (1.0464)
|  |-Alternative: cvC1
|  |-Alternative: cvC2
|  |-Alternative: cvC3
|  |-Alternative: hevC1
|  |-Alternative: hevC2
|  '-Alternative: hevC3
|-Nest: PHEV (0.6177)
|  |-Alternative: phev20C1
|  |-Alternative: phev20C2
|  |-Alternative: phev20C3
|  |-Alternative: phev40C1
|  |-Alternative: phev40C2
|  '-Alternative: phev40C3
'-Nest: BEV (0.9279)
   |-Alternative: bev100C1
   |-Alternative: bev100C2
   |-Alternative: bev100C3
   |-Alternative: bev150C1
   |-Alternative: bev150C2
   |-Alternative: bev150C3
   |-Alternative: bev300C1
   |-Alternative: bev300C2
   |-Alternative: bev300C3
   |-Alternative: bev400C1
   |-Alternative: bev400C2
   '-Alternative: bev400C3

WARNING: The nesting parameter for nest "ICE" should be between 0 and 1
  (the nesting parameter for nest "root"), yet its value is 1.0464. 

Summary of class allocation for model component :
         Mean prob.
Class_1      0.2354
Class_2      0.3115
Class_3      0.2307
Class_4      0.2225

Pre-processing likelihood function...
Creating cluster...
INFORMATION: While preparing your inputs for multi-core estimation, the
  following objects were found in "apollo_inputs", but were not split
  across cores: "attrCols", "availCols", "heterogeneity_spec",
  "lognorm_price_dist", "n_classes", "n_draws", "nesting_params",
  "nesting_spec", "observed_attributes", "scalingFactor_dist",
  "utility_space". If these objects contain observation or
  individual-specific data, and thus need to be split, please add a
  column with the IDs to these objects, and call this column "ID" 
Preparing workers for multithreading...

Testing influence of parameters...................................................................
Starting main estimation
initial  value 8252.143443 
iter   2 value 8252.143232
iter   3 value 8252.143215
iter   4 value 8252.143186
iter   5 value 8252.143176
iter   6 value 8252.143136
iter   7 value 8252.143115
iter   8 value 8252.143091
iter   9 value 8252.143051
iter  10 value 8252.142979
iter  11 value 8252.142957
iter  12 value 8252.142913
iter  13 value 8252.142863
iter  14 value 8252.142849
iter  15 value 8252.142824
iter  16 value 8252.142821
iter  17 value 8252.142814
iter  18 value 8252.142812
iter  19 value 8252.142811
iter  20 value 8252.142802
iter  21 value 8252.142796
iter  22 value 8252.142790
iter  23 value 8252.142786
iter  24 value 8252.142779
iter  25 value 8252.142773
iter  26 value 8252.142758
iter  27 value 8252.142735
iter  28 value 8252.142722
iter  29 value 8252.142717
iter  30 value 8252.142715
iter  31 value 8252.142714
iter  32 value 8252.142713
iter  33 value 8252.142712
iter  34 value 8252.142711
iter  35 value 8252.142709
iter  36 value 8252.142705
iter  37 value 8252.142702
iter  38 value 8252.142701
iter  39 value 8252.142700
iter  40 value 8252.142700
iter  41 value 8252.142700
iter  42 value 8252.142699
iter  43 value 8252.142699
iter  44 value 8252.142699
iter  45 value 8252.142699
iter  46 value 8252.142698
iter  47 value 8252.142698
iter  48 value 8252.142698
iter  49 value 8252.142697
iter  50 value 8252.142697
iter  51 value 8252.142697
iter  52 value 8252.142697
iter  53 value 8252.142697
iter  54 value 8252.142697
iter  55 value 8252.142697
iter  56 value 8252.142696
iter  57 value 8252.142696
iter  58 value 8252.142696
iter  59 value 8252.142696
iter  60 value 8252.142696
iter  61 value 8252.142696
iter  62 value 8252.142696
iter  63 value 8252.142696
iter  64 value 8252.142696
iter  65 value 8252.142696
iter  66 value 8252.142696
iter  67 value 8252.142696
iter  68 value 8252.142696
iter  69 value 8252.142696
iter  70 value 8252.142696
iter  71 value 8252.142696
iter  72 value 8252.142696
iter  73 value 8252.142696
iter  74 value 8252.142696
iter  75 value 8252.142696
iter  76 value 8252.142696
iter  77 value 8252.142696
iter  77 value 8252.142696
iter  77 value 8252.142696
final  value 8252.142696 
converged

Estimated parameters with approximate standard errors from BHHH matrix:
                     Estimate     BHHH se BHH t-ratio (0)
b_Price_1            -0.05833    0.002470        -23.6193
b_Acceleration_1     -0.03803    0.013768         -2.7621
b_OpCost_1           -0.07387    0.008080         -9.1423
b_hev_1              -0.34543    0.080554         -4.2882
b_phev20_1           -0.39525    0.055656         -7.1017
b_phev40_1           -0.24260    0.098059         -2.4741
b_bev_1              -2.09247    0.085811        -24.3846
b_bevRangeRel_1       0.47613    0.049510          9.6168
b_noBEVFC_1          -0.26892    0.119203         -2.2560
b_american_1         -0.02860    0.078555         -0.3641
b_chinese_1          -1.22213    0.094327        -12.9563
b_japanese_1         -0.16548    0.077532         -2.1343
b_skorean_1          -0.19451    0.076049         -2.5577
lambda_ICE_1          0.78355    0.095379          8.2151
lambda_PHEV_1         0.53712    0.047339         11.3462
lambda_BEV_1          0.69970    0.053091         13.1793
class_intercept_1     0.00000          NA              NA
b_Price_2            -0.17891    0.006422        -27.8598
b_Acceleration_2     -0.10410    0.010873         -9.5741
b_OpCost_2           -0.17771    0.010983        -16.1806
b_hev_2               0.21275    0.077977          2.7284
b_phev20_2            0.31535    0.112965          2.7916
b_phev40_2            0.14664    0.089729          1.6342
b_bev_2               0.02911    0.085001          0.3424
b_bevRangeRel_2       0.31500    0.023594         13.3512
b_noBEVFC_2          -0.06341    0.070481         -0.8997
b_american_2          0.09241    0.075823          1.2187
b_chinese_2          -0.78175    0.070094        -11.1528
b_japanese_2         -0.01207    0.062541         -0.1930
b_skorean_2          -0.15680    0.066247         -2.3670
lambda_ICE_2          0.71690    0.080460          8.9099
lambda_PHEV_2         0.50550    0.061008          8.2857
lambda_BEV_2          0.74579    0.054314         13.7310
class_intercept_2     0.28060    0.086094          3.2592
b_Price_3            -0.07373    0.003631        -20.3083
b_Acceleration_3     -0.09713    0.016028         -6.0597
b_OpCost_3           -0.21996    0.014477        -15.1937
b_hev_3               0.06581    0.104381          0.6305
b_phev20_3            0.14425    0.139715          1.0325
b_phev40_3            0.13265    0.092557          1.4332
b_bev_3               0.24570    0.077181          3.1835
b_bevRangeRel_3       0.26939    0.026585         10.1332
b_noBEVFC_3          -0.52523    0.099518         -5.2777
b_american_3         -0.56236    0.064315         -8.7439
b_chinese_3          -5.33247    0.309462        -17.2314
b_japanese_3         -0.14097    0.054268         -2.5977
b_skorean_3          -0.72870    0.072911         -9.9944
lambda_ICE_3          0.38163    0.078859          4.8394
lambda_PHEV_3         0.64829    0.077574          8.3571
lambda_BEV_3          1.09497    0.086259         12.6940
class_intercept_3    -0.01977    0.090313         -0.2189
b_Price_4            -0.02452    0.001657        -14.7982
b_Acceleration_4     -0.16585    0.012473        -13.2970
b_OpCost_4           -0.10146    0.008406        -12.0692
b_hev_4               0.28502    0.095796          2.9753
b_phev20_4            0.20836    0.105200          1.9806
b_phev40_4            0.54730    0.098953          5.5309
b_bev_4               0.63547    0.083526          7.6080
b_bevRangeRel_4       0.35440    0.025841         13.7143
b_noBEVFC_4          -0.36795    0.066505         -5.5327
b_american_4          0.02406    0.064655          0.3721
b_chinese_4          -0.28538    0.075782         -3.7657
b_japanese_4          0.21132    0.062580          3.3769
b_skorean_4          -0.53273    0.069778         -7.6347
lambda_ICE_4          1.04735    0.142438          7.3530
lambda_PHEV_4         0.61796    0.078382          7.8840
lambda_BEV_4          0.92799    0.082523         11.2452
class_intercept_4    -0.05580    0.104191         -0.5356

Final LL: -8252.1427

Nesting structure for NL model component Class_1:
Nest: root (1)
|-Nest: ICE (0.7836)
|  |-Alternative: cvC1
|  |-Alternative: cvC2
|  |-Alternative: cvC3
|  |-Alternative: hevC1
|  |-Alternative: hevC2
|  '-Alternative: hevC3
|-Nest: PHEV (0.5371)
|  |-Alternative: phev20C1
|  |-Alternative: phev20C2
|  |-Alternative: phev20C3
|  |-Alternative: phev40C1
|  |-Alternative: phev40C2
|  '-Alternative: phev40C3
'-Nest: BEV (0.6997)
   |-Alternative: bev100C1
   |-Alternative: bev100C2
   |-Alternative: bev100C3
   |-Alternative: bev150C1
   |-Alternative: bev150C2
   |-Alternative: bev150C3
   |-Alternative: bev300C1
   |-Alternative: bev300C2
   |-Alternative: bev300C3
   |-Alternative: bev400C1
   |-Alternative: bev400C2
   '-Alternative: bev400C3
Nesting structure for NL model component Class_2:
Nest: root (1)
|-Nest: ICE (0.7169)
|  |-Alternative: cvC1
|  |-Alternative: cvC2
|  |-Alternative: cvC3
|  |-Alternative: hevC1
|  |-Alternative: hevC2
|  '-Alternative: hevC3
|-Nest: PHEV (0.5055)
|  |-Alternative: phev20C1
|  |-Alternative: phev20C2
|  |-Alternative: phev20C3
|  |-Alternative: phev40C1
|  |-Alternative: phev40C2
|  '-Alternative: phev40C3
'-Nest: BEV (0.7458)
   |-Alternative: bev100C1
   |-Alternative: bev100C2
   |-Alternative: bev100C3
   |-Alternative: bev150C1
   |-Alternative: bev150C2
   |-Alternative: bev150C3
   |-Alternative: bev300C1
   |-Alternative: bev300C2
   |-Alternative: bev300C3
   |-Alternative: bev400C1
   |-Alternative: bev400C2
   '-Alternative: bev400C3
Nesting structure for NL model component Class_3:
Nest: root (1)
|-Nest: ICE (0.3816)
|  |-Alternative: cvC1
|  |-Alternative: cvC2
|  |-Alternative: cvC3
|  |-Alternative: hevC1
|  |-Alternative: hevC2
|  '-Alternative: hevC3
|-Nest: PHEV (0.6483)
|  |-Alternative: phev20C1
|  |-Alternative: phev20C2
|  |-Alternative: phev20C3
|  |-Alternative: phev40C1
|  |-Alternative: phev40C2
|  '-Alternative: phev40C3
'-Nest: BEV (1.095)
   |-Alternative: bev100C1
   |-Alternative: bev100C2
   |-Alternative: bev100C3
   |-Alternative: bev150C1
   |-Alternative: bev150C2
   |-Alternative: bev150C3
   |-Alternative: bev300C1
   |-Alternative: bev300C2
   |-Alternative: bev300C3
   |-Alternative: bev400C1
   |-Alternative: bev400C2
   '-Alternative: bev400C3

WARNING: The nesting parameter for nest "BEV" should be between 0 and 1
  (the nesting parameter for nest "root"), yet its value is 1.095. 
Nesting structure for NL model component Class_4:
Nest: root (1)
|-Nest: ICE (1.0473)
|  |-Alternative: cvC1
|  |-Alternative: cvC2
|  |-Alternative: cvC3
|  |-Alternative: hevC1
|  |-Alternative: hevC2
|  '-Alternative: hevC3
|-Nest: PHEV (0.618)
|  |-Alternative: phev20C1
|  |-Alternative: phev20C2
|  |-Alternative: phev20C3
|  |-Alternative: phev40C1
|  |-Alternative: phev40C2
|  '-Alternative: phev40C3
'-Nest: BEV (0.928)
   |-Alternative: bev100C1
   |-Alternative: bev100C2
   |-Alternative: bev100C3
   |-Alternative: bev150C1
   |-Alternative: bev150C2
   |-Alternative: bev150C3
   |-Alternative: bev300C1
   |-Alternative: bev300C2
   |-Alternative: bev300C3
   |-Alternative: bev400C1
   |-Alternative: bev400C2
   '-Alternative: bev400C3

WARNING: The nesting parameter for nest "ICE" should be between 0 and 1
  (the nesting parameter for nest "root"), yet its value is 1.0473. 

Summary of class allocation for model component :
         Mean prob.
Class_1      0.2353
Class_2      0.3115
Class_3      0.2307
Class_4      0.2225

Calculating log-likelihood at equal shares (LL(0)) for applicable
  models...
Calculating LL of each model component...
Calculating other model fit measures
INFORMATION: Your model took more than 10 minutes to estimate, so it
  was saved to file
  logs/job_35887057/LCL4_NL_pref/LCL4_NL_pref_model.rds before
  calculating its covariance matrix. If calculation of the covariance
  matrix fails or is stopped before finishing, you can load the model
  up to this point using apollo_loadModel. You may also want to inspect
  the approximate BHHH standard errors shown above to determine whether
  you wish to continue this process. 
Computing covariance matrix using numerical methods (numDeriv).
 0%....25%....50%....75%....100%
Negative definite Hessian with maximum eigenvalue: -4.235645

Please acknowledge the use of Apollo by citing Hess & Palma (2019) -
  doi.org/10.1016/j.jocm.2019.100170
Model output saved to logs/job_35887057/LCL4_NL_pref/LCL4_NL_pref_output.txt 
Estimates saved to logs/job_35887057/LCL4_NL_pref/LCL4_NL_pref_estimates.csv 
Model object saved to logs/job_35887057/LCL4_NL_pref/LCL4_NL_pref.rds 
[1] TRUE
Starting Cross-Validation 
Testing likelihood function.
5 separate runs will be conducted, each using a random subset of 80% of
  individuals for estimation, and the remainder for validation.
Number of individuals
- for estimation : 587
- for forecasting : 147
- in sample (total): 734
Estimated parameters and log-likelihoods for each sample will be
  written to:
  logs/job_35887057/LCL4_NL_pref/LCL4_NL_pref_outOfSample_params.csv
The matrix defining the observations used in each repetition will be
  written to:
  logs/job_35887057/LCL4_NL_pref/LCL4_NL_pref_outOfSample_samples.csv

Estimation cycle 1 (8805 obs.)
WARNING: Object get_nl_spec from the global environment should not be
  used inside apollo_probabilities. If needed, save it inside
  apollo_inputs and call it as apollo_inputs$get_nl_spec. 
Apollo found a model component of type NL without a componentName. The
  name was set to "Class_1" by default.
Apollo found a model component of type NL without a componentName. The
  name was set to "Class_2" by default.
Apollo found a model component of type NL without a componentName. The
  name was set to "Class_3" by default.
Apollo found a model component of type NL without a componentName. The
  name was set to "Class_4" by default.
INFORMATION: While preparing your inputs for multi-core estimation, the
  following objects were found in "apollo_inputs", but were not split
  across cores: "attrCols", "availCols", "heterogeneity_spec",
  "lognorm_price_dist", "n_classes", "n_draws", "nesting_params",
  "nesting_spec", "observed_attributes", "scalingFactor_dist",
  "utility_space". If these objects contain observation or
  individual-specific data, and thus need to be split, please add a
  column with the IDs to these objects, and call this column "ID" 
Saving CV model as: LCL4_NL_pref_CV01
Model output saved to logs/job_35887057/LCL4_NL_pref/LCL4_NL_pref_CV01_output.txt 
Estimates saved to logs/job_35887057/LCL4_NL_pref/LCL4_NL_pref_CV01_estimates.csv 
Model object saved to logs/job_35887057/LCL4_NL_pref/LCL4_NL_pref_CV01.rds 
Out-of-sample time: 0.063
Iter. total wall time: 1369.083 secs
Estimation results written to file.
Estimation cycle 2 (8805 obs.)
WARNING: Object get_nl_spec from the global environment should not be
  used inside apollo_probabilities. If needed, save it inside
  apollo_inputs and call it as apollo_inputs$get_nl_spec. 
INFORMATION: While preparing your inputs for multi-core estimation, the
  following objects were found in "apollo_inputs", but were not split
  across cores: "attrCols", "availCols", "heterogeneity_spec",
  "lognorm_price_dist", "n_classes", "n_draws", "nesting_params",
  "nesting_spec", "observed_attributes", "scalingFactor_dist",
  "utility_space". If these objects contain observation or
  individual-specific data, and thus need to be split, please add a
  column with the IDs to these objects, and call this column "ID" 
Saving CV model as: LCL4_NL_pref_CV02
Model output saved to logs/job_35887057/LCL4_NL_pref/LCL4_NL_pref_CV02_output.txt 
Estimates saved to logs/job_35887057/LCL4_NL_pref/LCL4_NL_pref_CV02_estimates.csv 
Model object saved to logs/job_35887057/LCL4_NL_pref/LCL4_NL_pref_CV02.rds 
Out-of-sample time: 0.07
Iter. total wall time: 1488.196 secs
Estimation results written to file.
Estimation cycle 3 (8805 obs.)
WARNING: Object get_nl_spec from the global environment should not be
  used inside apollo_probabilities. If needed, save it inside
  apollo_inputs and call it as apollo_inputs$get_nl_spec. 
INFORMATION: While preparing your inputs for multi-core estimation, the
  following objects were found in "apollo_inputs", but were not split
  across cores: "attrCols", "availCols", "heterogeneity_spec",
  "lognorm_price_dist", "n_classes", "n_draws", "nesting_params",
  "nesting_spec", "observed_attributes", "scalingFactor_dist",
  "utility_space". If these objects contain observation or
  individual-specific data, and thus need to be split, please add a
  column with the IDs to these objects, and call this column "ID" 
Saving CV model as: LCL4_NL_pref_CV03
Model output saved to logs/job_35887057/LCL4_NL_pref/LCL4_NL_pref_CV03_output.txt 
Estimates saved to logs/job_35887057/LCL4_NL_pref/LCL4_NL_pref_CV03_estimates.csv 
Model object saved to logs/job_35887057/LCL4_NL_pref/LCL4_NL_pref_CV03.rds 
Out-of-sample time: 0.071
Iter. total wall time: 1619.981 secs
Estimation results written to file.
Estimation cycle 4 (8805 obs.)
WARNING: Object get_nl_spec from the global environment should not be
  used inside apollo_probabilities. If needed, save it inside
  apollo_inputs and call it as apollo_inputs$get_nl_spec. 
INFORMATION: While preparing your inputs for multi-core estimation, the
  following objects were found in "apollo_inputs", but were not split
  across cores: "attrCols", "availCols", "heterogeneity_spec",
  "lognorm_price_dist", "n_classes", "n_draws", "nesting_params",
  "nesting_spec", "observed_attributes", "scalingFactor_dist",
  "utility_space". If these objects contain observation or
  individual-specific data, and thus need to be split, please add a
  column with the IDs to these objects, and call this column "ID" 
Saving CV model as: LCL4_NL_pref_CV04
Model output saved to logs/job_35887057/LCL4_NL_pref/LCL4_NL_pref_CV04_output.txt 
Estimates saved to logs/job_35887057/LCL4_NL_pref/LCL4_NL_pref_CV04_estimates.csv 
Model object saved to logs/job_35887057/LCL4_NL_pref/LCL4_NL_pref_CV04.rds 
Out-of-sample time: 0.064
Iter. total wall time: 1357.394 secs
Estimation results written to file.
Estimation cycle 5 (8805 obs.)
WARNING: Object get_nl_spec from the global environment should not be
  used inside apollo_probabilities. If needed, save it inside
  apollo_inputs and call it as apollo_inputs$get_nl_spec. 
INFORMATION: While preparing your inputs for multi-core estimation, the
  following objects were found in "apollo_inputs", but were not split
  across cores: "attrCols", "availCols", "heterogeneity_spec",
  "lognorm_price_dist", "n_classes", "n_draws", "nesting_params",
  "nesting_spec", "observed_attributes", "scalingFactor_dist",
  "utility_space". If these objects contain observation or
  individual-specific data, and thus need to be split, please add a
  column with the IDs to these objects, and call this column "ID" 
Saving CV model as: LCL4_NL_pref_CV05
Model output saved to logs/job_35887057/LCL4_NL_pref/LCL4_NL_pref_CV05_output.txt 
Estimates saved to logs/job_35887057/LCL4_NL_pref/LCL4_NL_pref_CV05_estimates.csv 
Model object saved to logs/job_35887057/LCL4_NL_pref/LCL4_NL_pref_CV05.rds 
Out-of-sample time: 0.064
Iter. total wall time: 1312.896 secs
Estimation results written to file.
Processing time: 1.986111 hours

Summary of cross-validation:
         LL per obs in estimation sample LL per obs in validation sample
sample_1                         -0.7580                         -0.7309
sample_2                         -0.7562                         -0.7376
sample_3                         -0.7535                         -0.7511
sample_4                         -0.7168                         -0.8971
sample_5                         -0.7545                         -0.7471
Average                          -0.7478                         -0.7728
         % difference CPU sec in validation sample
sample_1      -3.5795                      0.06300
sample_2      -2.4620                      0.07000
sample_3      -0.3274                      0.07100
sample_4      25.1582                      0.06400
sample_5      -0.9713                      0.06400
Average        3.5636                      0.06640
Cross-Validation Complete 
Starting Psi' on Dataset Test 
Mean Psi' (all) =  0.2904264 
Mean Psi' (chosen only) =  0.3114681 
Saved psi' dataset to:  logs/job_35887057/LCL4_NL_pref//LCL4_NL_pref_psi_prime_dataset.csv 
Psi' on Dataset Test Complete
Starting Speed Test 
       ___Draws___              sec/
nCores inter intra  progress  LLCall RAM(MB)
     1     0     0 ..........   1.33   969.5
     2     0     0 INFORMATION: While preparing your inputs for multi-core estimation, the
  following objects were found in "apollo_inputs", but were not split
  across cores: "attrCols", "availCols", "heterogeneity_spec",
  "lognorm_price_dist", "n_classes", "n_draws", "nesting_params",
  "nesting_spec", "observed_attributes", "scalingFactor_dist",
  "utility_space". If these objects contain observation or
  individual-specific data, and thus need to be split, please add a
  column with the IDs to these objects, and call this column "ID" 
..........   0.91  1300.3
     4     0     0 INFORMATION: While preparing your inputs for multi-core estimation, the
  following objects were found in "apollo_inputs", but were not split
  across cores: "attrCols", "availCols", "heterogeneity_spec",
  "lognorm_price_dist", "n_classes", "n_draws", "nesting_params",
  "nesting_spec", "observed_attributes", "scalingFactor_dist",
  "utility_space". If these objects contain observation or
  individual-specific data, and thus need to be split, please add a
  column with the IDs to these objects, and call this column "ID" 
..........   0.79  1619.1

Summary of results (sec. per call to LL function)
       draws0
cores1 1.3310
cores2 0.9063
cores4 0.7896
    model_name cores inter_draws intra_draws calls time_per_call ram_mb
1 LCL4_NL_pref     1           0           0   100     1.3310366  969.5
2 LCL4_NL_pref     2           0           0   100     0.9063389 1300.3
3 LCL4_NL_pref     4           0           0   100     0.7895540 1619.1
Saved speed test results to: logs/job_35887057/LCL4_NL_pref//LCL4_NL_pref_speedTest.csv 
Saved detailed speed test results to: logs/job_35887057/LCL4_NL_pref//LCL4_NL_pref_speedTest_detailed.csv 
Speed Test Complete 
Starting Psi' Test 
Psi' Test Complete 
Starting Func Eval Timing 
Func Eval Timing Complete 
LCL4_NL_pref done.
Results saved to: logs/job_35887057/LCL4_NL_pref 
Done Running. Log files moved to logs/job_35887057/
