SLURM_ARRAY_JOB_ID: 35887057
SLURM_JOB_ID: 35887065
SLURM_ARRAY_TASK_ID: 7
Created job directory: logs/job_35887057
Task 7: Waiting for initialization to complete...
Task 7: Initialization complete, proceeding...
Running model 7...
Running: LCL4_none_pref 
Starting Setup 
Setup  Complete 
Starting Search-Start 
Saving original apollo_inputs 
Testing probability function (apollo_probabilities)
Apollo found a model component of type classAlloc without a
  componentName. The name was set to "classAlloc" by default.
INFORMATION: Setting "avail" is missing, so full availability is
  assumed. 
Apollo found a model component of type MNL without a componentName. The
  name was set to "Class_1" by default.
Setting "avail" is missing, so full availability is assumed.
Apollo found a model component of type MNL without a componentName. The
  name was set to "Class_2" by default.
Setting "avail" is missing, so full availability is assumed.
Apollo found a model component of type MNL without a componentName. The
  name was set to "Class_3" by default.
Setting "avail" is missing, so full availability is assumed.
Apollo found a model component of type MNL without a componentName. The
  name was set to "Class_4" by default.
Setting "avail" is missing, so full availability is assumed.
Pre-processing likelihood function...
Creating initial set of 101 candidate values.
Calculating LL of candidates 0%....50%.....100%
Total avail. cores = 32 cores
Avail. GB per core = 2 GB
Req. GB per cluster = 2 GB
Running searchStart on 32 cores.

Stage 1, 101 active candidates.
Estimating 25 BFGS iteration(s) for each active candidate.
 Candidate......LLstart.....LLfinish.....GradientNorm...Converged
         1        -9336        -8706         4495.849           0
         2        -9151        -8482         2036.251           0
         3        -9368        -8667         2163.189           0
         4        -9324        -8578          994.113           0
         5        -9347        -8480         1657.877           0
         6        -9661        -8574         1174.321           0
         7        -9416        -8530         4430.696           0
         8        -9169        -8570          2242.85           0
         9       -10057        -8633          1634.39           0
        10        -9850        -8579         3410.314           0
        11        -9706        -8623         1833.449           0
        12       -10101        -8657         3127.748           0
        13        -9162        -8561         3487.181           0
        14        -9326        -8707          2394.29           0
        15       -10956        -8564         1537.826           0
        16        -9332        -8460         2714.288           0
        17        -9296        -8615         1314.348           0
        18        -9022        -8480         2037.693           0
        19        -9245        -8587         2812.598           0
        20        -9377        -8546          2974.12           0
        21       -10006        -8570         1566.515           0
        22        -9668        -8645         4362.123           0
        23        -9563        -8687         2307.689           0
        24        -9415        -8508         1698.171           0
        25       -10054        -8615         1383.575           0
        26        -9702        -8544         1739.423           0
        27        -9766        -8545         1631.632           0
        28        -9890        -8720         3870.757           0
        29        -9119        -8455         2851.028           0
        30        -9415        -8635          984.122           0
        31       -10050        -8526         2967.007           0
        32        -9135        -8495         1412.388           0
        33        -9130        -8493         1956.959           0
        34        -9187        -8591          3997.49           0
        35        -9182        -8481         3972.892           0
        36        -9448        -8565         2288.565           0
        37        -9353        -8612         3353.696           0
        38        -9605        -8493          838.604           0
        39        -9232        -8579          2339.93           0
        40        -9267        -8615          765.327           0
        41        -9560        -8642         1404.935           0
        42        -9260        -8558         4489.909           0
        43        -9272        -8632         2923.782           0
        44        -9063        -8489         1947.363           0
        45        -9423        -8514         2475.161           0
        46        -9887        -8589          857.775           0
        47        -9277        -8488         3201.145           0
        48        -9589        -8542          3549.75           0
        49        -9359        -8549          981.399           0
        50        -9396        -8703         5301.852           0
        51        -9579        -8627         1845.101           0
        52       -10808        -8655         2366.631           0
        53        -9776        -8582         2293.225           0
        54        -9115        -8412          876.548           0
        55        -9966        -8585         1036.787           0
        56        -9260        -8481          845.074           0
        57        -9446        -8475         2828.398           0
        58        -9196        -8589         1933.598           0
        59        -9154        -8582         1915.335           0
        60        -9366        -8486         3193.203           0
        61        -9643        -8581         1638.111           0
        62        -9843        -8451          611.135           0
        63        -9425        -8537          997.968           0
        64        -9141        -8581         4348.403           0
        65        -9767        -8634         2421.153           0
        66        -9252        -8461         2866.151           0
        67        -9128        -8511         1840.491           0
        68        -9359        -8486         1286.663           0
        69        -9307        -8623         1861.403           0
        70        -9651        -8695         1383.887           0
        71        -9379        -8653         1182.394           0
        72        -9482        -8484         1535.514           0
        73        -9250        -8420         2659.047           0
        74        -9857        -8593         3862.244           0
        75        -8926        -8567         2254.837           0
        76        -9115        -8539         1615.686           0
        77        -9136        -8606         2107.595           0
        78        -9504        -8463         1545.666           0
        79        -9253        -8552         1057.768           0
        80        -9383        -8577          883.942           0
        81        -9901        -8752         2365.634           0
        82        -9917        -8526         2399.137           0
        83        -9627        -8579         1657.199           0
        84        -9255        -8485         2832.059           0
        85        -9688        -8656         1511.752           0
        86        -9137        -8448          2536.85           0
        87       -10158        -8616         2346.155           0
        88        -9370        -8514         1081.286           0
        89        -9103        -8579         1527.614           0
        90        -9888        -8609         1319.807           0
        91        -9393        -8661         1118.089           0
        92       -15431        -9378         2659.726           0
        93       -12339        -9334         4554.203           0
        94       -19798        -9354         2829.942           0
        95       -13078        -9086         2592.084           0
        96       -16951        -9062          350.552           0
        97       -25034        -9122         3401.313           0
        98       -18530        -8946         3970.389           0
        99       -21898        -9183         2603.797           0
       100       -13439        -9169         2403.529           0
       101       -18912        -9089         2734.689           0
Best candidate so far (LL=-8412)

Stage 2, 101 active candidates.
Estimating 25 BFGS iteration(s) for each active candidate.
 Candidate......LLstart.....LLfinish.....GradientNorm...Converged
         1        -8706        -8483         1444.186           0
         2        -8482        -8322              666           0
         3        -8667        -8458          641.057           0
         4        -8578        -8423         1392.464           0
         5        -8480        -8341         1122.698           0
         6        -8574        -8503            640.9           0
         7        -8530        -8341          1637.22           0
         8        -8570        -8426         2533.687           0
         9        -8633        -8374          967.647           0
        10        -8579        -8390         2411.177           0
        11        -8623        -8353         1027.859           0
        12        -8657        -8395         1991.943           0
        13        -8561        -8389         1917.723           0
        14        -8707        -8525         1213.231           0
        15        -8564        -8376          1976.57           0
        16        -8460        -8336         1291.086           0
        17        -8615        -8431         1597.319           0
        18        -8480        -8336         1074.638           0
        19        -8587        -8348           1394.1           0
        20        -8546        -8445         1798.968           0
        21        -8570        -8453          499.494           0
        22        -8645        -8412         1323.439           0
        23        -8687        -8474         1236.948           0
        24        -8508        -8347         1113.114           0
        25        -8615        -8345          785.657           0
        26        -8544        -8338         1237.728           0
        27        -8545        -8340          684.415           0
        28        -8720        -8568         1536.186           0
        29        -8455        -8327          627.216           0
        30        -8635        -8454          743.085           0
        31        -8526        -8368          962.054           0
        32        -8495        -8359         1514.975           0
        33        -8493        -8331         1471.791           0
        34        -8591        -8386         1232.065           0
        35        -8481        -8373         1676.547           0
        36        -8565        -8496         1379.692           0
        37        -8612        -8346          1381.17           0
        38        -8493        -8381         1004.751           0
        39        -8579        -8350         1321.328           0
        40        -8615        -8395         1251.527           0
        41        -8642        -8520          560.577           0
        42        -8558        -8318          508.748           0
        43        -8632        -8469         2717.635           0
        44        -8489        -8341         1388.477           0
        45        -8514        -8376         1958.184           0
        46        -8589        -8364          699.346           0
        47        -8488        -8327          789.547           0
        48        -8542        -8368          585.367           0
        49        -8549        -8458          760.336           0
        50        -8703        -8458          1610.39           0
        51        -8627        -8485          552.877           0
        52        -8655        -8457         1260.598           0
        53        -8582        -8364         1489.858           0
        54        -8412        -8317          228.158           0
        55        -8585        -8357           875.51           0
        56        -8481        -8353          763.005           0
        57        -8475        -8343         1351.271           0
        58        -8589        -8357         1396.449           0
        59        -8582        -8357         1897.851           0
        60        -8486        -8338         1893.977           0
        61        -8581        -8388         1636.544           0
        62        -8451        -8343         1462.423           0
        63        -8537        -8334          709.017           0
        64        -8581        -8355         1574.421           0
        65        -8634        -8493          569.413           0
        66        -8461        -8337         1091.104           0
        67        -8511        -8389          1598.08           0
        68        -8486        -8402         1251.776           0
        69        -8623        -8415         1343.034           0
        70        -8695        -8539         1361.067           0
        71        -8653        -8525         1010.765           0
        72        -8484        -8362         2026.188           0
        73        -8420        -8324         1076.874           0
        74        -8593        -8355          1278.82           0
        75        -8567        -8363         1417.045           0
        76        -8539        -8385         1288.197           0
        77        -8606        -8409         1175.643           0
        78        -8463        -8354         1982.078           0
        79        -8552        -8459         1205.067           0
        80        -8577        -8505         2054.236           0
        81        -8752        -8607          412.105           0
        82        -8526        -8343         1136.498           0
        83        -8579        -8373          881.426           0
        84        -8485        -8365         2005.006           0
        85        -8656        -8402         1089.954           0
        86        -8448        -8321          629.697           0
        87        -8616        -8491         3136.516           0
        88        -8514        -8347         1152.187           0
        89        -8579        -8459         1318.907           0
        90        -8609        -8373          771.582           0
        91        -8661        -8432         1306.575           0
        92        -9378        -8960         3804.311           0
        93        -9334        -8945          499.325           0
        94        -9354        -8944         4472.757           0
        95        -9086        -8934          283.383           0
        96        -9062        -8990         1462.682           0
        97        -9122        -8920          940.398           0
        98        -8946        -8688         1642.433           0
        99        -9183        -9054          4149.87           0
       100        -9169        -8982          372.825           0
       101        -9089        -8759         2038.837           0
Best candidate so far (LL=-8316.8)

Stage 3, 101 active candidates.
Estimating 25 BFGS iteration(s) for each active candidate.
 Candidate......LLstart.....LLfinish.....GradientNorm...Converged
         1        -8483        -8352          455.083           0
         2        -8322        -8309          500.115           0
         3        -8458        -8435          529.598           0
         4        -8423        -8325          984.554           0
         5        -8341        -8309          295.918           0
         6        -8503        -8491          486.314           0
         7        -8341        -8314          727.083           0
         8        -8426        -8320          989.866           0
         9        -8374        -8317          350.273           0
        10        -8390        -8316          616.073           0
        11        -8353        -8309          442.808           0
        12        -8395        -8315          612.134           0
        13        -8389        -8323          693.928           0
        14        -8525        -8452         1175.382           0
        15        -8376        -8319          843.755           0
        16        -8336        -8311          678.769           0
        17        -8431        -8326          620.894           0
        18        -8336        -8309           442.26           0
        19        -8348        -8310           365.65           0
        20        -8445        -8323          837.591           0
        21        -8453        -8436          328.207           0
        22        -8412        -8324          798.534           0
        23        -8474        -8433          355.657           0
        24        -8347        -8312          632.977           0
        25        -8345        -8310          267.241           0
        26        -8338        -8310          207.136           0
        27        -8340        -8309          173.132           0
        28        -8568        -8446         1343.419           0
        29        -8327        -8308          295.306           0
        30        -8454        -8336          789.066           0
        31        -8368        -8312          475.702           0
        32        -8359        -8314          474.135           0
        33        -8331        -8310          864.265           0
        34        -8386        -8315          370.065           0
        35        -8373        -8318         1093.159           0
        36        -8496        -8482          183.637           0
        37        -8346        -8315          386.057           0
        38        -8381        -8326          798.738           0
        39        -8350        -8314          410.273           0
        40        -8395        -8336          767.387           0
        41        -8520        -8450          648.183           0
        42        -8318        -8307           90.564           0
        43        -8469        -8345          801.227           0
        44        -8341        -8311          421.943           0
        45        -8376        -8314           943.65           0
        46        -8364        -8312          372.881           0
        47        -8327        -8308          225.287           0
        48        -8368        -8316           445.86           0
        49        -8458        -8436          666.906           0
        50        -8458        -8335          734.469           0
        51        -8485        -8379           849.84           0
        52        -8457        -8354          738.281           0
        53        -8364        -8313          889.827           0
        54        -8317        -8307          161.333           0
        55        -8357        -8314            761.2           0
        56        -8353        -8313          705.979           0
        57        -8343        -8311          566.552           0
        58        -8357        -8312          662.896           0
        59        -8357        -8315          957.774           0
        60        -8338        -8310          857.025           0
        61        -8388        -8315          714.514           0
        62        -8343        -8310          271.645           0
        63        -8334        -8307          293.158           0
        64        -8355        -8315          897.508           0
        65        -8493        -8479          616.893           0
        66        -8337        -8312          387.275           0
        67        -8389        -8314          737.074           0
        68        -8402        -8322          390.632           0
        69        -8415        -8326          669.286           0
        70        -8539        -8359         1995.499           0
        71        -8525        -8496          402.845           0
        72        -8362        -8318          774.362           0
        73        -8324        -8307          312.763           0
        74        -8355        -8309          344.941           0
        75        -8363        -8318          293.758           0
        76        -8385        -8323           678.25           0
        77        -8409        -8339          973.392           0
        78        -8354        -8309          402.016           0
        79        -8459        -8394         1107.688           0
        80        -8505        -8478          750.099           0
        81        -8607        -8593           50.757           0
        82        -8343        -8309           458.74           0
        83        -8373        -8314          294.705           0
        84        -8365        -8313          593.323           0
        85        -8402        -8316          290.499           0
        86        -8321        -8307          144.389           0
        87        -8491        -8350          1482.18           0
        88        -8347        -8310          187.085           0
        89        -8459        -8439          427.503           0
        90        -8373        -8314          772.124           0
        91        -8432        -8311          208.919           0
        92        -8960        -8695          1142.97           0
        93        -8945        -8874          2407.11           0
        94        -8944        -8864           96.751           0
        95        -8934        -8908           105.55           0
        96        -8990        -8932         3064.014           0
        97        -8920        -8908            20.34           0
        98        -8688        -8605          340.517           0
        99        -9054        -8891           571.64           0
       100        -8982        -8940         2777.563           0
       101        -8759        -8619         1191.229           0
Best candidate so far (LL=-8306.9)

Stage 4, 101 active candidates.
Estimating 25 BFGS iteration(s) for each active candidate.
 Candidate......LLstart.....LLfinish.....GradientNorm...Converged
         1        -8352        -8314          266.064           0
         2        -8309        -8306          111.013           0
         3        -8435        -8433          138.803           0
         4        -8325        -8307           75.007           0
         5        -8309        -8306           66.817           0
         6        -8491        -8437          585.466           0
         7        -8314        -8307          393.129           0
         8        -8320        -8307          400.918           0
         9        -8317        -8307           142.43           0
        10        -8316        -8307          131.451           0
        11        -8309        -8306           45.415           0
        12        -8315        -8307           78.667           0
        13        -8323        -8308          392.449           0
        14        -8452        -8397          1696.93           0
        15        -8319        -8307          320.509           0
        16        -8311        -8307          381.669           0
        17        -8326        -8307          234.044           0
        18        -8309        -8307          103.161           0
        19        -8310        -8306           47.524           0
        20        -8323        -8308           404.13           0
        21        -8436        -8433          234.104           0
        22        -8324        -8307          158.398           0
        23        -8433        -8361          646.661           0
        24        -8312        -8307          322.511           0
        25        -8310        -8306          176.782           0
        26        -8310        -8306          203.533           0
        27        -8309        -8306          240.901           0
        28        -8446        -8321          314.197           0
        29        -8308        -8306          102.839           0
        30        -8336        -8310            432.3           0
        31        -8312        -8307          206.904           0
        32        -8314        -8307          205.968           0
        33        -8310        -8307          299.944           0
        34        -8315        -8307           72.843           0
        35        -8318        -8308          518.205           0
        36        -8482        -8475          202.846           0
        37        -8315        -8308          213.129           0
        38        -8326        -8307          235.579           0
        39        -8314        -8307          202.007           0
        40        -8336        -8311          285.621           0
        41        -8450        -8376          1236.29           0
        42        -8307        -8306           127.92           0
        43        -8345        -8309          272.793           0
        44        -8311        -8307          196.828           0
        45        -8314        -8307          317.852           0
        46        -8312        -8307           96.646           0
        47        -8308        -8306            70.61           0
        48        -8316        -8307          116.033           0
        49        -8436        -8433          140.894           0
        50        -8335        -8308          146.107           0
        51        -8379        -8314          344.478           0
        52        -8354        -8313          203.981           0
        53        -8313        -8307          356.892           0
        54        -8307        -8306           11.273           0
        55        -8314        -8307          388.801           0
        56        -8313        -8307            121.9           0
        57        -8311        -8307          290.387           0
        58        -8312        -8307          399.558           0
        59        -8315        -8307          333.046           0
        60        -8310        -8307          351.563           0
        61        -8315        -8307          365.896           0
        62        -8310        -8306           75.336           0
        63        -8307        -8306          122.034           0
        64        -8315        -8308          403.295           0
        65        -8479        -8467          207.629           0
        66        -8312        -8307          147.211           0
        67        -8314        -8307          480.877           0
        68        -8322        -8308          135.775           0
        69        -8326        -8307          179.036           0
        70        -8359        -8314          851.108           0
        71        -8496        -8487           75.176           0
        72        -8318        -8307           158.94           0
        73        -8307        -8306           39.292           0
        74        -8309        -8306          107.738           0
        75        -8318        -8307           239.66           0
        76        -8323        -8308          285.101           0
        77        -8339        -8310           89.488           0
        78        -8309        -8306            95.88           0
        79        -8394        -8327          716.224           0
        80        -8478        -8461          368.271           0
        81        -8593        -8592           20.161           0
        82        -8309        -8306           95.497           0
        83        -8314        -8307           154.86           0
        84        -8313        -8306          114.902           0
        85        -8316        -8307           82.419           0
        86        -8307        -8306           33.083           0
        87        -8350        -8309          167.868           0
        88        -8310        -8306           52.726           0
        89        -8439        -8437           89.943           0
        90        -8314        -8307          266.419           0
        91        -8311        -8307           163.22           0
        92        -8695        -8607          916.025           0
        93        -8874        -8822           276.09           0
        94        -8864        -8858            28.02           0
        95        -8908        -8907            6.484           0
        96        -8932        -8908           227.61           0
        97        -8908        -8907           14.482           0
        98        -8605        -8595          236.725           0
        99        -8891        -8875           82.771           0
       100        -8940        -8909            34.83           0
       101        -8619        -8517         1079.902           0
Candidate 5 dropped.
- Failed test 1: Too close to 42 in parameter space.
Candidate 9 dropped.
- Failed test 1: Too close to 60 in parameter space.
Candidate 15 dropped.
- Failed test 1: Too close to 2, 73, 78 in parameter space.
Candidate 16 dropped.
- Failed test 1: Too close to 73, 74 in parameter space.
Candidate 22 dropped.
- Failed test 1: Too close to 57 in parameter space.
Candidate 25 dropped.
- Failed test 1: Too close to 5, 42 in parameter space.
Candidate 26 dropped.
- Failed test 1: Too close to 54 in parameter space.
Candidate 27 dropped.
- Failed test 1: Too close to 5, 25 in parameter space.
Candidate 34 dropped.
- Failed test 1: Too close to 73, 74 in parameter space.
Candidate 38 dropped.
- Failed test 1: Too close to 26, 47, 54 in parameter space.
Candidate 39 dropped.
- Failed test 1: Too close to 42 in parameter space.
Candidate 47 dropped.
- Failed test 1: Too close to 54 in parameter space.
Candidate 53 dropped.
- Failed test 1: Too close to 2, 78 in parameter space.
Candidate 57 dropped.
- Failed test 1: Too close to 5, 25, 27 in parameter space.
Candidate 60 dropped.
- Failed test 1: Too close to 5, 27, 57 in parameter space.
Candidate 62 dropped.
- Failed test 1: Too close to 29 in parameter space.
Candidate 63 dropped.
- Failed test 1: Too close to 47, 54 in parameter space.
Candidate 66 dropped.
- Failed test 1: Too close to 5, 25, 27, 42, 57 in parameter space.
Candidate 74 dropped.
- Failed test 1: Too close to 73 in parameter space.
Candidate 75 dropped.
- Failed test 1: Too close to 42 in parameter space.
Candidate 78 dropped.
- Failed test 1: Too close to 2 in parameter space.
Candidate 86 dropped.
- Failed test 1: Too close to 47, 54, 63 in parameter space.
Candidate 91 dropped.
- Failed test 1: Too close to 47, 86 in parameter space.
Best candidate so far (LL=-8306.1)

Stage 5, 78 active candidates.
Estimating 25 BFGS iteration(s) for each active candidate.
 Candidate......LLstart.....LLfinish.....GradientNorm...Converged
         1        -8314        -8307           292.05           0
         2        -8306        -8306            47.11           0
         3        -8433        -8432           47.386           0
         4        -8307        -8306            24.04           0
         6        -8437        -8330          797.641           0
         7        -8307        -8306           27.304           0
         8        -8307        -8306          222.796           0
        10        -8307        -8306           60.373           0
        11        -8306        -8306           35.139           0
        12        -8307        -8306           84.001           0
        13        -8308        -8306           155.09           0
        14        -8397        -8319          537.818           0
        17        -8307        -8306            98.68           0
        18        -8307        -8306           85.335           0
        19        -8306        -8306           34.884           0
        20        -8308        -8306          228.522           0
        21        -8433        -8432            80.53           0
        23        -8361        -8319          829.863           0
        24        -8307        -8306           110.68           0
        28        -8321        -8308          234.366           0
        29        -8306        -8306           35.753           0
        30        -8310        -8306          141.624           0
        31        -8307        -8306          138.291           0
        32        -8307        -8306          128.716           0
        33        -8307        -8306           99.383           0
        35        -8308        -8306          217.901           0
        36        -8475        -8474          112.253           0
        37        -8308        -8306           98.834           0
        40        -8311        -8307          147.313           0
        41        -8376        -8320          740.325           0
        42        -8306        -8306           11.869           0
        43        -8309        -8306          137.925           0
        44        -8307        -8306           121.99           0
        45        -8307        -8306          137.435           0
        46        -8307        -8306           33.186           0
        48        -8307        -8306            24.63           0
        49        -8433        -8432           77.644           0
        50        -8308        -8306            95.23           0
        51        -8314        -8307          227.149           0
        52        -8313        -8307          183.309           0
        54        -8306        -8306           28.866           0
        55        -8307        -8306          165.446           0
        56        -8307        -8306           86.368           0
        58        -8307        -8306          158.942           0
        59        -8307        -8306          184.097           0
        61        -8307        -8306          117.521           0
        64        -8308        -8306          254.841           0
        65        -8467        -8417         2136.878           0
        67        -8307        -8306          166.184           0
        68        -8308        -8306           75.836           0
        69        -8307        -8306           37.215           0
        70        -8314        -8307          529.299           0
        71        -8487        -8474          461.178           0
        72        -8307        -8306           75.937           0
        73        -8306        -8306           13.581           0
        76        -8308        -8306          113.921           0
        77        -8310        -8307          114.241           0
        79        -8327        -8308          111.285           0
        80        -8461        -8356         1120.098           0
        81        -8592        -8592            7.991           0
        82        -8306        -8306           45.819           0
        83        -8307        -8306           94.166           0
        84        -8306        -8306           26.832           0
        85        -8307        -8306           38.606           0
        87        -8309        -8306           91.477           0
        88        -8306        -8306           49.272           0
        89        -8437        -8436           38.158           0
        90        -8307        -8306           116.93           0
        92        -8607        -8592          219.727           0
        93        -8822        -8803           271.74           0
        94        -8858        -8855           32.824           0
        95        -8907        -8907            4.086           1
        96        -8908        -8907           22.989           0
        97        -8907        -8907           84.281           0
        98        -8595        -8593           63.283           0
        99        -8875        -8873           68.329           0
       100        -8909        -8908            4.673           0
       101        -8517        -8445          496.239           0
Candidate 1 dropped.
- Failed test 1: Too close to 2, 4, 24, 56, 73, 82, 83, 87, 90 in
  parameter space.
Candidate 4 dropped.
- Failed test 1: Too close to 2, 7, 24, 33, 44, 56, 73, 82, 83, 90 in
  parameter space.
Candidate 7 dropped.
- Failed test 1: Too close to 2, 24, 56, 73, 82, 83, 90 in parameter
  space.
Candidate 8 dropped.
- Failed test 1: Too close to 10, 17, 42, 48, 61 in parameter space.
Candidate 10 dropped.
- Failed test 1: Too close to 17, 42, 48, 61 in parameter space.
Candidate 11 dropped.
- Failed test 1: Too close to 29 in parameter space.
Candidate 12 dropped.
- Failed test 1: Too close to 18, 19, 46, 54, 69, 84, 88 in parameter
  space.
Candidate 13 dropped.
- Failed test 1: Too close to 11, 29, 45, 50, 58, 72 in parameter
  space.
Candidate 17 dropped.
- Failed test 1: Too close to 42, 48, 61 in parameter space.
Candidate 18 dropped.
- Failed test 1: Too close to 19, 46, 54, 69, 84, 88 in parameter
  space.
Candidate 19 dropped.
- Failed test 1: Too close to 46, 54 in parameter space.
Candidate 20 dropped.
- Failed test 1: Too close to 12, 18, 19, 31, 37, 46, 54, 69, 84, 85,
  88 in parameter space.
Candidate 24 dropped.
- Failed test 1: Too close to 2, 73, 82 in parameter space.
Candidate 30 dropped.
- Failed test 1: Too close to 8, 10, 17, 42, 61, 68 in parameter space.
Candidate 31 dropped.
- Failed test 1: Too close to 12, 18, 19, 46, 54, 69, 84 in parameter
  space.
Candidate 32 dropped.
- Failed test 1: Too close to 2, 4, 33, 43, 44, 55, 56, 73, 82, 83, 90
  in parameter space.
Candidate 33 dropped.
- Failed test 1: Too close to 2, 24, 73, 82 in parameter space.
Candidate 35 dropped.
- Failed test 1: Too close to 2, 4, 24, 32, 33, 43, 44, 55, 56, 73, 82,
  83, 90 in parameter space.
Candidate 37 dropped.
- Failed test 1: Too close to 12, 18, 19, 31, 46, 54, 69, 84 in
  parameter space.
Candidate 43 dropped.
- Failed test 1: Too close to 2, 4, 24, 33, 44, 55, 56, 73, 82, 83, 90
  in parameter space.
Candidate 44 dropped.
- Failed test 1: Too close to 2, 24, 33, 56, 73, 82, 83, 90 in
  parameter space.
Candidate 45 dropped.
- Failed test 1: Too close to 11, 29, 58, 72 in parameter space.
Candidate 46 dropped.
- Failed test 1: Too close to 54 in parameter space.
Candidate 48 dropped.
- Failed test 1: Too close to 42 in parameter space.
Candidate 50 dropped.
- Failed test 1: Too close to 11, 29, 45, 58, 72 in parameter space.
Candidate 55 dropped.
- Failed test 1: Too close to 2, 4, 24, 33, 44, 56, 73, 82, 83, 90 in
  parameter space.
Candidate 56 dropped.
- Failed test 1: Too close to 2, 24, 33, 73, 82 in parameter space.
Candidate 58 dropped.
- Failed test 1: Too close to 11, 29, 72 in parameter space.
Candidate 59 dropped.
- Failed test 1: Too close to 58, 67, 72 in parameter space.
Candidate 61 dropped.
- Failed test 1: Too close to 42, 48 in parameter space.
Candidate 64 dropped.
- Failed test 1: Too close to 58, 59, 67 in parameter space.
Candidate 67 dropped.
- Failed test 1: Too close to 11, 29, 58, 72 in parameter space.
Candidate 68 dropped.
- Failed test 1: Too close to 10, 17, 42, 61 in parameter space.
Candidate 69 dropped.
- Failed test 1: Too close to 19, 46, 54, 84 in parameter space.
Candidate 72 dropped.
- Failed test 1: Too close to 11, 29 in parameter space.
Candidate 73 dropped.
- Failed test 1: Too close to 2 in parameter space.
Candidate 76 dropped.
- Failed test 1: Too close to 11, 13, 29, 45 in parameter space.
Candidate 82 dropped.
- Failed test 1: Too close to 2, 73 in parameter space.
Candidate 83 dropped.
- Failed test 1: Too close to 2, 24, 33, 56, 73, 82 in parameter space.
Candidate 84 dropped.
- Failed test 1: Too close to 19, 46, 54 in parameter space.
Candidate 85 dropped.
- Failed test 1: Too close to 12, 18, 19, 31, 37, 46, 54, 69, 84, 88 in
  parameter space.
Candidate 87 dropped.
- Failed test 1: Too close to 2, 4, 7, 24, 56, 73, 82, 83, 90 in
  parameter space.
Candidate 88 dropped.
- Failed test 1: Too close to 19, 46, 54, 69, 84 in parameter space.
Candidate 90 dropped.
- Failed test 1: Too close to 2, 24, 33, 56, 73, 82, 83 in parameter
  space.
Best candidate so far (LL=-8306.1)

Stage 6, 33 active candidates.
Estimating 25 BFGS iteration(s) for each active candidate.
 Candidate......LLstart.....LLfinish.....GradientNorm...Converged
         2        -8306        -8306           10.595           1
         3        -8432        -8432           21.528           0
         6        -8330        -8309          201.645           0
        14        -8319        -8307          171.496           0
        21        -8432        -8432           21.215           0
        23        -8319        -8308          468.327           0
        28        -8308        -8306          111.927           0
        29        -8306        -8306            4.693           1
        36        -8474        -8474            55.63           0
        40        -8307        -8306           46.111           0
        41        -8320        -8307          254.723           0
        42        -8306        -8306            6.783           0
        49        -8432        -8432            7.669           0
        51        -8307        -8306           107.73           0
        52        -8307        -8306            89.51           0
        54        -8306        -8306           15.469           1
        65        -8417        -8319         1242.097           0
        70        -8307        -8306          196.351           0
        71        -8474        -8434         1111.704           0
        77        -8307        -8306           69.293           0
        79        -8308        -8306          169.633           0
        80        -8356        -8313          339.306           0
        81        -8592        -8592            3.565           1
        89        -8436        -8436            3.998           0
        92        -8592        -8590           79.699           0
        93        -8803        -8689         2157.992           0
        94        -8855        -8854           11.815           0
        96        -8907        -8907            2.462           1
        97        -8907        -8907            4.805           0
        98        -8593        -8593            9.558           0
        99        -8873        -8873             6.87           0
       100        -8908        -8907           34.013           0
       101        -8445        -8437          167.706           0
Candidate 28 dropped.
- Failed test 1: Too close to 2, 52, 70 in parameter space.
Candidate 40 dropped.
- Failed test 1: Too close to 54 in parameter space.
Candidate 51 dropped.
- Failed test 1: Too close to 42, 77 in parameter space.
Candidate 52 dropped.
- Failed test 1: Too close to 2 in parameter space.
Candidate 70 dropped.
- Failed test 1: Too close to 2, 52 in parameter space.
Candidate 77 dropped.
- Failed test 1: Too close to 42 in parameter space.
Candidate 79 dropped.
- Failed test 1: Too close to 40, 54 in parameter space.
Best candidate so far (LL=-8306.1)

Stage 7, 22 active candidates.
Estimating 25 BFGS iteration(s) for each active candidate.
 Candidate......LLstart.....LLfinish.....GradientNorm...Converged
         3        -8432        -8432            3.175           1
         6        -8309        -8306           93.465           0
        14        -8307        -8306           52.922           0
        21        -8432        -8432            5.541           1
        23        -8308        -8306          186.535           0
        29        -8306        -8306                0           1
        36        -8474        -8474           22.869           0
        41        -8307        -8306           89.915           0
        42        -8306        -8306            3.947           1
        49        -8432        -8432             4.81           1
        65        -8319        -8308          285.089           0
        71        -8434        -8337          722.764           0
        80        -8313        -8306           72.247           0
        89        -8436        -8436            6.182           1
        92        -8590        -8590           12.166           0
        93        -8689        -8584          708.983           0
        94        -8854        -8853            7.612           0
        97        -8907        -8907             3.69           1
        98        -8593        -8593            4.101           1
        99        -8873        -8873            6.359           1
       100        -8907        -8907           30.413           0
       101        -8437        -8436           63.367           0
Candidate 6 dropped.
- Failed test 1: Too close to 23, 29, 41, 80 in parameter space.
Candidate 14 dropped.
- Failed test 1: Too close to 42 in parameter space.
Candidate 23 dropped.
- Failed test 1: Too close to 29, 41 in parameter space.
Candidate 41 dropped.
- Failed test 1: Too close to 29 in parameter space.
Candidate 80 dropped.
- Failed test 1: Too close to 29, 41 in parameter space.
Best candidate so far (LL=-8306.1)

Stage 8, 9 active candidates.
Estimating 25 BFGS iteration(s) for each active candidate.
 Candidate......LLstart.....LLfinish.....GradientNorm...Converged
        36        -8474        -8474            1.464           1
        42        -8306        -8306                0           1
        65        -8308        -8306          173.371           0
        71        -8337        -8309           129.54           0
        92        -8590        -8590            5.666           0
        93        -8584        -8546           70.832           0
        94        -8853        -8853           10.009           0
       100        -8907        -8907           11.321           0
       101        -8436        -8436            8.449           0
Best candidate so far (LL=-8306.1)

Stage 9, 8 active candidates.
Estimating 25 BFGS iteration(s) for each active candidate.
 Candidate......LLstart.....LLfinish.....GradientNorm...Converged
        42        -8306        -8306                0           1
        65        -8306        -8306           32.554           0
        71        -8309        -8306           35.875           0
        92        -8590        -8590           10.721           1
        93        -8546        -8544           21.701           0
        94        -8853        -8852            6.306           0
       100        -8907        -8907             3.22           1
       101        -8436        -8436            7.533           1
Candidate 71 dropped.
- Failed test 1: Too close to 42 in parameter space.
Best candidate so far (LL=-8306.1)

Stage 10, 4 active candidates.
Estimating 100 BFGS iteration(s) for each active candidate.
 Candidate......LLstart.....LLfinish.....GradientNorm...Converged
        42        -8306        -8306                0           1
        65        -8306        -8306           10.333           1
        93        -8544        -8544            6.333           1
        94        -8852        -8844             4.61           1
Best candidate so far (LL=-8306.1)
  n_points n_best n_within_tol did_best_conv
1      101     22           85          TRUE
Search-Start Execution Complete 
Using  32 cores. 
Search-Start Post-Processing Complete 
Starting main estimation 
Preparing user-defined functions.

Testing likelihood function...
Apollo found a model component of type classAlloc without a
  componentName. The name was set to "classAlloc" by default.
INFORMATION: Setting "avail" is missing, so full availability is
  assumed. 
Apollo found a model component of type MNL without a componentName. The
  name was set to "Class_1" by default.
Setting "avail" is missing, so full availability is assumed.

Overview of choices for MNL model component Class_1:
                                       C1      C2       C3
Times available                  11010.00 11010.0 11010.00
Times chosen                      3670.00  3677.0  3663.00
Percentage chosen overall           33.33    33.4    33.27
Percentage chosen when available    33.33    33.4    33.27

Apollo found a model component of type MNL without a componentName. The
  name was set to "Class_2" by default.
Setting "avail" is missing, so full availability is assumed.

Overview of choices for MNL model component Class_2:
                                       C1      C2       C3
Times available                  11010.00 11010.0 11010.00
Times chosen                      3670.00  3677.0  3663.00
Percentage chosen overall           33.33    33.4    33.27
Percentage chosen when available    33.33    33.4    33.27

Apollo found a model component of type MNL without a componentName. The
  name was set to "Class_3" by default.
Setting "avail" is missing, so full availability is assumed.

Overview of choices for MNL model component Class_3:
                                       C1      C2       C3
Times available                  11010.00 11010.0 11010.00
Times chosen                      3670.00  3677.0  3663.00
Percentage chosen overall           33.33    33.4    33.27
Percentage chosen when available    33.33    33.4    33.27

Apollo found a model component of type MNL without a componentName. The
  name was set to "Class_4" by default.
Setting "avail" is missing, so full availability is assumed.

Overview of choices for MNL model component Class_4:
                                       C1      C2       C3
Times available                  11010.00 11010.0 11010.00
Times chosen                      3670.00  3677.0  3663.00
Percentage chosen overall           33.33    33.4    33.27
Percentage chosen when available    33.33    33.4    33.27


Summary of class allocation for model component :
         Mean prob.
Class_1      0.2464
Class_2      0.2862
Class_3      0.2443
Class_4      0.2231

Pre-processing likelihood function...
Creating cluster...
INFORMATION: While preparing your inputs for multi-core estimation, the
  following objects were found in "apollo_inputs", but were not split
  across cores: "attrCols", "availCols", "heterogeneity_spec",
  "lognorm_price_dist", "n_classes", "n_draws", "nesting_params",
  "nesting_spec", "observed_attributes", "scalingFactor_dist",
  "utility_space". If these objects contain observation or
  individual-specific data, and thus need to be split, please add a
  column with the IDs to these objects, and call this column "ID" 
Preparing workers for multithreading...

Testing influence of parameters.......................................................
Starting main estimation
initial  value 8306.061303 
iter   2 value 8306.061286
iter   3 value 8306.061279
iter   4 value 8306.061247
iter   5 value 8306.061240
iter   6 value 8306.061218
iter   7 value 8306.061162
iter   8 value 8306.061062
iter   9 value 8306.061027
iter  10 value 8306.061003
iter  11 value 8306.060980
iter  12 value 8306.060974
iter  13 value 8306.060954
iter  14 value 8306.060950
iter  15 value 8306.060943
iter  16 value 8306.060922
iter  17 value 8306.060913
iter  18 value 8306.060907
iter  19 value 8306.060888
iter  20 value 8306.060849
iter  21 value 8306.060838
iter  22 value 8306.060824
iter  23 value 8306.060811
iter  24 value 8306.060803
iter  25 value 8306.060798
iter  26 value 8306.060795
iter  27 value 8306.060782
iter  28 value 8306.060771
iter  29 value 8306.060762
iter  30 value 8306.060750
iter  31 value 8306.060743
iter  32 value 8306.060739
iter  33 value 8306.060737
iter  34 value 8306.060737
iter  35 value 8306.060736
iter  36 value 8306.060735
iter  37 value 8306.060734
iter  38 value 8306.060730
iter  39 value 8306.060728
iter  40 value 8306.060727
iter  41 value 8306.060726
iter  42 value 8306.060726
iter  43 value 8306.060726
iter  44 value 8306.060726
iter  45 value 8306.060726
iter  46 value 8306.060725
iter  47 value 8306.060725
iter  48 value 8306.060725
iter  49 value 8306.060725
iter  50 value 8306.060725
iter  51 value 8306.060725
iter  52 value 8306.060725
iter  53 value 8306.060724
iter  54 value 8306.060724
iter  55 value 8306.060724
iter  56 value 8306.060724
iter  57 value 8306.060724
iter  58 value 8306.060724
iter  59 value 8306.060724
iter  60 value 8306.060724
iter  61 value 8306.060724
iter  62 value 8306.060724
iter  63 value 8306.060724
iter  63 value 8306.060724
iter  63 value 8306.060724
final  value 8306.060724 
converged

Estimated parameters with approximate standard errors from BHHH matrix:
                     Estimate     BHHH se BHH t-ratio (0)
b_Price_1           -0.071895    0.002045       -35.15777
b_Acceleration_1    -0.058720    0.015726        -3.73399
b_OpCost_1          -0.089558    0.008685       -10.31227
b_hev_1             -0.309940    0.081094        -3.82201
b_phev20_1          -0.442754    0.060399        -7.33048
b_phev40_1          -0.195543    0.096192        -2.03284
b_bev_1             -2.236447    0.086820       -25.75945
b_bevRangeRel_1      0.594258    0.037331        15.91854
b_noBEVFC_1         -0.271933    0.110864        -2.45285
b_american_1        -0.004399    0.076901        -0.05720
b_chinese_1         -1.392396    0.083418       -16.69187
b_japanese_1        -0.202748    0.082358        -2.46179
b_skorean_1         -0.265472    0.083753        -3.16969
class_intercept_1    0.000000          NA              NA
b_Price_2           -0.219770    0.006583       -33.38342
b_Acceleration_2    -0.119633    0.013113        -9.12297
b_OpCost_2          -0.210167    0.011787       -17.83007
b_hev_2              0.224065    0.089893         2.49258
b_phev20_2           0.349802    0.126973         2.75494
b_phev40_2           0.083952    0.113071         0.74247
b_bev_2              0.066609    0.097447         0.68354
b_bevRangeRel_2      0.343355    0.027582        12.44859
b_noBEVFC_2         -0.043988    0.085681        -0.51339
b_american_2         0.099391    0.097045         1.02418
b_chinese_2         -0.905894    0.087023       -10.40986
b_japanese_2        -0.048154    0.081137        -0.59349
b_skorean_2         -0.201811    0.084000        -2.40253
class_intercept_2    0.150167    0.086139         1.74330
b_Price_3           -0.073127    0.002180       -33.54601
b_Acceleration_3    -0.098300    0.015529        -6.33007
b_OpCost_3          -0.217812    0.008991       -24.22491
b_hev_3              0.197457    0.111233         1.77516
b_phev20_3           0.184623    0.140748         1.31172
b_phev40_3           0.230639    0.092733         2.48712
b_bev_3              0.321351    0.077882         4.12611
b_bevRangeRel_3      0.247488    0.022294        11.10113
b_noBEVFC_3         -0.526911    0.091267        -5.77327
b_american_3        -0.514506    0.058208        -8.83905
b_chinese_3         -5.244284    0.236093       -22.21282
b_japanese_3        -0.099190    0.045822        -2.16468
b_skorean_3         -0.720061    0.063590       -11.32343
class_intercept_3   -0.010114    0.087847        -0.11513
b_Price_4           -0.028441    0.001544       -18.41714
b_Acceleration_4    -0.175120    0.012532       -13.97417
b_OpCost_4          -0.115010    0.007411       -15.51896
b_hev_4              0.242266    0.091960         2.63448
b_phev20_4           0.086195    0.102995         0.83688
b_phev40_4           0.478181    0.094777         5.04534
b_bev_4              0.615264    0.073501         8.37080
b_bevRangeRel_4      0.379417    0.019743        19.21794
b_noBEVFC_4         -0.397998    0.066557        -5.97983
b_american_4        -0.015104    0.066965        -0.22554
b_chinese_4         -0.225483    0.077261        -2.91844
b_japanese_4         0.170135    0.065897         2.58183
b_skorean_4         -0.569342    0.068275        -8.33899
class_intercept_4   -0.098830    0.101757        -0.97124

Final LL: -8306.0607


Summary of class allocation for model component :
         Mean prob.
Class_1      0.2464
Class_2      0.2864
Class_3      0.2440
Class_4      0.2232

Calculating log-likelihood at equal shares (LL(0)) for applicable
  models...
Calculating LL of each model component...
Calculating other model fit measures
INFORMATION: Your model took more than 10 minutes to estimate, so it
  was saved to file
  logs/job_35887057/LCL4_none_pref/LCL4_none_pref_model.rds before
  calculating its covariance matrix. If calculation of the covariance
  matrix fails or is stopped before finishing, you can load the model
  up to this point using apollo_loadModel. You may also want to inspect
  the approximate BHHH standard errors shown above to determine whether
  you wish to continue this process. 
Computing covariance matrix using numerical methods (numDeriv).
 0%....25%....50%....75%....100%
Negative definite Hessian with maximum eigenvalue: -6.715778

Please acknowledge the use of Apollo by citing Hess & Palma (2019) -
  doi.org/10.1016/j.jocm.2019.100170
Model output saved to logs/job_35887057/LCL4_none_pref/LCL4_none_pref_output.txt 
Estimates saved to logs/job_35887057/LCL4_none_pref/LCL4_none_pref_estimates.csv 
Model object saved to logs/job_35887057/LCL4_none_pref/LCL4_none_pref.rds 
[1] TRUE
Starting Cross-Validation 
Testing likelihood function.
5 separate runs will be conducted, each using a random subset of 80% of
  individuals for estimation, and the remainder for validation.
Number of individuals
- for estimation : 587
- for forecasting : 147
- in sample (total): 734
Estimated parameters and log-likelihoods for each sample will be
  written to:
  logs/job_35887057/LCL4_none_pref/LCL4_none_pref_outOfSample_params.csv
The matrix defining the observations used in each repetition will be
  written to:
  logs/job_35887057/LCL4_none_pref/LCL4_none_pref_outOfSample_samples.csv

Estimation cycle 1 (8805 obs.)
INFORMATION: While preparing your inputs for multi-core estimation, the
  following objects were found in "apollo_inputs", but were not split
  across cores: "attrCols", "availCols", "heterogeneity_spec",
  "lognorm_price_dist", "n_classes", "n_draws", "nesting_params",
  "nesting_spec", "observed_attributes", "scalingFactor_dist",
  "utility_space". If these objects contain observation or
  individual-specific data, and thus need to be split, please add a
  column with the IDs to these objects, and call this column "ID" 
Saving CV model as: LCL4_none_pref_CV01
Model output saved to logs/job_35887057/LCL4_none_pref/LCL4_none_pref_CV01_output.txt 
Estimates saved to logs/job_35887057/LCL4_none_pref/LCL4_none_pref_CV01_estimates.csv 
Model object saved to logs/job_35887057/LCL4_none_pref/LCL4_none_pref_CV01.rds 
Out-of-sample time: 0.022
Iter. total wall time: 547.0075 secs
Estimation results written to file.
Estimation cycle 2 (8805 obs.)
INFORMATION: While preparing your inputs for multi-core estimation, the
  following objects were found in "apollo_inputs", but were not split
  across cores: "attrCols", "availCols", "heterogeneity_spec",
  "lognorm_price_dist", "n_classes", "n_draws", "nesting_params",
  "nesting_spec", "observed_attributes", "scalingFactor_dist",
  "utility_space". If these objects contain observation or
  individual-specific data, and thus need to be split, please add a
  column with the IDs to these objects, and call this column "ID" 
Saving CV model as: LCL4_none_pref_CV02
Model output saved to logs/job_35887057/LCL4_none_pref/LCL4_none_pref_CV02_output.txt 
Estimates saved to logs/job_35887057/LCL4_none_pref/LCL4_none_pref_CV02_estimates.csv 
Model object saved to logs/job_35887057/LCL4_none_pref/LCL4_none_pref_CV02.rds 
Out-of-sample time: 0.019
Iter. total wall time: 520.9432 secs
Estimation results written to file.
Estimation cycle 3 (8805 obs.)
INFORMATION: While preparing your inputs for multi-core estimation, the
  following objects were found in "apollo_inputs", but were not split
  across cores: "attrCols", "availCols", "heterogeneity_spec",
  "lognorm_price_dist", "n_classes", "n_draws", "nesting_params",
  "nesting_spec", "observed_attributes", "scalingFactor_dist",
  "utility_space". If these objects contain observation or
  individual-specific data, and thus need to be split, please add a
  column with the IDs to these objects, and call this column "ID" 
Saving CV model as: LCL4_none_pref_CV03
Model output saved to logs/job_35887057/LCL4_none_pref/LCL4_none_pref_CV03_output.txt 
Estimates saved to logs/job_35887057/LCL4_none_pref/LCL4_none_pref_CV03_estimates.csv 
Model object saved to logs/job_35887057/LCL4_none_pref/LCL4_none_pref_CV03.rds 
Out-of-sample time: 0.025
Iter. total wall time: 610.3936 secs
Estimation results written to file.
Estimation cycle 4 (8805 obs.)
INFORMATION: While preparing your inputs for multi-core estimation, the
  following objects were found in "apollo_inputs", but were not split
  across cores: "attrCols", "availCols", "heterogeneity_spec",
  "lognorm_price_dist", "n_classes", "n_draws", "nesting_params",
  "nesting_spec", "observed_attributes", "scalingFactor_dist",
  "utility_space". If these objects contain observation or
  individual-specific data, and thus need to be split, please add a
  column with the IDs to these objects, and call this column "ID" 
Saving CV model as: LCL4_none_pref_CV04
Model output saved to logs/job_35887057/LCL4_none_pref/LCL4_none_pref_CV04_output.txt 
Estimates saved to logs/job_35887057/LCL4_none_pref/LCL4_none_pref_CV04_estimates.csv 
Model object saved to logs/job_35887057/LCL4_none_pref/LCL4_none_pref_CV04.rds 
Out-of-sample time: 0.023
Iter. total wall time: 644.3913 secs
Estimation results written to file.
Estimation cycle 5 (8805 obs.)
INFORMATION: While preparing your inputs for multi-core estimation, the
  following objects were found in "apollo_inputs", but were not split
  across cores: "attrCols", "availCols", "heterogeneity_spec",
  "lognorm_price_dist", "n_classes", "n_draws", "nesting_params",
  "nesting_spec", "observed_attributes", "scalingFactor_dist",
  "utility_space". If these objects contain observation or
  individual-specific data, and thus need to be split, please add a
  column with the IDs to these objects, and call this column "ID" 
Saving CV model as: LCL4_none_pref_CV05
Model output saved to logs/job_35887057/LCL4_none_pref/LCL4_none_pref_CV05_output.txt 
Estimates saved to logs/job_35887057/LCL4_none_pref/LCL4_none_pref_CV05_estimates.csv 
Model object saved to logs/job_35887057/LCL4_none_pref/LCL4_none_pref_CV05.rds 
Out-of-sample time: 0.024
Iter. total wall time: 639.1837 secs
Estimation results written to file.
Processing time: 49.37864 mins

Summary of cross-validation:
         LL per obs in estimation sample LL per obs in validation sample
sample_1                         -0.7640                         -0.7283
sample_2                         -0.7631                         -0.7315
sample_3                         -0.7570                         -0.7618
sample_4                         -0.7233                         -0.8923
sample_5                         -0.7585                         -0.7534
Average                          -0.7532                         -0.7735
         % difference CPU sec in validation sample
sample_1      -4.6738                      0.02200
sample_2      -4.1389                      0.01900
sample_3       0.6400                      0.02500
sample_4      23.3689                      0.02300
sample_5      -0.6757                      0.02400
Average        2.9041                      0.02260
Cross-Validation Complete 
Starting Psi' on Dataset Test 
Mean Psi' (all) =  0.1727101 
Mean Psi' (chosen only) =  0.1766011 
Saved psi' dataset to:  logs/job_35887057/LCL4_none_pref//LCL4_none_pref_psi_prime_dataset.csv 
Psi' on Dataset Test Complete
Starting Speed Test 
       ___Draws___              sec/
nCores inter intra  progress  LLCall RAM(MB)
     1     0     0 ..........   0.39   955.0
     2     0     0 INFORMATION: While preparing your inputs for multi-core estimation, the
  following objects were found in "apollo_inputs", but were not split
  across cores: "attrCols", "availCols", "heterogeneity_spec",
  "lognorm_price_dist", "n_classes", "n_draws", "nesting_params",
  "nesting_spec", "observed_attributes", "scalingFactor_dist",
  "utility_space". If these objects contain observation or
  individual-specific data, and thus need to be split, please add a
  column with the IDs to these objects, and call this column "ID" 
..........   0.60  1333.4
     4     0     0 INFORMATION: While preparing your inputs for multi-core estimation, the
  following objects were found in "apollo_inputs", but were not split
  across cores: "attrCols", "availCols", "heterogeneity_spec",
  "lognorm_price_dist", "n_classes", "n_draws", "nesting_params",
  "nesting_spec", "observed_attributes", "scalingFactor_dist",
  "utility_space". If these objects contain observation or
  individual-specific data, and thus need to be split, please add a
  column with the IDs to these objects, and call this column "ID" 
..........   0.56  1699.7

Summary of results (sec. per call to LL function)
       draws0
cores1 0.3907
cores2 0.5961
cores4 0.5572
      model_name cores inter_draws intra_draws calls time_per_call ram_mb
1 LCL4_none_pref     1           0           0   100     0.3906822  955.0
2 LCL4_none_pref     2           0           0   100     0.5961470 1333.4
3 LCL4_none_pref     4           0           0   100     0.5571969 1699.7
Saved speed test results to: logs/job_35887057/LCL4_none_pref//LCL4_none_pref_speedTest.csv 
Saved detailed speed test results to: logs/job_35887057/LCL4_none_pref//LCL4_none_pref_speedTest_detailed.csv 
Speed Test Complete 
Starting Psi' Test 
Psi' Test Complete 
Starting Func Eval Timing 
Func Eval Timing Complete 
LCL4_none_pref done.
Results saved to: logs/job_35887057/LCL4_none_pref 
Done Running. Log files moved to logs/job_35887057/
