
Attaching package: 'dplyr'

The following objects are masked from 'package:stats':

    filter, lag

The following objects are masked from 'package:base':

    intersect, setdiff, setequal, union



             . ,,                                                            
            ,      ,,                                                        
 ,,,,,,    ,         ,,                                                      
,     ,,  ,            ,,,,.                                                 
,,     , ,,   ,,,,,,    ,,,                                 //  //           
  ,     ,,,.   ,,,,,.   ,,      ////                        //  //           
,,     ,,,,,.           ,,     // //     //////    /////    //  //    /////  
,,,        ,,           ,      //  //    /    //  //   //   //  //   //   // 
              ,,       ,      ////////   /    //  //   //   //  //   //   // 
                ,,   ,,      //     //   /   ///  //   //   //  //   //   // 
                   ,         //      //  /////      ///      //  //    ///   
                                         //                                  
                                         //                                  

Apollo 0.3.6
https://www.ApolloChoiceModelling.com
See url for a detailed manual, examples and a user forum.
Sign up to the user forum to receive updates on new releases.

Please cite Apollo in all written material you produce:
Hess S, Palma D (2019). "Apollo: a flexible, powerful and customisable
freeware package for choice model estimation and application." Journal
of Choice Modelling, 32. doi.org/10.1016/j.jocm.2019.100170

The developers of Apollo acknowledge the substantial support provided by
the European Research Council (ERC) through the consolidator grant DECISIONS,
the proof of concept grant APOLLO, and the advanced grant SYNERGY.
-- Attaching core tidyverse packages ------------------------ tidyverse 2.0.0 --
v forcats   1.0.0     v readr     2.1.5
v ggplot2   3.5.2     v stringr   1.5.1
v lubridate 1.9.4     v tibble    3.3.0
v purrr     1.1.0     
-- Conflicts ------------------------------------------ tidyverse_conflicts() --
x dplyr::filter() masks stats::filter()
x dplyr::lag()    masks stats::lag()
i Use the conflicted package (<http://conflicted.r-lib.org/>) to force all conflicts to become errors
Reading files: inputs/hpc_main/hpc_batch_settings_main2.R, inputs/hpc_main/hpc_models_list_batch_main2a-small.R
SLURM task count matches model count: 15
Downloading from URL: https://raw.githubusercontent.com/crforsythe/DrivingElectrificationReplication/main/Estimation/Data/ChoiceData/Pooled/PooledWeighted.xlsx
trying URL 'https://raw.githubusercontent.com/crforsythe/DrivingElectrificationReplication/main/Estimation/Data/ChoiceData/Pooled/PooledWeighted.xlsx'
Content type 'application/octet-stream' length 28690445 bytes (27.4 MB)
==================================================
downloaded 27.4 MB



             . ,,                                                            
            ,      ,,                                                        
 ,,,,,,    ,         ,,                                                      
,     ,,  ,            ,,,,.                                                 
,,     , ,,   ,,,,,,    ,,,                                 //  //           
  ,     ,,,.   ,,,,,.   ,,      ////                        //  //           
,,     ,,,,,.           ,,     // //     //////    /////    //  //    /////  
,,,        ,,           ,      //  //    /    //  //   //   //  //   //   // 
              ,,       ,      ////////   /    //  //   //   //  //   //   // 
                ,,   ,,      //     //   /   ///  //   //   //  //   //   // 
                   ,         //      //  /////      ///      //  //    ///   
                                         //                                  
                                         //                                  

Apollo 0.3.6
https://www.ApolloChoiceModelling.com
See url for a detailed manual, examples and a user forum.
Sign up to the user forum to receive updates on new releases.

Please cite Apollo in all written material you produce:
Hess S, Palma D (2019). "Apollo: a flexible, powerful and customisable
freeware package for choice model estimation and application." Journal
of Choice Modelling, 32. doi.org/10.1016/j.jocm.2019.100170

The developers of Apollo acknowledge the substantial support provided by
the European Research Council (ERC) through the consolidator grant DECISIONS,
the proof of concept grant APOLLO, and the advanced grant SYNERGY.
-- Attaching core tidyverse packages ------------------------ tidyverse 2.0.0 --
v dplyr     1.1.4     v readr     2.1.5
v forcats   1.0.0     v stringr   1.5.1
v ggplot2   3.5.2     v tibble    3.3.0
v lubridate 1.9.4     v tidyr     1.3.1
v purrr     1.1.0     
-- Conflicts ------------------------------------------ tidyverse_conflicts() --
x dplyr::filter() masks stats::filter()
x dplyr::lag()    masks stats::lag()
i Use the conflicted package (<http://conflicted.r-lib.org/>) to force all conflicts to become errors
Warning message:
In gzfile(file, "rb") :
  cannot open compressed file '/var/tmp/RtmpFk0F5C\MNL_none_pref_CV05_outOfSample', probable reason 'No such file or directory'
