SLURM_ARRAY_JOB_ID: 35887057
SLURM_JOB_ID: 35887063
SLURM_ARRAY_TASK_ID: 5
Created job directory: logs/job_35887057
Task 5: Waiting for initialization to complete...
Task 5: Initialization complete, proceeding...
Running model 5...
Running: LCL2_NL_pref 
Starting Setup 
Setup  Complete 
Starting Search-Start 
Saving original apollo_inputs 
Testing probability function (apollo_probabilities)
Apollo found a model component of type classAlloc without a
  componentName. The name was set to "classAlloc" by default.
INFORMATION: Setting "avail" is missing, so full availability is
  assumed. 
Apollo found a model component of type NL without a componentName. The
  name was set to "Class_1" by default.
Apollo found a model component of type NL without a componentName. The
  name was set to "Class_2" by default.
Pre-processing likelihood function...
Creating initial set of 101 candidate values.
Calculating LL of candidates 0%....50%.....100%
1 candidates removed due to non-finite starting LL. 100 remain.
Total avail. cores = 32 cores
Avail. GB per core = 2 GB
Req. GB per cluster = 2 GB
Running searchStart on 32 cores.

Stage 1, 100 active candidates.
Estimating 25 BFGS iteration(s) for each active candidate.
 Candidate......LLstart.....LLfinish.....GradientNorm...Converged
         1        -9336        -8869           977.81           0
         2       -13009        -9010         3213.386           0
         3       -18447        -9287          155.715           0
         4       -10650        -9292         3008.235           0
         5       -13732        -9563         3460.602           0
         6       -10925        -9105         2333.485           0
         7        -9718        -8896         4460.232           0
         8       -13102        -9394         4093.895           0
         9       -18340        -9269         2217.365           0
        10       -10532        -8954         1344.727           0
        11       -10989        -8987         1528.881           0
        12       -12281        -9353         1395.961           0
        13       -17168        -9011          3081.74           0
        14       -13288        -9219        10967.074           0
        15       -13449        -8991         3518.568           0
        16       -11245        -8897         1185.344           0
        17       -10575        -9029         2410.799           0
        18        -9575        -8898         1975.221           0
        19       -10621        -9306         5441.747           0
        20       -11913        -9136        12639.901           0
        21       -10218        -8888         2437.705           0
        22       -10751        -9013          2063.88           0
        23       -11987        -9238         2170.522           0
        24       -11326        -9021         6425.005           0
        25       -13609        -9916        37323.756           0
        26       -10186        -8893         1485.515           0
        27       -11041        -8890          861.904           0
        28        -9892        -9113         1919.797           0
        29       -10263        -8907         3154.398           0
        30       -11170        -8997          2091.48           0
        31       -14722        -9162         3463.723           0
        32       -13384        -9516          8091.53           0
        33       -11150        -9409         2669.194           0
        34       -12794        -9195         11550.92           0
        35       -14815        -9746        13842.525           0
        36       -14757        -9278         1655.006           0
        37       -12971        -9341         8469.964           0
        38       -13025        -9541        14159.383           0
        39       -10877        -8938          629.043           0
        40       -11416        -9076         1450.307           0
        41       -11470        -9039            455.9           0
        42       -13083        -9423         4687.877           0
        43        -9726        -8976         4084.045           0
        44       -11983        -9266        11580.349           0
        45       -11338        -8920          917.203           0
        46       -14622        -9086          3151.37           0
        47       -12364        -9174          4058.69           0
        48       -13516        -8901          799.751           0
        49       -11402        -8958         2737.059           0
        50       -10607        -9033         1027.628           0
        51       -13331        -9073         5281.856           0
        52       -10569        -8990          2893.27           0
        53       -18492        -9186         6090.388           0
        54       -12170        -9273         2025.645           0
        55       -10245        -9070         1338.506           0
        56       -12237        -9040         4127.274           0
        57       -11982        -8980         1395.554           0
        58       -10462        -9015         5814.447           0
        59       -13863        -9182        11750.197           0
        60       -12328        -9541          7213.89           0
        61       -11024        -8983          3706.83           0
        62       -12268        -9007         3068.607           0
        63        -9466        -8885         1003.516           0
        64       -13002        -9057          2611.22           0
        65       -19661        -8975          1320.57           0
        66       -12884        -9336         2930.904           0
        67       -10153        -8896         2045.925           0
        68       -12411        -8959         2376.311           0
        69       -10119        -8935         4297.405           0
        70       -11199        -9169         3947.473           0
        71        -9674        -8979          1095.67           0
        72       -10037        -8942         1526.235           0
        73       -10619        -9041         2174.714           0
        74       -10273        -9071         1484.541           0
        75       -13072        -8935         1661.419           0
        76       -13376        -9237         3250.696           0
        77       -13359        -9597          7023.98           0
        78       -13809        -9402         5069.517           0
        79       -14076        -9160         6364.522           0
        80       -10522        -9034         1315.462           0
        81       -14030        -9211         2366.824           0
        82       -11467        -9195          899.731           0
        83       -10239        -9049         1001.382           0
        84       -14179       -10134              NaN           1
        85       -10560        -8906         1293.795           0
        86       -13849        -9298         2363.294           0
        87        -9859        -8961         4536.611           0
        88       -10201        -9011         1112.983           0
        89        -9380        -8869         1046.034           0
        90        -9833        -9022         5310.731           0
        91       -11772        -9260         3372.447           0
        92       -51470        -9596         3120.385           0
        93       -59781        -9288          209.184           0
        94      -122146       -10512         3336.536           0
        95       -52952        -9273         3127.241           0
        96       -31412       -10203        12409.098           0
        97       -22292        -9997        16465.609           0
        98       -22202        -9534         7583.369           0
        99       -29873       -10221         7125.005           0
       100       -26272        -9453         3136.141           0
Best candidate so far (LL=-8869.4)

Stage 2, 99 active candidates.
Estimating 25 BFGS iteration(s) for each active candidate.
 Candidate......LLstart.....LLfinish.....GradientNorm...Converged
         1        -8869        -8846           344.44           0
         2        -9010        -8864         1576.941           0
         3        -9287        -9282            1.347           0
         4        -9292        -9265              Inf           1
         5        -9563        -8968         2866.645           0
         6        -9105        -8998           934.64           0
         7        -8896        -8847          241.602           0
         8        -9394        -8927          958.689           0
         9        -9269        -9049         3215.547           0
        10        -8954        -8857          468.239           0
        11        -8987        -8855          233.456           0
        12        -9353        -9052          1753.02           0
        13        -9011        -8864         1189.793           0
        14        -9219        -8941         1307.914           0
        15        -8991        -8848          249.746           0
        16        -8897        -8847          156.093           0
        17        -9029        -8941         1450.369           0
        18        -8898        -8851          915.605           0
        19        -9306        -8941         1115.256           0
        20        -9136        -8883           725.17           0
        21        -8888        -8846          177.657           0
        22        -9013        -8867          779.098           0
        23        -9238        -9058         1324.079           0
        24        -9021        -8862         1326.147           0
        25        -9916        -9184        15624.606           0
        26        -8893        -8849            637.6           0
        27        -8890        -8848          459.358           0
        28        -9113        -8943         1683.543           0
        29        -8907        -8847          335.752           0
        30        -8997        -8873         1913.068           0
        31        -9162        -8882         1262.187           0
        32        -9516        -8923         4720.204           0
        33        -9409        -9232         2114.411           0
        34        -9195        -8907          481.008           0
        35        -9746        -9284          109.949           0
        36        -9278        -8961          379.555           0
        37        -9341        -8924         2993.785           0
        38        -9541        -9481              Inf           1
        39        -8938        -8874         3212.401           0
        40        -9076        -8911          567.721           0
        41        -9039        -8968          494.466           0
        42        -9423        -8992          796.969           0
        43        -8976        -8851          398.566           0
        44        -9266        -8923         2228.729           0
        45        -8920        -8853          463.403           0
        46        -9086        -9000            411.8           0
        47        -9174        -8877         1737.476           0
        48        -8901        -8851           238.07           0
        49        -8958        -8849          181.997           0
        50        -9033        -8925          229.988           0
        51        -9073        -8858         1540.698           0
        52        -8990        -8861           861.08           0
        53        -9186        -8893         3523.965           0
        54        -9273        -9065          2360.65           0
        55        -9070        -8926         3165.578           0
        56        -9040        -8854          885.608           0
        57        -8980        -8871           501.67           0
        58        -9015        -8873         1183.124           0
        59        -9182        -8899          3660.29           0
        60        -9541        -9282           15.481           0
        61        -8983        -8855         1027.443           0
        62        -9007        -8853          561.729           0
        63        -8885        -8847           82.061           0
        64        -9057        -8958          426.153           0
        65        -8975        -8913         2844.188           0
        66        -9336        -9188          839.919           0
        67        -8896        -8847          261.611           0
        68        -8959        -8850          422.676           0
        69        -8935        -8866          1587.23           0
        70        -9169        -8907         1149.124           0
        71        -8979        -8862          617.254           0
        72        -8942        -8860          508.449           0
        73        -9041        -8905         1455.916           0
        74        -9071        -8877         1287.651           0
        75        -8935        -8857          543.555           0
        76        -9237        -8932          1158.16           0
        77        -9597        -9048         5795.939           0
        78        -9402        -9098          2907.44           0
        79        -9160        -8874         1220.984           0
        80        -9034        -8892         2226.575           0
        81        -9211        -8975         5682.708           0
        82        -9195        -8878         2587.967           0
        83        -9049        -8969          324.581           0
        85        -8906        -8846          133.095           0
        86        -9298        -9192         1553.132           0
        87        -8961        -8856           627.59           0
        88        -9011        -8961          558.795           0
        89        -8869        -8846          131.413           0
        90        -9022        -8852           143.87           0
        91        -9260        -9033         2442.739           0
        92        -9596        -9283           21.995           0
        93        -9288        -9282            0.972           0
        94       -10512        -9294         2311.042           0
        95        -9273        -8935         1402.898           0
        96       -10203        -9283           99.835           0
        97        -9997        -9092         2446.043           0
        98        -9534        -8987          1552.04           0
        99       -10221        -9096         6990.026           0
       100        -9453        -9146         1592.332           0
Candidate 1 dropped.
- Failed test 1: Too close to 21 in parameter space.
Candidate 85 dropped.
- Failed test 1: Too close to 21 in parameter space.
Best candidate so far (LL=-8846.1)

Stage 3, 95 active candidates.
Estimating 25 BFGS iteration(s) for each active candidate.
 Candidate......LLstart.....LLfinish.....GradientNorm...Converged
         2        -8864        -8845          142.379           0
         3        -9282        -9282            1.394           1
         5        -8968        -8854          313.173           0
         6        -8998        -8960          564.329           0
         7        -8847        -8845           10.223           0
         8        -8927        -8859          340.347           0
         9        -9049        -8965          605.249           0
        10        -8857        -8846          172.441           0
        11        -8855        -8845          106.296           0
        12        -9052        -8868          842.995           0
        13        -8864        -8846          137.042           0
        14        -8941        -8850          341.471           0
        15        -8848        -8845           40.711           0
        16        -8847        -8845           14.276           0
        17        -8941        -8910         1218.812           0
        18        -8851        -8845          168.677           0
        19        -8941        -8873          493.312           0
        20        -8883        -8847           56.888           0
        21        -8846        -8845           23.773           0
        22        -8867        -8848          165.252           0
        23        -9058        -8980          356.788           0
        24        -8862        -8846           76.878           0
        25        -9184        -8914          1943.33           0
        26        -8849        -8845          130.622           0
        27        -8848        -8845           31.737           0
        28        -8943        -8869          700.349           0
        29        -8847        -8845            67.65           0
        30        -8873        -8847          129.681           0
        31        -8882        -8848          633.461           0
        32        -8923        -8851          744.982           0
        33        -9232        -9227              NaN           1
        34        -8907        -8854         1348.113           0
        35        -9284        -9282            0.032           0
        36        -8961        -8910         2119.156           0
        37        -8924        -8855         1036.085           0
        39        -8874        -8848          484.251           0
        40        -8911        -8855          200.179           0
        41        -8968        -8958          371.596           0
        42        -8992        -8961          260.286           0
        43        -8851        -8845           63.851           0
        44        -8923        -8850          199.435           0
        45        -8853        -8845          126.989           0
        46        -9000        -8978           152.38           0
        47        -8877        -8846          390.581           0
        48        -8851        -8845           22.556           0
        49        -8849        -8845           28.677           0
        50        -8925        -8856          409.065           0
        51        -8858        -8846          145.519           0
        52        -8861        -8846          115.707           0
        53        -8893        -8847           501.01           0
        54        -9065        -8906         3014.885           0
        55        -8926        -8848          305.557           0
        56        -8854        -8845          217.133           0
        57        -8871        -8848          302.349           0
        58        -8873        -8847          128.141           0
        59        -8899        -8849          808.256           0
        60        -9282        -9282           15.862           1
        61        -8855        -8845           68.307           0
        62        -8853        -8845           32.118           0
        63        -8847        -8845           24.213           0
        64        -8958        -8956           59.801           0
        65        -8913        -8851          974.594           0
        66        -9188        -9091          321.782           0
        67        -8847        -8845           37.791           0
        68        -8850        -8845           68.268           0
        69        -8866        -8847             76.4           0
        70        -8907        -8851          130.192           0
        71        -8862        -8846           35.896           0
        72        -8860        -8845           36.079           0
        73        -8905        -8847          265.774           0
        74        -8877        -8847          179.048           0
        75        -8857        -8845            23.66           0
        76        -8932        -8853          511.228           0
        77        -9048        -8940         2428.884           0
        78        -9098        -8898         1564.269           0
        79        -8874        -8847           256.73           0
        80        -8892        -8849          358.396           0
        81        -8975        -8854          185.958           0
        82        -8878        -8848          283.028           0
        83        -8969        -8957          297.509           0
        86        -9192        -9173           710.28           0
        87        -8856        -8845           87.716           0
        88        -8961        -8957          130.706           0
        89        -8846        -8845           45.497           0
        90        -8852        -8845           39.381           0
        91        -9033        -8969          508.994           0
        92        -9283        -9282            0.114           0
        93        -9282        -9282            1.009           1
        94        -9294        -9289              NaN           1
        95        -8935        -8890         1016.682           0
        96        -9283        -9282            0.264           0
        97        -9092        -8893          442.715           0
        98        -8987        -8878          757.197           0
        99        -9096        -8900          2805.75           0
       100        -9146        -8960          709.961           0
Candidate 2 dropped.
- Failed test 1: Too close to 15, 21, 26, 62, 63, 75, 89 in parameter
  space.
Candidate 7 dropped.
- Failed test 1: Too close to 43 in parameter space.
Candidate 11 dropped.
- Failed test 1: Too close to 26, 63, 89 in parameter space.
Candidate 15 dropped.
- Failed test 1: Too close to 21, 63, 89 in parameter space.
Candidate 16 dropped.
- Failed test 1: Too close to 7, 43 in parameter space.
Candidate 18 dropped.
- Failed test 1: Too close to 7, 16, 29, 43, 67, 68 in parameter space.
Candidate 21 dropped.
- Failed test 1: Too close to 63 in parameter space.
Candidate 26 dropped.
- Failed test 1: Too close to 15, 21, 63, 89 in parameter space.
Candidate 27 dropped.
- Failed test 1: Too close to 7 in parameter space.
Candidate 29 dropped.
- Failed test 1: Too close to 7, 16, 43, 67, 68 in parameter space.
Candidate 41 dropped.
- Failed test 1: Too close to 64 in parameter space.
Candidate 45 dropped.
- Failed test 1: Too close to 16, 18, 29, 43, 49, 56, 67, 68 in
  parameter space.
Candidate 47 dropped.
- Failed test 1: Too close to 75 in parameter space.
Candidate 48 dropped.
- Failed test 1: Too close to 26, 63, 89 in parameter space.
Candidate 49 dropped.
- Failed test 1: Too close to 18, 29 in parameter space.
Candidate 51 dropped.
- Failed test 1: Too close to 2, 11, 15, 21, 26, 48, 61, 63, 89 in
  parameter space.
Candidate 52 dropped.
- Failed test 1: Too close to 11, 26, 48, 51 in parameter space.
Candidate 56 dropped.
- Failed test 1: Too close to 7, 16, 18, 29, 43, 67, 68, 72, 90 in
  parameter space.
Candidate 61 dropped.
- Failed test 1: Too close to 15, 63, 89 in parameter space.
Candidate 62 dropped.
- Failed test 1: Too close to 15, 21, 63, 89 in parameter space.
Candidate 67 dropped.
- Failed test 1: Too close to 7, 16, 43 in parameter space.
Candidate 68 dropped.
- Failed test 1: Too close to 7, 16, 43, 67 in parameter space.
Candidate 71 dropped.
- Failed test 1: Too close to 21, 62 in parameter space.
Candidate 72 dropped.
- Failed test 1: Too close to 7, 27, 43, 67, 68 in parameter space.
Candidate 75 dropped.
- Failed test 1: Too close to 15, 21, 26, 62, 63, 89 in parameter
  space.
Candidate 87 dropped.
- Failed test 1: Too close to 7, 27, 72 in parameter space.
Candidate 89 dropped.
- Failed test 1: Too close to 21, 63 in parameter space.
Candidate 90 dropped.
- Failed test 1: Too close to 7, 27, 43, 67, 68, 72 in parameter space.
Best candidate so far (LL=-8845)

Stage 4, 62 active candidates.
Estimating 25 BFGS iteration(s) for each active candidate.
 Candidate......LLstart.....LLfinish.....GradientNorm...Converged
         5        -8854        -8846           30.241           0
         6        -8960        -8957          342.823           0
         8        -8859        -8846           55.081           0
         9        -8965        -8957           95.947           0
        10        -8846        -8845           39.031           0
        12        -8868        -8846          281.316           0
        13        -8846        -8845           30.911           0
        14        -8850        -8846           36.483           0
        17        -8910        -8879         3068.753           0
        19        -8873        -8849          194.552           0
        20        -8847        -8845           32.917           0
        22        -8848        -8845           38.754           0
        23        -8980        -8974           99.444           0
        24        -8846        -8845            7.711           0
        25        -8914        -8849          658.897           0
        28        -8869        -8846          112.181           0
        30        -8847        -8845           38.784           0
        31        -8848        -8845           93.599           0
        32        -8851        -8845           47.433           0
        34        -8854        -8845          217.258           0
        35        -9282        -9282            0.032           1
        36        -8910        -8868         1672.763           0
        37        -8855        -8846          114.695           0
        39        -8848        -8845           36.562           0
        40        -8855        -8846          102.495           0
        42        -8961        -8957           82.902           0
        43        -8845        -8845            4.028           1
        44        -8850        -8845           30.333           0
        46        -8978        -8971          176.779           0
        50        -8856        -8846           81.975           0
        53        -8847        -8845          113.376           0
        54        -8906        -8851          450.114           0
        55        -8848        -8845           52.601           0
        57        -8848        -8845           35.066           0
        58        -8847        -8845           33.332           0
        59        -8849        -8845          138.219           0
        63        -8845        -8845             2.64           0
        64        -8956        -8956           62.731           0
        65        -8851        -8845           41.922           0
        66        -9091        -9017         3654.961           0
        69        -8847        -8845           31.579           0
        70        -8851        -8846          110.089           0
        73        -8847        -8845             27.6           0
        74        -8847        -8845           52.933           0
        76        -8853        -8845           87.229           0
        77        -8940        -8901         1184.957           0
        78        -8898        -8850          684.298           0
        79        -8847        -8845           26.479           0
        80        -8849        -8845           26.082           0
        81        -8854        -8845           67.905           0
        82        -8848        -8845           16.098           0
        83        -8957        -8956          167.165           0
        86        -9173        -9082         1995.687           0
        88        -8957        -8956           22.019           0
        91        -8969        -8959          180.592           0
        92        -9282        -9282            0.116           1
        95        -8890        -8852          630.301           0
        96        -9282        -9282            1.067           1
        97        -8893        -8848          198.826           0
        98        -8878        -8850          234.329           0
        99        -8900        -8848          640.983           0
       100        -8960        -8930         1260.324           0
Candidate 10 dropped.
- Failed test 1: Too close to 30, 39, 58, 63, 73, 74, 82 in parameter
  space.
Candidate 13 dropped.
- Failed test 1: Too close to 43, 79 in parameter space.
Candidate 14 dropped.
- Failed test 1: Too close to 43, 53, 79, 80, 81 in parameter space.
Candidate 20 dropped.
- Failed test 1: Too close to 10, 30, 39, 63, 73, 74, 82 in parameter
  space.
Candidate 22 dropped.
- Failed test 1: Too close to 13, 24, 31, 43, 55, 57, 69 in parameter
  space.
Candidate 24 dropped.
- Failed test 1: Too close to 13, 43 in parameter space.
Candidate 30 dropped.
- Failed test 1: Too close to 39, 58, 63, 73, 74, 82 in parameter
  space.
Candidate 31 dropped.
- Failed test 1: Too close to 13, 24, 43, 55, 57, 69, 79 in parameter
  space.
Candidate 32 dropped.
- Failed test 1: Too close to 10, 20, 30, 39, 58, 63, 73, 74, 82 in
  parameter space.
Candidate 34 dropped.
- Failed test 1: Too close to 43, 53, 79, 80 in parameter space.
Candidate 37 dropped.
- Failed test 1: Too close to 10, 30, 32, 39, 58, 63, 73, 74, 82 in
  parameter space.
Candidate 39 dropped.
- Failed test 1: Too close to 63 in parameter space.
Candidate 40 dropped.
- Failed test 1: Too close to 13, 22, 43, 53, 65, 81 in parameter
  space.
Candidate 44 dropped.
- Failed test 1: Too close to 13, 22, 24, 31, 55, 57, 69 in parameter
  space.
Candidate 53 dropped.
- Failed test 1: Too close to 13, 22, 24, 31, 43, 55, 57, 79, 80 in
  parameter space.
Candidate 55 dropped.
- Failed test 1: Too close to 13, 24, 43, 57, 69, 79 in parameter
  space.
Candidate 57 dropped.
- Failed test 1: Too close to 13, 24, 43, 79 in parameter space.
Candidate 58 dropped.
- Failed test 1: Too close to 39, 63 in parameter space.
Candidate 59 dropped.
- Failed test 1: Too close to 10, 20, 63, 73 in parameter space.
Candidate 64 dropped.
- Failed test 1: Too close to 88 in parameter space.
Candidate 65 dropped.
- Failed test 1: Too close to 43, 53, 79 in parameter space.
Candidate 69 dropped.
- Failed test 1: Too close to 13, 24, 43, 57, 79 in parameter space.
Candidate 70 dropped.
- Failed test 1: Too close to 13, 34, 40, 43, 53, 79, 81 in parameter
  space.
Candidate 73 dropped.
- Failed test 1: Too close to 39, 58, 63, 74, 82 in parameter space.
Candidate 74 dropped.
- Failed test 1: Too close to 39, 58, 63 in parameter space.
Candidate 76 dropped.
- Failed test 1: Too close to 10, 20, 30, 32, 39, 58, 63, 73, 74, 82 in
  parameter space.
Candidate 79 dropped.
- Failed test 1: Too close to 43 in parameter space.
Candidate 80 dropped.
- Failed test 1: Too close to 13, 22, 24, 31, 43, 55, 57, 69, 79 in
  parameter space.
Candidate 81 dropped.
- Failed test 1: Too close to 13, 22, 43, 53, 79, 80 in parameter
  space.
Candidate 82 dropped.
- Failed test 1: Too close to 39, 58, 63, 74 in parameter space.
Best candidate so far (LL=-8844.9)

Stage 5, 29 active candidates.
Estimating 25 BFGS iteration(s) for each active candidate.
 Candidate......LLstart.....LLfinish.....GradientNorm...Converged
         5        -8846        -8845            8.176           0
         6        -8957        -8956           71.515           0
         8        -8846        -8845            6.309           0
         9        -8957        -8956           74.098           0
        12        -8846        -8845            15.41           0
        17        -8879        -8847           72.644           0
        19        -8849        -8845           65.877           0
        23        -8974        -8973            2.385           0
        25        -8849        -8845           38.764           0
        28        -8846        -8845           55.813           0
        36        -8868        -8847           413.04           0
        42        -8957        -8956           27.716           0
        43        -8845        -8845                0           1
        46        -8971        -8962           361.17           0
        50        -8846        -8845           42.782           0
        54        -8851        -8845           36.341           0
        63        -8845        -8845            7.314           1
        66        -9017        -8893          762.575           0
        77        -8901        -8850          264.259           0
        78        -8850        -8845          113.477           0
        83        -8956        -8956           11.694           0
        86        -9082        -8981           502.78           0
        88        -8956        -8956            3.926           1
        91        -8959        -8957           52.843           0
        95        -8852        -8845           42.359           0
        97        -8848        -8845           37.771           0
        98        -8850        -8845           55.648           0
        99        -8848        -8845           29.387           0
       100        -8930        -8879         1568.707           0
Candidate 5 dropped.
- Failed test 1: Too close to 43 in parameter space.
Candidate 6 dropped.
- Failed test 1: Too close to 88 in parameter space.
Candidate 8 dropped.
- Failed test 1: Too close to 63 in parameter space.
Candidate 9 dropped.
- Failed test 1: Too close to 42, 83 in parameter space.
Candidate 12 dropped.
- Failed test 1: Too close to 5, 43 in parameter space.
Candidate 19 dropped.
- Failed test 1: Too close to 5, 12, 28, 43, 50, 54, 78 in parameter
  space.
Candidate 25 dropped.
- Failed test 1: Too close to 5, 12, 19, 28, 43, 50, 54, 78 in
  parameter space.
Candidate 28 dropped.
- Failed test 1: Too close to 5, 12, 43, 78 in parameter space.
Candidate 42 dropped.
- Failed test 1: Too close to 83 in parameter space.
Candidate 50 dropped.
- Failed test 1: Too close to 5, 12, 28, 43, 78 in parameter space.
Candidate 54 dropped.
- Failed test 1: Too close to 5, 12, 28, 43, 50, 78 in parameter space.
Candidate 78 dropped.
- Failed test 1: Too close to 5, 12, 43 in parameter space.
Candidate 95 dropped.
- Failed test 1: Too close to 8, 63, 97, 98, 99 in parameter space.
Candidate 97 dropped.
- Failed test 1: Too close to 8, 63, 98, 99 in parameter space.
Candidate 98 dropped.
- Failed test 1: Too close to 8, 63, 99 in parameter space.
Candidate 99 dropped.
- Failed test 1: Too close to 8, 63 in parameter space.
Best candidate so far (LL=-8844.9)

Stage 6, 11 active candidates.
Estimating 25 BFGS iteration(s) for each active candidate.
 Candidate......LLstart.....LLfinish.....GradientNorm...Converged
        17        -8847        -8845            21.52           0
        23        -8973        -8973            3.716           1
        36        -8847        -8845           64.287           0
        43        -8845        -8845                0           1
        46        -8962        -8957           46.344           0
        66        -8893        -8849          389.441           0
        77        -8850        -8845           65.537           0
        83        -8956        -8956            9.059           1
        86        -8981        -8974          109.561           0
        91        -8957        -8956           34.125           0
       100        -8879        -8846          255.234           0
Candidate 36 dropped.
- Failed test 1: Too close to 43 in parameter space.
Candidate 46 dropped.
- Failed test 1: Too close to 83 in parameter space.
Candidate 77 dropped.
- Failed test 1: Too close to 36 in parameter space.
Candidate 86 dropped.
- Failed test 1: Too close to 23 in parameter space.
Best candidate so far (LL=-8844.9)

Stage 7, 5 active candidates.
Estimating 25 BFGS iteration(s) for each active candidate.
 Candidate......LLstart.....LLfinish.....GradientNorm...Converged
        17        -8845        -8845            9.049           0
        43        -8845        -8845                0           1
        66        -8849        -8845            28.39           0
        91        -8956        -8956            17.25           0
       100        -8846        -8845            7.149           0
Candidate 66 dropped.
- Failed test 1: Too close to 17, 100 in parameter space.
Candidate 100 dropped.
- Failed test 1: Too close to 17 in parameter space.
Best candidate so far (LL=-8844.9)

Stage 8, 3 active candidates.
Estimating 25 BFGS iteration(s) for each active candidate.
 Candidate......LLstart.....LLfinish.....GradientNorm...Converged
        17        -8845        -8845           11.301           1
        43        -8845        -8845                0           1
        91        -8956        -8956            3.053           1
Best candidate so far (LL=-8844.9)
  n_points n_best n_within_tol did_best_conv
1      100     41           78          TRUE
Search-Start Execution Complete 
Using  32 cores. 
Search-Start Post-Processing Complete 
Starting main estimation 
WARNING: Object get_nl_spec from the global environment should not be
  used inside apollo_probabilities. If needed, save it inside
  apollo_inputs and call it as apollo_inputs$get_nl_spec. 
Preparing user-defined functions.

Testing likelihood function...
Apollo found a model component of type classAlloc without a
  componentName. The name was set to "classAlloc" by default.
INFORMATION: Setting "avail" is missing, so full availability is
  assumed. 

Overview of choices for NL model component Class_1:
                                    cvC1    cvC2    cvC3   hevC1   hevC2
Times available                  1311.00 1389.00 1340.00 1403.00 1348.00
Times chosen                      478.00  497.00  495.00  546.00  485.00
Percentage chosen overall           4.34    4.51    4.50    4.96    4.41
Percentage chosen when available   36.46   35.78   36.94   38.92   35.98
                                   hevC3 phev20C1 phev20C2 phev20C3 phev40C1
Times available                  1371.00  1400.00  1342.00  1367.00  1443.00
Times chosen                      541.00   494.00   507.00   518.00   558.00
Percentage chosen overall           4.91     4.49     4.60     4.70     5.07
Percentage chosen when available   39.46    35.29    37.78    37.89    38.67
                                 phev40C2 phev40C3 bev100C1 bev100C2 bev100C3
Times available                   1278.00  1369.00  1345.00  1320.00  1359.00
Times chosen                       488.00   537.00   313.00   299.00   305.00
Percentage chosen overall            4.43     4.88     2.84     2.72     2.77
Percentage chosen when available    38.18    39.23    23.27    22.65    22.44
                                 bev150C1 bev150C2 bev150C3 bev300C1 bev300C2
Times available                   1357.00  1472.00  1410.00  1357.00  1459.00
Times chosen                       363.00   389.00   336.00   449.00   487.00
Percentage chosen overall            3.30     3.53     3.05     4.08     4.42
Percentage chosen when available    26.75    26.43    23.83    33.09    33.38
                                 bev300C3 bev400C1 bev400C2 bev400C3
Times available                   1396.00  1394.00  1402.00  1398.00
Times chosen                       441.00   469.00   525.00   490.00
Percentage chosen overall            4.01     4.26     4.77     4.45
Percentage chosen when available    31.59    33.64    37.45    35.05

Nesting structure for NL model component Class_1:
Nest: root (1)
|-Nest: ICE (0.7315)
|  |-Alternative: cvC1
|  |-Alternative: cvC2
|  |-Alternative: cvC3
|  |-Alternative: hevC1
|  |-Alternative: hevC2
|  '-Alternative: hevC3
|-Nest: PHEV (0.5715)
|  |-Alternative: phev20C1
|  |-Alternative: phev20C2
|  |-Alternative: phev20C3
|  |-Alternative: phev40C1
|  |-Alternative: phev40C2
|  '-Alternative: phev40C3
'-Nest: BEV (0.753)
   |-Alternative: bev100C1
   |-Alternative: bev100C2
   |-Alternative: bev100C3
   |-Alternative: bev150C1
   |-Alternative: bev150C2
   |-Alternative: bev150C3
   |-Alternative: bev300C1
   |-Alternative: bev300C2
   |-Alternative: bev300C3
   |-Alternative: bev400C1
   |-Alternative: bev400C2
   '-Alternative: bev400C3

Overview of choices for NL model component Class_2:
                                    cvC1    cvC2    cvC3   hevC1   hevC2
Times available                  1311.00 1389.00 1340.00 1403.00 1348.00
Times chosen                      478.00  497.00  495.00  546.00  485.00
Percentage chosen overall           4.34    4.51    4.50    4.96    4.41
Percentage chosen when available   36.46   35.78   36.94   38.92   35.98
                                   hevC3 phev20C1 phev20C2 phev20C3 phev40C1
Times available                  1371.00  1400.00  1342.00  1367.00  1443.00
Times chosen                      541.00   494.00   507.00   518.00   558.00
Percentage chosen overall           4.91     4.49     4.60     4.70     5.07
Percentage chosen when available   39.46    35.29    37.78    37.89    38.67
                                 phev40C2 phev40C3 bev100C1 bev100C2 bev100C3
Times available                   1278.00  1369.00  1345.00  1320.00  1359.00
Times chosen                       488.00   537.00   313.00   299.00   305.00
Percentage chosen overall            4.43     4.88     2.84     2.72     2.77
Percentage chosen when available    38.18    39.23    23.27    22.65    22.44
                                 bev150C1 bev150C2 bev150C3 bev300C1 bev300C2
Times available                   1357.00  1472.00  1410.00  1357.00  1459.00
Times chosen                       363.00   389.00   336.00   449.00   487.00
Percentage chosen overall            3.30     3.53     3.05     4.08     4.42
Percentage chosen when available    26.75    26.43    23.83    33.09    33.38
                                 bev300C3 bev400C1 bev400C2 bev400C3
Times available                   1396.00  1394.00  1402.00  1398.00
Times chosen                       441.00   469.00   525.00   490.00
Percentage chosen overall            4.01     4.26     4.77     4.45
Percentage chosen when available    31.59    33.64    37.45    35.05

Nesting structure for NL model component Class_2:
Nest: root (1)
|-Nest: ICE (0.666)
|  |-Alternative: cvC1
|  |-Alternative: cvC2
|  |-Alternative: cvC3
|  |-Alternative: hevC1
|  |-Alternative: hevC2
|  '-Alternative: hevC3
|-Nest: PHEV (0.4842)
|  |-Alternative: phev20C1
|  |-Alternative: phev20C2
|  |-Alternative: phev20C3
|  |-Alternative: phev40C1
|  |-Alternative: phev40C2
|  '-Alternative: phev40C3
'-Nest: BEV (0.7386)
   |-Alternative: bev100C1
   |-Alternative: bev100C2
   |-Alternative: bev100C3
   |-Alternative: bev150C1
   |-Alternative: bev150C2
   |-Alternative: bev150C3
   |-Alternative: bev300C1
   |-Alternative: bev300C2
   |-Alternative: bev300C3
   |-Alternative: bev400C1
   |-Alternative: bev400C2
   '-Alternative: bev400C3

Summary of class allocation for model component :
         Mean prob.
Class_1      0.5962
Class_2      0.4038

Pre-processing likelihood function...
Creating cluster...
INFORMATION: While preparing your inputs for multi-core estimation, the
  following objects were found in "apollo_inputs", but were not split
  across cores: "attrCols", "availCols", "heterogeneity_spec",
  "lognorm_price_dist", "n_classes", "n_draws", "nesting_params",
  "nesting_spec", "observed_attributes", "scalingFactor_dist",
  "utility_space". If these objects contain observation or
  individual-specific data, and thus need to be split, please add a
  column with the IDs to these objects, and call this column "ID" 
Preparing workers for multithreading...

Testing influence of parameters.................................
Starting main estimation
initial  value 8844.921226 
iter   2 value 8844.921201
iter   3 value 8844.921083
iter   4 value 8844.921009
iter   5 value 8844.920995
iter   6 value 8844.920980
iter   7 value 8844.920971
iter   8 value 8844.920929
iter   9 value 8844.920916
iter  10 value 8844.920903
iter  11 value 8844.920890
iter  12 value 8844.920887
iter  13 value 8844.920887
iter  14 value 8844.920882
iter  15 value 8844.920879
iter  16 value 8844.920878
iter  17 value 8844.920876
iter  18 value 8844.920875
iter  19 value 8844.920874
iter  20 value 8844.920873
iter  21 value 8844.920872
iter  22 value 8844.920867
iter  23 value 8844.920860
iter  24 value 8844.920854
iter  25 value 8844.920849
iter  26 value 8844.920846
iter  27 value 8844.920846
iter  28 value 8844.920845
iter  29 value 8844.920845
iter  30 value 8844.920845
iter  31 value 8844.920844
iter  32 value 8844.920841
iter  33 value 8844.920841
iter  34 value 8844.920841
iter  35 value 8844.920841
iter  36 value 8844.920841
iter  37 value 8844.920840
iter  38 value 8844.920840
iter  38 value 8844.920840
iter  38 value 8844.920840
final  value 8844.920840 
converged

Estimated parameters with approximate standard errors from BHHH matrix:
                     Estimate     BHHH se BHH t-ratio (0)
b_Price_1            -0.03316    0.001035      -32.018670
b_Acceleration_1     -0.07663    0.005505      -13.918169
b_OpCost_1           -0.10124    0.003753      -26.974498
b_hev_1              -0.01704    0.039383       -0.432758
b_phev20_1           -0.05386    0.039676       -1.357442
b_phev40_1            0.12107    0.041099        2.945738
b_bev_1              -0.21857    0.029503       -7.408360
b_bevRangeRel_1       0.26196    0.010341       25.333043
b_noBEVFC_1          -0.34344    0.034511       -9.951700
b_american_1         -0.16943    0.027731       -6.109647
b_chinese_1          -1.28337    0.031908      -40.221452
b_japanese_1       1.7389e-04    0.024052        0.007230
b_skorean_1          -0.40523    0.026681      -15.188225
lambda_ICE_1          0.73141    0.041464       17.639497
lambda_PHEV_1         0.57146    0.032327       17.677320
lambda_BEV_1          0.75301    0.026124       28.823928
class_intercept_1     0.00000          NA              NA
b_Price_2            -0.15070    0.004764      -31.635754
b_Acceleration_2     -0.08850    0.008652      -10.228917
b_OpCost_2           -0.14453    0.007657      -18.876212
b_hev_2               0.19693    0.063987        3.077596
b_phev20_2            0.22374    0.084102        2.660305
b_phev40_2            0.15246    0.071605        2.129229
b_bev_2              -0.26912    0.062602       -4.298912
b_bevRangeRel_2       0.34365    0.020896       16.445779
b_noBEVFC_2          -0.03900    0.059519       -0.655205
b_american_2          0.12201    0.057657        2.116109
b_chinese_2          -0.83697    0.053555      -15.628166
b_japanese_2         -0.07131    0.052904       -1.347999
b_skorean_2          -0.18361    0.054023       -3.398784
lambda_ICE_2          0.66571    0.068510        9.717078
lambda_PHEV_2         0.48436    0.044753       10.823147
lambda_BEV_2          0.73847    0.035653       20.712931
class_intercept_2    -0.38990    0.065572       -5.946065

Final LL: -8844.9208

Nesting structure for NL model component Class_1:
Nest: root (1)
|-Nest: ICE (0.7314)
|  |-Alternative: cvC1
|  |-Alternative: cvC2
|  |-Alternative: cvC3
|  |-Alternative: hevC1
|  |-Alternative: hevC2
|  '-Alternative: hevC3
|-Nest: PHEV (0.5715)
|  |-Alternative: phev20C1
|  |-Alternative: phev20C2
|  |-Alternative: phev20C3
|  |-Alternative: phev40C1
|  |-Alternative: phev40C2
|  '-Alternative: phev40C3
'-Nest: BEV (0.753)
   |-Alternative: bev100C1
   |-Alternative: bev100C2
   |-Alternative: bev100C3
   |-Alternative: bev150C1
   |-Alternative: bev150C2
   |-Alternative: bev150C3
   |-Alternative: bev300C1
   |-Alternative: bev300C2
   |-Alternative: bev300C3
   |-Alternative: bev400C1
   |-Alternative: bev400C2
   '-Alternative: bev400C3
Nesting structure for NL model component Class_2:
Nest: root (1)
|-Nest: ICE (0.6657)
|  |-Alternative: cvC1
|  |-Alternative: cvC2
|  |-Alternative: cvC3
|  |-Alternative: hevC1
|  |-Alternative: hevC2
|  '-Alternative: hevC3
|-Nest: PHEV (0.4844)
|  |-Alternative: phev20C1
|  |-Alternative: phev20C2
|  |-Alternative: phev20C3
|  |-Alternative: phev40C1
|  |-Alternative: phev40C2
|  '-Alternative: phev40C3
'-Nest: BEV (0.7385)
   |-Alternative: bev100C1
   |-Alternative: bev100C2
   |-Alternative: bev100C3
   |-Alternative: bev150C1
   |-Alternative: bev150C2
   |-Alternative: bev150C3
   |-Alternative: bev300C1
   |-Alternative: bev300C2
   |-Alternative: bev300C3
   |-Alternative: bev400C1
   |-Alternative: bev400C2
   '-Alternative: bev400C3

Summary of class allocation for model component :
         Mean prob.
Class_1      0.5963
Class_2      0.4037

Calculating log-likelihood at equal shares (LL(0)) for applicable
  models...
Calculating LL of each model component...
Calculating other model fit measures
Computing covariance matrix using numerical methods (numDeriv).
 0%....25%....50%....75%....100%
Negative definite Hessian with maximum eigenvalue: -20.826827

Please acknowledge the use of Apollo by citing Hess & Palma (2019) -
  doi.org/10.1016/j.jocm.2019.100170
Model output saved to logs/job_35887057/LCL2_NL_pref/LCL2_NL_pref_output.txt 
Estimates saved to logs/job_35887057/LCL2_NL_pref/LCL2_NL_pref_estimates.csv 
Model object saved to logs/job_35887057/LCL2_NL_pref/LCL2_NL_pref.rds 
[1] TRUE
Starting Cross-Validation 
Testing likelihood function.
5 separate runs will be conducted, each using a random subset of 80% of
  individuals for estimation, and the remainder for validation.
Number of individuals
- for estimation : 587
- for forecasting : 147
- in sample (total): 734
Estimated parameters and log-likelihoods for each sample will be
  written to:
  logs/job_35887057/LCL2_NL_pref/LCL2_NL_pref_outOfSample_params.csv
The matrix defining the observations used in each repetition will be
  written to:
  logs/job_35887057/LCL2_NL_pref/LCL2_NL_pref_outOfSample_samples.csv

Estimation cycle 1 (8805 obs.)
WARNING: Object get_nl_spec from the global environment should not be
  used inside apollo_probabilities. If needed, save it inside
  apollo_inputs and call it as apollo_inputs$get_nl_spec. 
Apollo found a model component of type NL without a componentName. The
  name was set to "Class_1" by default.
Apollo found a model component of type NL without a componentName. The
  name was set to "Class_2" by default.
INFORMATION: While preparing your inputs for multi-core estimation, the
  following objects were found in "apollo_inputs", but were not split
  across cores: "attrCols", "availCols", "heterogeneity_spec",
  "lognorm_price_dist", "n_classes", "n_draws", "nesting_params",
  "nesting_spec", "observed_attributes", "scalingFactor_dist",
  "utility_space". If these objects contain observation or
  individual-specific data, and thus need to be split, please add a
  column with the IDs to these objects, and call this column "ID" 
Saving CV model as: LCL2_NL_pref_CV01
Model output saved to logs/job_35887057/LCL2_NL_pref/LCL2_NL_pref_CV01_output.txt 
Estimates saved to logs/job_35887057/LCL2_NL_pref/LCL2_NL_pref_CV01_estimates.csv 
Model object saved to logs/job_35887057/LCL2_NL_pref/LCL2_NL_pref_CV01.rds 
Out-of-sample time: 0.047
Iter. total wall time: 325.3293 secs
Estimation results written to file.
Estimation cycle 2 (8805 obs.)
WARNING: Object get_nl_spec from the global environment should not be
  used inside apollo_probabilities. If needed, save it inside
  apollo_inputs and call it as apollo_inputs$get_nl_spec. 
INFORMATION: While preparing your inputs for multi-core estimation, the
  following objects were found in "apollo_inputs", but were not split
  across cores: "attrCols", "availCols", "heterogeneity_spec",
  "lognorm_price_dist", "n_classes", "n_draws", "nesting_params",
  "nesting_spec", "observed_attributes", "scalingFactor_dist",
  "utility_space". If these objects contain observation or
  individual-specific data, and thus need to be split, please add a
  column with the IDs to these objects, and call this column "ID" 
Saving CV model as: LCL2_NL_pref_CV02
Model output saved to logs/job_35887057/LCL2_NL_pref/LCL2_NL_pref_CV02_output.txt 
Estimates saved to logs/job_35887057/LCL2_NL_pref/LCL2_NL_pref_CV02_estimates.csv 
Model object saved to logs/job_35887057/LCL2_NL_pref/LCL2_NL_pref_CV02.rds 
Out-of-sample time: 0.039
Iter. total wall time: 369.9427 secs
Estimation results written to file.
Estimation cycle 3 (8805 obs.)
WARNING: Object get_nl_spec from the global environment should not be
  used inside apollo_probabilities. If needed, save it inside
  apollo_inputs and call it as apollo_inputs$get_nl_spec. 
INFORMATION: While preparing your inputs for multi-core estimation, the
  following objects were found in "apollo_inputs", but were not split
  across cores: "attrCols", "availCols", "heterogeneity_spec",
  "lognorm_price_dist", "n_classes", "n_draws", "nesting_params",
  "nesting_spec", "observed_attributes", "scalingFactor_dist",
  "utility_space". If these objects contain observation or
  individual-specific data, and thus need to be split, please add a
  column with the IDs to these objects, and call this column "ID" 
Saving CV model as: LCL2_NL_pref_CV03
Model output saved to logs/job_35887057/LCL2_NL_pref/LCL2_NL_pref_CV03_output.txt 
Estimates saved to logs/job_35887057/LCL2_NL_pref/LCL2_NL_pref_CV03_estimates.csv 
Model object saved to logs/job_35887057/LCL2_NL_pref/LCL2_NL_pref_CV03.rds 
Out-of-sample time: 0.046
Iter. total wall time: 300.8173 secs
Estimation results written to file.
Estimation cycle 4 (8805 obs.)
WARNING: Object get_nl_spec from the global environment should not be
  used inside apollo_probabilities. If needed, save it inside
  apollo_inputs and call it as apollo_inputs$get_nl_spec. 
INFORMATION: While preparing your inputs for multi-core estimation, the
  following objects were found in "apollo_inputs", but were not split
  across cores: "attrCols", "availCols", "heterogeneity_spec",
  "lognorm_price_dist", "n_classes", "n_draws", "nesting_params",
  "nesting_spec", "observed_attributes", "scalingFactor_dist",
  "utility_space". If these objects contain observation or
  individual-specific data, and thus need to be split, please add a
  column with the IDs to these objects, and call this column "ID" 
Saving CV model as: LCL2_NL_pref_CV04
Model output saved to logs/job_35887057/LCL2_NL_pref/LCL2_NL_pref_CV04_output.txt 
Estimates saved to logs/job_35887057/LCL2_NL_pref/LCL2_NL_pref_CV04_estimates.csv 
Model object saved to logs/job_35887057/LCL2_NL_pref/LCL2_NL_pref_CV04.rds 
Out-of-sample time: 0.039
Iter. total wall time: 347.0409 secs
Estimation results written to file.
Estimation cycle 5 (8805 obs.)
WARNING: Object get_nl_spec from the global environment should not be
  used inside apollo_probabilities. If needed, save it inside
  apollo_inputs and call it as apollo_inputs$get_nl_spec. 
INFORMATION: While preparing your inputs for multi-core estimation, the
  following objects were found in "apollo_inputs", but were not split
  across cores: "attrCols", "availCols", "heterogeneity_spec",
  "lognorm_price_dist", "n_classes", "n_draws", "nesting_params",
  "nesting_spec", "observed_attributes", "scalingFactor_dist",
  "utility_space". If these objects contain observation or
  individual-specific data, and thus need to be split, please add a
  column with the IDs to these objects, and call this column "ID" 
Saving CV model as: LCL2_NL_pref_CV05
Model output saved to logs/job_35887057/LCL2_NL_pref/LCL2_NL_pref_CV05_output.txt 
Estimates saved to logs/job_35887057/LCL2_NL_pref/LCL2_NL_pref_CV05_estimates.csv 
Model object saved to logs/job_35887057/LCL2_NL_pref/LCL2_NL_pref_CV05.rds 
Out-of-sample time: 0.039
Iter. total wall time: 314.1234 secs
Estimation results written to file.
Processing time: 27.63022 mins

Summary of cross-validation:
         LL per obs in estimation sample LL per obs in validation sample
sample_1                         -0.8101                         -0.7857
sample_2                         -0.8117                         -0.7758
sample_3                         -0.8040                         -0.8064
sample_4                         -0.7689                         -0.9486
sample_5                         -0.8080                         -0.7903
Average                          -0.8005                         -0.8214
         % difference CPU sec in validation sample
sample_1      -3.0109                      0.04700
sample_2      -4.4206                      0.03900
sample_3       0.2977                      0.04600
sample_4      23.3789                      0.03900
sample_5      -2.1941                      0.03900
Average        2.8102                      0.04200
Cross-Validation Complete 
Starting Psi' on Dataset Test 
Mean Psi' (all) =  0.2475534 
Mean Psi' (chosen only) =  0.2599656 
Saved psi' dataset to:  logs/job_35887057/LCL2_NL_pref//LCL2_NL_pref_psi_prime_dataset.csv 
Psi' on Dataset Test Complete
Starting Speed Test 
       ___Draws___              sec/
nCores inter intra  progress  LLCall RAM(MB)
     1     0     0 ..........   0.82   966.4
     2     0     0 INFORMATION: While preparing your inputs for multi-core estimation, the
  following objects were found in "apollo_inputs", but were not split
  across cores: "attrCols", "availCols", "heterogeneity_spec",
  "lognorm_price_dist", "n_classes", "n_draws", "nesting_params",
  "nesting_spec", "observed_attributes", "scalingFactor_dist",
  "utility_space". If these objects contain observation or
  individual-specific data, and thus need to be split, please add a
  column with the IDs to these objects, and call this column "ID" 
..........   0.91  1297.2
     4     0     0 INFORMATION: While preparing your inputs for multi-core estimation, the
  following objects were found in "apollo_inputs", but were not split
  across cores: "attrCols", "availCols", "heterogeneity_spec",
  "lognorm_price_dist", "n_classes", "n_draws", "nesting_params",
  "nesting_spec", "observed_attributes", "scalingFactor_dist",
  "utility_space". If these objects contain observation or
  individual-specific data, and thus need to be split, please add a
  column with the IDs to these objects, and call this column "ID" 
..........   0.83  1616.2

Summary of results (sec. per call to LL function)
       draws0
cores1 0.8242
cores2 0.9114
cores4 0.8311
    model_name cores inter_draws intra_draws calls time_per_call ram_mb
1 LCL2_NL_pref     1           0           0   100     0.8241606  966.4
2 LCL2_NL_pref     2           0           0   100     0.9113896 1297.2
3 LCL2_NL_pref     4           0           0   100     0.8311136 1616.2
Saved speed test results to: logs/job_35887057/LCL2_NL_pref//LCL2_NL_pref_speedTest.csv 
Saved detailed speed test results to: logs/job_35887057/LCL2_NL_pref//LCL2_NL_pref_speedTest_detailed.csv 
Speed Test Complete 
Starting Psi' Test 
Psi' Test Complete 
Starting Func Eval Timing 
Func Eval Timing Complete 
LCL2_NL_pref done.
Results saved to: logs/job_35887057/LCL2_NL_pref 
Done Running. Log files moved to logs/job_35887057/
