SLURM_ARRAY_JOB_ID: 35887057
SLURM_JOB_ID: 35887068
SLURM_ARRAY_TASK_ID: 10
Created job directory: logs/job_35887057
Task 10: Waiting for initialization to complete...
Task 10: Initialization complete, proceeding...
Running model 10...
Running: LCL6_none_pref 
Starting Setup 
Setup  Complete 
Starting Search-Start 
Saving original apollo_inputs 
Testing probability function (apollo_probabilities)
Apollo found a model component of type classAlloc without a
  componentName. The name was set to "classAlloc" by default.
INFORMATION: Setting "avail" is missing, so full availability is
  assumed. 
Apollo found a model component of type MNL without a componentName. The
  name was set to "Class_1" by default.
Setting "avail" is missing, so full availability is assumed.
Apollo found a model component of type MNL without a componentName. The
  name was set to "Class_2" by default.
Setting "avail" is missing, so full availability is assumed.
Apollo found a model component of type MNL without a componentName. The
  name was set to "Class_3" by default.
Setting "avail" is missing, so full availability is assumed.
Apollo found a model component of type MNL without a componentName. The
  name was set to "Class_4" by default.
Setting "avail" is missing, so full availability is assumed.
Apollo found a model component of type MNL without a componentName. The
  name was set to "Class_5" by default.
Setting "avail" is missing, so full availability is assumed.
Apollo found a model component of type MNL without a componentName. The
  name was set to "Class_6" by default.
Setting "avail" is missing, so full availability is assumed.
Pre-processing likelihood function...
Creating initial set of 101 candidate values.
Calculating LL of candidates 0%....50%.....100%
Total avail. cores = 32 cores
Avail. GB per core = 2 GB
Req. GB per cluster = 2 GB
Running searchStart on 32 cores.

Stage 1, 101 active candidates.
Estimating 25 BFGS iteration(s) for each active candidate.
 Candidate......LLstart.....LLfinish.....GradientNorm...Converged
         1        -9336        -8459         2419.279           0
         2        -9188        -8323         1357.114           0
         3        -9214        -8522         1421.854           0
         4        -9290        -8267         2537.945           0
         5        -9103        -8320         1267.403           0
         6        -9009        -8295         3138.508           0
         7        -9050        -8332         1557.794           0
         8        -9010        -8360          2855.88           0
         9        -9601        -8221         1744.266           0
        10        -9514        -8432         2293.544           0
        11        -9663        -8381          1510.03           0
        12        -9569        -8287         2557.978           0
        13        -9019        -8324          1966.53           0
        14        -9349        -8397         1441.646           0
        15       -10120        -8332         1201.059           0
        16        -9158        -8278         1260.341           0
        17        -9290        -8380         3306.476           0
        18        -9258        -8251          1470.18           0
        19        -9096        -8289          1815.75           0
        20        -9272        -8251         1615.835           0
        21        -9524        -8374         1163.174           0
        22        -9012        -8216         1159.613           0
        23        -9110        -8407          3269.45           0
        24        -9185        -8360         1995.221           0
        25        -9441        -8431         1893.008           0
        26        -9730        -8490         3033.359           0
        27        -9066        -8250         1351.158           0
        28        -9390        -8415         1988.541           0
        29        -9153        -8216         1493.844           0
        30        -9128        -8362         2510.289           0
        31        -9592        -8253          973.003           0
        32        -9203        -8331         2016.913           0
        33        -9092        -8337         1407.072           0
        34        -9135        -8451         1082.143           0
        35        -9039        -8357         2119.387           0
        36        -9212        -8235         1409.398           0
        37        -9128        -8266          1191.02           0
        38        -9148        -8425         4192.266           0
        39        -9103        -8414         2841.786           0
        40        -9117        -8369         1796.359           0
        41        -9262        -8348          1244.62           0
        42        -9003        -8325         1261.651           0
        43        -9199        -8313         2290.569           0
        44        -9158        -8315         1737.189           0
        45        -9339        -8483         2839.076           0
        46        -9564        -8325         1710.147           0
        47        -9041        -8269         2542.863           0
        48        -9110        -8418         1041.781           0
        49        -8986        -8300         2408.519           0
        50        -9053        -8280         1981.884           0
        51        -9382        -8334         1204.353           0
        52        -9599        -8275         1351.281           0
        53        -9405        -8359           988.47           0
        54        -9056        -8280          2362.86           0
        55        -9496        -8367          1530.65           0
        56        -9067        -8415         3959.946           0
        57        -9213        -8359          872.313           0
        58        -8885        -8349         1959.219           0
        59        -9259        -8477          1265.72           0
        60        -9218        -8334          977.261           0
        61        -9488        -8360         1341.554           0
        62        -9399        -8239         1431.918           0
        63        -9034        -8314         1656.503           0
        64        -9192        -8433         1460.623           0
        65        -9369        -8401          694.308           0
        66        -9157        -8216          535.774           0
        67        -9069        -8319         2020.164           0
        68        -9170        -8352         2666.005           0
        69        -9149        -8413         2829.786           0
        70        -9087        -8329          888.645           0
        71        -9026        -8303          928.209           0
        72        -9294        -8386         1883.509           0
        73        -9325        -8369         2834.746           0
        74        -9493        -8260         1552.431           0
        75        -8884        -8324         1857.992           0
        76        -8978        -8452         3140.162           0
        77        -9015        -8368         1645.424           0
        78        -9051        -8320         1120.714           0
        79        -9020        -8227          801.068           0
        80        -9012        -8302         1958.578           0
        81        -9550        -8372         2874.959           0
        82        -9274        -8238          1189.78           0
        83        -9128        -8375         1959.509           0
        84        -9007        -8263          800.526           0
        85        -9363        -8359          826.801           0
        86        -9158        -8333         2160.959           0
        87        -9664        -8377         2572.922           0
        88        -9100        -8200         1408.394           0
        89        -9067        -8295         2349.699           0
        90        -9347        -8329          3447.25           0
        91        -9177        -8340         1809.374           0
        92       -14639        -9142         3949.244           0
        93       -23191        -9175         2866.678           0
        94       -13632        -8677         1505.653           0
        95       -12301        -8809         3863.643           0
        96       -12937        -8951         1166.736           0
        97       -16570        -8811         1910.944           0
        98       -24470        -9399         4165.828           0
        99       -13512        -8548          1116.83           0
       100       -13161        -8933         1758.918           0
       101       -24626        -9408         2924.266           0
Best candidate so far (LL=-8200.5)

Stage 2, 101 active candidates.
Estimating 25 BFGS iteration(s) for each active candidate.
 Candidate......LLstart.....LLfinish.....GradientNorm...Converged
         1        -8459        -8185          1645.43           0
         2        -8323        -8132          994.682           0
         3        -8522        -8281         1512.446           0
         4        -8267        -8124         1159.151           0
         5        -8320        -8185         1383.843           0
         6        -8295        -8108         1338.492           0
         7        -8332        -8171         1541.599           0
         8        -8360        -8147           1006.6           0
         9        -8221        -8099         1138.606           0
        10        -8432        -8236         1247.622           0
        11        -8381        -8240         1105.492           0
        12        -8287        -8091          821.085           0
        13        -8324        -8129          901.437           0
        14        -8397        -8191          1236.28           0
        15        -8332        -8155         1133.169           0
        16        -8278        -8126          1769.95           0
        17        -8380        -8189          851.774           0
        18        -8251        -8131         1163.557           0
        19        -8289        -8163          889.719           0
        20        -8251        -8136         1798.424           0
        21        -8374        -8168         1019.399           0
        22        -8216        -8107          355.445           0
        23        -8407        -8207          702.394           0
        24        -8360        -8129         1018.899           0
        25        -8431        -8229         1582.254           0
        26        -8490        -8211         1863.424           0
        27        -8250        -8113         1252.662           0
        28        -8415        -8167         1874.729           0
        29        -8216        -8105          719.452           0
        30        -8362        -8185         1048.331           0
        31        -8253        -8129          877.403           0
        32        -8331        -8146         1007.788           0
        33        -8337        -8158         1460.195           0
        34        -8451        -8271         1187.669           0
        35        -8357        -8138          799.951           0
        36        -8235        -8092          784.767           0
        37        -8266        -8138          627.693           0
        38        -8425        -8168         1029.667           0
        39        -8414        -8117          872.433           0
        40        -8369        -8174         1408.093           0
        41        -8348        -8180          1457.16           0
        42        -8325        -8161         1129.543           0
        43        -8313        -8171          919.326           0
        44        -8315        -8133          870.424           0
        45        -8483        -8168         2021.035           0
        46        -8325        -8132         1033.716           0
        47        -8269        -8105         1032.191           0
        48        -8418        -8154          951.685           0
        49        -8300        -8143         1347.215           0
        50        -8280        -8111          954.661           0
        51        -8334        -8121          844.643           0
        52        -8275        -8116          802.178           0
        53        -8359        -8153          1024.89           0
        54        -8280        -8100          883.696           0
        55        -8367        -8202          633.886           0
        56        -8415        -8142         1318.066           0
        57        -8359        -8172           608.34           0
        58        -8349        -8122          960.694           0
        59        -8477        -8224         1581.791           0
        60        -8334        -8160         1273.478           0
        61        -8360        -8109         1027.882           0
        62        -8239        -8137          889.561           0
        63        -8314        -8126         1555.249           0
        64        -8433        -8206         1406.366           0
        65        -8401        -8259         1995.153           0
        66        -8216        -8115          657.243           0
        67        -8319        -8154         1061.668           0
        68        -8352        -8144         1503.595           0
        69        -8413        -8158          454.825           0
        70        -8329        -8122         1234.667           0
        71        -8303        -8130          901.528           0
        72        -8386        -8199          1145.18           0
        73        -8369        -8183         1610.959           0
        74        -8260        -8106          831.831           0
        75        -8324        -8103          564.351           0
        76        -8452        -8243          814.757           0
        77        -8368        -8192          973.646           0
        78        -8320        -8135         1240.229           0
        79        -8227        -8104         1697.403           0
        80        -8302        -8112          777.013           0
        81        -8372        -8124          888.332           0
        82        -8238        -8143          1102.57           0
        83        -8375        -8136          998.278           0
        84        -8263        -8132          492.567           0
        85        -8359        -8168          791.705           0
        86        -8333        -8149          421.795           0
        87        -8377        -8115          882.804           0
        88        -8200        -8103          634.631           0
        89        -8295        -8140         1127.335           0
        90        -8329        -8140          853.141           0
        91        -8340        -8145         1033.208           0
        92        -9142        -8894         1901.242           0
        93        -9175        -8851         2527.852           0
        94        -8677        -8423          813.154           0
        95        -8809        -8560          764.672           0
        96        -8951        -8710         2292.388           0
        97        -8811        -8363          1414.76           0
        98        -9399        -9159         2889.997           0
        99        -8548        -8348         1086.962           0
       100        -8933        -8673         4454.985           0
       101        -9408        -9074         2739.192           0
Best candidate so far (LL=-8091.5)

Stage 3, 101 active candidates.
Estimating 25 BFGS iteration(s) for each active candidate.
 Candidate......LLstart.....LLfinish.....GradientNorm...Converged
         1        -8185        -8098          745.106           0
         2        -8132        -8090          707.244           0
         3        -8281        -8218          300.237           0
         4        -8124        -8077          432.232           0
         5        -8185        -8125          607.939           0
         6        -8108        -8081          436.025           0
         7        -8171        -8139          739.529           0
         8        -8147        -8090          808.733           0
         9        -8099        -8078          327.022           0
        10        -8236        -8135          531.645           0
        11        -8240        -8146           669.72           0
        12        -8091        -8064          306.163           0
        13        -8129        -8088          444.911           0
        14        -8191        -8145           501.61           0
        15        -8155        -8071          751.917           0
        16        -8126        -8090         1551.065           0
        17        -8189        -8087          629.317           0
        18        -8131        -8098          302.549           0
        19        -8163        -8114          502.342           0
        20        -8136        -8080          435.056           0
        21        -8168        -8115           517.02           0
        22        -8107        -8087          457.402           0
        23        -8207        -8128           747.71           0
        24        -8129        -8086          656.194           0
        25        -8229        -8138         1013.739           0
        26        -8211        -8101         1277.095           0
        27        -8113        -8078          365.546           0
        28        -8167        -8081          746.605           0
        29        -8105        -8082           408.34           0
        30        -8185        -8151          686.954           0
        31        -8129        -8089          793.548           0
        32        -8146        -8089          409.004           0
        33        -8158        -8111          542.517           0
        34        -8271        -8166          546.571           0
        35        -8138        -8094          159.225           0
        36        -8092        -8073          238.671           0
        37        -8138        -8094          823.189           0
        38        -8168        -8095          407.112           0
        39        -8117        -8081          488.839           0
        40        -8174        -8088          597.029           0
        41        -8180        -8079          476.837           0
        42        -8161        -8109           766.51           0
        43        -8171        -8108          760.136           0
        44        -8133        -8084          483.809           0
        45        -8168        -8089          933.222           0
        46        -8132        -8102          447.641           0
        47        -8105        -8081          604.281           0
        48        -8154        -8090          414.822           0
        49        -8143        -8101          946.992           0
        50        -8111        -8073          390.009           0
        51        -8121        -8080          567.543           0
        52        -8116        -8090          647.732           0
        53        -8153        -8086          532.588           0
        54        -8100        -8068          310.061           0
        55        -8202        -8113          456.781           0
        56        -8142        -8098          389.599           0
        57        -8172        -8104           597.83           0
        58        -8122        -8078          384.457           0
        59        -8224        -8145          981.028           0
        60        -8160        -8103          515.819           0
        61        -8109        -8070          600.102           0
        62        -8137        -8099          557.073           0
        63        -8126        -8072          330.571           0
        64        -8206        -8110          602.854           0
        65        -8259        -8159          741.644           0
        66        -8115        -8089          220.714           0
        67        -8154        -8110          479.564           0
        68        -8144        -8102          789.719           0
        69        -8158        -8118          794.037           0
        70        -8122        -8077          211.683           0
        71        -8130        -8083          422.161           0
        72        -8199        -8135          776.403           0
        73        -8183        -8103           359.32           0
        74        -8106        -8088          269.361           0
        75        -8103        -8085          540.031           0
        76        -8243        -8145          669.911           0
        77        -8192        -8088          414.296           0
        78        -8135        -8079          524.986           0
        79        -8104        -8071          556.603           0
        80        -8112        -8097          576.883           0
        81        -8124        -8078          453.907           0
        82        -8143        -8100          351.489           0
        83        -8136        -8087          628.523           0
        84        -8132        -8069          598.341           0
        85        -8168        -8109          349.278           0
        86        -8149        -8093          885.924           0
        87        -8115        -8079          281.326           0
        88        -8103        -8075          313.205           0
        89        -8140        -8092          374.423           0
        90        -8140        -8081          467.882           0
        91        -8145        -8084          439.317           0
        92        -8894        -8789         1346.838           0
        93        -8851        -8695         1323.887           0
        94        -8423        -8301          791.149           0
        95        -8560        -8448          674.528           0
        96        -8710        -8489          736.368           0
        97        -8363        -8266          784.513           0
        98        -9159        -9006         2642.377           0
        99        -8348        -8248         1534.362           0
       100        -8673        -8548          535.788           0
       101        -9074        -8929         2679.901           0
Best candidate so far (LL=-8063.7)

Stage 4, 101 active candidates.
Estimating 25 BFGS iteration(s) for each active candidate.
 Candidate......LLstart.....LLfinish.....GradientNorm...Converged
         1        -8098        -8087          279.645           0
         2        -8090        -8069          416.337           0
         3        -8218        -8149          813.726           0
         4        -8077        -8067          402.216           0
         5        -8125        -8117           132.62           0
         6        -8081        -8074          218.119           0
         7        -8139        -8133          345.315           0
         8        -8090        -8074          251.797           0
         9        -8078        -8076          197.298           0
        10        -8135        -8116          312.422           0
        11        -8146        -8089          441.473           0
        12        -8064        -8058          205.897           0
        13        -8088        -8078          396.606           0
        14        -8145        -8117          283.211           0
        15        -8071        -8059          283.352           0
        16        -8090        -8079          601.609           0
        17        -8087        -8066          275.924           0
        18        -8098        -8093          285.305           0
        19        -8114        -8090          251.665           0
        20        -8080        -8072          365.474           0
        21        -8115        -8107          310.422           0
        22        -8087        -8074          187.277           0
        23        -8128        -8099          398.595           0
        24        -8086        -8081          293.392           0
        25        -8138        -8096          641.137           0
        26        -8101        -8083          489.187           0
        27        -8078        -8071          272.116           0
        28        -8081        -8067          404.627           0
        29        -8082        -8077          288.759           0
        30        -8151        -8142          109.876           0
        31        -8089        -8078          171.654           0
        32        -8089        -8080          154.136           0
        33        -8111        -8075          617.975           0
        34        -8166        -8120          427.171           0
        35        -8094        -8087          208.263           0
        36        -8073        -8071           52.896           0
        37        -8094        -8079          397.034           0
        38        -8095        -8084          240.914           0
        39        -8081        -8075          133.461           0
        40        -8088        -8077          186.353           0
        41        -8079        -8061          453.867           0
        42        -8109        -8089          144.456           0
        43        -8108        -8068            459.2           0
        44        -8084        -8075          308.048           0
        45        -8089        -8072           175.17           0
        46        -8102        -8096          134.736           0
        47        -8081        -8077          247.836           0
        48        -8090        -8078          152.369           0
        49        -8101        -8093          408.639           0
        50        -8073        -8064          240.061           0
        51        -8080        -8071          203.202           0
        52        -8090        -8078          225.106           0
        53        -8086        -8075          178.327           0
        54        -8068        -8062           77.487           0
        55        -8113        -8095           356.56           0
        56        -8098        -8086          317.127           0
        57        -8104        -8093          260.382           0
        58        -8078        -8070          166.575           0
        59        -8145        -8108          522.765           0
        60        -8103        -8089          582.786           0
        61        -8070        -8059          180.871           0
        62        -8099        -8088          306.442           0
        63        -8072        -8068          126.649           0
        64        -8110        -8096          352.538           0
        65        -8159        -8139          196.376           0
        66        -8089        -8085          273.852           0
        67        -8110        -8103          255.791           0
        68        -8102        -8087           185.95           0
        69        -8118        -8097          398.147           0
        70        -8077        -8073          132.925           0
        71        -8083        -8072          205.051           0
        72        -8135        -8118          443.664           0
        73        -8103        -8088           289.52           0
        74        -8088        -8086          102.302           0
        75        -8085        -8078            452.5           0
        76        -8145        -8122          446.667           0
        77        -8088        -8079          289.058           0
        78        -8079        -8069          253.653           0
        79        -8071        -8064          226.121           0
        80        -8097        -8092          355.164           0
        81        -8078        -8072          120.702           0
        82        -8100        -8073          372.741           0
        83        -8087        -8070          251.236           0
        84        -8069        -8061          162.357           0
        85        -8109        -8097          440.798           0
        86        -8093        -8078          257.476           0
        87        -8079        -8073          137.383           0
        88        -8075        -8067          203.401           0
        89        -8092        -8085          233.983           0
        90        -8081        -8073          271.952           0
        91        -8084        -8074           450.21           0
        92        -8789        -8663          895.481           0
        93        -8695        -8619         1318.115           0
        94        -8301        -8211          995.462           0
        95        -8448        -8401          272.986           0
        96        -8489        -8405          935.161           0
        97        -8266        -8237          524.795           0
        98        -9006        -8956              Inf           1
        99        -8248        -8221          915.813           0
       100        -8548        -8522          271.952           0
       101        -8929        -8908           41.202           0
Best candidate so far (LL=-8057.8)

Stage 5, 100 active candidates.
Estimating 25 BFGS iteration(s) for each active candidate.
 Candidate......LLstart.....LLfinish.....GradientNorm...Converged
         1        -8087        -8086           90.596           0
         2        -8069        -8065          205.731           0
         3        -8149        -8076          395.453           0
         4        -8067        -8061          179.349           0
         5        -8117        -8115           34.581           0
         6        -8074        -8072           61.751           0
         7        -8133        -8131          147.239           0
         8        -8074        -8072          123.593           0
         9        -8076        -8076          100.175           0
        10        -8116        -8112          199.717           0
        11        -8089        -8070          382.755           0
        12        -8058        -8057           47.736           0
        13        -8078        -8068          122.675           0
        14        -8117        -8114           47.129           0
        15        -8059        -8057           68.745           0
        16        -8079        -8077          286.457           0
        17        -8066        -8061          196.293           0
        18        -8093        -8091           75.842           0
        19        -8090        -8086          169.359           0
        20        -8072        -8070          102.136           0
        21        -8107        -8104          151.763           0
        22        -8074        -8069          167.629           0
        23        -8099        -8087          230.201           0
        24        -8081        -8080          205.009           0
        25        -8096        -8088          260.797           0
        26        -8083        -8078          415.454           0
        27        -8071        -8070           98.542           0
        28        -8067        -8065          161.509           0
        29        -8077        -8076          179.054           0
        30        -8142        -8141            66.16           0
        31        -8078        -8077          104.994           0
        32        -8080        -8077          129.279           0
        33        -8075        -8064          211.457           0
        34        -8120        -8096          303.154           0
        35        -8087        -8086           85.423           0
        36        -8071        -8070           62.551           0
        37        -8079        -8074          151.953           0
        38        -8084        -8080          110.232           0
        39        -8075        -8073           70.657           0
        40        -8077        -8076          120.315           0
        41        -8061        -8057          154.484           0
        42        -8089        -8084          178.355           0
        43        -8068        -8060          325.701           0
        44        -8075        -8073          106.811           0
        45        -8072        -8070           98.381           0
        46        -8096        -8094          179.768           0
        47        -8077        -8076          127.407           0
        48        -8078        -8074          118.715           0
        49        -8093        -8092          230.364           0
        50        -8064        -8061           70.331           0
        51        -8071        -8070            45.49           0
        52        -8078        -8075          167.866           0
        53        -8075        -8072          142.785           0
        54        -8062        -8061            62.45           0
        55        -8095        -8093            75.26           0
        56        -8086        -8078          241.373           0
        57        -8093        -8091          143.423           0
        58        -8070        -8067           65.631           0
        59        -8108        -8095          493.611           0
        60        -8089        -8077          259.695           0
        61        -8059        -8057           92.121           0
        62        -8088        -8086           61.541           0
        63        -8068        -8067           65.363           0
        64        -8096        -8093           98.407           0
        65        -8139        -8132          163.006           0
        66        -8085        -8084           33.413           0
        67        -8103        -8100           87.053           0
        68        -8087        -8084           67.155           0
        69        -8097        -8087          116.126           0
        70        -8073        -8073           87.963           0
        71        -8072        -8070           91.501           0
        72        -8118        -8113          245.863           0
        73        -8088        -8080          360.198           0
        74        -8086        -8085           51.319           0
        75        -8078        -8072          134.413           0
        76        -8122        -8098          385.463           0
        77        -8079        -8073          208.099           0
        78        -8069        -8064          170.871           0
        79        -8064        -8062           69.523           0
        80        -8092        -8091          132.178           0
        81        -8072        -8071           51.751           0
        82        -8073        -8069          104.289           0
        83        -8070        -8064           82.634           0
        84        -8061        -8061           43.891           0
        85        -8097        -8091             73.7           0
        86        -8078        -8074           97.133           0
        87        -8073        -8072          114.432           0
        88        -8067        -8064           72.851           0
        89        -8085        -8084           79.631           0
        90        -8073        -8071           143.08           0
        91        -8074        -8072            77.17           0
        92        -8663        -8516          485.215           0
        93        -8619        -8518          2250.82           0
        94        -8211        -8183          230.136           0
        95        -8401        -8391          132.242           0
        96        -8405        -8299         1862.549           0
        97        -8237        -8231          103.965           0
        99        -8221        -8210          517.112           0
       100        -8522        -8447         1066.774           0
       101        -8908        -8907            3.393           0
Candidate 1 dropped.
- Failed test 1: Too close to 74 in parameter space.
Candidate 57 dropped.
- Failed test 1: Too close to 80 in parameter space.
Best candidate so far (LL=-8056.8)

Stage 6, 98 active candidates.
Estimating 25 BFGS iteration(s) for each active candidate.
 Candidate......LLstart.....LLfinish.....GradientNorm...Converged
         2        -8065        -8064           38.053           0
         3        -8076        -8068          333.657           0
         4        -8061        -8061           58.336           0
         5        -8115        -8112           80.136           0
         6        -8072        -8072           27.227           0
         7        -8131        -8129           41.346           0
         8        -8072        -8072           23.468           0
         9        -8076        -8076           44.575           0
        10        -8112        -8111           61.903           0
        11        -8070        -8065          133.538           0
        12        -8057        -8057           24.561           0
        13        -8068        -8063          127.256           0
        14        -8114        -8108          258.896           0
        15        -8057        -8057           60.152           0
        16        -8077        -8077           70.108           0
        17        -8061        -8061            70.57           0
        18        -8091        -8091           28.966           0
        19        -8086        -8084           80.013           0
        20        -8070        -8070           38.209           0
        21        -8104        -8101          574.357           0
        22        -8069        -8067           91.228           0
        23        -8087        -8084          180.332           0
        24        -8080        -8078          128.085           0
        25        -8088        -8086           73.622           0
        26        -8078        -8077          203.808           0
        27        -8070        -8070           25.808           0
        28        -8065        -8064           60.101           0
        29        -8076        -8076           80.162           0
        30        -8141        -8140            30.44           0
        31        -8077        -8073           92.938           0
        32        -8077        -8072          189.793           0
        33        -8064        -8062           79.693           0
        34        -8096        -8092          322.073           0
        35        -8086        -8085           34.403           0
        36        -8070        -8070           29.069           0
        37        -8074        -8073           81.982           0
        38        -8080        -8079           47.239           0
        39        -8073        -8073           94.181           0
        40        -8076        -8076            51.43           0
        41        -8057        -8057           38.925           0
        42        -8084        -8084           91.257           0
        43        -8060        -8057           77.515           0
        44        -8073        -8073           73.316           0
        45        -8070        -8070           37.708           0
        46        -8094        -8089          126.267           0
        47        -8076        -8076           82.718           0
        48        -8074        -8072          151.067           0
        49        -8092        -8091          132.753           0
        50        -8061        -8061           45.945           0
        51        -8070        -8070           46.437           0
        52        -8075        -8073          128.364           0
        53        -8072        -8072           75.809           0
        54        -8061        -8061           29.381           0
        55        -8093        -8092           50.163           0
        56        -8078        -8076          151.068           0
        58        -8067        -8067           58.907           0
        59        -8095        -8090          124.938           0
        60        -8077        -8072          138.174           0
        61        -8057        -8057           83.505           0
        62        -8086        -8085            33.92           0
        63        -8067        -8067           24.907           0
        64        -8093        -8092           52.126           0
        65        -8132        -8122          315.897           0
        66        -8084        -8084            1.518           1
        67        -8100        -8094          146.933           0
        68        -8084        -8084           35.695           0
        69        -8087        -8084           99.979           0
        70        -8073        -8073            4.915           1
        71        -8070        -8070            9.259           0
        72        -8113        -8110          107.027           0
        73        -8080        -8078          218.647           0
        74        -8085        -8085            8.792           0
        75        -8072        -8072           41.584           0
        76        -8098        -8087          381.877           0
        77        -8073        -8072            79.85           0
        78        -8064        -8060          109.195           0
        79        -8062        -8061           65.939           0
        80        -8091        -8091           41.924           0
        81        -8071        -8070           36.741           0
        82        -8069        -8062          121.102           0
        83        -8064        -8062           74.933           0
        84        -8061        -8060           14.742           0
        85        -8091        -8089           93.174           0
        86        -8074        -8072            87.81           0
        87        -8072        -8072           23.073           0
        88        -8064        -8062           59.659           0
        89        -8084        -8084           17.458           0
        90        -8071        -8070           55.406           0
        91        -8072        -8072           85.826           0
        92        -8516        -8481          384.563           0
        93        -8518        -8330           992.79           0
        94        -8183        -8174           229.69           0
        95        -8391        -8389           79.795           0
        96        -8299        -8108          649.706           0
        97        -8231        -8230           69.382           0
        99        -8210        -8202          257.998           0
       100        -8447        -8344          873.785           0
       101        -8907        -8907            4.887           1
Candidate 8 dropped.
- Failed test 1: Too close to 87 in parameter space.
Candidate 15 dropped.
- Failed test 1: Too close to 12 in parameter space.
Candidate 35 dropped.
- Failed test 1: Too close to 74 in parameter space.
Candidate 37 dropped.
- Failed test 1: Too close to 39, 44 in parameter space.
Candidate 39 dropped.
- Failed test 1: Too close to 44 in parameter space.
Candidate 43 dropped.
- Failed test 1: Too close to 12 in parameter space.
Candidate 50 dropped.
- Failed test 1: Too close to 54 in parameter space.
Candidate 51 dropped.
- Failed test 1: Too close to 27 in parameter space.
Best candidate so far (LL=-8056.6)

Stage 7, 87 active candidates.
Estimating 25 BFGS iteration(s) for each active candidate.
 Candidate......LLstart.....LLfinish.....GradientNorm...Converged
         2        -8064        -8063           38.663           0
         3        -8068        -8067           107.01           0
         4        -8061        -8060           32.871           0
         5        -8112        -8111           32.198           0
         6        -8072        -8072           52.115           0
         7        -8129        -8128           69.069           0
         9        -8076        -8076            7.706           1
        10        -8111        -8111           15.263           0
        11        -8065        -8059          148.732           0
        12        -8057        -8057            3.384           0
        13        -8063        -8061           49.162           0
        14        -8108        -8092          377.121           0
        16        -8077        -8077            6.131           1
        17        -8061        -8060           25.605           0
        18        -8091        -8091            5.993           1
        19        -8084        -8084           47.156           0
        20        -8070        -8070           13.446           0
        21        -8101        -8080          177.189           0
        22        -8067        -8067            37.36           0
        23        -8084        -8084           32.134           0
        24        -8078        -8077           55.148           0
        25        -8086        -8085           78.464           0
        26        -8077        -8077           76.028           0
        27        -8070        -8070            2.324           1
        28        -8064        -8064           12.773           0
        29        -8076        -8076           22.347           0
        30        -8140        -8140           48.745           0
        31        -8073        -8072          101.876           0
        32        -8072        -8070           52.186           0
        33        -8062        -8061           54.578           0
        34        -8092        -8091          108.338           0
        36        -8070        -8070           14.903           0
        38        -8079        -8079           14.817           0
        40        -8076        -8076            9.011           0
        41        -8057        -8057            6.738           0
        42        -8084        -8084           36.404           0
        44        -8073        -8073            2.557           1
        45        -8070        -8070            2.243           1
        46        -8089        -8087           86.898           0
        47        -8076        -8076           26.708           0
        48        -8072        -8072           47.092           0
        49        -8091        -8091          111.512           0
        52        -8073        -8073           59.647           0
        53        -8072        -8072           29.944           0
        54        -8061        -8061           13.502           0
        55        -8092        -8092          168.947           0
        56        -8076        -8075          119.493           0
        58        -8067        -8067           14.597           0
        59        -8090        -8088           75.204           0
        60        -8072        -8070           97.337           0
        61        -8057        -8057           17.332           0
        62        -8085        -8085            2.038           1
        63        -8067        -8067            3.942           1
        64        -8092        -8092          105.416           0
        65        -8122        -8114          226.573           0
        67        -8094        -8092           62.543           0
        68        -8084        -8084            9.327           0
        69        -8084        -8084           47.366           0
        71        -8070        -8070            6.471           1
        72        -8110        -8108           60.785           0
        73        -8078        -8078             12.1           0
        74        -8085        -8085            3.423           1
        75        -8072        -8072           16.165           0
        76        -8087        -8085           38.935           0
        77        -8072        -8071            47.52           0
        78        -8060        -8057          183.933           0
        79        -8061        -8061             12.9           0
        80        -8091        -8091           28.746           1
        81        -8070        -8070           48.773           0
        82        -8062        -8061           57.305           0
        83        -8062        -8061               41           0
        84        -8060        -8060            9.316           0
        85        -8089        -8089           37.269           0
        86        -8072        -8072           19.935           0
        87        -8072        -8072            6.996           0
        88        -8062        -8061           35.851           0
        89        -8084        -8084             1.11           1
        90        -8070        -8070           14.169           0
        91        -8072        -8069          118.396           0
        92        -8481        -8473           46.007           0
        93        -8330        -8309          323.036           0
        94        -8174        -8171           71.243           0
        95        -8389        -8388          109.059           0
        96        -8108        -8083          492.671           0
        97        -8230        -8229           17.389           0
        99        -8202        -8201           38.288           0
       100        -8344        -8311          555.447           0
Candidate 19 dropped.
- Failed test 1: Too close to 89 in parameter space.
Candidate 25 dropped.
- Failed test 1: Too close to 62 in parameter space.
Candidate 69 dropped.
- Failed test 1: Too close to 19, 89 in parameter space.
Best candidate so far (LL=-8056.6)

Stage 8, 72 active candidates.
Estimating 25 BFGS iteration(s) for each active candidate.
 Candidate......LLstart.....LLfinish.....GradientNorm...Converged
         2        -8063        -8063           42.375           0
         3        -8067        -8067           47.254           0
         4        -8060        -8060           14.684           0
         5        -8111        -8111            13.53           0
         6        -8072        -8069          115.189           0
         7        -8128        -8127           30.503           0
        10        -8111        -8111            9.191           1
        11        -8059        -8057           95.896           0
        12        -8057        -8057             6.96           1
        13        -8061        -8061           30.256           0
        14        -8092        -8087          235.223           0
        17        -8060        -8060            7.965           1
        20        -8070        -8070            7.225           1
        21        -8080        -8077          158.869           0
        22        -8067        -8067           14.919           0
        23        -8084        -8084            4.436           1
        24        -8077        -8075               78           0
        26        -8077        -8077           32.484           0
        28        -8064        -8064           82.822           0
        29        -8076        -8076            4.532           1
        30        -8140        -8140            9.355           0
        31        -8072        -8072           23.399           0
        32        -8070        -8070           43.923           0
        33        -8061        -8061           28.776           0
        34        -8091        -8091           42.782           0
        36        -8070        -8070            4.185           1
        38        -8079        -8079            6.063           0
        40        -8076        -8076            5.163           1
        41        -8057        -8057              3.9           1
        42        -8084        -8084            4.638           1
        46        -8087        -8085            86.88           0
        47        -8076        -8076            3.209           1
        48        -8072        -8072             1.85           1
        49        -8091        -8091           95.489           0
        52        -8073        -8072           34.903           0
        53        -8072        -8072           19.892           0
        54        -8061        -8061            1.425           1
        55        -8092        -8089            91.38           0
        56        -8075        -8075           41.673           0
        58        -8067        -8067            7.093           0
        59        -8088        -8088            86.35           0
        60        -8070        -8069           74.105           0
        61        -8057        -8057            4.499           1
        64        -8092        -8090          104.069           0
        65        -8114        -8100           237.42           0
        67        -8092        -8091           44.437           0
        68        -8084        -8084            4.099           1
        72        -8108        -8106           87.217           0
        73        -8078        -8078             1.98           1
        75        -8072        -8072            6.447           1
        76        -8085        -8084           35.305           0
        77        -8071        -8070          248.509           0
        78        -8057        -8057           33.853           0
        79        -8061        -8061            8.511           0
        81        -8070        -8070            5.503           1
        82        -8061        -8060           51.737           0
        83        -8061        -8061           13.411           0
        84        -8060        -8060            2.302           1
        85        -8089        -8089           28.215           0
        86        -8072        -8072           52.169           1
        87        -8072        -8072            1.598           1
        88        -8061        -8061           36.951           0
        90        -8070        -8070            9.186           0
        91        -8069        -8066          214.426           0
        92        -8473        -8471           45.881           0
        93        -8309        -8307          146.932           0
        94        -8171        -8171           23.496           0
        95        -8388        -8386           26.292           0
        96        -8083        -8077          138.033           0
        97        -8229        -8229           10.699           0
        99        -8201        -8201           23.906           0
       100        -8311        -8307          106.446           0
Candidate 31 dropped.
- Failed test 1: Too close to 53 in parameter space.
Candidate 82 dropped.
- Failed test 1: Too close to 4 in parameter space.
Candidate 83 dropped.
- Failed test 1: Too close to 54 in parameter space.
Best candidate so far (LL=-8056.6)

Stage 9, 49 active candidates.
Estimating 25 BFGS iteration(s) for each active candidate.
 Candidate......LLstart.....LLfinish.....GradientNorm...Converged
         2        -8063        -8063           26.036           0
         3        -8067        -8067           22.544           0
         4        -8060        -8060            5.346           1
         5        -8111        -8111            2.842           0
         6        -8069        -8066           93.805           0
         7        -8127        -8127           56.523           0
        11        -8057        -8057           36.414           0
        12        -8057        -8057                0           1
        13        -8061        -8061           15.488           0
        14        -8087        -8086           35.007           0
        21        -8077        -8075          193.931           0
        22        -8067        -8067            5.559           1
        24        -8075        -8072           82.686           0
        26        -8077        -8076            4.039           1
        28        -8064        -8063           42.658           0
        30        -8140        -8139           16.737           0
        32        -8070        -8070           19.789           0
        33        -8061        -8061            3.542           1
        34        -8091        -8091           33.211           1
        38        -8079        -8079           11.314           0
        46        -8085        -8084           33.202           0
        49        -8091        -8091           57.308           0
        52        -8072        -8072            5.995           0
        53        -8072        -8072           20.171           1
        55        -8089        -8088          111.717           0
        56        -8075        -8075           18.496           0
        58        -8067        -8067            1.978           1
        59        -8088        -8088           18.849           0
        60        -8069        -8069           34.961           0
        64        -8090        -8089          138.907           0
        65        -8100        -8091          186.995           0
        67        -8091        -8091           10.573           0
        72        -8106        -8102          491.728           0
        76        -8084        -8084           10.959           0
        77        -8070        -8063          227.494           0
        78        -8057        -8057           15.142           0
        79        -8061        -8061            2.565           1
        85        -8089        -8089            8.376           1
        88        -8061        -8061           18.428           0
        90        -8070        -8070            1.359           1
        91        -8066        -8062           160.71           0
        92        -8471        -8470           17.824           0
        93        -8307        -8307           39.955           0
        94        -8171        -8171           13.216           0
        95        -8386        -8386           21.146           0
        96        -8077        -8076          104.304           0
        97        -8229        -8228           35.313           0
        99        -8201        -8201            8.596           0
       100        -8307        -8307           17.648           0
Candidate 88 dropped.
- Failed test 1: Too close to 79 in parameter space.
Best candidate so far (LL=-8056.6)

Stage 10, 38 active candidates.
Estimating 100 BFGS iteration(s) for each active candidate.
 Candidate......LLstart.....LLfinish.....GradientNorm...Converged
         2        -8063        -8063            2.294           1
         3        -8067        -8067            4.288           1
         5        -8111        -8111            1.004           1
         6        -8066        -8061            0.346           1
         7        -8127        -8124            0.703           1
        11        -8057        -8057            3.343           1
        12        -8057        -8057                0           1
        13        -8061        -8061            1.261           1
        14        -8086        -8085            1.898           1
        21        -8075        -8075           11.331           1
        24        -8072        -8072            0.961           1
        28        -8063        -8063            1.545           1
        30        -8139        -8130            1.069           1
        32        -8070        -8070           13.477           1
        38        -8079        -8079            2.408           1
        46        -8084        -8084            0.773           1
        49        -8091        -8091           31.192           1
        52        -8072        -8072            1.308           1
        55        -8088        -8088            2.407           1
        56        -8075        -8075            3.085           1
        59        -8088        -8088            1.943           1
        60        -8069        -8069            0.414           1
        64        -8089        -8088            1.129           1
        65        -8091        -8084            0.429           1
        67        -8091        -8091            2.685           1
        72        -8102        -8084            0.338           1
        76        -8084        -8084            8.598           1
        77        -8063        -8061            2.703           1
        78        -8057        -8057            8.891           1
        91        -8062        -8061            1.584           1
        92        -8470        -8460             3.13           1
        93        -8307        -8306            2.188           1
        94        -8171        -8171            0.665           1
        95        -8386        -8377            0.695           1
        96        -8076        -8075            0.442           1
        97        -8228        -8227            0.013           1
        99        -8201        -8200            0.017           1
       100        -8307        -8306            0.025           1
Best candidate so far (LL=-8056.6)
  n_points n_best n_within_tol did_best_conv
1      101      3            7          TRUE
Search-Start Execution Complete 
Using  32 cores. 
Search-Start Post-Processing Complete 
Starting main estimation 
Preparing user-defined functions.

Testing likelihood function...
Apollo found a model component of type classAlloc without a
  componentName. The name was set to "classAlloc" by default.
INFORMATION: Setting "avail" is missing, so full availability is
  assumed. 
Apollo found a model component of type MNL without a componentName. The
  name was set to "Class_1" by default.
Setting "avail" is missing, so full availability is assumed.

Overview of choices for MNL model component Class_1:
                                       C1      C2       C3
Times available                  11010.00 11010.0 11010.00
Times chosen                      3670.00  3677.0  3663.00
Percentage chosen overall           33.33    33.4    33.27
Percentage chosen when available    33.33    33.4    33.27

Apollo found a model component of type MNL without a componentName. The
  name was set to "Class_2" by default.
Setting "avail" is missing, so full availability is assumed.

Overview of choices for MNL model component Class_2:
                                       C1      C2       C3
Times available                  11010.00 11010.0 11010.00
Times chosen                      3670.00  3677.0  3663.00
Percentage chosen overall           33.33    33.4    33.27
Percentage chosen when available    33.33    33.4    33.27

Apollo found a model component of type MNL without a componentName. The
  name was set to "Class_3" by default.
Setting "avail" is missing, so full availability is assumed.

Overview of choices for MNL model component Class_3:
                                       C1      C2       C3
Times available                  11010.00 11010.0 11010.00
Times chosen                      3670.00  3677.0  3663.00
Percentage chosen overall           33.33    33.4    33.27
Percentage chosen when available    33.33    33.4    33.27

Apollo found a model component of type MNL without a componentName. The
  name was set to "Class_4" by default.
Setting "avail" is missing, so full availability is assumed.

Overview of choices for MNL model component Class_4:
                                       C1      C2       C3
Times available                  11010.00 11010.0 11010.00
Times chosen                      3670.00  3677.0  3663.00
Percentage chosen overall           33.33    33.4    33.27
Percentage chosen when available    33.33    33.4    33.27

Apollo found a model component of type MNL without a componentName. The
  name was set to "Class_5" by default.
Setting "avail" is missing, so full availability is assumed.

Overview of choices for MNL model component Class_5:
                                       C1      C2       C3
Times available                  11010.00 11010.0 11010.00
Times chosen                      3670.00  3677.0  3663.00
Percentage chosen overall           33.33    33.4    33.27
Percentage chosen when available    33.33    33.4    33.27

Apollo found a model component of type MNL without a componentName. The
  name was set to "Class_6" by default.
Setting "avail" is missing, so full availability is assumed.

Overview of choices for MNL model component Class_6:
                                       C1      C2       C3
Times available                  11010.00 11010.0 11010.00
Times chosen                      3670.00  3677.0  3663.00
Percentage chosen overall           33.33    33.4    33.27
Percentage chosen when available    33.33    33.4    33.27


Summary of class allocation for model component :
         Mean prob.
Class_1     0.15307
Class_2     0.26939
Class_3     0.24437
Class_4     0.14789
Class_5     0.13358
Class_6     0.05170

Pre-processing likelihood function...
Creating cluster...
INFORMATION: While preparing your inputs for multi-core estimation, the
  following objects were found in "apollo_inputs", but were not split
  across cores: "attrCols", "availCols", "heterogeneity_spec",
  "lognorm_price_dist", "n_classes", "n_draws", "nesting_params",
  "nesting_spec", "observed_attributes", "scalingFactor_dist",
  "utility_space". If these objects contain observation or
  individual-specific data, and thus need to be split, please add a
  column with the IDs to these objects, and call this column "ID" 
Preparing workers for multithreading...

Testing influence of parameters...................................................................................
Starting main estimation
initial  value 8056.605522 
iter   2 value 8056.605180
iter   3 value 8056.605106
iter   4 value 8056.605065
iter   5 value 8056.605001
iter   6 value 8056.604927
iter   7 value 8056.604907
iter   8 value 8056.604711
iter   9 value 8056.604637
iter  10 value 8056.604525
iter  11 value 8056.604446
iter  12 value 8056.604367
iter  13 value 8056.604274
iter  14 value 8056.604242
iter  15 value 8056.604142
iter  16 value 8056.604088
iter  17 value 8056.603938
iter  18 value 8056.603808
iter  19 value 8056.603716
iter  20 value 8056.603594
iter  21 value 8056.603555
iter  22 value 8056.603441
iter  23 value 8056.603372
iter  24 value 8056.603290
iter  25 value 8056.603177
iter  26 value 8056.602842
iter  27 value 8056.602718
iter  28 value 8056.602704
iter  29 value 8056.602682
iter  30 value 8056.602655
iter  31 value 8056.602642
iter  32 value 8056.602632
iter  33 value 8056.602598
iter  34 value 8056.602571
iter  35 value 8056.602538
iter  36 value 8056.602508
iter  37 value 8056.602487
iter  38 value 8056.602479
iter  39 value 8056.602476
iter  40 value 8056.602474
iter  41 value 8056.602472
iter  42 value 8056.602470
iter  43 value 8056.602464
iter  44 value 8056.602459
iter  45 value 8056.602458
iter  46 value 8056.602455
iter  47 value 8056.602453
iter  48 value 8056.602452
iter  49 value 8056.602451
iter  50 value 8056.602451
iter  51 value 8056.602449
iter  52 value 8056.602446
iter  53 value 8056.602445
iter  54 value 8056.602444
iter  55 value 8056.602443
iter  56 value 8056.602442
iter  57 value 8056.602441
iter  58 value 8056.602441
iter  59 value 8056.602440
iter  60 value 8056.602439
iter  61 value 8056.602439
iter  62 value 8056.602439
iter  63 value 8056.602439
iter  64 value 8056.602438
iter  65 value 8056.602438
iter  66 value 8056.602438
iter  67 value 8056.602438
iter  68 value 8056.602438
iter  69 value 8056.602438
iter  70 value 8056.602438
iter  71 value 8056.602438
iter  72 value 8056.602438
iter  73 value 8056.602438
iter  74 value 8056.602438
iter  75 value 8056.602438
iter  76 value 8056.602438
iter  77 value 8056.602438
iter  78 value 8056.602438
iter  79 value 8056.602438
iter  80 value 8056.602438
iter  81 value 8056.602438
iter  82 value 8056.602438
iter  83 value 8056.602438
iter  84 value 8056.602438
iter  85 value 8056.602438
iter  86 value 8056.602438
iter  87 value 8056.602438
iter  88 value 8056.602438
iter  89 value 8056.602438
iter  90 value 8056.602438
iter  91 value 8056.602438
iter  92 value 8056.602438
iter  93 value 8056.602438
iter  94 value 8056.602438
iter  95 value 8056.602438
iter  95 value 8056.602438
iter  95 value 8056.602438
final  value 8056.602438 
converged

Estimated parameters with approximate standard errors from BHHH matrix:
                     Estimate     BHHH se BHH t-ratio (0)
b_Price_1            -0.02262    0.002262        -10.0011
b_Acceleration_1     -0.20890    0.014299        -14.6098
b_OpCost_1           -0.10707    0.008727        -12.2681
b_hev_1               0.57564    0.103748          5.5484
b_phev20_1            0.25779    0.136629          1.8867
b_phev40_1            0.48862    0.134041          3.6453
b_bev_1               0.59061    0.108647          5.4360
b_bevRangeRel_1       0.04570    0.036607          1.2483
b_noBEVFC_1          -0.51761    0.078061         -6.6308
b_american_1          0.16262    0.096656          1.6825
b_chinese_1          -0.06188    0.118265         -0.5232
b_japanese_1          0.29335    0.098028          2.9925
b_skorean_1          -0.51475    0.096241         -5.3486
class_intercept_1     0.00000          NA              NA
b_Price_2            -0.13049    0.004610        -28.3064
b_Acceleration_2     -0.06789    0.015696         -4.3252
b_OpCost_2           -0.19560    0.009119        -21.4498
b_hev_2               0.39055    0.096102          4.0639
b_phev20_2            0.26189    0.101749          2.5739
b_phev40_2            0.47889    0.108079          4.4310
b_bev_2              -0.56590    0.108167         -5.2318
b_bevRangeRel_2       0.82335    0.044593         18.4636
b_noBEVFC_2          -0.08041    0.104109         -0.7724
b_american_2          0.12825    0.076109          1.6851
b_chinese_2          -0.82355    0.091905         -8.9610
b_japanese_2         -0.06521    0.086164         -0.7568
b_skorean_2          -0.11186    0.092042         -1.2153
class_intercept_2     0.56405    0.119477          4.7210
b_Price_3            -0.07679    0.002305        -33.3190
b_Acceleration_3     -0.09292    0.015179         -6.1218
b_OpCost_3           -0.21271    0.008783        -24.2199
b_hev_3               0.26721    0.110689          2.4141
b_phev20_3            0.24893    0.138770          1.7938
b_phev40_3            0.29641    0.097309          3.0461
b_bev_3               0.37493    0.084355          4.4446
b_bevRangeRel_3       0.17862    0.026331          6.7837
b_noBEVFC_3          -0.50878    0.088633         -5.7403
b_american_3         -0.49482    0.062479         -7.9198
b_chinese_3          -4.84246    0.196453        -24.6494
b_japanese_3          0.02496    0.047742          0.5228
b_skorean_3          -0.66877    0.062090        -10.7710
class_intercept_3     0.46741    0.113072          4.1337
b_Price_4            -0.05351    0.002680        -19.9669
b_Acceleration_4     -0.09963    0.021097         -4.7223
b_OpCost_4           -0.05943    0.015426         -3.8523
b_hev_4              -0.78796    0.144459         -5.4546
b_phev20_4           -0.92379    0.083104        -11.1161
b_phev40_4           -0.70709    0.142410         -4.9652
b_bev_4              -2.97263    0.124197        -23.9348
b_bevRangeRel_4       0.39320    0.057551          6.8321
b_noBEVFC_4          -0.65854    0.185842         -3.5436
b_american_4         -0.36340    0.154344         -2.3545
b_chinese_4          -2.00604    0.159501        -12.5770
b_japanese_4         -0.39779    0.144083         -2.7608
b_skorean_4          -0.62718    0.134790         -4.6530
class_intercept_4    -0.03426    0.131915         -0.2597
b_Price_5            -0.40002    0.024825        -16.1132
b_Acceleration_5     -0.14980    0.027371         -5.4731
b_OpCost_5           -0.26650    0.026306        -10.1305
b_hev_5              -0.55134    0.195599         -2.8187
b_phev20_5            0.06345    0.260069          0.2440
b_phev40_5           -0.53245    0.281229         -1.8933
b_bev_5               0.15922    0.193533          0.8227
b_bevRangeRel_5      -0.12540    0.078094         -1.6058
b_noBEVFC_5          -0.31425    0.200318         -1.5688
b_american_5          0.04445    0.243848          0.1823
b_chinese_5          -0.51887    0.194456         -2.6683
b_japanese_5         -0.02865    0.156807         -0.1827
b_skorean_5          -0.30811    0.213720         -1.4416
class_intercept_5    -0.13619    0.131146         -1.0384
b_Price_6            -0.05028    0.010495         -4.7909
b_Acceleration_6     -0.38890    0.084651         -4.5941
b_OpCost_6           -0.14018    0.036369         -3.8543
b_hev_6              -1.39272    0.477565         -2.9163
b_phev20_6           -0.89100    0.504738         -1.7653
b_phev40_6           -0.30373    0.396241         -0.7665
b_bev_6               1.24246    0.309173          4.0187
b_bevRangeRel_6       2.19908    0.290204          7.5777
b_noBEVFC_6          -0.42745    0.224004         -1.9082
b_american_6         -1.28226    0.407520         -3.1465
b_chinese_6          -2.59655    0.462031         -5.6199
b_japanese_6         -0.88769    0.330148         -2.6888
b_skorean_6          -1.14075    0.336609         -3.3890
class_intercept_6    -1.08718    0.183715         -5.9178

Final LL: -8056.6024


Summary of class allocation for model component :
         Mean prob.
Class_1     0.15314
Class_2     0.26919
Class_3     0.24440
Class_4     0.14799
Class_5     0.13365
Class_6     0.05163

Calculating log-likelihood at equal shares (LL(0)) for applicable
  models...
Calculating LL of each model component...
Calculating other model fit measures
INFORMATION: Your model took more than 10 minutes to estimate, so it
  was saved to file
  logs/job_35887057/LCL6_none_pref/LCL6_none_pref_model.rds before
  calculating its covariance matrix. If calculation of the covariance
  matrix fails or is stopped before finishing, you can load the model
  up to this point using apollo_loadModel. You may also want to inspect
  the approximate BHHH standard errors shown above to determine whether
  you wish to continue this process. 
Computing covariance matrix using numerical methods (numDeriv).
 0%....25%....50%....75%....100%
Negative definite Hessian with maximum eigenvalue: -2.974959

Please acknowledge the use of Apollo by citing Hess & Palma (2019) -
  doi.org/10.1016/j.jocm.2019.100170
Model output saved to logs/job_35887057/LCL6_none_pref/LCL6_none_pref_output.txt 
Estimates saved to logs/job_35887057/LCL6_none_pref/LCL6_none_pref_estimates.csv 
Model object saved to logs/job_35887057/LCL6_none_pref/LCL6_none_pref.rds 
[1] TRUE
Starting Cross-Validation 
Testing likelihood function.
5 separate runs will be conducted, each using a random subset of 80% of
  individuals for estimation, and the remainder for validation.
Number of individuals
- for estimation : 587
- for forecasting : 147
- in sample (total): 734
Estimated parameters and log-likelihoods for each sample will be
  written to:
  logs/job_35887057/LCL6_none_pref/LCL6_none_pref_outOfSample_params.csv
The matrix defining the observations used in each repetition will be
  written to:
  logs/job_35887057/LCL6_none_pref/LCL6_none_pref_outOfSample_samples.csv

Estimation cycle 1 (8805 obs.)
INFORMATION: While preparing your inputs for multi-core estimation, the
  following objects were found in "apollo_inputs", but were not split
  across cores: "attrCols", "availCols", "heterogeneity_spec",
  "lognorm_price_dist", "n_classes", "n_draws", "nesting_params",
  "nesting_spec", "observed_attributes", "scalingFactor_dist",
  "utility_space". If these objects contain observation or
  individual-specific data, and thus need to be split, please add a
  column with the IDs to these objects, and call this column "ID" 
Saving CV model as: LCL6_none_pref_CV01
Model output saved to logs/job_35887057/LCL6_none_pref/LCL6_none_pref_CV01_output.txt 
Estimates saved to logs/job_35887057/LCL6_none_pref/LCL6_none_pref_CV01_estimates.csv 
Model object saved to logs/job_35887057/LCL6_none_pref/LCL6_none_pref_CV01.rds 
Out-of-sample time: 0.027
Iter. total wall time: 1337.122 secs
Estimation results written to file.
Estimation cycle 2 (8805 obs.)
INFORMATION: While preparing your inputs for multi-core estimation, the
  following objects were found in "apollo_inputs", but were not split
  across cores: "attrCols", "availCols", "heterogeneity_spec",
  "lognorm_price_dist", "n_classes", "n_draws", "nesting_params",
  "nesting_spec", "observed_attributes", "scalingFactor_dist",
  "utility_space". If these objects contain observation or
  individual-specific data, and thus need to be split, please add a
  column with the IDs to these objects, and call this column "ID" 
Saving CV model as: LCL6_none_pref_CV02
Model output saved to logs/job_35887057/LCL6_none_pref/LCL6_none_pref_CV02_output.txt 
Estimates saved to logs/job_35887057/LCL6_none_pref/LCL6_none_pref_CV02_estimates.csv 
Model object saved to logs/job_35887057/LCL6_none_pref/LCL6_none_pref_CV02.rds 
Out-of-sample time: 0.031
Iter. total wall time: 1126.875 secs
Estimation results written to file.
Estimation cycle 3 (8805 obs.)
INFORMATION: While preparing your inputs for multi-core estimation, the
  following objects were found in "apollo_inputs", but were not split
  across cores: "attrCols", "availCols", "heterogeneity_spec",
  "lognorm_price_dist", "n_classes", "n_draws", "nesting_params",
  "nesting_spec", "observed_attributes", "scalingFactor_dist",
  "utility_space". If these objects contain observation or
  individual-specific data, and thus need to be split, please add a
  column with the IDs to these objects, and call this column "ID" 
Saving CV model as: LCL6_none_pref_CV03
Model output saved to logs/job_35887057/LCL6_none_pref/LCL6_none_pref_CV03_output.txt 
Estimates saved to logs/job_35887057/LCL6_none_pref/LCL6_none_pref_CV03_estimates.csv 
Model object saved to logs/job_35887057/LCL6_none_pref/LCL6_none_pref_CV03.rds 
Out-of-sample time: 0.029
Iter. total wall time: 1556.174 secs
Estimation results written to file.
Estimation cycle 4 (8805 obs.)
INFORMATION: While preparing your inputs for multi-core estimation, the
  following objects were found in "apollo_inputs", but were not split
  across cores: "attrCols", "availCols", "heterogeneity_spec",
  "lognorm_price_dist", "n_classes", "n_draws", "nesting_params",
  "nesting_spec", "observed_attributes", "scalingFactor_dist",
  "utility_space". If these objects contain observation or
  individual-specific data, and thus need to be split, please add a
  column with the IDs to these objects, and call this column "ID" 
Saving CV model as: LCL6_none_pref_CV04
Model output saved to logs/job_35887057/LCL6_none_pref/LCL6_none_pref_CV04_output.txt 
Estimates saved to logs/job_35887057/LCL6_none_pref/LCL6_none_pref_CV04_estimates.csv 
Model object saved to logs/job_35887057/LCL6_none_pref/LCL6_none_pref_CV04.rds 
Out-of-sample time: 0.024
Iter. total wall time: 1150.508 secs
Estimation results written to file.
Estimation cycle 5 (8805 obs.)
INFORMATION: While preparing your inputs for multi-core estimation, the
  following objects were found in "apollo_inputs", but were not split
  across cores: "attrCols", "availCols", "heterogeneity_spec",
  "lognorm_price_dist", "n_classes", "n_draws", "nesting_params",
  "nesting_spec", "observed_attributes", "scalingFactor_dist",
  "utility_space". If these objects contain observation or
  individual-specific data, and thus need to be split, please add a
  column with the IDs to these objects, and call this column "ID" 
Saving CV model as: LCL6_none_pref_CV05
Model output saved to logs/job_35887057/LCL6_none_pref/LCL6_none_pref_CV05_output.txt 
Estimates saved to logs/job_35887057/LCL6_none_pref/LCL6_none_pref_CV05_estimates.csv 
Model object saved to logs/job_35887057/LCL6_none_pref/LCL6_none_pref_CV05.rds 
Out-of-sample time: 0.028
Iter. total wall time: 1189.781 secs
Estimation results written to file.
Processing time: 1.767013 hours

Summary of cross-validation:
         LL per obs in estimation sample LL per obs in validation sample
sample_1                         -0.7401                         -0.7213
sample_2                         -0.7377                         -0.7231
sample_3                         -0.7361                         -0.7562
sample_4                         -0.7041                         -0.8658
sample_5                         -0.7348                         -0.7392
Average                          -0.7306                         -0.7611
         % difference CPU sec in validation sample
sample_1      -2.5394                      0.02700
sample_2      -1.9878                      0.03100
sample_3       2.7352                      0.02900
sample_4      22.9698                      0.02400
sample_5       0.6074                      0.02800
Average        4.3571                      0.02780
Cross-Validation Complete 
Starting Psi' on Dataset Test 
Mean Psi' (all) =  0.2291005 
Mean Psi' (chosen only) =  0.2304016 
Saved psi' dataset to:  logs/job_35887057/LCL6_none_pref//LCL6_none_pref_psi_prime_dataset.csv 
Psi' on Dataset Test Complete
Starting Speed Test 
       ___Draws___              sec/
nCores inter intra  progress  LLCall RAM(MB)
     1     0     0 ..........   0.46   956.2
     2     0     0 INFORMATION: While preparing your inputs for multi-core estimation, the
  following objects were found in "apollo_inputs", but were not split
  across cores: "attrCols", "availCols", "heterogeneity_spec",
  "lognorm_price_dist", "n_classes", "n_draws", "nesting_params",
  "nesting_spec", "observed_attributes", "scalingFactor_dist",
  "utility_space". If these objects contain observation or
  individual-specific data, and thus need to be split, please add a
  column with the IDs to these objects, and call this column "ID" 
..........   0.66  1334.6
     4     0     0 INFORMATION: While preparing your inputs for multi-core estimation, the
  following objects were found in "apollo_inputs", but were not split
  across cores: "attrCols", "availCols", "heterogeneity_spec",
  "lognorm_price_dist", "n_classes", "n_draws", "nesting_params",
  "nesting_spec", "observed_attributes", "scalingFactor_dist",
  "utility_space". If these objects contain observation or
  individual-specific data, and thus need to be split, please add a
  column with the IDs to these objects, and call this column "ID" 
..........   0.62  1701.1

Summary of results (sec. per call to LL function)
       draws0
cores1 0.4579
cores2 0.6574
cores4 0.6166
      model_name cores inter_draws intra_draws calls time_per_call ram_mb
1 LCL6_none_pref     1           0           0   100     0.4578828  956.2
2 LCL6_none_pref     2           0           0   100     0.6574424 1334.6
3 LCL6_none_pref     4           0           0   100     0.6165755 1701.1
Saved speed test results to: logs/job_35887057/LCL6_none_pref//LCL6_none_pref_speedTest.csv 
Saved detailed speed test results to: logs/job_35887057/LCL6_none_pref//LCL6_none_pref_speedTest_detailed.csv 
Speed Test Complete 
Starting Psi' Test 
Psi' Test Complete 
Starting Func Eval Timing 
Func Eval Timing Complete 
LCL6_none_pref done.
Results saved to: logs/job_35887057/LCL6_none_pref 
Done Running. Log files moved to logs/job_35887057/
