SLURM_ARRAY_JOB_ID: 35887057
SLURM_JOB_ID: 35887071
SLURM_ARRAY_TASK_ID: 13
Created job directory: logs/job_35887057
Task 13: Waiting for initialization to complete...
Task 13: Initialization complete, proceeding...
Running model 13...
Running: LCL8_none_pref 
Starting Setup 
Setup  Complete 
Starting Search-Start 
Saving original apollo_inputs 
Testing probability function (apollo_probabilities)
Apollo found a model component of type classAlloc without a
  componentName. The name was set to "classAlloc" by default.
INFORMATION: Setting "avail" is missing, so full availability is
  assumed. 
Apollo found a model component of type MNL without a componentName. The
  name was set to "Class_1" by default.
Setting "avail" is missing, so full availability is assumed.
Apollo found a model component of type MNL without a componentName. The
  name was set to "Class_2" by default.
Setting "avail" is missing, so full availability is assumed.
Apollo found a model component of type MNL without a componentName. The
  name was set to "Class_3" by default.
Setting "avail" is missing, so full availability is assumed.
Apollo found a model component of type MNL without a componentName. The
  name was set to "Class_4" by default.
Setting "avail" is missing, so full availability is assumed.
Apollo found a model component of type MNL without a componentName. The
  name was set to "Class_5" by default.
Setting "avail" is missing, so full availability is assumed.
Apollo found a model component of type MNL without a componentName. The
  name was set to "Class_6" by default.
Setting "avail" is missing, so full availability is assumed.
Apollo found a model component of type MNL without a componentName. The
  name was set to "Class_7" by default.
Setting "avail" is missing, so full availability is assumed.
Apollo found a model component of type MNL without a componentName. The
  name was set to "Class_8" by default.
Setting "avail" is missing, so full availability is assumed.
Pre-processing likelihood function...
Creating initial set of 101 candidate values.
Calculating LL of candidates 0%....50%.....100%
Total avail. cores = 32 cores
Avail. GB per core = 2 GB
Req. GB per cluster = 2 GB
Running searchStart on 32 cores.

Stage 1, 101 active candidates.
Estimating 25 BFGS iteration(s) for each active candidate.
 Candidate......LLstart.....LLfinish.....GradientNorm...Converged
         1        -9336        -8435         1636.396           0
         2        -9159        -8160         2788.449           0
         3        -9188        -8252          1595.79           0
         4        -9256        -8115         1388.725           0
         5        -8828        -8151         1274.675           0
         6        -8998        -8155          3180.83           0
         7        -8970        -8170          928.499           0
         8        -8824        -8123          938.709           0
         9        -9358        -8111         1119.876           0
        10        -9382        -8124         1092.606           0
        11        -9396        -8124         1964.371           0
        12        -9341        -8237         2010.384           0
        13        -8919        -8246         1245.048           0
        14        -9116        -8267         1275.169           0
        15        -9421        -8188         2120.037           0
        16        -9092        -8184          950.908           0
        17        -9124        -8174          1215.51           0
        18        -9031        -8097         1226.602           0
        19        -9086        -8184         1262.298           0
        20        -8995        -8163         1849.328           0
        21        -9197        -8258         1244.864           0
        22        -8865        -8070         1490.436           0
        23        -9056        -8222         1132.181           0
        24        -9158        -8234          1781.56           0
        25        -9438        -8360           626.43           0
        26        -9468        -8171         1548.995           0
        27        -8948        -8159         1002.002           0
        28        -9356        -8169         1502.796           0
        29        -9037        -8116         1698.382           0
        30        -9123        -8178         1594.458           0
        31        -9228        -8159          1295.13           0
        32        -9093        -8197         1270.721           0
        33        -9111        -8215          2353.53           0
        34        -9045        -8182         1098.143           0
        35        -8865        -8197         1504.849           0
        36        -8867        -8078          809.215           0
        37        -9020        -8184         1992.576           0
        38        -8955        -8241         2105.829           0
        39        -9189        -8094          791.207           0
        40        -9010        -8159         1348.685           0
        41        -9121        -8167         1223.288           0
        42        -8917        -8071           765.44           0
        43        -9060        -8218         2041.685           0
        44        -9113        -8184         1577.441           0
        45        -9256        -8224         1412.707           0
        46        -9190        -8293         1596.511           0
        47        -9182        -8066          1567.37           0
        48        -9052        -8315         1038.086           0
        49        -8988        -8187         1170.346           0
        50        -9108        -8391          1996.14           0
        51        -9341        -8231         2277.416           0
        52        -9404        -8187         2499.083           0
        53        -9135        -8210         1449.792           0
        54        -9081        -8171         1904.188           0
        55        -9193        -8210         1827.741           0
        56        -9000        -8123         1908.246           0
        57        -9207        -8276         2503.719           0
        58        -8839        -8160         1013.521           0
        59        -9167        -8179          1256.06           0
        60        -8990        -8044         1208.159           0
        61        -9172        -8180         1015.998           0
        62        -9309        -8275          1616.32           0
        63        -9130        -8176          903.697           0
        64        -8989        -8170          1228.35           0
        65        -9083        -8104           1826.9           0
        66        -9044        -8181         1888.562           0
        67        -9084        -8220         1520.732           0
        68        -8930        -8149          864.489           0
        69        -9095        -8235         1345.067           0
        70        -9067        -8282          953.629           0
        71        -9126        -8179         1209.978           0
        72        -9180        -8157         1363.342           0
        73        -9264        -8147         1126.857           0
        74        -9284        -8090          1250.75           0
        75        -8925        -8153         1528.011           0
        76        -8933        -8227          962.672           0
        77        -8941        -8276         1099.501           0
        78        -8960        -8117          402.113           0
        79        -8948        -8182          779.273           0
        80        -8870        -8137         1329.218           0
        81        -9345        -8224         1248.273           0
        82        -9228        -8163         1121.888           0
        83        -9090        -8170         1124.035           0
        84        -8990        -8322         1342.167           0
        85        -9109        -8256         1489.401           0
        86        -9120        -8369          981.346           0
        87        -9437        -8192         1535.128           0
        88        -8926        -8108         1340.819           0
        89        -9033        -8217         2610.835           0
        90        -9152        -8229         1876.201           0
        91        -9215        -8283         3086.554           0
        92       -19760        -9317         4802.217           0
        93       -14411        -8569         1861.497           0
        94       -13267        -8695         2111.784           0
        95       -12708        -8707         2042.155           0
        96       -14160        -8789         1654.341           0
        97       -13258        -8687         2412.317           0
        98       -15523        -8767         3136.797           0
        99       -14526        -8812         1611.764           0
       100       -13471        -8593         1216.569           0
       101       -13151        -9000         1457.141           0
Best candidate so far (LL=-8043.9)

Stage 2, 101 active candidates.
Estimating 25 BFGS iteration(s) for each active candidate.
 Candidate......LLstart.....LLfinish.....GradientNorm...Converged
         1        -8435        -8097         1108.228           0
         2        -8160        -7987         1653.201           0
         3        -8252        -8052          941.865           0
         4        -8115        -7940          830.531           0
         5        -8151        -7980          746.301           0
         6        -8155        -7969          991.015           0
         7        -8170        -8011          834.422           0
         8        -8123        -7940         1075.125           0
         9        -8111        -7976          765.889           0
        10        -8124        -7916          1002.82           0
        11        -8124        -7982          611.176           0
        12        -8237        -8006          908.192           0
        13        -8246        -8027         1692.196           0
        14        -8267        -8043         1521.868           0
        15        -8188        -7982          406.604           0
        16        -8184        -7966          861.974           0
        17        -8174        -8028          902.978           0
        18        -8097        -7985          590.702           0
        19        -8184        -8007           740.16           0
        20        -8163        -8015          887.066           0
        21        -8258        -7997          810.884           0
        22        -8070        -7943          669.109           0
        23        -8222        -8048          717.072           0
        24        -8234        -8030         1363.083           0
        25        -8360        -8120         1071.097           0
        26        -8171        -7973          545.405           0
        27        -8159        -7988         1184.849           0
        28        -8169        -7963          977.744           0
        29        -8116        -8003          785.006           0
        30        -8178        -7963           734.29           0
        31        -8159        -7950          977.226           0
        32        -8197        -8006          839.744           0
        33        -8215        -8056           562.61           0
        34        -8182        -7986          969.025           0
        35        -8197        -8034         1181.596           0
        36        -8078        -7983         1480.973           0
        37        -8184        -7987          872.434           0
        38        -8241        -7995          653.715           0
        39        -8094        -7958          765.956           0
        40        -8159        -8026          734.135           0
        41        -8167        -8015          858.085           0
        42        -8071        -7926         1020.658           0
        43        -8218        -8034          988.178           0
        44        -8184        -8002         1092.995           0
        45        -8224        -8039         1182.521           0
        46        -8293        -8100         1178.829           0
        47        -8066        -7940         1356.265           0
        48        -8315        -8033         1002.865           0
        49        -8187        -8062         1458.392           0
        50        -8391        -8076         1358.309           0
        51        -8231        -8009         1050.908           0
        52        -8187        -8027          864.713           0
        53        -8210        -8023         1110.199           0
        54        -8171        -7977         1405.174           0
        55        -8210        -7982          901.816           0
        56        -8123        -7965         1121.393           0
        57        -8276        -8054         1320.313           0
        58        -8160        -8037          980.043           0
        59        -8179        -8005          840.731           0
        60        -8044        -7940          625.725           0
        61        -8180        -7998         1254.604           0
        62        -8275        -8089          975.871           0
        63        -8176        -8017          958.488           0
        64        -8170        -8004         1124.762           0
        65        -8104        -7956          886.971           0
        66        -8181        -8004         1014.734           0
        67        -8220        -7970          692.393           0
        68        -8149        -8031          807.561           0
        69        -8235        -8048          919.101           0
        70        -8282        -7987         1043.879           0
        71        -8179        -7962         1136.832           0
        72        -8157        -7988          704.545           0
        73        -8147        -7984          778.667           0
        74        -8090        -7973          705.708           0
        75        -8153        -7982          630.056           0
        76        -8227        -7984         1129.551           0
        77        -8276        -8040          902.944           0
        78        -8117        -8014            691.8           0
        79        -8182        -8026         1251.764           0
        80        -8137        -7965          925.322           0
        81        -8224        -8010          709.499           0
        82        -8163        -7969          925.986           0
        83        -8170        -7987          780.807           0
        84        -8322        -8001          1152.86           0
        85        -8256        -7971          964.441           0
        86        -8369        -8167          1028.44           0
        87        -8192        -8007         1113.674           0
        88        -8108        -7958         1183.579           0
        89        -8217        -7938          712.358           0
        90        -8229        -7991         1068.949           0
        91        -8283        -8028         1017.594           0
        92        -9317        -8758         1600.764           0
        93        -8569        -8242         1669.467           0
        94        -8695        -8317         1057.653           0
        95        -8707        -8370         1517.204           0
        96        -8789        -8315         1090.492           0
        97        -8687        -8401           2300.5           0
        98        -8767        -8295         1219.989           0
        99        -8812        -8467          1845.58           0
       100        -8593        -8257         2909.975           0
       101        -9000        -8879          152.696           0
Best candidate so far (LL=-7915.6)

Stage 3, 101 active candidates.
Estimating 25 BFGS iteration(s) for each active candidate.
 Candidate......LLstart.....LLfinish.....GradientNorm...Converged
         1        -8097        -7911          951.912           0
         2        -7987        -7924         1235.366           0
         3        -8052        -7994          919.267           0
         4        -7940        -7902          269.484           0
         5        -7980        -7929          613.957           0
         6        -7969        -7894          679.701           0
         7        -8011        -7896          633.335           0
         8        -7940        -7875           738.49           0
         9        -7976        -7920          635.584           0
        10        -7916        -7885          412.567           0
        11        -7982        -7940          402.245           0
        12        -8006        -7943          900.601           0
        13        -8027        -7920          473.969           0
        14        -8043        -7968          498.365           0
        15        -7982        -7960          519.636           0
        16        -7966        -7911          822.244           0
        17        -8028        -7957           615.72           0
        18        -7985        -7942          209.055           0
        19        -8007        -7965          216.254           0
        20        -8015        -7975          571.404           0
        21        -7997        -7935         1085.048           0
        22        -7943        -7903          224.004           0
        23        -8048        -7975          698.441           0
        24        -8030        -7938          769.449           0
        25        -8120        -7949          750.142           0
        26        -7973        -7904          660.382           0
        27        -7988        -7920          305.032           0
        28        -7963        -7908          763.144           0
        29        -8003        -7974          448.361           0
        30        -7963        -7906          463.667           0
        31        -7950        -7897          456.699           0
        32        -8006        -7940          884.583           0
        33        -8056        -8020          256.288           0
        34        -7986        -7933          802.196           0
        35        -8034        -7984          419.895           0
        36        -7983        -7945          475.515           0
        37        -7987        -7929          781.898           0
        38        -7995        -7945          737.876           0
        39        -7958        -7916          554.588           0
        40        -8026        -7958          294.733           0
        41        -8015        -7963          453.894           0
        42        -7926        -7874          708.347           0
        43        -8034        -7986           689.14           0
        44        -8002        -7933         1127.411           0
        45        -8039        -7971           518.05           0
        46        -8100        -8024          367.583           0
        47        -7940        -7880          540.152           0
        48        -8033        -7939          562.136           0
        49        -8062        -7966         1034.213           0
        50        -8076        -7976          936.646           0
        51        -8009        -7954          721.973           0
        52        -8027        -7995          326.944           0
        53        -8023        -7976          381.736           0
        54        -7977        -7939          410.807           0
        55        -7982        -7918          421.647           0
        56        -7965        -7927          381.692           0
        57        -8054        -8002          412.157           0
        58        -8037        -7963          464.115           0
        59        -8005        -7921          387.755           0
        60        -7940        -7910          601.456           0
        61        -7998        -7910          546.434           0
        62        -8089        -7992          837.499           0
        63        -8017        -7957          553.617           0
        64        -8004        -7954           554.41           0
        65        -7956        -7915          493.257           0
        66        -8004        -7925           825.52           0
        67        -7970        -7897          530.159           0
        68        -8031        -7989          674.891           0
        69        -8048        -7979          864.804           0
        70        -7987        -7901          653.891           0
        71        -7962        -7914          314.401           0
        72        -7988        -7935          554.446           0
        73        -7984        -7932          628.882           0
        74        -7973        -7935          600.591           0
        75        -7982        -7938          787.789           0
        76        -7984        -7929          617.643           0
        77        -8040        -7946          533.931           0
        78        -8014        -7939          373.293           0
        79        -8026        -7962          314.199           0
        80        -7965        -7893          560.276           0
        81        -8010        -7910          466.149           0
        82        -7969        -7902          611.514           0
        83        -7987        -7929          564.771           0
        84        -8001        -7938          502.286           0
        85        -7971        -7901           643.11           0
        86        -8167        -8099          474.874           0
        87        -8007        -7925          747.751           0
        88        -7958        -7916           420.43           0
        89        -7938        -7874          988.477           0
        90        -7991        -7920          711.974           0
        91        -8028        -7955          847.088           0
        92        -8758        -8675         1378.576           0
        93        -8242        -8034          786.617           0
        94        -8317        -8214          743.229           0
        95        -8370        -8173          578.044           0
        96        -8315        -8220         1108.368           0
        97        -8401        -8250         1363.273           0
        98        -8295        -8143         1417.406           0
        99        -8467        -8314          779.558           0
       100        -8257        -8123          758.657           0
       101        -8879        -8876           21.399           0
Best candidate so far (LL=-7874.4)

Stage 4, 101 active candidates.
Estimating 25 BFGS iteration(s) for each active candidate.
 Candidate......LLstart.....LLfinish.....GradientNorm...Converged
         1        -7911        -7878          349.214           0
         2        -7924        -7909          920.115           0
         3        -7994        -7965          590.786           0
         4        -7902        -7887          236.834           0
         5        -7929        -7916           236.81           0
         6        -7894        -7879          290.077           0
         7        -7896        -7863           385.14           0
         8        -7875        -7862          166.317           0
         9        -7920        -7909          238.892           0
        10        -7885        -7880           261.45           0
        11        -7940        -7918          471.613           0
        12        -7943        -7920          361.524           0
        13        -7920        -7905           272.34           0
        14        -7968        -7953          283.489           0
        15        -7960        -7949          183.995           0
        16        -7911        -7891          283.103           0
        17        -7957        -7915          682.655           0
        18        -7942        -7916          578.616           0
        19        -7965        -7955          363.238           0
        20        -7975        -7937          587.722           0
        21        -7935        -7917          219.777           0
        22        -7903        -7894           271.03           0
        23        -7975        -7940          676.519           0
        24        -7938        -7915          589.248           0
        25        -7949        -7909          688.829           0
        26        -7904        -7889          390.553           0
        27        -7920        -7905          307.696           0
        28        -7908        -7883          271.206           0
        29        -7974        -7964          171.855           0
        30        -7906        -7890          455.698           0
        31        -7897        -7883          178.662           0
        32        -7940        -7911          384.446           0
        33        -8020        -8007          267.626           0
        34        -7933        -7919          321.627           0
        35        -7984        -7966          219.906           0
        36        -7945        -7920          256.369           0
        37        -7929        -7882          522.229           0
        38        -7945        -7925          360.939           0
        39        -7916        -7899          343.383           0
        40        -7958        -7934          423.678           0
        41        -7963        -7917           446.75           0
        42        -7874        -7860          308.073           0
        43        -7986        -7962          783.336           0
        44        -7933        -7906          362.446           0
        45        -7971        -7935          488.905           0
        46        -8024        -8001          507.019           0
        47        -7880        -7869          220.994           0
        48        -7939        -7894          479.809           0
        49        -7966        -7899          301.993           0
        50        -7976        -7937          864.777           0
        51        -7954        -7938          276.794           0
        52        -7995        -7968          412.814           0
        53        -7976        -7949          613.323           0
        54        -7939        -7926          345.248           0
        55        -7918        -7905          484.895           0
        56        -7927        -7920          273.875           0
        57        -8002        -7987          501.059           0
        58        -7963        -7928          219.609           0
        59        -7921        -7898           388.26           0
        60        -7910        -7901          350.467           0
        61        -7910        -7878          406.897           0
        62        -7992        -7960          648.278           0
        63        -7957        -7914          464.598           0
        64        -7954        -7939          359.651           0
        65        -7915        -7903           256.42           0
        66        -7925        -7895          370.851           0
        67        -7897        -7883          378.326           0
        68        -7989        -7953          331.734           0
        69        -7979        -7961          391.572           0
        70        -7901        -7880          487.812           0
        71        -7914        -7902          229.942           0
        72        -7935        -7922          226.239           0
        73        -7932        -7908          337.319           0
        74        -7935        -7923          234.011           0
        75        -7938        -7921          254.427           0
        76        -7929        -7908          514.239           0
        77        -7946        -7927          386.547           0
        78        -7939        -7910          397.899           0
        79        -7962        -7946          341.344           0
        80        -7893        -7873           208.28           0
        81        -7910        -7891          291.495           0
        82        -7902        -7879          608.382           0
        83        -7929        -7907          684.625           0
        84        -7938        -7892          525.235           0
        85        -7901        -7877          291.411           0
        86        -8099        -8068          332.064           0
        87        -7925        -7892          430.213           0
        88        -7916        -7909          291.655           0
        89        -7874        -7855          179.604           0
        90        -7920        -7886          430.994           0
        91        -7955        -7923          399.172           0
        92        -8675        -8552         1417.777           0
        93        -8034        -8005          328.771           0
        94        -8214        -8184          274.069           0
        95        -8173        -8086          541.778           0
        96        -8220        -8166         1170.519           0
        97        -8250        -8185          733.843           0
        98        -8143        -8082          706.308           0
        99        -8314        -8268          234.486           0
       100        -8123        -8094          275.486           0
       101        -8876        -8875            5.508           0
Best candidate so far (LL=-7854.9)

Stage 5, 101 active candidates.
Estimating 25 BFGS iteration(s) for each active candidate.
 Candidate......LLstart.....LLfinish.....GradientNorm...Converged
         1        -7878        -7869          110.846           0
         2        -7909        -7904          479.675           0
         3        -7965        -7950          412.247           0
         4        -7887        -7877          668.451           0
         5        -7916        -7914          146.749           0
         6        -7879        -7872          141.799           0
         7        -7863        -7853           311.62           0
         8        -7862        -7860          115.137           0
         9        -7909        -7902          362.395           0
        10        -7880        -7879           87.016           0
        11        -7918        -7912          265.359           0
        12        -7920        -7913          202.341           0
        13        -7905        -7901          147.092           0
        14        -7953        -7951          140.188           0
        15        -7949        -7934          512.445           0
        16        -7891        -7885          467.202           0
        17        -7915        -7901           217.24           0
        18        -7916        -7869           508.57           0
        19        -7955        -7950          115.189           0
        20        -7937        -7915           347.57           0
        21        -7917        -7915           88.764           0
        22        -7894        -7884          213.169           0
        23        -7940        -7928          199.223           0
        24        -7915        -7909          223.775           0
        25        -7909        -7889           409.82           0
        26        -7889        -7884          220.334           0
        27        -7905        -7902          120.556           0
        28        -7883        -7880          201.352           0
        29        -7964        -7961          103.262           0
        30        -7890        -7886          215.672           0
        31        -7883        -7870          137.604           0
        32        -7911        -7905          237.614           0
        33        -8007        -8000           96.911           0
        34        -7919        -7914          143.143           0
        35        -7966        -7962           84.389           0
        36        -7920        -7897          292.424           0
        37        -7882        -7870          209.032           0
        38        -7925        -7901          340.327           0
        39        -7899        -7880          309.367           0
        40        -7934        -7911           387.29           0
        41        -7917        -7891          378.204           0
        42        -7860        -7858          122.678           0
        43        -7962        -7925          341.283           0
        44        -7906        -7901          185.528           0
        45        -7935        -7917          317.736           0
        46        -8001        -7990          122.709           0
        47        -7869        -7867          124.375           0
        48        -7894        -7875          305.112           0
        49        -7899        -7885          243.049           0
        50        -7937        -7902          500.888           0
        51        -7938        -7934          147.191           0
        52        -7968        -7933          685.027           0
        53        -7949        -7933          204.962           0
        54        -7926        -7922          166.528           0
        55        -7905        -7897          164.444           0
        56        -7920        -7909          303.213           0
        57        -7987        -7948          546.961           0
        58        -7928        -7918          303.224           0
        59        -7898        -7884          163.342           0
        60        -7901        -7899          114.549           0
        61        -7878        -7866           201.56           0
        62        -7960        -7935          329.624           0
        63        -7914        -7895          347.868           0
        64        -7939        -7933          258.293           0
        65        -7903        -7901           87.744           0
        66        -7895        -7889          165.688           0
        67        -7883        -7880          114.185           0
        68        -7953        -7944          518.575           0
        69        -7961        -7953          217.865           0
        70        -7880        -7876           74.145           0
        71        -7902        -7896          278.362           0
        72        -7922        -7910          694.884           0
        73        -7908        -7901          276.667           0
        74        -7923        -7920          135.839           0
        75        -7921        -7916          164.001           0
        76        -7908        -7892          368.961           0
        77        -7927        -7919          170.136           0
        78        -7910        -7902           185.92           0
        79        -7946        -7931          399.762           0
        80        -7873        -7866          312.124           0
        81        -7891        -7887          140.743           0
        82        -7879        -7870          119.847           0
        83        -7907        -7897          213.452           0
        84        -7892        -7881          227.915           0
        85        -7877        -7869          246.673           0
        86        -8068        -8055          253.539           0
        87        -7892        -7885          144.006           0
        88        -7909        -7908           33.249           0
        89        -7855        -7852            87.26           0
        90        -7886        -7876           404.67           0
        91        -7923        -7916          276.471           0
        92        -8552        -8477          158.272           0
        93        -8005        -7996          209.751           0
        94        -8184        -8174           71.199           0
        95        -8086        -8039          888.376           0
        96        -8166        -8122          467.638           0
        97        -8185        -8175          207.726           0
        98        -8082        -8066          471.316           0
        99        -8268        -8263          107.219           0
       100        -8094        -8089          102.031           0
       101        -8875        -8875           62.385           0
Best candidate so far (LL=-7852.2)

Stage 6, 101 active candidates.
Estimating 25 BFGS iteration(s) for each active candidate.
 Candidate......LLstart.....LLfinish.....GradientNorm...Converged
         1        -7869        -7860          222.822           0
         2        -7904        -7902          300.393           0
         3        -7950        -7944          119.064           0
         4        -7877        -7869          185.931           0
         5        -7914        -7913           79.394           0
         6        -7872        -7870           63.155           0
         7        -7853        -7849           70.282           0
         8        -7860        -7859           71.457           0
         9        -7902        -7888          277.627           0
        10        -7879        -7878           30.902           0
        11        -7912        -7910           70.166           0
        12        -7913        -7911           97.919           0
        13        -7901        -7899           76.312           0
        14        -7951        -7949           34.198           0
        15        -7934        -7908          229.767           0
        16        -7885        -7873          153.003           0
        17        -7901        -7899          228.636           0
        18        -7869        -7860          413.174           0
        19        -7950        -7948           59.232           0
        20        -7915        -7901          299.571           0
        21        -7915        -7915           49.655           0
        22        -7884        -7878          301.506           0
        23        -7928        -7923          505.659           0
        24        -7909        -7908           63.384           0
        25        -7889        -7882          125.568           0
        26        -7884        -7882          119.965           0
        27        -7902        -7901           76.624           0
        28        -7880        -7879           71.142           0
        29        -7961        -7958           97.036           0
        30        -7886        -7883          143.969           0
        31        -7870        -7867          178.543           0
        32        -7905        -7903           93.939           0
        33        -8000        -7996           63.268           0
        34        -7914        -7913           45.314           0
        35        -7962        -7960           57.498           0
        36        -7897        -7892          188.498           0
        37        -7870        -7867          108.399           0
        38        -7901        -7884          321.811           0
        39        -7880        -7872          167.019           0
        40        -7911        -7893          274.178           0
        41        -7891        -7876          233.025           0
        42        -7858        -7858           79.504           0
        43        -7925        -7911          432.594           0
        44        -7901        -7900          116.029           0
        45        -7917        -7910          177.836           0
        46        -7990        -7979          301.633           0
        47        -7867        -7867           18.778           0
        48        -7875        -7870          342.902           0
        49        -7885        -7879          138.471           0
        50        -7902        -7886          319.269           0
        51        -7934        -7933           88.787           0
        52        -7933        -7902          235.317           0
        53        -7933        -7926          220.973           0
        54        -7922        -7922           34.428           0
        55        -7897        -7890          126.444           0
        56        -7909        -7904            225.6           0
        57        -7948        -7911          343.753           0
        58        -7918        -7916           64.332           0
        59        -7884        -7881           78.222           0
        60        -7899        -7899            17.34           0
        61        -7866        -7861          152.043           0
        62        -7935        -7924           266.06           0
        63        -7895        -7879          620.374           0
        64        -7933        -7922          578.369           0
        65        -7901        -7900           77.262           0
        66        -7889        -7888           92.076           0
        67        -7880        -7879           51.676           0
        68        -7944        -7940          282.949           0
        69        -7953        -7938          219.119           0
        70        -7876        -7875           57.686           0
        71        -7896        -7894           102.01           0
        72        -7910        -7872           476.92           0
        73        -7901        -7899          137.828           0
        74        -7920        -7919            65.03           0
        75        -7916        -7912           83.754           0
        76        -7892        -7887          155.901           0
        77        -7919        -7916          169.824           0
        78        -7902        -7899           80.519           0
        79        -7931        -7895          353.862           0
        80        -7866        -7864           81.816           0
        81        -7887        -7885          138.958           0
        82        -7870        -7868           86.553           0
        83        -7897        -7895          140.947           0
        84        -7881        -7879            81.92           0
        85        -7869        -7866          109.859           0
        86        -8055        -8046          112.373           0
        87        -7885        -7883          127.687           0
        88        -7908        -7908           16.813           0
        89        -7852        -7851           74.026           0
        90        -7876        -7865          205.098           0
        91        -7916        -7903          166.683           0
        92        -8477        -8467          194.211           0
        93        -7996        -7969          217.042           0
        94        -8174        -8164          172.138           0
        95        -8039        -8017          408.992           0
        96        -8122        -8094          495.653           0
        97        -8175        -8173           32.724           0
        98        -8066        -8063          168.664           0
        99        -8263        -8262           18.477           0
       100        -8089        -8086           58.889           0
       101        -8875        -8874           54.797           0
Best candidate so far (LL=-7849.2)

Stage 7, 101 active candidates.
Estimating 25 BFGS iteration(s) for each active candidate.
 Candidate......LLstart.....LLfinish.....GradientNorm...Converged
         1        -7860        -7858           93.447           0
         2        -7902        -7902          130.776           0
         3        -7944        -7941           69.497           0
         4        -7869        -7867          112.434           0
         5        -7913        -7912           19.434           0
         6        -7870        -7867           78.865           0
         7        -7849        -7848           60.278           0
         8        -7859        -7858           60.567           0
         9        -7888        -7884          206.029           0
        10        -7878        -7878            4.635           1
        11        -7910        -7910           28.964           0
        12        -7911        -7910           48.917           0
        13        -7899        -7898           45.754           0
        14        -7949        -7948           37.531           0
        15        -7908        -7901          297.812           0
        16        -7873        -7870            70.13           0
        17        -7899        -7898           90.637           0
        18        -7860        -7858           99.268           0
        19        -7948        -7947           63.002           0
        20        -7901        -7896          152.558           0
        21        -7915        -7915           32.215           0
        22        -7878        -7876           97.657           0
        23        -7923        -7903          330.829           0
        24        -7908        -7908           17.569           0
        25        -7882        -7878          198.653           0
        26        -7882        -7880          117.192           0
        27        -7901        -7900           67.724           0
        28        -7879        -7878           31.412           0
        29        -7958        -7947          336.793           0
        30        -7883        -7881           92.842           0
        31        -7867        -7867           55.735           0
        32        -7903        -7902           28.148           0
        33        -7996        -7995           47.469           0
        34        -7913        -7913           23.129           0
        35        -7960        -7959           66.936           0
        36        -7892        -7890           74.146           0
        37        -7867        -7865          138.963           0
        38        -7884        -7881          109.669           0
        39        -7872        -7870          200.195           0
        40        -7893        -7882          223.248           0
        41        -7876        -7867          206.177           0
        42        -7858        -7857           19.508           0
        43        -7911        -7903          158.095           0
        44        -7900        -7899           23.226           0
        45        -7910        -7904          190.777           0
        46        -7979        -7970          221.845           0
        47        -7867        -7867           12.029           0
        48        -7870        -7868           62.187           0
        49        -7879        -7877          108.784           0
        50        -7886        -7881          242.748           0
        51        -7933        -7932           35.558           0
        52        -7902        -7896          286.506           0
        53        -7926        -7917          468.249           0
        54        -7922        -7922           49.416           0
        55        -7890        -7886          261.744           0
        56        -7904        -7902            118.3           0
        57        -7911        -7899          372.148           0
        58        -7916        -7915           22.908           0
        59        -7881        -7880           61.374           0
        60        -7899        -7899           14.001           0
        61        -7861        -7859          110.539           0
        62        -7924        -7917          207.925           0
        63        -7879        -7857          279.198           0
        64        -7922        -7909          404.692           0
        65        -7900        -7900           28.586           0
        66        -7888        -7887           32.963           0
        67        -7879        -7878           51.324           0
        68        -7940        -7930          133.684           0
        69        -7938        -7934          185.127           0
        70        -7875        -7875           26.463           0
        71        -7894        -7894           51.731           0
        72        -7872        -7859            290.7           0
        73        -7899        -7899           20.607           0
        74        -7919        -7919           21.522           0
        75        -7912        -7904          119.752           0
        76        -7887        -7884           83.895           0
        77        -7916        -7914           92.032           0
        78        -7899        -7898           70.508           0
        79        -7895        -7886          177.713           0
        80        -7864        -7864           40.701           0
        81        -7885        -7881          138.726           0
        82        -7868        -7867           93.466           0
        83        -7895        -7895           29.549           0
        84        -7879        -7878           52.154           0
        85        -7866        -7864           85.048           0
        86        -8046        -8026          396.537           0
        87        -7883        -7881            52.18           0
        88        -7908        -7908           17.999           0
        89        -7851        -7851           33.697           0
        90        -7865        -7861          299.181           0
        91        -7903        -7899           93.376           0
        92        -8467        -8461           24.073           0
        93        -7969        -7923          773.647           0
        94        -8164        -8159           66.702           0
        95        -8017        -8013          121.217           0
        96        -8094        -8080          352.845           0
        97        -8173        -8172            19.44           0
        98        -8063        -8062           47.909           0
        99        -8262        -8261           21.807           0
       100        -8086        -8083          138.919           0
       101        -8874        -8873            7.397           0
Best candidate so far (LL=-7848.3)

Stage 8, 100 active candidates.
Estimating 25 BFGS iteration(s) for each active candidate.
 Candidate......LLstart.....LLfinish.....GradientNorm...Converged
         1        -7858        -7858           54.513           0
         2        -7902        -7901           98.483           0
         3        -7941        -7938          100.195           0
         4        -7867        -7867           49.197           0
         5        -7912        -7912           45.801           0
         6        -7867        -7866           65.117           0
         7        -7848        -7848           34.198           0
         8        -7858        -7857           24.132           0
         9        -7884        -7882           91.792           0
        11        -7910        -7910            8.472           0
        12        -7910        -7910           25.158           0
        13        -7898        -7898           28.279           0
        14        -7948        -7947           44.245           0
        15        -7901        -7899           91.672           0
        16        -7870        -7868           77.825           0
        17        -7898        -7897           19.848           0
        18        -7858        -7858           19.932           0
        19        -7947        -7946           66.938           0
        20        -7896        -7894           84.138           0
        21        -7915        -7915           15.215           0
        22        -7876        -7873          123.152           0
        23        -7903        -7898          211.486           0
        24        -7908        -7908            15.04           0
        25        -7878        -7877           46.025           0
        26        -7880        -7880           19.569           0
        27        -7900        -7900           60.809           0
        28        -7878        -7878           10.584           0
        29        -7947        -7939          227.444           0
        30        -7881        -7876          159.341           0
        31        -7867        -7867            6.045           0
        32        -7902        -7902           43.844           0
        33        -7995        -7993          114.229           0
        34        -7913        -7913           13.338           0
        35        -7959        -7958           77.123           0
        36        -7890        -7889           72.891           0
        37        -7865        -7864           33.503           0
        38        -7881        -7880           51.776           0
        39        -7870        -7868          107.488           0
        40        -7882        -7878          154.965           0
        41        -7867        -7865           53.581           0
        42        -7857        -7857           15.254           0
        43        -7903        -7900          160.318           0
        44        -7899        -7899           24.932           0
        45        -7904        -7896          133.199           0
        46        -7970        -7968          216.226           0
        47        -7867        -7867            1.477           1
        48        -7868        -7867           41.055           0
        49        -7877        -7869          222.883           0
        50        -7881        -7880          123.905           0
        51        -7932        -7932           29.111           0
        52        -7896        -7895          113.025           0
        53        -7917        -7893          393.484           0
        54        -7922        -7921            11.24           0
        55        -7886        -7882          130.257           0
        56        -7902        -7902           49.093           0
        57        -7899        -7888          212.127           0
        58        -7915        -7915           26.188           0
        59        -7880        -7880           51.958           0
        60        -7899        -7899            2.695           1
        61        -7859        -7858           87.652           0
        62        -7917        -7907          149.367           0
        63        -7857        -7853          178.036           0
        64        -7909        -7896          145.119           0
        65        -7900        -7900           10.557           0
        66        -7887        -7887           24.492           0
        67        -7878        -7878           21.705           0
        68        -7930        -7928          191.147           0
        69        -7934        -7932          124.866           0
        70        -7875        -7875           17.695           0
        71        -7894        -7894           17.814           0
        72        -7859        -7851          205.248           0
        73        -7899        -7899            15.54           0
        74        -7919        -7919           25.279           0
        75        -7904        -7902          125.864           0
        76        -7884        -7883           78.125           0
        77        -7914        -7914            29.54           0
        78        -7898        -7897           29.422           0
        79        -7886        -7884          104.153           0
        80        -7864        -7864            19.34           0
        81        -7881        -7880          106.756           0
        82        -7867        -7867           25.295           0
        83        -7895        -7895           21.832           0
        84        -7878        -7878            19.17           0
        85        -7864        -7864           24.804           0
        86        -8026        -8012          124.639           0
        87        -7881        -7880           58.699           0
        88        -7908        -7908            8.203           0
        89        -7851        -7851           11.997           0
        90        -7861        -7860           81.549           0
        91        -7899        -7897           37.033           0
        92        -8461        -8456           55.264           0
        93        -7923        -7903          199.439           0
        94        -8159        -8157           37.254           0
        95        -8013        -8010           59.373           0
        96        -8080        -8073          112.952           0
        97        -8172        -8172           10.833           0
        98        -8062        -8061           24.311           0
        99        -8261        -8261            9.479           0
       100        -8083        -8076          139.591           0
       101        -8873        -8872           20.126           0
Candidate 31 dropped.
- Failed test 1: Too close to 47 in parameter space.
Best candidate so far (LL=-7848.1)

Stage 9, 97 active candidates.
Estimating 25 BFGS iteration(s) for each active candidate.
 Candidate......LLstart.....LLfinish.....GradientNorm...Converged
         1        -7858        -7857           27.248           0
         2        -7901        -7901            65.29           0
         3        -7938        -7937            93.05           0
         4        -7867        -7867           21.009           0
         5        -7912        -7910           89.041           0
         6        -7866        -7866           22.002           0
         7        -7848        -7848           28.933           0
         8        -7857        -7857           32.511           0
         9        -7882        -7880           69.678           0
        11        -7910        -7910            2.343           1
        12        -7910        -7910           20.076           0
        13        -7898        -7898           15.228           0
        14        -7947        -7945          104.259           0
        15        -7899        -7899           35.064           0
        16        -7868        -7867           76.612           0
        17        -7897        -7897            5.572           0
        18        -7858        -7857           13.118           0
        19        -7946        -7945           20.486           0
        20        -7894        -7893            51.81           0
        21        -7915        -7915            3.969           1
        22        -7873        -7861          302.962           0
        23        -7898        -7897           72.283           0
        24        -7908        -7908           14.051           0
        25        -7877        -7876           52.165           0
        26        -7880        -7880           15.505           0
        27        -7900        -7900            2.529           1
        28        -7878        -7878            2.703           1
        29        -7939        -7934          170.066           0
        30        -7876        -7868          105.247           0
        32        -7902        -7902           14.352           0
        33        -7993        -7992           43.521           0
        34        -7913        -7913           11.158           1
        35        -7958        -7957           41.295           0
        36        -7889        -7889           20.687           0
        37        -7864        -7864           54.728           0
        38        -7880        -7880           47.794           0
        39        -7868        -7866           40.398           0
        40        -7878        -7876          109.891           0
        41        -7865        -7865           42.714           0
        42        -7857        -7857           26.137           0
        43        -7900        -7896          225.246           0
        44        -7899        -7899           16.043           0
        45        -7896        -7891           227.09           0
        46        -7968        -7967           83.062           0
        48        -7867        -7867           35.717           0
        49        -7869        -7857          161.218           0
        50        -7880        -7880           53.616           0
        51        -7932        -7932           21.889           0
        52        -7895        -7894           45.389           0
        53        -7893        -7882          336.138           0
        54        -7921        -7921            1.698           1
        55        -7882        -7879          102.695           0
        56        -7902        -7902           12.457           0
        57        -7888        -7883          124.636           0
        58        -7915        -7915           88.296           0
        59        -7880        -7880           13.677           0
        61        -7858        -7857            39.56           0
        62        -7907        -7898          146.442           0
        63        -7853        -7851           56.851           0
        64        -7896        -7894          121.805           0
        65        -7900        -7900             7.19           1
        66        -7887        -7886           26.683           0
        67        -7878        -7878           18.507           0
        68        -7928        -7928            55.94           0
        69        -7932        -7932           67.213           0
        70        -7875        -7875            1.931           1
        71        -7894        -7894           16.333           0
        72        -7851        -7849           86.402           0
        73        -7899        -7899           10.176           0
        74        -7919        -7919           24.293           1
        75        -7902        -7902           34.994           0
        76        -7883        -7883           43.533           0
        77        -7914        -7914           38.933           0
        78        -7897        -7896           21.608           0
        79        -7884        -7883           65.831           0
        80        -7864        -7863           30.472           0
        81        -7880        -7880           51.257           0
        82        -7867        -7867            4.058           1
        83        -7895        -7895           12.866           1
        84        -7878        -7878            7.146           1
        85        -7864        -7864           42.066           0
        86        -8012        -8010            45.81           0
        87        -7880        -7880           23.224           0
        88        -7908        -7908            3.107           1
        89        -7851        -7851            2.676           1
        90        -7860        -7859           31.045           0
        91        -7897        -7896           49.757           0
        92        -8456        -8453           16.023           0
        93        -7903        -7900           94.591           0
        94        -8157        -8155           70.212           0
        95        -8010        -8009           46.334           0
        96        -8073        -8071          181.652           0
        97        -8172        -8172           31.623           1
        98        -8061        -8061            10.27           0
        99        -8261        -8260            14.81           0
       100        -8076        -8074          162.666           0
       101        -8872        -8869           18.486           0
Best candidate so far (LL=-7848)

Stage 10, 82 active candidates.
Estimating 100 BFGS iteration(s) for each active candidate.
 Candidate......LLstart.....LLfinish.....GradientNorm...Converged
         1        -7857        -7857            0.465           1
         2        -7901        -7901            0.402           1
         3        -7937        -7929           14.212           0
         4        -7867        -7867            1.491           1
         5        -7910        -7908             0.17           1
         6        -7866        -7861           81.751           0
         7        -7848        -7848            1.895           1
         8        -7857        -7857            4.299           1
         9        -7880        -7879             0.16           1
        12        -7910        -7910            0.489           1
        13        -7898        -7898            3.586           1
        14        -7945        -7936            0.506           1
        15        -7899        -7899            0.442           1
        16        -7867        -7867            0.353           1
        17        -7897        -7897            2.199           1
        18        -7857        -7857            0.338           1
        19        -7945        -7938            1.363           0
        20        -7893        -7886            1.667           0
        22        -7861        -7851            0.476           1
        23        -7897        -7890            1.263           0
        24        -7908        -7908            1.848           1
        25        -7876        -7864           15.446           0
        26        -7880        -7880            0.974           1
        29        -7934        -7897           45.992           0
        30        -7868        -7857            0.372           1
        32        -7902        -7902             1.78           1
        33        -7992        -7987            0.298           1
        35        -7957        -7910           188.31           0
        36        -7889        -7889            1.233           1
        37        -7864        -7859            0.869           1
        38        -7880        -7879            1.002           1
        39        -7866        -7863            77.24           0
        40        -7876        -7851             1.39           0
        41        -7865        -7851            0.497           1
        42        -7857        -7857            1.224           1
        43        -7896        -7857            0.988           1
        44        -7899        -7899           31.222           1
        45        -7891        -7885             0.48           0
        46        -7967        -7966            0.727           0
        48        -7867        -7867            1.005           1
        49        -7857        -7848            0.336           1
        50        -7880        -7880            2.834           1
        51        -7932        -7931            0.891           0
        52        -7894        -7894              0.8           1
        53        -7882        -7879             0.34           1
        55        -7879        -7878            6.327           1
        56        -7902        -7902            5.874           1
        57        -7883        -7878            0.363           1
        58        -7915        -7900           14.097           0
        59        -7880        -7880            0.405           1
        61        -7857        -7857            0.925           1
        62        -7898        -7878          601.896           0
        63        -7851        -7851            2.251           1
        64        -7894        -7894            1.567           1
        66        -7886        -7885            0.123           0
        67        -7878        -7878            6.461           1
        68        -7928        -7916            9.486           0
        69        -7932        -7924          122.238           0
        71        -7894        -7894            2.823           1
        72        -7849        -7848             0.46           1
        73        -7899        -7899            2.338           1
        75        -7902        -7863            1.424           0
        76        -7883        -7882            2.111           1
        77        -7914        -7914            1.819           1
        78        -7896        -7896             0.32           1
        79        -7883        -7882            0.742           1
        80        -7863        -7859            1.776           1
        81        -7880        -7879            2.562           1
        85        -7864        -7859            1.609           1
        86        -8010        -8007            0.496           0
        87        -7880        -7880             0.84           1
        90        -7859        -7859              0.7           1
        91        -7896        -7886            7.717           0
        92        -8453        -8426           79.809           0
        93        -7900        -7899            0.399           1
        94        -8155        -8130            3.988           0
        95        -8009        -8000            2.493           0
        96        -8071        -8069            0.008           1
        98        -8061        -8060            1.527           1
        99        -8260        -8257            0.061           1
       100        -8074        -8007           17.894           0
       101        -8869        -8860            12.79           1
Best candidate so far (LL=-7847.7)

Stage 11, 26 active candidates.
Estimating 100 BFGS iteration(s) for each active candidate.
 Candidate......LLstart.....LLfinish.....GradientNorm...Converged
         3        -7929        -7928            0.348           1
         6        -7861        -7859            0.399           1
        19        -7938        -7938            3.274           1
        20        -7886        -7886            2.715           1
        23        -7890        -7890            2.163           1
        25        -7864        -7859             0.85           1
        29        -7897        -7895             0.15           1
        35        -7910        -7881            0.574           1
        39        -7863        -7859            1.539           1
        40        -7851        -7851            0.962           1
        45        -7885        -7885            0.394           1
        46        -7966        -7966            0.486           1
        49        -7848        -7848                0           1
        51        -7931        -7931            0.496           1
        58        -7900        -7900            1.578           1
        62        -7878        -7859            4.561           0
        66        -7885        -7885            0.157           1
        68        -7916        -7916            1.269           1
        69        -7924        -7884           12.638           0
        75        -7863        -7863            0.731           1
        86        -8007        -8007            0.428           1
        91        -7886        -7886            0.389           0
        92        -8426        -8424              NaN           1
        94        -8130        -8130             2.83           1
        95        -8000        -8000            1.556           1
       100        -8007        -7987           38.541           0
Best candidate so far (LL=-7847.7)

Stage 12, 5 active candidates.
Estimating 100 BFGS iteration(s) for each active candidate.
 Candidate......LLstart.....LLfinish.....GradientNorm...Converged
        49        -7848        -7848                0           1
        62        -7859        -7859             2.21           1
        69        -7884        -7883            2.563           0
        91        -7886        -7886            2.033           1
       100        -7987        -7986            6.898           1
Best candidate so far (LL=-7847.7)

Stage 13, 2 active candidates.
Estimating 100 BFGS iteration(s) for each active candidate.
 Candidate......LLstart.....LLfinish.....GradientNorm...Converged
        49        -7848        -7848                0           1
        69        -7883        -7883            1.627           1
Best candidate so far (LL=-7847.7)
  n_points n_best n_within_tol did_best_conv
1      101      1            3          TRUE
Search-Start Execution Complete 
Using  32 cores. 
Search-Start Post-Processing Complete 
Starting main estimation 
Preparing user-defined functions.

Testing likelihood function...
Apollo found a model component of type classAlloc without a
  componentName. The name was set to "classAlloc" by default.
INFORMATION: Setting "avail" is missing, so full availability is
  assumed. 
Apollo found a model component of type MNL without a componentName. The
  name was set to "Class_1" by default.
Setting "avail" is missing, so full availability is assumed.

Overview of choices for MNL model component Class_1:
                                       C1      C2       C3
Times available                  11010.00 11010.0 11010.00
Times chosen                      3670.00  3677.0  3663.00
Percentage chosen overall           33.33    33.4    33.27
Percentage chosen when available    33.33    33.4    33.27

Apollo found a model component of type MNL without a componentName. The
  name was set to "Class_2" by default.
Setting "avail" is missing, so full availability is assumed.

Overview of choices for MNL model component Class_2:
                                       C1      C2       C3
Times available                  11010.00 11010.0 11010.00
Times chosen                      3670.00  3677.0  3663.00
Percentage chosen overall           33.33    33.4    33.27
Percentage chosen when available    33.33    33.4    33.27

Apollo found a model component of type MNL without a componentName. The
  name was set to "Class_3" by default.
Setting "avail" is missing, so full availability is assumed.

Overview of choices for MNL model component Class_3:
                                       C1      C2       C3
Times available                  11010.00 11010.0 11010.00
Times chosen                      3670.00  3677.0  3663.00
Percentage chosen overall           33.33    33.4    33.27
Percentage chosen when available    33.33    33.4    33.27

Apollo found a model component of type MNL without a componentName. The
  name was set to "Class_4" by default.
Setting "avail" is missing, so full availability is assumed.

Overview of choices for MNL model component Class_4:
                                       C1      C2       C3
Times available                  11010.00 11010.0 11010.00
Times chosen                      3670.00  3677.0  3663.00
Percentage chosen overall           33.33    33.4    33.27
Percentage chosen when available    33.33    33.4    33.27

Apollo found a model component of type MNL without a componentName. The
  name was set to "Class_5" by default.
Setting "avail" is missing, so full availability is assumed.

Overview of choices for MNL model component Class_5:
                                       C1      C2       C3
Times available                  11010.00 11010.0 11010.00
Times chosen                      3670.00  3677.0  3663.00
Percentage chosen overall           33.33    33.4    33.27
Percentage chosen when available    33.33    33.4    33.27

Apollo found a model component of type MNL without a componentName. The
  name was set to "Class_6" by default.
Setting "avail" is missing, so full availability is assumed.

Overview of choices for MNL model component Class_6:
                                       C1      C2       C3
Times available                  11010.00 11010.0 11010.00
Times chosen                      3670.00  3677.0  3663.00
Percentage chosen overall           33.33    33.4    33.27
Percentage chosen when available    33.33    33.4    33.27

Apollo found a model component of type MNL without a componentName. The
  name was set to "Class_7" by default.
Setting "avail" is missing, so full availability is assumed.

Overview of choices for MNL model component Class_7:
                                       C1      C2       C3
Times available                  11010.00 11010.0 11010.00
Times chosen                      3670.00  3677.0  3663.00
Percentage chosen overall           33.33    33.4    33.27
Percentage chosen when available    33.33    33.4    33.27

Apollo found a model component of type MNL without a componentName. The
  name was set to "Class_8" by default.
Setting "avail" is missing, so full availability is assumed.

Overview of choices for MNL model component Class_8:
                                       C1      C2       C3
Times available                  11010.00 11010.0 11010.00
Times chosen                      3670.00  3677.0  3663.00
Percentage chosen overall           33.33    33.4    33.27
Percentage chosen when available    33.33    33.4    33.27


Summary of class allocation for model component :
         Mean prob.
Class_1     0.17173
Class_2     0.22371
Class_3     0.20224
Class_4     0.13252
Class_5     0.08409
Class_6     0.07590
Class_7     0.06121
Class_8     0.04861

Pre-processing likelihood function...
Creating cluster...
INFORMATION: While preparing your inputs for multi-core estimation, the
  following objects were found in "apollo_inputs", but were not split
  across cores: "attrCols", "availCols", "heterogeneity_spec",
  "lognorm_price_dist", "n_classes", "n_draws", "nesting_params",
  "nesting_spec", "observed_attributes", "scalingFactor_dist",
  "utility_space". If these objects contain observation or
  individual-specific data, and thus need to be split, please add a
  column with the IDs to these objects, and call this column "ID" 
Preparing workers for multithreading...

Testing influence of parameters...............................................................................................................
Starting main estimation
initial  value 7847.663690 
iter   2 value 7847.663689
iter   3 value 7847.663680
iter   4 value 7847.663664
iter   5 value 7847.663644
iter   6 value 7847.663634
iter   7 value 7847.663598
iter   8 value 7847.663593
iter   9 value 7847.663575
iter  10 value 7847.663558
iter  11 value 7847.663541
iter  12 value 7847.663539
iter  13 value 7847.663522
iter  14 value 7847.663521
iter  15 value 7847.663519
iter  16 value 7847.663512
iter  17 value 7847.663511
iter  18 value 7847.663508
iter  19 value 7847.663503
iter  20 value 7847.663499
iter  21 value 7847.663494
iter  22 value 7847.663490
iter  23 value 7847.663484
iter  24 value 7847.663481
iter  25 value 7847.663478
iter  26 value 7847.663474
iter  27 value 7847.663472
iter  28 value 7847.663467
iter  29 value 7847.663462
iter  30 value 7847.663457
iter  31 value 7847.663453
iter  32 value 7847.663450
iter  33 value 7847.663447
iter  34 value 7847.663445
iter  35 value 7847.663442
iter  36 value 7847.663439
iter  37 value 7847.663436
iter  38 value 7847.663433
iter  39 value 7847.663431
iter  40 value 7847.663428
iter  41 value 7847.663428
iter  42 value 7847.663426
iter  43 value 7847.663426
iter  44 value 7847.663425
iter  45 value 7847.663424
iter  46 value 7847.663424
iter  47 value 7847.663423
iter  48 value 7847.663423
iter  49 value 7847.663423
iter  50 value 7847.663422
iter  51 value 7847.663421
iter  52 value 7847.663421
iter  53 value 7847.663421
iter  54 value 7847.663420
iter  55 value 7847.663420
iter  56 value 7847.663420
iter  57 value 7847.663420
iter  58 value 7847.663420
iter  59 value 7847.663419
iter  60 value 7847.663419
iter  61 value 7847.663419
iter  62 value 7847.663419
iter  63 value 7847.663419
iter  64 value 7847.663419
iter  65 value 7847.663419
iter  66 value 7847.663419
iter  67 value 7847.663419
iter  68 value 7847.663419
iter  69 value 7847.663419
iter  70 value 7847.663419
iter  71 value 7847.663419
iter  72 value 7847.663419
iter  73 value 7847.663419
iter  74 value 7847.663419
iter  75 value 7847.663419
iter  76 value 7847.663419
iter  77 value 7847.663419
iter  78 value 7847.663419
iter  79 value 7847.663419
iter  80 value 7847.663419
iter  81 value 7847.663419
iter  82 value 7847.663419
iter  83 value 7847.663419
iter  84 value 7847.663419
iter  85 value 7847.663419
iter  86 value 7847.663419
iter  87 value 7847.663419
iter  88 value 7847.663419
iter  89 value 7847.663419
iter  90 value 7847.663419
iter  91 value 7847.663419
iter  92 value 7847.663419
iter  93 value 7847.663419
iter  94 value 7847.663419
iter  95 value 7847.663419
iter  96 value 7847.663419
iter  97 value 7847.663419
iter  98 value 7847.663419
iter  99 value 7847.663419
iter 100 value 7847.663419
iter 101 value 7847.663419
iter 102 value 7847.663419
iter 103 value 7847.663419
iter 104 value 7847.663419
iter 105 value 7847.663419
iter 106 value 7847.663419
iter 106 value 7847.663419
iter 106 value 7847.663419
final  value 7847.663419 
converged

Estimated parameters with approximate standard errors from BHHH matrix:
                     Estimate     BHHH se BHH t-ratio (0)
b_Price_1            -0.14827    0.007621       -19.45435
b_Acceleration_1     -0.10660    0.022971        -4.64082
b_OpCost_1           -0.17105    0.018034        -9.48499
b_hev_1               0.34664    0.198343         1.74768
b_phev20_1            0.25966    0.174312         1.48963
b_phev40_1            0.68283    0.158601         4.30534
b_bev_1               0.26147    0.150264         1.74004
b_bevRangeRel_1       0.31682    0.042433         7.46631
b_noBEVFC_1          -0.62389    0.124521        -5.01030
b_american_1          0.60250    0.105886         5.69005
b_chinese_1          -4.96268    0.221576       -22.39713
b_japanese_1          0.55870    0.101181         5.52178
b_skorean_1          -0.28564    0.094848        -3.01153
class_intercept_1     0.00000          NA              NA
b_Price_2            -0.15418    0.006393       -24.11631
b_Acceleration_2     -0.16562    0.016063       -10.31072
b_OpCost_2           -0.23461    0.013698       -17.12729
b_hev_2               0.16202    0.090302         1.79414
b_phev20_2            0.12065    0.132757         0.90877
b_phev40_2            0.11485    0.125450         0.91554
b_bev_2               0.01734    0.116001         0.14950
b_bevRangeRel_2       0.62253    0.038209        16.29278
b_noBEVFC_2          -0.36459    0.102949        -3.54143
b_american_2         -0.07711    0.111305        -0.69275
b_chinese_2          -0.43564    0.096956        -4.49312
b_japanese_2         -0.25631    0.097484        -2.62928
b_skorean_2          -0.44312    0.107125        -4.13649
class_intercept_2     0.26458    0.114902         2.30265
b_Price_3            -0.07085    0.002306       -30.72034
b_Acceleration_3     -0.06099    0.017214        -3.54293
b_OpCost_3           -0.10696    0.010100       -10.58990
b_hev_3              -0.37042    0.105936        -3.49662
b_phev20_3           -0.32428    0.076183        -4.25654
b_phev40_3           -0.10313    0.114409        -0.90143
b_bev_3              -2.46772    0.104668       -23.57653
b_bevRangeRel_3       0.62744    0.051355        12.21765
b_noBEVFC_3          -0.18552    0.138642        -1.33813
b_american_3          0.11799    0.102503         1.15114
b_chinese_3          -1.24137    0.094075       -13.19549
b_japanese_3         -0.12970    0.105564        -1.22859
b_skorean_3          -0.03859    0.115486        -0.33417
class_intercept_3     0.16368    0.104272         1.56970
b_Price_4            -0.01854    0.002850        -6.50693
b_Acceleration_4     -0.21525    0.014341       -15.00973
b_OpCost_4           -0.09276    0.010811        -8.58048
b_hev_4               0.58132    0.129285         4.49645
b_phev20_4            0.36531    0.158837         2.29989
b_phev40_4            0.54619    0.149694         3.64873
b_bev_4               0.71759    0.114636         6.25971
b_bevRangeRel_4       0.11423    0.043490         2.62669
b_noBEVFC_4          -0.63370    0.087666        -7.22861
b_american_4          0.43030    0.133602         3.22075
b_chinese_4          -0.01966    0.129628        -0.15165
b_japanese_4          0.32713    0.104153         3.14087
b_skorean_4          -0.32635    0.121369        -2.68886
class_intercept_4    -0.25908    0.132786        -1.95114
b_Price_5            -0.07203    0.007429        -9.69585
b_Acceleration_5     -0.15505    0.043505        -3.56397
b_OpCost_5           -0.54567    0.046759       -11.66987
b_hev_5               0.93394    0.219361         4.25755
b_phev20_5            0.96858    0.381292         2.54025
b_phev40_5            0.87670    0.317979         2.75712
b_bev_5               1.48061    0.225874         6.55503
b_bevRangeRel_5       0.26145    0.097126         2.69182
b_noBEVFC_5          -0.64884    0.322634        -2.01107
b_american_5         -1.55303    0.342230        -4.53798
b_chinese_5          -5.75389    0.400155       -14.37915
b_japanese_5         -0.18402    0.240653        -0.76465
b_skorean_5          -0.41562    0.322208        -1.28991
class_intercept_5    -0.71425    0.154603        -4.61989
b_Price_6            -0.98284    0.120861        -8.13199
b_Acceleration_6     -0.04251    0.068932        -0.61676
b_OpCost_6           -0.42583    0.066253        -6.42733
b_hev_6              -0.46233    0.426066        -1.08512
b_phev20_6            0.47071    0.514968         0.91405
b_phev40_6           -0.77974    0.618733        -1.26022
b_bev_6               0.01178    0.357640         0.03295
b_bevRangeRel_6      -0.39644    0.154778        -2.56136
b_noBEVFC_6           0.31711    0.408271         0.77671
b_american_6          0.24986    0.494643         0.50512
b_chinese_6          -0.88132    0.356869        -2.46960
b_japanese_6          0.80385    0.330304         2.43366
b_skorean_6          -0.18449    0.478353        -0.38569
class_intercept_6    -0.81732    0.149968        -5.44995
b_Price_7            -0.04130    0.006278        -6.57966
b_Acceleration_7     -0.02747    0.074273        -0.36985
b_OpCost_7            0.07960    0.041024         1.94029
b_hev_7              -0.28590    0.249453        -1.14611
b_phev20_7           -1.20932    0.480134        -2.51872
b_phev40_7           -0.60290    0.442349        -1.36294
b_bev_7              -1.67331    0.483369        -3.46177
b_bevRangeRel_7       0.10505    0.128445         0.81785
b_noBEVFC_7           0.47730    0.320040         1.49138
b_american_7         -2.12623    0.228818        -9.29221
b_chinese_7          -4.23552    0.521110        -8.12788
b_japanese_7         -0.81789    0.143701        -5.69162
b_skorean_7          -2.90100    0.377901        -7.67661
class_intercept_7    -1.03279    0.167011        -6.18398
b_Price_8            -0.05366    0.015536        -3.45402
b_Acceleration_8     -0.40671    0.109814        -3.70362
b_OpCost_8           -0.15281    0.044155        -3.46085
b_hev_8              -1.44048    0.546332        -2.63664
b_phev20_8           -0.89854    0.508417        -1.76733
b_phev40_8           -0.42848    0.625335        -0.68521
b_bev_8               1.53551    0.463548         3.31252
b_bevRangeRel_8       2.23025    0.443539         5.02830
b_noBEVFC_8          -0.56717    0.237697        -2.38610
b_american_8         -1.42545    0.430558        -3.31069
b_chinese_8          -2.71765    0.561224        -4.84236
b_japanese_8         -0.89665    0.348773        -2.57088
b_skorean_8          -1.17903    0.347727        -3.39066
class_intercept_8    -1.26241    0.185974        -6.78810

Final LL: -7847.6634


Summary of class allocation for model component :
         Mean prob.
Class_1     0.17174
Class_2     0.22376
Class_3     0.20229
Class_4     0.13254
Class_5     0.08408
Class_6     0.07584
Class_7     0.06114
Class_8     0.04860

Calculating log-likelihood at equal shares (LL(0)) for applicable
  models...
Calculating LL of each model component...
Calculating other model fit measures
INFORMATION: Your model took more than 10 minutes to estimate, so it
  was saved to file
  logs/job_35887057/LCL8_none_pref/LCL8_none_pref_model.rds before
  calculating its covariance matrix. If calculation of the covariance
  matrix fails or is stopped before finishing, you can load the model
  up to this point using apollo_loadModel. You may also want to inspect
  the approximate BHHH standard errors shown above to determine whether
  you wish to continue this process. 
Computing covariance matrix using numerical methods (numDeriv).
 0%....25%....50%....75%....100%
Negative definite Hessian with maximum eigenvalue: -2.148772

Please acknowledge the use of Apollo by citing Hess & Palma (2019) -
  doi.org/10.1016/j.jocm.2019.100170
Model output saved to logs/job_35887057/LCL8_none_pref/LCL8_none_pref_output.txt 
Estimates saved to logs/job_35887057/LCL8_none_pref/LCL8_none_pref_estimates.csv 
Model object saved to logs/job_35887057/LCL8_none_pref/LCL8_none_pref.rds 
[1] TRUE
Starting Cross-Validation 
Testing likelihood function.
5 separate runs will be conducted, each using a random subset of 80% of
  individuals for estimation, and the remainder for validation.
Number of individuals
- for estimation : 587
- for forecasting : 147
- in sample (total): 734
Estimated parameters and log-likelihoods for each sample will be
  written to:
  logs/job_35887057/LCL8_none_pref/LCL8_none_pref_outOfSample_params.csv
The matrix defining the observations used in each repetition will be
  written to:
  logs/job_35887057/LCL8_none_pref/LCL8_none_pref_outOfSample_samples.csv

Estimation cycle 1 (8805 obs.)
INFORMATION: While preparing your inputs for multi-core estimation, the
  following objects were found in "apollo_inputs", but were not split
  across cores: "attrCols", "availCols", "heterogeneity_spec",
  "lognorm_price_dist", "n_classes", "n_draws", "nesting_params",
  "nesting_spec", "observed_attributes", "scalingFactor_dist",
  "utility_space". If these objects contain observation or
  individual-specific data, and thus need to be split, please add a
  column with the IDs to these objects, and call this column "ID" 
Saving CV model as: LCL8_none_pref_CV01
Model output saved to logs/job_35887057/LCL8_none_pref/LCL8_none_pref_CV01_output.txt 
Estimates saved to logs/job_35887057/LCL8_none_pref/LCL8_none_pref_CV01_estimates.csv 
Model object saved to logs/job_35887057/LCL8_none_pref/LCL8_none_pref_CV01.rds 
Out-of-sample time: 0.026
Iter. total wall time: 1767.556 secs
Estimation results written to file.
Estimation cycle 2 (8805 obs.)
INFORMATION: While preparing your inputs for multi-core estimation, the
  following objects were found in "apollo_inputs", but were not split
  across cores: "attrCols", "availCols", "heterogeneity_spec",
  "lognorm_price_dist", "n_classes", "n_draws", "nesting_params",
  "nesting_spec", "observed_attributes", "scalingFactor_dist",
  "utility_space". If these objects contain observation or
  individual-specific data, and thus need to be split, please add a
  column with the IDs to these objects, and call this column "ID" 
Saving CV model as: LCL8_none_pref_CV02
Model output saved to logs/job_35887057/LCL8_none_pref/LCL8_none_pref_CV02_output.txt 
Estimates saved to logs/job_35887057/LCL8_none_pref/LCL8_none_pref_CV02_estimates.csv 
Model object saved to logs/job_35887057/LCL8_none_pref/LCL8_none_pref_CV02.rds 
Out-of-sample time: 0.026
Iter. total wall time: 1843.09 secs
Estimation results written to file.
Estimation cycle 3 (8805 obs.)
INFORMATION: While preparing your inputs for multi-core estimation, the
  following objects were found in "apollo_inputs", but were not split
  across cores: "attrCols", "availCols", "heterogeneity_spec",
  "lognorm_price_dist", "n_classes", "n_draws", "nesting_params",
  "nesting_spec", "observed_attributes", "scalingFactor_dist",
  "utility_space". If these objects contain observation or
  individual-specific data, and thus need to be split, please add a
  column with the IDs to these objects, and call this column "ID" 
Saving CV model as: LCL8_none_pref_CV03
Model output saved to logs/job_35887057/LCL8_none_pref/LCL8_none_pref_CV03_output.txt 
Estimates saved to logs/job_35887057/LCL8_none_pref/LCL8_none_pref_CV03_estimates.csv 
Model object saved to logs/job_35887057/LCL8_none_pref/LCL8_none_pref_CV03.rds 
Out-of-sample time: 0.025
Iter. total wall time: 1766.763 secs
Estimation results written to file.
Estimation cycle 4 (8805 obs.)
INFORMATION: While preparing your inputs for multi-core estimation, the
  following objects were found in "apollo_inputs", but were not split
  across cores: "attrCols", "availCols", "heterogeneity_spec",
  "lognorm_price_dist", "n_classes", "n_draws", "nesting_params",
  "nesting_spec", "observed_attributes", "scalingFactor_dist",
  "utility_space". If these objects contain observation or
  individual-specific data, and thus need to be split, please add a
  column with the IDs to these objects, and call this column "ID" 
Saving CV model as: LCL8_none_pref_CV04
Model output saved to logs/job_35887057/LCL8_none_pref/LCL8_none_pref_CV04_output.txt 
Estimates saved to logs/job_35887057/LCL8_none_pref/LCL8_none_pref_CV04_estimates.csv 
Model object saved to logs/job_35887057/LCL8_none_pref/LCL8_none_pref_CV04.rds 
Out-of-sample time: 0.026
Iter. total wall time: 1803.473 secs
Estimation results written to file.
Estimation cycle 5 (8805 obs.)
INFORMATION: While preparing your inputs for multi-core estimation, the
  following objects were found in "apollo_inputs", but were not split
  across cores: "attrCols", "availCols", "heterogeneity_spec",
  "lognorm_price_dist", "n_classes", "n_draws", "nesting_params",
  "nesting_spec", "observed_attributes", "scalingFactor_dist",
  "utility_space". If these objects contain observation or
  individual-specific data, and thus need to be split, please add a
  column with the IDs to these objects, and call this column "ID" 
Saving CV model as: LCL8_none_pref_CV05
Model output saved to logs/job_35887057/LCL8_none_pref/LCL8_none_pref_CV05_output.txt 
Estimates saved to logs/job_35887057/LCL8_none_pref/LCL8_none_pref_CV05_estimates.csv 
Model object saved to logs/job_35887057/LCL8_none_pref/LCL8_none_pref_CV05.rds 
Out-of-sample time: 0.026
Iter. total wall time: 1718.595 secs
Estimation results written to file.
Processing time: 2.472315 hours

Summary of cross-validation:
         LL per obs in estimation sample LL per obs in validation sample
sample_1                         -0.7196                         -0.7086
sample_2                         -0.7147                         -0.7264
sample_3                         -0.7157                         -0.7335
sample_4                         -0.6820                         -0.8813
sample_5                         -0.7137                         -0.7393
Average                          -0.7091                         -0.7578
         % difference CPU sec in validation sample
sample_1       -1.528                      0.02600
sample_2        1.630                      0.02600
sample_3        2.490                      0.02500
sample_4       29.210                      0.02600
sample_5        3.587                      0.02600
Average         7.078                      0.02580
Cross-Validation Complete 
Starting Psi' on Dataset Test 
Mean Psi' (all) =  0.2707523 
Mean Psi' (chosen only) =  0.2716806 
Saved psi' dataset to:  logs/job_35887057/LCL8_none_pref//LCL8_none_pref_psi_prime_dataset.csv 
Psi' on Dataset Test Complete
Starting Speed Test 
       ___Draws___              sec/
nCores inter intra  progress  LLCall RAM(MB)
     1     0     0 ..........   0.47   957.8
     2     0     0 INFORMATION: While preparing your inputs for multi-core estimation, the
  following objects were found in "apollo_inputs", but were not split
  across cores: "attrCols", "availCols", "heterogeneity_spec",
  "lognorm_price_dist", "n_classes", "n_draws", "nesting_params",
  "nesting_spec", "observed_attributes", "scalingFactor_dist",
  "utility_space". If these objects contain observation or
  individual-specific data, and thus need to be split, please add a
  column with the IDs to these objects, and call this column "ID" 
..........   0.65  1336.3
     4     0     0 INFORMATION: While preparing your inputs for multi-core estimation, the
  following objects were found in "apollo_inputs", but were not split
  across cores: "attrCols", "availCols", "heterogeneity_spec",
  "lognorm_price_dist", "n_classes", "n_draws", "nesting_params",
  "nesting_spec", "observed_attributes", "scalingFactor_dist",
  "utility_space". If these objects contain observation or
  individual-specific data, and thus need to be split, please add a
  column with the IDs to these objects, and call this column "ID" 
..........   0.59  1702.8

Summary of results (sec. per call to LL function)
       draws0
cores1 0.4679
cores2 0.6538
cores4 0.5921
      model_name cores inter_draws intra_draws calls time_per_call ram_mb
1 LCL8_none_pref     1           0           0   100     0.4678629  957.8
2 LCL8_none_pref     2           0           0   100     0.6538195 1336.3
3 LCL8_none_pref     4           0           0   100     0.5921436 1702.8
Saved speed test results to: logs/job_35887057/LCL8_none_pref//LCL8_none_pref_speedTest.csv 
Saved detailed speed test results to: logs/job_35887057/LCL8_none_pref//LCL8_none_pref_speedTest_detailed.csv 
Speed Test Complete 
Starting Psi' Test 
Psi' Test Complete 
Starting Func Eval Timing 
Func Eval Timing Complete 
LCL8_none_pref done.
Results saved to: logs/job_35887057/LCL8_none_pref 
Done Running. Log files moved to logs/job_35887057/
