SLURM_ARRAY_JOB_ID: 35887057
SLURM_JOB_ID: 35887069
SLURM_ARRAY_TASK_ID: 11
Created job directory: logs/job_35887057
Task 11: Waiting for initialization to complete...
Task 11: Initialization complete, proceeding...
Running model 11...
Running: LCL6_NL_pref 
Starting Setup 
Setup  Complete 
Starting Search-Start 
Saving original apollo_inputs 
Testing probability function (apollo_probabilities)
Apollo found a model component of type classAlloc without a
  componentName. The name was set to "classAlloc" by default.
INFORMATION: Setting "avail" is missing, so full availability is
  assumed. 
Apollo found a model component of type NL without a componentName. The
  name was set to "Class_1" by default.
Apollo found a model component of type NL without a componentName. The
  name was set to "Class_2" by default.
Apollo found a model component of type NL without a componentName. The
  name was set to "Class_3" by default.
Apollo found a model component of type NL without a componentName. The
  name was set to "Class_4" by default.
Apollo found a model component of type NL without a componentName. The
  name was set to "Class_5" by default.
Apollo found a model component of type NL without a componentName. The
  name was set to "Class_6" by default.
Pre-processing likelihood function...
Creating initial set of 101 candidate values.
Calculating LL of candidates 0%....50%.....100%
8 candidates removed due to non-finite starting LL. 93 remain.
Total avail. cores = 32 cores
Avail. GB per core = 2 GB
Req. GB per cluster = 2 GB
Running searchStart on 32 cores.

Stage 1, 93 active candidates.
Estimating 25 BFGS iteration(s) for each active candidate.
 Candidate......LLstart.....LLfinish.....GradientNorm...Converged
         1        -9336        -8441         1362.306           0
         2        -9666        -8303         2435.235           0
         3       -10197        -8296         1483.581           0
         4        -9673        -8212         1002.396           0
         5        -9851        -8230         1128.728           0
         6        -9650        -8302         3606.115           0
         7        -9619        -8199          1428.85           0
         8       -10252        -8369         3050.163           0
         9        -9591        -8644         2671.595           0
        10        -9152        -8221         1904.833           0
        11        -9554        -8260          975.168           0
        12        -9764        -8225         2234.008           0
        13       -10333        -8338         1861.921           0
        14        -9676        -8299          2386.55           0
        15        -9940        -8267         1588.197           0
        16        -9577        -8483         1813.182           0
        17        -9491        -8299           1979.7           0
        18        -9550        -8339           2378.3           0
        19        -9392        -8186         1332.002           0
        20        -9434        -8265         1355.158           0
        21       -10385        -8353         4186.096           0
        22       -10020        -8320         1598.443           0
        23        -9683        -8352         1887.197           0
        24       -10612        -8482         2696.899           0
        25        -9624        -8295         2721.997           0
        26       -10020        -8291         1649.031           0
        27        -9081        -8200         2152.945           0
        28       -10030        -8445         2642.297           0
        29        -9500        -8847              NaN           1
        30        -9647        -8223          571.025           0
        31        -9056        -8242         2523.057           0
        32        -9468        -8188         2240.462           0
        33        -9832        -8485         1957.686           0
        34        -9639        -8346         2599.607           0
        35        -9385        -8181         3074.034           0
        36        -9645        -8352         1554.303           0
        37        -9881        -8288          2047.45           0
        38       -10146        -8277         2150.573           0
        39        -9628        -8460          3147.46           0
        40        -9222        -8286         1544.347           0
        41        -9440        -8268         2016.474           0
        42        -9348        -8341         1930.662           0
        43        -9841        -8278         1720.951           0
        44        -9209        -8283         1399.304           0
        45       -10121        -8303         2001.808           0
        46        -9809        -8403         1767.413           0
        47        -9435        -8290         2066.673           0
        48        -9935        -8321         2101.025           0
        49        -9382        -8282         2061.295           0
        50       -10309        -8330          1732.64           0
        51        -9350        -8252         2118.117           0
        52        -9519        -8350         1994.403           0
        53        -9920        -8236         1584.789           0
        54        -9772        -8418         2112.709           0
        55        -9273        -8241          792.592           0
        56        -9669        -8313         1497.666           0
        57        -9196        -8291         1458.175           0
        58        -9825        -8290         1139.798           0
        59       -10033        -8340         1220.279           0
        60        -9499        -8371         1448.106           0
        61        -9753        -8238         2103.667           0
        62        -9712        -8552         2446.841           0
        63        -9763        -8350         1654.508           0
        64        -9771        -8446         1752.977           0
        65        -9110        -8275          1100.83           0
        66        -9558        -8450         2256.484           0
        67        -9168        -8385          2847.26           0
        68        -9425        -8412         1220.934           0
        69        -9779        -8154         2010.518           0
        70        -9582        -8360         2120.506           0
        71        -9821        -8273         1046.269           0
        72        -9496        -8308         2398.951           0
        73        -9340        -8180         1275.283           0
        74        -9636        -8273         2079.195           0
        75        -9106        -8189         1128.335           0
        76        -9524        -8243         2416.953           0
        77        -9758        -8223         2178.349           0
        78        -9364        -8281         2071.439           0
        79       -10494        -8492         1216.339           0
        80       -10348        -8390         2337.366           0
        81       -10154        -8362         1559.792           0
        82        -9295        -8228         1769.593           0
        83        -9329        -8304         3253.048           0
        84        -9258        -8183          1321.65           0
        85        -9126        -8231         2287.194           0
        86        -9253        -8275         3250.704           0
        87       -20602        -9410         2393.966           0
        88       -18479        -8804         2117.095           0
        89       -34379       -25423              Inf           1
        90       -18732        -9197         2384.627           0
        91       -15962        -8930         2725.782           0
        92       -21608        -8851         2251.173           0
        93       -18598        -9050         4029.134           0
Best candidate so far (LL=-8153.7)

Stage 2, 91 active candidates.
Estimating 25 BFGS iteration(s) for each active candidate.
 Candidate......LLstart.....LLfinish.....GradientNorm...Converged
         1        -8441        -8283         1224.553           0
         2        -8303        -8084          844.062           0
         3        -8296        -8095         1388.719           0
         4        -8212        -8052           935.52           0
         5        -8230        -8052          542.861           0
         6        -8302        -8079         1069.789           0
         7        -8199        -8051          667.785           0
         8        -8369        -8110          810.965           0
         9        -8644        -8090         1390.947           0
        10        -8221        -8097         1047.446           0
        11        -8260        -8137          973.509           0
        12        -8225        -8060          917.202           0
        13        -8338        -8089          1357.08           0
        14        -8299        -8244              NaN           1
        15        -8267        -8200              NaN           1
        16        -8483        -8142          1783.01           0
        17        -8299        -8051         1281.023           0
        18        -8339        -8144          923.994           0
        19        -8186        -8064         1242.388           0
        20        -8265        -8108           948.59           0
        21        -8353        -8176          1398.99           0
        22        -8320        -8073         1177.567           0
        23        -8352        -8170           575.53           0
        24        -8482        -8252              NaN           1
        25        -8295        -8112         1784.877           0
        26        -8291        -8040          874.871           0
        27        -8200        -8056          692.978           0
        28        -8445        -8192         1488.854           0
        30        -8223        -8089           810.33           0
        31        -8242        -8096         1178.485           0
        32        -8188        -8044         1341.497           0
        33        -8485        -8134         1711.516           0
        34        -8346        -8066          730.344           0
        35        -8181        -8033          832.844           0
        36        -8352        -8064         1443.282           0
        37        -8288        -8078         1095.072           0
        38        -8277        -8094         1735.031           0
        39        -8460        -8430              NaN           1
        40        -8286        -8137          945.381           0
        41        -8268        -8234              NaN           1
        42        -8341        -8165         1102.597           0
        43        -8278        -8181              NaN           1
        44        -8283        -8057          777.447           0
        45        -8303        -8095         1251.587           0
        46        -8403        -8173         1737.467           0
        47        -8290        -8047          890.882           0
        48        -8321        -8098         1598.357           0
        49        -8282        -8082          925.016           0
        50        -8330        -8137         1491.854           0
        51        -8252        -8067         1054.052           0
        52        -8350        -8131         1211.141           0
        53        -8236        -8128            756.1           0
        54        -8418        -8179          1538.56           0
        55        -8241        -8071          696.211           0
        56        -8313        -8086         2321.724           0
        57        -8291        -8255              NaN           1
        58        -8290        -8044           809.96           0
        59        -8340        -8117         1074.521           0
        60        -8371        -8106          983.444           0
        61        -8238        -8076         1361.605           0
        62        -8552        -8284          1550.92           0
        63        -8350        -8342              NaN           1
        64        -8446        -8446              NaN           1
        65        -8275        -8059         1159.259           0
        66        -8450        -8178         1435.439           0
        67        -8385        -8335              NaN           1
        68        -8412        -8257         2250.133           0
        69        -8154        -8049          461.143           0
        70        -8360        -8357              NaN           1
        71        -8273        -8106          646.426           0
        72        -8308        -8157              NaN           1
        73        -8180        -8046          418.651           0
        74        -8273        -8096         2017.553           0
        75        -8189        -8086          1019.02           0
        76        -8243        -8161              NaN           1
        77        -8223        -8062          937.164           0
        78        -8281        -8069           881.89           0
        79        -8492        -8177         1031.635           0
        80        -8390        -8134         2175.886           0
        81        -8362        -8360              NaN           1
        82        -8228        -8052         1520.422           0
        83        -8304        -8110         1348.523           0
        84        -8183        -8183              NaN           1
        85        -8231        -8053         1062.541           0
        86        -8275        -8061          901.103           0
        87        -9410        -9008         1835.492           0
        88        -8804        -8648          343.773           0
        90        -9197        -9197              NaN           1
        91        -8930        -8523         2514.113           0
        92        -8851        -8556         1445.546           0
        93        -9050        -8822         3581.171           0
Best candidate so far (LL=-8032.8)

Stage 3, 75 active candidates.
Estimating 25 BFGS iteration(s) for each active candidate.
 Candidate......LLstart.....LLfinish.....GradientNorm...Converged
         1        -8283        -8283              NaN           1
         2        -8084        -8068              NaN           1
         3        -8095        -8050          246.189           0
         4        -8052        -8027          574.721           0
         5        -8052        -8023          381.911           0
         6        -8079        -8055              NaN           1
         7        -8051        -8018          222.178           0
         8        -8110        -8053          1052.82           0
         9        -8090        -8013          468.471           0
        10        -8097        -8033          370.507           0
        11        -8137        -8087          200.522           0
        12        -8060        -8010          376.312           0
        13        -8089        -8032          607.194           0
        16        -8142        -8045         1246.789           0
        17        -8051        -8008          614.502           0
        18        -8144        -8081         1134.215           0
        19        -8064        -8021          734.943           0
        20        -8108        -8062          488.872           0
        21        -8176        -8175              NaN           1
        22        -8073        -8008          480.418           0
        23        -8170        -8150              NaN           1
        25        -8112        -8045         1393.847           0
        26        -8040        -8017          705.358           0
        27        -8056        -8045              NaN           1
        28        -8192        -8090         1635.398           0
        30        -8089        -8042          974.138           0
        31        -8096        -8040           930.69           0
        32        -8044        -8036              NaN           1
        33        -8134        -8033          799.328           0
        34        -8066        -8033          748.056           0
        35        -8033        -8016          413.759           0
        36        -8064        -8016          772.951           0
        37        -8078        -8025          567.102           0
        38        -8094        -8037          924.518           0
        40        -8137        -8059         1090.311           0
        42        -8165        -8089          922.108           0
        44        -8057        -8025          533.419           0
        45        -8095        -8025          478.785           0
        46        -8173        -8063         1289.117           0
        47        -8047        -8011          341.455           0
        48        -8098        -8047          644.924           0
        49        -8082        -8021          251.664           0
        50        -8137        -8059          975.341           0
        51        -8067        -8015          216.865           0
        52        -8131        -8046         1257.554           0
        53        -8128        -8077          548.856           0
        54        -8179        -8067         1020.777           0
        55        -8071        -8038          654.739           0
        56        -8086        -8037         1118.461           0
        58        -8044        -8016          701.889           0
        59        -8117        -8060          946.077           0
        60        -8106        -8060          585.997           0
        61        -8076        -8030          439.646           0
        62        -8284        -8099         1292.064           0
        65        -8059        -8012          539.764           0
        66        -8178        -8139          260.967           0
        68        -8257        -8126         1346.373           0
        69        -8049        -8026         1038.415           0
        71        -8106        -8059         1024.645           0
        73        -8046        -8023          197.665           0
        74        -8096        -8038          1141.09           0
        75        -8086        -8039          908.691           0
        77        -8062        -8016           918.28           0
        78        -8069        -8017          445.468           0
        79        -8177        -8039          647.956           0
        80        -8134        -8057         1815.022           0
        82        -8052        -8016              NaN           1
        83        -8110        -8042           842.41           0
        85        -8053        -8016          618.804           0
        86        -8061        -8011          696.982           0
        87        -9008        -8810          761.855           0
        88        -8648        -8624          449.575           0
        91        -8523        -8313         1153.211           0
        92        -8556        -8310           857.74           0
        93        -8822        -8612         1768.848           0
Best candidate so far (LL=-8007.6)

Stage 4, 67 active candidates.
Estimating 25 BFGS iteration(s) for each active candidate.
 Candidate......LLstart.....LLfinish.....GradientNorm...Converged
         3        -8050        -8036          278.421           0
         4        -8027        -8027              NaN           1
         5        -8023        -8022              NaN           1
         7        -8018        -8014          149.386           0
         8        -8053        -8032          481.532           0
         9        -8013        -8005          223.107           0
        10        -8033        -8012              NaN           1
        11        -8087        -8078          442.195           0
        12        -8010        -8005          194.063           0
        13        -8032        -8019          304.582           0
        16        -8045        -8015          787.617           0
        17        -8008        -8003          477.149           0
        18        -8081        -8033              NaN           1
        19        -8021        -8006          278.794           0
        20        -8062        -8045          931.088           0
        22        -8008        -7995          316.813           0
        25        -8045        -8019         1011.381           0
        26        -8017        -8008          609.561           0
        28        -8090        -8029          701.871           0
        30        -8042        -8025           276.04           0
        31        -8040        -8023          165.169           0
        33        -8033        -8003          576.607           0
        34        -8033        -8025          309.842           0
        35        -8016        -8014          283.914           0
        36        -8016        -8005          189.582           0
        37        -8025        -8014          148.622           0
        38        -8037        -8021          211.333           0
        40        -8059        -8007           647.06           0
        42        -8089        -8045           606.54           0
        44        -8025        -8013          227.788           0
        45        -8025        -8013          326.208           0
        46        -8063        -8033          975.532           0
        47        -8011        -8003          287.385           0
        48        -8047        -8035          300.239           0
        49        -8021        -8014          268.739           0
        50        -8059        -8037          343.061           0
        51        -8015        -8014              NaN           1
        52        -8046        -8018          542.798           0
        53        -8077        -8075              NaN           1
        54        -8067        -8047          632.141           0
        55        -8038        -8025          549.681           0
        56        -8037        -8025           606.25           0
        58        -8016        -8011          253.421           0
        59        -8060        -8030          925.215           0
        60        -8060        -8041          537.124           0
        61        -8030        -8030              NaN           1
        62        -8099        -8024          790.975           0
        65        -8012        -8004              NaN           1
        66        -8139        -8139              NaN           1
        68        -8126        -8125              NaN           1
        69        -8026        -8013          192.444           0
        71        -8059        -8048          348.185           0
        73        -8023        -8023              NaN           1
        74        -8038        -8015          599.365           0
        75        -8039        -8021          465.055           0
        77        -8016        -8005          379.608           0
        78        -8017        -8003          209.291           0
        79        -8039        -8006          508.254           0
        80        -8057        -8024         1430.745           0
        83        -8042        -8021          260.212           0
        85        -8016        -8005          208.364           0
        86        -8011        -8004          194.344           0
        87        -8810        -8751          255.263           0
        88        -8624        -8586         1101.253           0
        91        -8313        -8216         1031.795           0
        92        -8310        -8264          870.561           0
        93        -8612        -8537         1612.188           0
Best candidate so far (LL=-7994.9)

Stage 5, 56 active candidates.
Estimating 25 BFGS iteration(s) for each active candidate.
 Candidate......LLstart.....LLfinish.....GradientNorm...Converged
         3        -8036        -8026          223.717           0
         7        -8014        -8013           30.212           0
         8        -8032        -8025          323.487           0
         9        -8005        -8003          122.342           0
        11        -8078        -8051          923.858           0
        12        -8005        -8002          188.065           0
        13        -8019        -8016           100.55           0
        16        -8015        -8011          349.281           0
        17        -8003        -8002          214.261           0
        19        -8006        -8003          137.343           0
        20        -8045        -8041          446.256           0
        22        -7995        -7991           247.04           0
        25        -8019        -8013              NaN           1
        26        -8008        -8004          552.437           0
        28        -8029        -8019          444.324           0
        30        -8025        -8023          109.888           0
        31        -8023        -8022              NaN           1
        33        -8003        -7993          539.536           0
        34        -8025        -8022          298.598           0
        35        -8014        -8013          146.641           0
        36        -8005        -8003           150.59           0
        37        -8014        -8012           60.808           0
        38        -8021        -8013          200.915           0
        40        -8007        -7993          220.954           0
        42        -8045        -8037          313.076           0
        44        -8013        -8011          154.229           0
        45        -8013        -8006          218.392           0
        46        -8033        -8013          521.785           0
        47        -8003        -8002           75.918           0
        48        -8035        -8033          124.533           0
        49        -8014        -8012           68.531           0
        50        -8037        -8032          165.543           0
        52        -8018        -8013          213.914           0
        54        -8047        -8036          300.834           0
        55        -8025        -8016          257.191           0
        56        -8025        -8021          406.594           0
        58        -8011        -8010           91.001           0
        59        -8030        -8019          767.576           0
        60        -8041        -8034          246.151           0
        62        -8024        -8015          593.164           0
        69        -8013        -8013              NaN           1
        71        -8048        -8046           176.89           0
        74        -8015        -8011          446.399           0
        75        -8021        -8018              NaN           1
        77        -8005        -8003          194.323           0
        78        -8003        -8000          257.851           0
        79        -8006        -7996          357.444           0
        80        -8024        -8009         1077.768           0
        83        -8021        -8015          303.364           0
        85        -8005        -8002          132.217           0
        86        -8004        -8002           94.531           0
        87        -8751        -8747          157.825           0
        88        -8586        -8532          918.859           0
        91        -8216        -8182          197.648           0
        92        -8264        -8254          434.701           0
        93        -8537        -8453         1655.647           0
Candidate 85 dropped.
- Failed test 1: Too close to 12 in parameter space.
Best candidate so far (LL=-7991.1)

Stage 6, 51 active candidates.
Estimating 25 BFGS iteration(s) for each active candidate.
 Candidate......LLstart.....LLfinish.....GradientNorm...Converged
         3        -8026        -8024          107.769           0
         7        -8013        -8008          162.414           0
         8        -8025        -8023          185.614           0
         9        -8003        -8003           58.088           0
        11        -8051        -8028          354.765           0
        12        -8002        -8001           43.263           0
        13        -8016        -8015          141.116           0
        16        -8011        -8010           276.36           0
        17        -8002        -8001           119.64           0
        19        -8003        -8002           49.445           0
        20        -8041        -8040          230.372           0
        22        -7991        -7990           83.391           0
        26        -8004        -8003          279.687           0
        28        -8019        -8015           111.42           0
        30        -8023        -8022           64.936           0
        33        -7993        -7992              NaN           1
        34        -8022        -8020          140.598           0
        35        -8013        -8007          171.885           0
        36        -8003        -8002           56.051           0
        37        -8012        -8012             45.5           0
        38        -8013        -8010           98.268           0
        40        -7993        -7990           61.931           0
        42        -8037        -8035          106.406           0
        44        -8011        -8011          117.926           0
        45        -8006        -8002          183.314           0
        46        -8013        -8011            356.2           0
        47        -8002        -8001           53.743           0
        48        -8033        -8033           98.369           0
        49        -8012        -8012           46.712           0
        50        -8032        -8031           64.888           0
        52        -8013        -8011          155.413           0
        54        -8036        -8020          528.071           0
        55        -8016        -8013          202.008           0
        56        -8021        -8019          243.892           0
        58        -8010        -8010           33.036           0
        59        -8019        -8015          594.579           0
        60        -8034        -8032           71.318           0
        62        -8015        -8013          429.512           0
        71        -8046        -8045           47.517           0
        74        -8011        -8010          239.709           0
        77        -8003        -8002           81.303           0
        78        -8000        -8000           40.283           0
        79        -7996        -7993          164.996           0
        80        -8009        -8005          825.992           0
        83        -8015        -8013          188.605           0
        86        -8002        -8001            53.27           0
        87        -8747        -8745            35.05           0
        88        -8532        -8468         1261.404           0
        91        -8182        -8178              NaN           1
        92        -8254        -8253           97.996           0
        93        -8453        -8313         1264.063           0
Candidate 9 dropped.
- Failed test 1: Too close to 19 in parameter space.
Candidate 17 dropped.
- Failed test 1: Too close to 12 in parameter space.
Candidate 26 dropped.
- Failed test 1: Too close to 9, 19 in parameter space.
Best candidate so far (LL=-7989.8)

Stage 7, 46 active candidates.
Estimating 25 BFGS iteration(s) for each active candidate.
 Candidate......LLstart.....LLfinish.....GradientNorm...Converged
         3        -8024        -8022          165.657           0
         7        -8008        -8005          113.586           0
         8        -8023        -8023          167.125           0
        11        -8028        -8022          312.662           0
        12        -8001        -8001             7.87           0
        13        -8015        -8014           60.229           0
        16        -8010        -8010           76.678           0
        19        -8002        -8002             5.51           1
        20        -8040        -8039          100.446           0
        22        -7990        -7990           68.222           0
        28        -8015        -8014            31.43           0
        30        -8022        -8022            79.46           0
        34        -8020        -8019          120.336           0
        35        -8007        -8004          219.831           0
        36        -8002        -8002           18.335           0
        37        -8012        -8011              NaN           1
        38        -8010        -8010           51.127           0
        40        -7990        -7989           75.636           0
        42        -8035        -8035           28.198           0
        44        -8011        -8011           71.283           0
        45        -8002        -8001           68.407           0
        46        -8011        -8010          273.011           0
        47        -8001        -8001           35.662           0
        48        -8033        -8033           76.577           0
        49        -8012        -8011              NaN           1
        50        -8031        -8031           43.096           0
        52        -8011        -8010           60.206           1
        54        -8020        -8005          197.472           0
        55        -8013        -8012          122.068           0
        56        -8019        -8016          147.808           0
        58        -8010        -8010            14.36           1
        59        -8015        -8014              NaN           1
        60        -8032        -8031          103.471           0
        62        -8013        -8012          348.109           0
        71        -8045        -8044           49.838           0
        74        -8010        -8010           92.821           0
        77        -8002        -8002           77.695           0
        78        -8000        -7999           31.541           0
        79        -7993        -7990          104.445           0
        80        -8005        -8002          405.757           0
        83        -8013        -8012           61.217           0
        86        -8001        -8001           14.107           0
        87        -8745        -8745           19.965           0
        88        -8468        -8325         1918.153           0
        92        -8253        -8253           37.508           0
        93        -8313        -8268         1046.475           0
Best candidate so far (LL=-7988.9)

Stage 8, 40 active candidates.
Estimating 25 BFGS iteration(s) for each active candidate.
 Candidate......LLstart.....LLfinish.....GradientNorm...Converged
         3        -8022        -8020           139.73           0
         7        -8005        -8004           44.974           0
         8        -8023        -8023          109.793           0
        11        -8022        -8018           99.695           0
        12        -8001        -8001            3.873           1
        13        -8014        -8013           37.718           0
        16        -8010        -8010           43.468           0
        20        -8039        -8039           49.099           0
        22        -7990        -7990           39.486           0
        28        -8014        -8014           45.695           0
        30        -8022        -8021           24.866           0
        34        -8019        -8017          106.105           0
        35        -8004        -8003           53.514           0
        36        -8002        -8002            5.407           1
        38        -8010        -8009           20.366           0
        40        -7989        -7989           30.561           0
        42        -8035        -8034           21.739           0
        44        -8011        -8011            15.44           0
        45        -8001        -8001           26.664           0
        46        -8010        -8010          126.487           0
        47        -8001        -8001              NaN           1
        48        -8033        -8033           16.639           1
        50        -8031        -8031            6.034           0
        54        -8005        -8002          202.879           0
        55        -8012        -8011           78.834           0
        56        -8016        -8014          199.931           0
        60        -8031        -8031           31.619           0
        62        -8012        -8012          240.177           0
        71        -8044        -8044              NaN           1
        74        -8010        -8010           31.932           0
        77        -8002        -8002             4.74           1
        78        -7999        -7999           10.293           0
        79        -7990        -7989          119.415           0
        80        -8002        -8002          198.256           0
        83        -8012        -8012            7.884           0
        86        -8001        -8001            2.959           1
        87        -8745        -8744              NaN           1
        88        -8325        -8262          841.627           0
        92        -8253        -8253           29.127           0
        93        -8268        -8255          505.826           0
Best candidate so far (LL=-7988.6)

Stage 9, 32 active candidates.
Estimating 25 BFGS iteration(s) for each active candidate.
 Candidate......LLstart.....LLfinish.....GradientNorm...Converged
         3        -8020        -8020          113.707           0
         7        -8004        -8003           65.798           0
         8        -8023        -8022           89.097           0
        11        -8018        -8016          121.081           0
        13        -8013        -8013           48.784           0
        16        -8010        -8010           28.966           0
        20        -8039        -8039             6.88           1
        22        -7990        -7990           33.641           0
        28        -8014        -8014           21.983           0
        30        -8021        -8021           11.593           1
        34        -8017        -8014          174.492           0
        35        -8003        -8002            19.59           0
        38        -8009        -8009           10.383           1
        40        -7989        -7989           17.625           0
        42        -8034        -8034           53.848           0
        44        -8011        -8011           12.801           1
        45        -8001        -8001            4.253           1
        46        -8010        -8010           25.749           0
        50        -8031        -8031            8.414           1
        54        -8002        -8002           59.804           0
        55        -8011        -8011           51.835           0
        56        -8014        -8012           98.326           0
        60        -8031        -8031           17.606           0
        62        -8012        -8012            98.55           0
        74        -8010        -8010            3.332           1
        78        -7999        -7999            4.581           1
        79        -7989        -7989            27.51           0
        80        -8002        -8001           88.799           0
        83        -8012        -8012            7.893           1
        88        -8262        -8254          329.788           0
        92        -8253        -8253            1.911           1
        93        -8255        -8253          271.551           0
Best candidate so far (LL=-7988.5)

Stage 10, 22 active candidates.
Estimating 100 BFGS iteration(s) for each active candidate.
 Candidate......LLstart.....LLfinish.....GradientNorm...Converged
         3        -8020        -8020            1.073           1
         7        -8003        -8002            2.356           1
         8        -8022        -8022            1.161           1
        11        -8016        -8011            0.827           1
        13        -8013        -8011           10.397           0
        16        -8010        -8010            6.967           1
        22        -7990        -7990            31.21           1
        28        -8014        -8011            5.089           0
        34        -8014        -8012            3.083           1
        35        -8002        -8002           16.857           1
        40        -7989        -7988             2.55           1
        42        -8034        -8019           93.319           0
        46        -8010        -8010            2.249           1
        54        -8002        -8001            9.901           1
        55        -8011        -8011            3.986           1
        56        -8012        -8011            1.072           1
        60        -8031        -8030            4.143           1
        62        -8012        -8012            2.208           1
        79        -7989        -7988             0.77           1
        80        -8001        -8001             2.46           1
        88        -8254        -8252            0.006           1
        93        -8253        -8252            0.003           1
Candidate 13 dropped.
- Failed test 1: Too close to 11 in parameter space.
Best candidate so far (LL=-7988.5)

Stage 11, 3 active candidates.
Estimating 100 BFGS iteration(s) for each active candidate.
 Candidate......LLstart.....LLfinish.....GradientNorm...Converged
        28        -8011        -8011            2.092           1
        40        -7988        -7988                0           1
        42        -8019        -8010              1.6           1
Best candidate so far (LL=-7988.5)
  n_points n_best n_within_tol did_best_conv
1       93      2            2          TRUE
Search-Start Execution Complete 
Using  32 cores. 
Search-Start Post-Processing Complete 
Starting main estimation 
WARNING: Object get_nl_spec from the global environment should not be
  used inside apollo_probabilities. If needed, save it inside
  apollo_inputs and call it as apollo_inputs$get_nl_spec. 
Preparing user-defined functions.

Testing likelihood function...
Apollo found a model component of type classAlloc without a
  componentName. The name was set to "classAlloc" by default.
INFORMATION: Setting "avail" is missing, so full availability is
  assumed. 

Overview of choices for NL model component Class_1:
                                    cvC1    cvC2    cvC3   hevC1   hevC2
Times available                  1311.00 1389.00 1340.00 1403.00 1348.00
Times chosen                      478.00  497.00  495.00  546.00  485.00
Percentage chosen overall           4.34    4.51    4.50    4.96    4.41
Percentage chosen when available   36.46   35.78   36.94   38.92   35.98
                                   hevC3 phev20C1 phev20C2 phev20C3 phev40C1
Times available                  1371.00  1400.00  1342.00  1367.00  1443.00
Times chosen                      541.00   494.00   507.00   518.00   558.00
Percentage chosen overall           4.91     4.49     4.60     4.70     5.07
Percentage chosen when available   39.46    35.29    37.78    37.89    38.67
                                 phev40C2 phev40C3 bev100C1 bev100C2 bev100C3
Times available                   1278.00  1369.00  1345.00  1320.00  1359.00
Times chosen                       488.00   537.00   313.00   299.00   305.00
Percentage chosen overall            4.43     4.88     2.84     2.72     2.77
Percentage chosen when available    38.18    39.23    23.27    22.65    22.44
                                 bev150C1 bev150C2 bev150C3 bev300C1 bev300C2
Times available                   1357.00  1472.00  1410.00  1357.00  1459.00
Times chosen                       363.00   389.00   336.00   449.00   487.00
Percentage chosen overall            3.30     3.53     3.05     4.08     4.42
Percentage chosen when available    26.75    26.43    23.83    33.09    33.38
                                 bev300C3 bev400C1 bev400C2 bev400C3
Times available                   1396.00  1394.00  1402.00  1398.00
Times chosen                       441.00   469.00   525.00   490.00
Percentage chosen overall            4.01     4.26     4.77     4.45
Percentage chosen when available    31.59    33.64    37.45    35.05

Nesting structure for NL model component Class_1:
Nest: root (1)
|-Nest: ICE (1.7534)
|  |-Alternative: cvC1
|  |-Alternative: cvC2
|  |-Alternative: cvC3
|  |-Alternative: hevC1
|  |-Alternative: hevC2
|  '-Alternative: hevC3
|-Nest: PHEV (0.8698)
|  |-Alternative: phev20C1
|  |-Alternative: phev20C2
|  |-Alternative: phev20C3
|  |-Alternative: phev40C1
|  |-Alternative: phev40C2
|  '-Alternative: phev40C3
'-Nest: BEV (1.1046)
   |-Alternative: bev100C1
   |-Alternative: bev100C2
   |-Alternative: bev100C3
   |-Alternative: bev150C1
   |-Alternative: bev150C2
   |-Alternative: bev150C3
   |-Alternative: bev300C1
   |-Alternative: bev300C2
   |-Alternative: bev300C3
   |-Alternative: bev400C1
   |-Alternative: bev400C2
   '-Alternative: bev400C3

WARNING: The nesting parameter for nest "ICE" should be between 0 and 1
  (the nesting parameter for nest "root"), yet its value is 1.7534. 

WARNING: The nesting parameter for nest "BEV" should be between 0 and 1
  (the nesting parameter for nest "root"), yet its value is 1.1046. 

Overview of choices for NL model component Class_2:
                                    cvC1    cvC2    cvC3   hevC1   hevC2
Times available                  1311.00 1389.00 1340.00 1403.00 1348.00
Times chosen                      478.00  497.00  495.00  546.00  485.00
Percentage chosen overall           4.34    4.51    4.50    4.96    4.41
Percentage chosen when available   36.46   35.78   36.94   38.92   35.98
                                   hevC3 phev20C1 phev20C2 phev20C3 phev40C1
Times available                  1371.00  1400.00  1342.00  1367.00  1443.00
Times chosen                      541.00   494.00   507.00   518.00   558.00
Percentage chosen overall           4.91     4.49     4.60     4.70     5.07
Percentage chosen when available   39.46    35.29    37.78    37.89    38.67
                                 phev40C2 phev40C3 bev100C1 bev100C2 bev100C3
Times available                   1278.00  1369.00  1345.00  1320.00  1359.00
Times chosen                       488.00   537.00   313.00   299.00   305.00
Percentage chosen overall            4.43     4.88     2.84     2.72     2.77
Percentage chosen when available    38.18    39.23    23.27    22.65    22.44
                                 bev150C1 bev150C2 bev150C3 bev300C1 bev300C2
Times available                   1357.00  1472.00  1410.00  1357.00  1459.00
Times chosen                       363.00   389.00   336.00   449.00   487.00
Percentage chosen overall            3.30     3.53     3.05     4.08     4.42
Percentage chosen when available    26.75    26.43    23.83    33.09    33.38
                                 bev300C3 bev400C1 bev400C2 bev400C3
Times available                   1396.00  1394.00  1402.00  1398.00
Times chosen                       441.00   469.00   525.00   490.00
Percentage chosen overall            4.01     4.26     4.77     4.45
Percentage chosen when available    31.59    33.64    37.45    35.05

Nesting structure for NL model component Class_2:
Nest: root (1)
|-Nest: ICE (0.7419)
|  |-Alternative: cvC1
|  |-Alternative: cvC2
|  |-Alternative: cvC3
|  |-Alternative: hevC1
|  |-Alternative: hevC2
|  '-Alternative: hevC3
|-Nest: PHEV (0.402)
|  |-Alternative: phev20C1
|  |-Alternative: phev20C2
|  |-Alternative: phev20C3
|  |-Alternative: phev40C1
|  |-Alternative: phev40C2
|  '-Alternative: phev40C3
'-Nest: BEV (0.7781)
   |-Alternative: bev100C1
   |-Alternative: bev100C2
   |-Alternative: bev100C3
   |-Alternative: bev150C1
   |-Alternative: bev150C2
   |-Alternative: bev150C3
   |-Alternative: bev300C1
   |-Alternative: bev300C2
   |-Alternative: bev300C3
   |-Alternative: bev400C1
   |-Alternative: bev400C2
   '-Alternative: bev400C3

Overview of choices for NL model component Class_3:
                                    cvC1    cvC2    cvC3   hevC1   hevC2
Times available                  1311.00 1389.00 1340.00 1403.00 1348.00
Times chosen                      478.00  497.00  495.00  546.00  485.00
Percentage chosen overall           4.34    4.51    4.50    4.96    4.41
Percentage chosen when available   36.46   35.78   36.94   38.92   35.98
                                   hevC3 phev20C1 phev20C2 phev20C3 phev40C1
Times available                  1371.00  1400.00  1342.00  1367.00  1443.00
Times chosen                      541.00   494.00   507.00   518.00   558.00
Percentage chosen overall           4.91     4.49     4.60     4.70     5.07
Percentage chosen when available   39.46    35.29    37.78    37.89    38.67
                                 phev40C2 phev40C3 bev100C1 bev100C2 bev100C3
Times available                   1278.00  1369.00  1345.00  1320.00  1359.00
Times chosen                       488.00   537.00   313.00   299.00   305.00
Percentage chosen overall            4.43     4.88     2.84     2.72     2.77
Percentage chosen when available    38.18    39.23    23.27    22.65    22.44
                                 bev150C1 bev150C2 bev150C3 bev300C1 bev300C2
Times available                   1357.00  1472.00  1410.00  1357.00  1459.00
Times chosen                       363.00   389.00   336.00   449.00   487.00
Percentage chosen overall            3.30     3.53     3.05     4.08     4.42
Percentage chosen when available    26.75    26.43    23.83    33.09    33.38
                                 bev300C3 bev400C1 bev400C2 bev400C3
Times available                   1396.00  1394.00  1402.00  1398.00
Times chosen                       441.00   469.00   525.00   490.00
Percentage chosen overall            4.01     4.26     4.77     4.45
Percentage chosen when available    31.59    33.64    37.45    35.05

Nesting structure for NL model component Class_3:
Nest: root (1)
|-Nest: ICE (0.417)
|  |-Alternative: cvC1
|  |-Alternative: cvC2
|  |-Alternative: cvC3
|  |-Alternative: hevC1
|  |-Alternative: hevC2
|  '-Alternative: hevC3
|-Nest: PHEV (0.6944)
|  |-Alternative: phev20C1
|  |-Alternative: phev20C2
|  |-Alternative: phev20C3
|  |-Alternative: phev40C1
|  |-Alternative: phev40C2
|  '-Alternative: phev40C3
'-Nest: BEV (1.0822)
   |-Alternative: bev100C1
   |-Alternative: bev100C2
   |-Alternative: bev100C3
   |-Alternative: bev150C1
   |-Alternative: bev150C2
   |-Alternative: bev150C3
   |-Alternative: bev300C1
   |-Alternative: bev300C2
   |-Alternative: bev300C3
   |-Alternative: bev400C1
   |-Alternative: bev400C2
   '-Alternative: bev400C3

WARNING: The nesting parameter for nest "BEV" should be between 0 and 1
  (the nesting parameter for nest "root"), yet its value is 1.0822. 

Overview of choices for NL model component Class_4:
                                    cvC1    cvC2    cvC3   hevC1   hevC2
Times available                  1311.00 1389.00 1340.00 1403.00 1348.00
Times chosen                      478.00  497.00  495.00  546.00  485.00
Percentage chosen overall           4.34    4.51    4.50    4.96    4.41
Percentage chosen when available   36.46   35.78   36.94   38.92   35.98
                                   hevC3 phev20C1 phev20C2 phev20C3 phev40C1
Times available                  1371.00  1400.00  1342.00  1367.00  1443.00
Times chosen                      541.00   494.00   507.00   518.00   558.00
Percentage chosen overall           4.91     4.49     4.60     4.70     5.07
Percentage chosen when available   39.46    35.29    37.78    37.89    38.67
                                 phev40C2 phev40C3 bev100C1 bev100C2 bev100C3
Times available                   1278.00  1369.00  1345.00  1320.00  1359.00
Times chosen                       488.00   537.00   313.00   299.00   305.00
Percentage chosen overall            4.43     4.88     2.84     2.72     2.77
Percentage chosen when available    38.18    39.23    23.27    22.65    22.44
                                 bev150C1 bev150C2 bev150C3 bev300C1 bev300C2
Times available                   1357.00  1472.00  1410.00  1357.00  1459.00
Times chosen                       363.00   389.00   336.00   449.00   487.00
Percentage chosen overall            3.30     3.53     3.05     4.08     4.42
Percentage chosen when available    26.75    26.43    23.83    33.09    33.38
                                 bev300C3 bev400C1 bev400C2 bev400C3
Times available                   1396.00  1394.00  1402.00  1398.00
Times chosen                       441.00   469.00   525.00   490.00
Percentage chosen overall            4.01     4.26     4.77     4.45
Percentage chosen when available    31.59    33.64    37.45    35.05

Nesting structure for NL model component Class_4:
Nest: root (1)
|-Nest: ICE (0.911)
|  |-Alternative: cvC1
|  |-Alternative: cvC2
|  |-Alternative: cvC3
|  |-Alternative: hevC1
|  |-Alternative: hevC2
|  '-Alternative: hevC3
|-Nest: PHEV (0.6979)
|  |-Alternative: phev20C1
|  |-Alternative: phev20C2
|  |-Alternative: phev20C3
|  |-Alternative: phev40C1
|  |-Alternative: phev40C2
|  '-Alternative: phev40C3
'-Nest: BEV (0.8505)
   |-Alternative: bev100C1
   |-Alternative: bev100C2
   |-Alternative: bev100C3
   |-Alternative: bev150C1
   |-Alternative: bev150C2
   |-Alternative: bev150C3
   |-Alternative: bev300C1
   |-Alternative: bev300C2
   |-Alternative: bev300C3
   |-Alternative: bev400C1
   |-Alternative: bev400C2
   '-Alternative: bev400C3

Overview of choices for NL model component Class_5:
                                    cvC1    cvC2    cvC3   hevC1   hevC2
Times available                  1311.00 1389.00 1340.00 1403.00 1348.00
Times chosen                      478.00  497.00  495.00  546.00  485.00
Percentage chosen overall           4.34    4.51    4.50    4.96    4.41
Percentage chosen when available   36.46   35.78   36.94   38.92   35.98
                                   hevC3 phev20C1 phev20C2 phev20C3 phev40C1
Times available                  1371.00  1400.00  1342.00  1367.00  1443.00
Times chosen                      541.00   494.00   507.00   518.00   558.00
Percentage chosen overall           4.91     4.49     4.60     4.70     5.07
Percentage chosen when available   39.46    35.29    37.78    37.89    38.67
                                 phev40C2 phev40C3 bev100C1 bev100C2 bev100C3
Times available                   1278.00  1369.00  1345.00  1320.00  1359.00
Times chosen                       488.00   537.00   313.00   299.00   305.00
Percentage chosen overall            4.43     4.88     2.84     2.72     2.77
Percentage chosen when available    38.18    39.23    23.27    22.65    22.44
                                 bev150C1 bev150C2 bev150C3 bev300C1 bev300C2
Times available                   1357.00  1472.00  1410.00  1357.00  1459.00
Times chosen                       363.00   389.00   336.00   449.00   487.00
Percentage chosen overall            3.30     3.53     3.05     4.08     4.42
Percentage chosen when available    26.75    26.43    23.83    33.09    33.38
                                 bev300C3 bev400C1 bev400C2 bev400C3
Times available                   1396.00  1394.00  1402.00  1398.00
Times chosen                       441.00   469.00   525.00   490.00
Percentage chosen overall            4.01     4.26     4.77     4.45
Percentage chosen when available    31.59    33.64    37.45    35.05

Nesting structure for NL model component Class_5:
Nest: root (1)
|-Nest: ICE (0.6377)
|  |-Alternative: cvC1
|  |-Alternative: cvC2
|  |-Alternative: cvC3
|  |-Alternative: hevC1
|  |-Alternative: hevC2
|  '-Alternative: hevC3
|-Nest: PHEV (0.5226)
|  |-Alternative: phev20C1
|  |-Alternative: phev20C2
|  |-Alternative: phev20C3
|  |-Alternative: phev40C1
|  |-Alternative: phev40C2
|  '-Alternative: phev40C3
'-Nest: BEV (0.5286)
   |-Alternative: bev100C1
   |-Alternative: bev100C2
   |-Alternative: bev100C3
   |-Alternative: bev150C1
   |-Alternative: bev150C2
   |-Alternative: bev150C3
   |-Alternative: bev300C1
   |-Alternative: bev300C2
   |-Alternative: bev300C3
   |-Alternative: bev400C1
   |-Alternative: bev400C2
   '-Alternative: bev400C3

Overview of choices for NL model component Class_6:
                                    cvC1    cvC2    cvC3   hevC1   hevC2
Times available                  1311.00 1389.00 1340.00 1403.00 1348.00
Times chosen                      478.00  497.00  495.00  546.00  485.00
Percentage chosen overall           4.34    4.51    4.50    4.96    4.41
Percentage chosen when available   36.46   35.78   36.94   38.92   35.98
                                   hevC3 phev20C1 phev20C2 phev20C3 phev40C1
Times available                  1371.00  1400.00  1342.00  1367.00  1443.00
Times chosen                      541.00   494.00   507.00   518.00   558.00
Percentage chosen overall           4.91     4.49     4.60     4.70     5.07
Percentage chosen when available   39.46    35.29    37.78    37.89    38.67
                                 phev40C2 phev40C3 bev100C1 bev100C2 bev100C3
Times available                   1278.00  1369.00  1345.00  1320.00  1359.00
Times chosen                       488.00   537.00   313.00   299.00   305.00
Percentage chosen overall            4.43     4.88     2.84     2.72     2.77
Percentage chosen when available    38.18    39.23    23.27    22.65    22.44
                                 bev150C1 bev150C2 bev150C3 bev300C1 bev300C2
Times available                   1357.00  1472.00  1410.00  1357.00  1459.00
Times chosen                       363.00   389.00   336.00   449.00   487.00
Percentage chosen overall            3.30     3.53     3.05     4.08     4.42
Percentage chosen when available    26.75    26.43    23.83    33.09    33.38
                                 bev300C3 bev400C1 bev400C2 bev400C3
Times available                   1396.00  1394.00  1402.00  1398.00
Times chosen                       441.00   469.00   525.00   490.00
Percentage chosen overall            4.01     4.26     4.77     4.45
Percentage chosen when available    31.59    33.64    37.45    35.05

Nesting structure for NL model component Class_6:
Nest: root (1)
|-Nest: ICE (2.6614)
|  |-Alternative: cvC1
|  |-Alternative: cvC2
|  |-Alternative: cvC3
|  |-Alternative: hevC1
|  |-Alternative: hevC2
|  '-Alternative: hevC3
|-Nest: PHEV (0.7111)
|  |-Alternative: phev20C1
|  |-Alternative: phev20C2
|  |-Alternative: phev20C3
|  |-Alternative: phev40C1
|  |-Alternative: phev40C2
|  '-Alternative: phev40C3
'-Nest: BEV (0.6953)
   |-Alternative: bev100C1
   |-Alternative: bev100C2
   |-Alternative: bev100C3
   |-Alternative: bev150C1
   |-Alternative: bev150C2
   |-Alternative: bev150C3
   |-Alternative: bev300C1
   |-Alternative: bev300C2
   |-Alternative: bev300C3
   |-Alternative: bev400C1
   |-Alternative: bev400C2
   '-Alternative: bev400C3

WARNING: The nesting parameter for nest "ICE" should be between 0 and 1
  (the nesting parameter for nest "root"), yet its value is 2.6614. 

Summary of class allocation for model component :
         Mean prob.
Class_1     0.11027
Class_2     0.31257
Class_3     0.22325
Class_4     0.16172
Class_5     0.14375
Class_6     0.04844

Pre-processing likelihood function...
Creating cluster...
INFORMATION: While preparing your inputs for multi-core estimation, the
  following objects were found in "apollo_inputs", but were not split
  across cores: "attrCols", "availCols", "heterogeneity_spec",
  "lognorm_price_dist", "n_classes", "n_draws", "nesting_params",
  "nesting_spec", "observed_attributes", "scalingFactor_dist",
  "utility_space". If these objects contain observation or
  individual-specific data, and thus need to be split, please add a
  column with the IDs to these objects, and call this column "ID" 
Preparing workers for multithreading...

Testing influence of parameters.....................................................................................................
Starting main estimation
initial  value 7988.480552 
iter   2 value 7988.480547
iter   3 value 7988.480545
iter   4 value 7988.480543
iter   5 value 7988.480536
iter   6 value 7988.480507
iter   7 value 7988.480502
iter   8 value 7988.480492
iter   9 value 7988.480478
iter  10 value 7988.480454
iter  11 value 7988.480437
iter  12 value 7988.480432
iter  13 value 7988.480424
iter  14 value 7988.480415
iter  15 value 7988.480415
iter  16 value 7988.480409
iter  17 value 7988.480404
iter  18 value 7988.480395
iter  19 value 7988.480389
iter  20 value 7988.480375
iter  21 value 7988.480369
iter  22 value 7988.480368
iter  23 value 7988.480364
iter  24 value 7988.480361
iter  25 value 7988.480359
iter  26 value 7988.480357
iter  27 value 7988.480351
iter  28 value 7988.480345
iter  29 value 7988.480341
iter  30 value 7988.480336
iter  31 value 7988.480331
iter  32 value 7988.480326
iter  33 value 7988.480318
iter  34 value 7988.480312
iter  35 value 7988.480307
iter  36 value 7988.480304
iter  37 value 7988.480302
iter  38 value 7988.480300
iter  39 value 7988.480298
iter  40 value 7988.480297
iter  41 value 7988.480296
iter  42 value 7988.480294
iter  43 value 7988.480293
iter  44 value 7988.480293
iter  45 value 7988.480292
iter  46 value 7988.480292
iter  47 value 7988.480291
iter  48 value 7988.480291
iter  49 value 7988.480291
iter  50 value 7988.480291
iter  51 value 7988.480291
iter  52 value 7988.480291
iter  53 value 7988.480290
iter  54 value 7988.480290
iter  55 value 7988.480290
iter  56 value 7988.480290
iter  57 value 7988.480290
iter  58 value 7988.480290
iter  59 value 7988.480290
iter  60 value 7988.480290
iter  61 value 7988.480290
iter  62 value 7988.480290
iter  63 value 7988.480290
iter  64 value 7988.480290
iter  65 value 7988.480290
iter  66 value 7988.480290
iter  67 value 7988.480290
iter  68 value 7988.480290
iter  69 value 7988.480290
iter  70 value 7988.480290
iter  71 value 7988.480290
iter  72 value 7988.480290
iter  73 value 7988.480289
iter  74 value 7988.480289
iter  75 value 7988.480289
iter  76 value 7988.480289
iter  77 value 7988.480289
iter  78 value 7988.480289
iter  79 value 7988.480289
iter  80 value 7988.480289
iter  81 value 7988.480289
iter  82 value 7988.480289
iter  83 value 7988.480289
iter  84 value 7988.480289
iter  85 value 7988.480289
iter  86 value 7988.480289
iter  87 value 7988.480289
iter  88 value 7988.480289
iter  89 value 7988.480289
iter  90 value 7988.480289
iter  91 value 7988.480289
iter  92 value 7988.480289
iter  93 value 7988.480289
iter  94 value 7988.480289
iter  95 value 7988.480289
iter  96 value 7988.480289
iter  97 value 7988.480289
iter  98 value 7988.480289
iter  99 value 7988.480289
iter 100 value 7988.480289
iter 101 value 7988.480289
iter 102 value 7988.480289
iter 103 value 7988.480289
iter 104 value 7988.480289
iter 105 value 7988.480289
iter 106 value 7988.480289
iter 107 value 7988.480289
iter 108 value 7988.480289
iter 109 value 7988.480289
iter 109 value 7988.480289
iter 109 value 7988.480289
final  value 7988.480289 
converged

Estimated parameters with approximate standard errors from BHHH matrix:
                     Estimate     BHHH se BHH t-ratio (0)
b_Price_1           -0.553320    0.059613       -9.281860
b_Acceleration_1    -0.065563    0.050782       -1.291061
b_OpCost_1          -0.320327    0.044880       -7.137375
b_hev_1             -0.801256    0.354859       -2.257960
b_phev20_1          -0.119637    0.335554       -0.356535
b_phev40_1          -0.588805    0.355930       -1.654271
b_bev_1             -0.054874    0.247445       -0.221761
b_bevRangeRel_1     -0.292809    0.116117       -2.521671
b_noBEVFC_1         -0.303690    0.255785       -1.187285
b_american_1        -0.064252    0.378083       -0.169942
b_chinese_1         -0.582438    0.267497       -2.177361
b_japanese_1         0.001944    0.214553        0.009061
b_skorean_1         -0.416259    0.307547       -1.353480
lambda_ICE_1         1.753734    0.555306        3.158142
lambda_PHEV_1        0.872403    0.325351        2.681418
lambda_BEV_1         1.105249    0.202846        5.448712
class_intercept_1    0.000000          NA              NA
b_Price_2           -0.114460    0.004471      -25.599011
b_Acceleration_2    -0.076459    0.010703       -7.143718
b_OpCost_2          -0.159813    0.009224      -17.324996
b_hev_2              0.366398    0.075473        4.854682
b_phev20_2           0.289011    0.081269        3.556235
b_phev40_2           0.438470    0.088584        4.949767
b_bev_2             -0.376370    0.087295       -4.311450
b_bevRangeRel_2      0.606528    0.033918       17.882303
b_noBEVFC_2         -0.118576    0.082975       -1.429061
b_american_2         0.202195    0.058964        3.429132
b_chinese_2         -0.727060    0.072005      -10.097297
b_japanese_2        -0.043911    0.069155       -0.634963
b_skorean_2        5.2689e-04    0.067051        0.007858
lambda_ICE_2         0.742059    0.091088        8.146612
lambda_PHEV_2        0.402127    0.040552        9.916432
lambda_BEV_2         0.778288    0.044273       17.579098
class_intercept_2    1.041923    0.121475        8.577232
b_Price_3           -0.076100    0.004550      -16.725363
b_Acceleration_3    -0.088920    0.016297       -5.456211
b_OpCost_3          -0.213441    0.014129      -15.106115
b_hev_3              0.091199    0.112186        0.812923
b_phev20_3           0.137937    0.146430        0.941998
b_phev40_3           0.149794    0.100248        1.494243
b_bev_3              0.273811    0.085387        3.206714
b_bevRangeRel_3      0.189116    0.029445        6.422688
b_noBEVFC_3         -0.514245    0.102300       -5.026806
b_american_3        -0.597082    0.073858       -8.084207
b_chinese_3         -5.107770    0.275888      -18.513898
b_japanese_3        -0.047471    0.056866       -0.834780
b_skorean_3         -0.732129    0.075970       -9.637140
lambda_ICE_3         0.416926    0.079705        5.230881
lambda_PHEV_3        0.694547    0.086213        8.056151
lambda_BEV_3         1.082408    0.091697       11.804188
class_intercept_3    0.705064    0.120152        5.868107
b_Price_4           -0.019818    0.002503       -7.918161
b_Acceleration_4    -0.175644    0.015360      -11.434835
b_OpCost_4          -0.093223    0.009570       -9.741164
b_hev_4              0.522885    0.113447        4.609081
b_phev20_4           0.299546    0.136674        2.191678
b_phev40_4           0.531798    0.132244        4.021336
b_bev_4              0.590484    0.109425        5.396255
b_bevRangeRel_4      0.074579    0.035439        2.104400
b_noBEVFC_4         -0.440362    0.071456       -6.162655
b_american_4         0.160165    0.085667        1.869632
b_chinese_4         -0.147883    0.095370       -1.550626
b_japanese_4         0.310707    0.084801        3.663935
b_skorean_4         -0.504270    0.085741       -5.881314
lambda_ICE_4         0.911221    0.164327        5.545161
lambda_PHEV_4        0.697669    0.115854        6.021987
lambda_BEV_4         0.850333    0.115054        7.390745
class_intercept_4    0.382996    0.141019        2.715923
b_Price_5           -0.040428    0.003027      -13.355456
b_Acceleration_5    -0.060163    0.017550       -3.428009
b_OpCost_5          -0.048360    0.013686       -3.533536
b_hev_5             -0.662923    0.120244       -5.513143
b_phev20_5          -0.697483    0.078715       -8.860833
b_phev40_5          -0.659454    0.114678       -5.750509
b_bev_5             -2.656479    0.122805      -21.631596
b_bevRangeRel_5      0.285774    0.053969        5.295133
b_noBEVFC_5         -0.465410    0.142800       -3.259168
b_american_5        -0.301756    0.136493       -2.210785
b_chinese_5         -1.537155    0.183368       -8.382909
b_japanese_5        -0.279631    0.119565       -2.338737
b_skorean_5         -0.440638    0.118740       -3.710966
lambda_ICE_5         0.637626    0.118370        5.386703
lambda_PHEV_5        0.522171    0.074693        6.990939
lambda_BEV_5         0.528642    0.073493        7.193129
class_intercept_5    0.265467    0.135904        1.953336
b_Price_6           -0.051187    0.016420       -3.117448
b_Acceleration_6    -0.399495    0.163874       -2.437816
b_OpCost_6          -0.151874    0.051109       -2.971588
b_hev_6             -1.917271    0.674141       -2.844022
b_phev20_6          -0.922139    0.654291       -1.409371
b_phev40_6          -0.344571    0.579959       -0.594130
b_bev_6              1.117628    0.574324        1.945991
b_bevRangeRel_6      2.220632    0.459193        4.835940
b_noBEVFC_6         -0.527398    0.225667       -2.337058
b_american_6        -1.118164    0.708179       -1.578928
b_chinese_6         -2.713095    0.716403       -3.787106
b_japanese_6        -0.548221    0.731350       -0.749601
b_skorean_6         -0.852284    0.648131       -1.314987
lambda_ICE_6         2.659806    1.546498        1.719890
lambda_PHEV_6        0.710162    0.541300        1.311956
lambda_BEV_6         0.695529    0.331445        2.098477
class_intercept_6   -0.823021    0.189363       -4.346263

Final LL: -7988.4803

Nesting structure for NL model component Class_1:
Nest: root (1)
|-Nest: ICE (1.7537)
|  |-Alternative: cvC1
|  |-Alternative: cvC2
|  |-Alternative: cvC3
|  |-Alternative: hevC1
|  |-Alternative: hevC2
|  '-Alternative: hevC3
|-Nest: PHEV (0.8724)
|  |-Alternative: phev20C1
|  |-Alternative: phev20C2
|  |-Alternative: phev20C3
|  |-Alternative: phev40C1
|  |-Alternative: phev40C2
|  '-Alternative: phev40C3
'-Nest: BEV (1.1052)
   |-Alternative: bev100C1
   |-Alternative: bev100C2
   |-Alternative: bev100C3
   |-Alternative: bev150C1
   |-Alternative: bev150C2
   |-Alternative: bev150C3
   |-Alternative: bev300C1
   |-Alternative: bev300C2
   |-Alternative: bev300C3
   |-Alternative: bev400C1
   |-Alternative: bev400C2
   '-Alternative: bev400C3

WARNING: The nesting parameter for nest "ICE" should be between 0 and 1
  (the nesting parameter for nest "root"), yet its value is 1.7537. 

WARNING: The nesting parameter for nest "BEV" should be between 0 and 1
  (the nesting parameter for nest "root"), yet its value is 1.1052. 
Nesting structure for NL model component Class_2:
Nest: root (1)
|-Nest: ICE (0.7421)
|  |-Alternative: cvC1
|  |-Alternative: cvC2
|  |-Alternative: cvC3
|  |-Alternative: hevC1
|  |-Alternative: hevC2
|  '-Alternative: hevC3
|-Nest: PHEV (0.4021)
|  |-Alternative: phev20C1
|  |-Alternative: phev20C2
|  |-Alternative: phev20C3
|  |-Alternative: phev40C1
|  |-Alternative: phev40C2
|  '-Alternative: phev40C3
'-Nest: BEV (0.7783)
   |-Alternative: bev100C1
   |-Alternative: bev100C2
   |-Alternative: bev100C3
   |-Alternative: bev150C1
   |-Alternative: bev150C2
   |-Alternative: bev150C3
   |-Alternative: bev300C1
   |-Alternative: bev300C2
   |-Alternative: bev300C3
   |-Alternative: bev400C1
   |-Alternative: bev400C2
   '-Alternative: bev400C3
Nesting structure for NL model component Class_3:
Nest: root (1)
|-Nest: ICE (0.4169)
|  |-Alternative: cvC1
|  |-Alternative: cvC2
|  |-Alternative: cvC3
|  |-Alternative: hevC1
|  |-Alternative: hevC2
|  '-Alternative: hevC3
|-Nest: PHEV (0.6945)
|  |-Alternative: phev20C1
|  |-Alternative: phev20C2
|  |-Alternative: phev20C3
|  |-Alternative: phev40C1
|  |-Alternative: phev40C2
|  '-Alternative: phev40C3
'-Nest: BEV (1.0824)
   |-Alternative: bev100C1
   |-Alternative: bev100C2
   |-Alternative: bev100C3
   |-Alternative: bev150C1
   |-Alternative: bev150C2
   |-Alternative: bev150C3
   |-Alternative: bev300C1
   |-Alternative: bev300C2
   |-Alternative: bev300C3
   |-Alternative: bev400C1
   |-Alternative: bev400C2
   '-Alternative: bev400C3

WARNING: The nesting parameter for nest "BEV" should be between 0 and 1
  (the nesting parameter for nest "root"), yet its value is 1.0824. 
Nesting structure for NL model component Class_4:
Nest: root (1)
|-Nest: ICE (0.9112)
|  |-Alternative: cvC1
|  |-Alternative: cvC2
|  |-Alternative: cvC3
|  |-Alternative: hevC1
|  |-Alternative: hevC2
|  '-Alternative: hevC3
|-Nest: PHEV (0.6977)
|  |-Alternative: phev20C1
|  |-Alternative: phev20C2
|  |-Alternative: phev20C3
|  |-Alternative: phev40C1
|  |-Alternative: phev40C2
|  '-Alternative: phev40C3
'-Nest: BEV (0.8503)
   |-Alternative: bev100C1
   |-Alternative: bev100C2
   |-Alternative: bev100C3
   |-Alternative: bev150C1
   |-Alternative: bev150C2
   |-Alternative: bev150C3
   |-Alternative: bev300C1
   |-Alternative: bev300C2
   |-Alternative: bev300C3
   |-Alternative: bev400C1
   |-Alternative: bev400C2
   '-Alternative: bev400C3
Nesting structure for NL model component Class_5:
Nest: root (1)
|-Nest: ICE (0.6376)
|  |-Alternative: cvC1
|  |-Alternative: cvC2
|  |-Alternative: cvC3
|  |-Alternative: hevC1
|  |-Alternative: hevC2
|  '-Alternative: hevC3
|-Nest: PHEV (0.5222)
|  |-Alternative: phev20C1
|  |-Alternative: phev20C2
|  |-Alternative: phev20C3
|  |-Alternative: phev40C1
|  |-Alternative: phev40C2
|  '-Alternative: phev40C3
'-Nest: BEV (0.5286)
   |-Alternative: bev100C1
   |-Alternative: bev100C2
   |-Alternative: bev100C3
   |-Alternative: bev150C1
   |-Alternative: bev150C2
   |-Alternative: bev150C3
   |-Alternative: bev300C1
   |-Alternative: bev300C2
   |-Alternative: bev300C3
   |-Alternative: bev400C1
   |-Alternative: bev400C2
   '-Alternative: bev400C3
Nesting structure for NL model component Class_6:
Nest: root (1)
|-Nest: ICE (2.6598)
|  |-Alternative: cvC1
|  |-Alternative: cvC2
|  |-Alternative: cvC3
|  |-Alternative: hevC1
|  |-Alternative: hevC2
|  '-Alternative: hevC3
|-Nest: PHEV (0.7102)
|  |-Alternative: phev20C1
|  |-Alternative: phev20C2
|  |-Alternative: phev20C3
|  |-Alternative: phev40C1
|  |-Alternative: phev40C2
|  '-Alternative: phev40C3
'-Nest: BEV (0.6955)
   |-Alternative: bev100C1
   |-Alternative: bev100C2
   |-Alternative: bev100C3
   |-Alternative: bev150C1
   |-Alternative: bev150C2
   |-Alternative: bev150C3
   |-Alternative: bev300C1
   |-Alternative: bev300C2
   |-Alternative: bev300C3
   |-Alternative: bev400C1
   |-Alternative: bev400C2
   '-Alternative: bev400C3

WARNING: The nesting parameter for nest "ICE" should be between 0 and 1
  (the nesting parameter for nest "root"), yet its value is 2.6598. 

Summary of class allocation for model component :
         Mean prob.
Class_1     0.11027
Class_2     0.31259
Class_3     0.22319
Class_4     0.16173
Class_5     0.14380
Class_6     0.04842

Calculating log-likelihood at equal shares (LL(0)) for applicable
  models...
Calculating LL of each model component...
Calculating other model fit measures
INFORMATION: Your model took more than 10 minutes to estimate, so it
  was saved to file
  logs/job_35887057/LCL6_NL_pref/LCL6_NL_pref_model.rds before
  calculating its covariance matrix. If calculation of the covariance
  matrix fails or is stopped before finishing, you can load the model
  up to this point using apollo_loadModel. You may also want to inspect
  the approximate BHHH standard errors shown above to determine whether
  you wish to continue this process. 
Computing covariance matrix using numerical methods (numDeriv).
 0%....25%....50%....75%....100%
Negative definite Hessian with maximum eigenvalue: -1.299446

Please acknowledge the use of Apollo by citing Hess & Palma (2019) -
  doi.org/10.1016/j.jocm.2019.100170
Model output saved to logs/job_35887057/LCL6_NL_pref/LCL6_NL_pref_output.txt 
Estimates saved to logs/job_35887057/LCL6_NL_pref/LCL6_NL_pref_estimates.csv 
Model object saved to logs/job_35887057/LCL6_NL_pref/LCL6_NL_pref.rds 
[1] TRUE
Starting Cross-Validation 
Testing likelihood function.
5 separate runs will be conducted, each using a random subset of 80% of
  individuals for estimation, and the remainder for validation.
Number of individuals
- for estimation : 587
- for forecasting : 147
- in sample (total): 734
Estimated parameters and log-likelihoods for each sample will be
  written to:
  logs/job_35887057/LCL6_NL_pref/LCL6_NL_pref_outOfSample_params.csv
The matrix defining the observations used in each repetition will be
  written to:
  logs/job_35887057/LCL6_NL_pref/LCL6_NL_pref_outOfSample_samples.csv

Estimation cycle 1 (8805 obs.)
WARNING: Object get_nl_spec from the global environment should not be
  used inside apollo_probabilities. If needed, save it inside
  apollo_inputs and call it as apollo_inputs$get_nl_spec. 
Apollo found a model component of type NL without a componentName. The
  name was set to "Class_1" by default.
Apollo found a model component of type NL without a componentName. The
  name was set to "Class_2" by default.
Apollo found a model component of type NL without a componentName. The
  name was set to "Class_3" by default.
Apollo found a model component of type NL without a componentName. The
  name was set to "Class_4" by default.
Apollo found a model component of type NL without a componentName. The
  name was set to "Class_5" by default.
Apollo found a model component of type NL without a componentName. The
  name was set to "Class_6" by default.
INFORMATION: While preparing your inputs for multi-core estimation, the
  following objects were found in "apollo_inputs", but were not split
  across cores: "attrCols", "availCols", "heterogeneity_spec",
  "lognorm_price_dist", "n_classes", "n_draws", "nesting_params",
  "nesting_spec", "observed_attributes", "scalingFactor_dist",
  "utility_space". If these objects contain observation or
  individual-specific data, and thus need to be split, please add a
  column with the IDs to these objects, and call this column "ID" 
Saving CV model as: LCL6_NL_pref_CV01
Model output saved to logs/job_35887057/LCL6_NL_pref/LCL6_NL_pref_CV01_output.txt 
Estimates saved to logs/job_35887057/LCL6_NL_pref/LCL6_NL_pref_CV01_estimates.csv 
Model object saved to logs/job_35887057/LCL6_NL_pref/LCL6_NL_pref_CV01.rds 
Out-of-sample time: 0.127
Iter. total wall time: 4412.062 secs
Estimation results written to file.
Estimation cycle 2 (8805 obs.)
WARNING: Object get_nl_spec from the global environment should not be
  used inside apollo_probabilities. If needed, save it inside
  apollo_inputs and call it as apollo_inputs$get_nl_spec. 
INFORMATION: While preparing your inputs for multi-core estimation, the
  following objects were found in "apollo_inputs", but were not split
  across cores: "attrCols", "availCols", "heterogeneity_spec",
  "lognorm_price_dist", "n_classes", "n_draws", "nesting_params",
  "nesting_spec", "observed_attributes", "scalingFactor_dist",
  "utility_space". If these objects contain observation or
  individual-specific data, and thus need to be split, please add a
  column with the IDs to these objects, and call this column "ID" 
Saving CV model as: LCL6_NL_pref_CV02
Model output saved to logs/job_35887057/LCL6_NL_pref/LCL6_NL_pref_CV02_output.txt 
Estimates saved to logs/job_35887057/LCL6_NL_pref/LCL6_NL_pref_CV02_estimates.csv 
Model object saved to logs/job_35887057/LCL6_NL_pref/LCL6_NL_pref_CV02.rds 
Out-of-sample time: 0.127
Iter. total wall time: 4341.226 secs
Estimation results written to file.
Estimation cycle 3 (8805 obs.)
WARNING: Object get_nl_spec from the global environment should not be
  used inside apollo_probabilities. If needed, save it inside
  apollo_inputs and call it as apollo_inputs$get_nl_spec. 
INFORMATION: While preparing your inputs for multi-core estimation, the
  following objects were found in "apollo_inputs", but were not split
  across cores: "attrCols", "availCols", "heterogeneity_spec",
  "lognorm_price_dist", "n_classes", "n_draws", "nesting_params",
  "nesting_spec", "observed_attributes", "scalingFactor_dist",
  "utility_space". If these objects contain observation or
  individual-specific data, and thus need to be split, please add a
  column with the IDs to these objects, and call this column "ID" 
Saving CV model as: LCL6_NL_pref_CV03
Model output saved to logs/job_35887057/LCL6_NL_pref/LCL6_NL_pref_CV03_output.txt 
Estimates saved to logs/job_35887057/LCL6_NL_pref/LCL6_NL_pref_CV03_estimates.csv 
Model object saved to logs/job_35887057/LCL6_NL_pref/LCL6_NL_pref_CV03.rds 
Out-of-sample time: 0.128
Iter. total wall time: 2516.772 secs
Estimation results written to file.
Estimation cycle 4 (8805 obs.)
WARNING: Object get_nl_spec from the global environment should not be
  used inside apollo_probabilities. If needed, save it inside
  apollo_inputs and call it as apollo_inputs$get_nl_spec. 
INFORMATION: While preparing your inputs for multi-core estimation, the
  following objects were found in "apollo_inputs", but were not split
  across cores: "attrCols", "availCols", "heterogeneity_spec",
  "lognorm_price_dist", "n_classes", "n_draws", "nesting_params",
  "nesting_spec", "observed_attributes", "scalingFactor_dist",
  "utility_space". If these objects contain observation or
  individual-specific data, and thus need to be split, please add a
  column with the IDs to these objects, and call this column "ID" 
Saving CV model as: LCL6_NL_pref_CV04
Model output saved to logs/job_35887057/LCL6_NL_pref/LCL6_NL_pref_CV04_output.txt 
Estimates saved to logs/job_35887057/LCL6_NL_pref/LCL6_NL_pref_CV04_estimates.csv 
Model object saved to logs/job_35887057/LCL6_NL_pref/LCL6_NL_pref_CV04.rds 
Out-of-sample time: 0.14
Iter. total wall time: 1214.537 secs
Estimation results written to file.
Estimation cycle 5 (8805 obs.)
WARNING: Object get_nl_spec from the global environment should not be
  used inside apollo_probabilities. If needed, save it inside
  apollo_inputs and call it as apollo_inputs$get_nl_spec. 
INFORMATION: While preparing your inputs for multi-core estimation, the
  following objects were found in "apollo_inputs", but were not split
  across cores: "attrCols", "availCols", "heterogeneity_spec",
  "lognorm_price_dist", "n_classes", "n_draws", "nesting_params",
  "nesting_spec", "observed_attributes", "scalingFactor_dist",
  "utility_space". If these objects contain observation or
  individual-specific data, and thus need to be split, please add a
  column with the IDs to these objects, and call this column "ID" 
Saving CV model as: LCL6_NL_pref_CV05
Model output saved to logs/job_35887057/LCL6_NL_pref/LCL6_NL_pref_CV05_output.txt 
Estimates saved to logs/job_35887057/LCL6_NL_pref/LCL6_NL_pref_CV05_estimates.csv 
Model object saved to logs/job_35887057/LCL6_NL_pref/LCL6_NL_pref_CV05.rds 
Out-of-sample time: 0.138
Iter. total wall time: 4232.975 secs
Estimation results written to file.
Processing time: 4.644055 hours

Summary of cross-validation:
         LL per obs in estimation sample LL per obs in validation sample
sample_1                         -0.7344                         -0.7130
sample_2                         -0.7301                         -0.7198
sample_3                         -0.7306                         -0.7292
sample_4                         -0.6984                         -0.8794
sample_5                         -0.7295                         -0.7344
Average                          -0.7246                         -0.7552
         % difference CPU sec in validation sample
sample_1      -2.9160                       0.1270
sample_2      -1.4085                       0.1270
sample_3      -0.1938                       0.1280
sample_4      25.9104                       0.1400
sample_5       0.6695                       0.1380
Average        4.4123                       0.1320
Cross-Validation Complete 
Starting Psi' on Dataset Test 
Mean Psi' (all) =  0.3331776 
Mean Psi' (chosen only) =  0.3451504 
Saved psi' dataset to:  logs/job_35887057/LCL6_NL_pref//LCL6_NL_pref_psi_prime_dataset.csv 
Psi' on Dataset Test Complete
Starting Speed Test 
       ___Draws___              sec/
nCores inter intra  progress  LLCall RAM(MB)
     1     0     0 ..........   2.33   972.7
     2     0     0 INFORMATION: While preparing your inputs for multi-core estimation, the
  following objects were found in "apollo_inputs", but were not split
  across cores: "attrCols", "availCols", "heterogeneity_spec",
  "lognorm_price_dist", "n_classes", "n_draws", "nesting_params",
  "nesting_spec", "observed_attributes", "scalingFactor_dist",
  "utility_space". If these objects contain observation or
  individual-specific data, and thus need to be split, please add a
  column with the IDs to these objects, and call this column "ID" 
..........   1.96  1303.8
     4     0     0 INFORMATION: While preparing your inputs for multi-core estimation, the
  following objects were found in "apollo_inputs", but were not split
  across cores: "attrCols", "availCols", "heterogeneity_spec",
  "lognorm_price_dist", "n_classes", "n_draws", "nesting_params",
  "nesting_spec", "observed_attributes", "scalingFactor_dist",
  "utility_space". If these objects contain observation or
  individual-specific data, and thus need to be split, please add a
  column with the IDs to these objects, and call this column "ID" 
..........   1.83  1622.9

Summary of results (sec. per call to LL function)
       draws0
cores1 2.3303
cores2 1.9607
cores4 1.8327
    model_name cores inter_draws intra_draws calls time_per_call ram_mb
1 LCL6_NL_pref     1           0           0   100      2.330294  972.7
2 LCL6_NL_pref     2           0           0   100      1.960745 1303.8
3 LCL6_NL_pref     4           0           0   100      1.832662 1622.9
Saved speed test results to: logs/job_35887057/LCL6_NL_pref//LCL6_NL_pref_speedTest.csv 
Saved detailed speed test results to: logs/job_35887057/LCL6_NL_pref//LCL6_NL_pref_speedTest_detailed.csv 
Speed Test Complete 
Starting Psi' Test 
Psi' Test Complete 
Starting Func Eval Timing 
Func Eval Timing Complete 
LCL6_NL_pref done.
Results saved to: logs/job_35887057/LCL6_NL_pref 
Done Running. Log files moved to logs/job_35887057/
