SLURM_ARRAY_JOB_ID: 35887057
SLURM_JOB_ID: 35887062
SLURM_ARRAY_TASK_ID: 4
Created job directory: logs/job_35887057
Task 4: Waiting for initialization to complete...
Task 4: Initialization complete, proceeding...
Running model 4...
Running: LCL2_none_pref 
Starting Setup 
Setup  Complete 
Starting Search-Start 
Saving original apollo_inputs 
Testing probability function (apollo_probabilities)
Apollo found a model component of type classAlloc without a
  componentName. The name was set to "classAlloc" by default.
INFORMATION: Setting "avail" is missing, so full availability is
  assumed. 
Apollo found a model component of type MNL without a componentName. The
  name was set to "Class_1" by default.
Setting "avail" is missing, so full availability is assumed.
Apollo found a model component of type MNL without a componentName. The
  name was set to "Class_2" by default.
Setting "avail" is missing, so full availability is assumed.
Pre-processing likelihood function...
Creating initial set of 101 candidate values.
Calculating LL of candidates 0%....50%.....100%
Total avail. cores = 32 cores
Avail. GB per core = 2 GB
Req. GB per cluster = 2 GB
Running searchStart on 32 cores.

Stage 1, 101 active candidates.
Estimating 25 BFGS iteration(s) for each active candidate.
 Candidate......LLstart.....LLfinish.....GradientNorm...Converged
         1        -9336        -8915          130.056           0
         2       -10042        -8949         1003.842           0
         3        -9515        -8955          1568.81           0
         4        -9546        -8914          289.523           0
         5       -10068        -9017          920.479           0
         6       -10142        -8948          993.046           0
         7        -9546        -8996         1414.016           0
         8        -9545        -8931          486.147           0
         9       -12729        -8988         1108.002           0
        10       -10256        -8964         1201.994           0
        11        -9882        -9020         2014.203           0
        12       -10547        -8929          437.938           0
        13       -10016        -8949         1597.961           0
        14       -10439        -8931          714.776           0
        15       -12068        -8957         1875.905           0
        16        -9797        -8916          307.896           0
        17        -9783        -8961         1683.727           0
        18       -10882        -8968         1772.022           0
        19        -9581        -8960         1140.198           0
        20       -10411        -9155         1252.129           0
        21       -10408        -8957          2102.35           0
        22        -9693        -8928         1184.288           0
        23        -9774        -8990         1696.644           0
        24        -9619        -8956         2165.884           0
        25       -10290        -8982         1643.913           0
        26        -9648        -9004          964.017           0
        27       -11457        -8981          431.214           0
        28       -10271        -9132         1011.507           0
        29        -9305        -8922          835.375           0
        30        -9827        -9115         2328.972           0
        31       -11146        -9046         2721.572           0
        32        -9834        -8926          866.662           0
        33       -10653        -9017         1739.907           0
        34        -9500        -8918          556.318           0
        35        -9469        -8954          419.335           0
        36       -10558        -9315           47.636           0
        37        -9520        -8919          667.266           0
        38       -10911        -8914          828.086           0
        39       -10605        -8943         1094.592           0
        40        -9426        -8951         1185.498           0
        41       -11053        -9073             3928           0
        42        -9381        -8948         1448.339           0
        43        -9795        -8928          892.756           0
        44        -9319        -9022          974.091           0
        45       -10338        -8960          586.485           0
        46       -15938        -8996         3762.908           0
        47        -9776        -9045         3267.288           0
        48       -10900        -8985          986.416           0
        49        -9619        -8945         1667.699           0
        50       -10326        -8940         1665.295           0
        51       -10740        -8995         1678.197           0
        52       -11223        -8972         1011.553           0
        53       -11489        -9145         3931.774           0
        54       -10744        -9064         3292.397           0
        55       -10333        -9085         1371.152           0
        56        -9679        -8939         2501.185           0
        57        -9613        -8978         2104.491           0
        58        -9782        -8931          807.673           0
        59        -9770        -9012         2152.997           0
        60       -10116        -9056          559.019           0
        61       -16564        -9027          800.544           0
        62        -9842        -8934          574.966           0
        63        -9823        -9046         1053.859           0
        64       -10560        -8976         1698.608           0
        65       -10284        -9015         1762.106           0
        66        -9994        -9076         1274.441           0
        67        -9799        -9010         1252.396           0
        68        -9651        -8931         1257.698           0
        69       -11423        -9010          695.752           0
        70       -10136        -8983         2056.312           0
        71       -10005        -9045         2586.547           0
        72        -9317        -8971           499.82           0
        73        -9194        -8911          283.266           0
        74       -11198        -9113         1130.834           0
        75       -13855        -9337           47.879           0
        76        -9537        -8941         1355.523           0
        77        -9759        -9033          991.615           0
        78        -9855        -8991          891.302           0
        79        -9870        -8970          405.405           0
        80        -9605        -9001         1628.958           0
        81       -16732        -8914          379.178           0
        82       -11027        -8950           415.79           0
        83        -9598        -8927         1435.598           0
        84       -10220        -9209         2173.886           0
        85       -10529        -9009         2512.487           0
        86       -10105        -9110         1753.785           0
        87       -10098        -8992         1947.229           0
        88        -9739        -8968          1112.01           0
        89        -9497        -8994         1539.542           0
        90       -10139        -9079          726.187           0
        91        -9313        -8916          166.153           0
        92       -72268        -9337          184.845           0
        93       -15527        -9491         7694.519           0
        94       -14304        -9007         1205.596           0
        95       -17795        -9156         4708.269           0
        96       -14796        -8983         1919.477           0
        97       -56816        -9049         1131.633           0
        98       -26271        -9164          187.551           0
        99       -15663        -9336            2.701           0
       100       -22828        -9137         5200.877           0
       101       -28517        -9340          925.339           0
Best candidate so far (LL=-8910.6)

Stage 2, 101 active candidates.
Estimating 25 BFGS iteration(s) for each active candidate.
 Candidate......LLstart.....LLfinish.....GradientNorm...Converged
         1        -8915        -8907           33.631           0
         2        -8949        -8909          455.573           0
         3        -8955        -8911          333.689           0
         4        -8914        -8907           48.815           0
         5        -9017        -8957         3095.694           0
         6        -8948        -8912          287.385           0
         7        -8996        -8920          613.498           0
         8        -8931        -8908          135.228           0
         9        -8988        -8914          107.518           0
        10        -8964        -8911          251.829           0
        11        -9020        -8914           337.57           0
        12        -8929        -8908           48.114           0
        13        -8949        -8908          207.812           0
        14        -8931        -8909          220.619           0
        15        -8957        -8909           86.128           0
        16        -8916        -8907           26.626           0
        17        -8961        -8910          222.517           0
        18        -8968        -8916          494.763           0
        19        -8960        -8909          104.659           0
        20        -9155        -9039         2445.835           0
        21        -8957        -8912          652.986           0
        22        -8928        -8907           75.056           0
        23        -8990        -8913          407.027           0
        24        -8956        -8909          194.348           0
        25        -8982        -8916          710.853           0
        26        -9004        -8920          665.085           0
        27        -8981        -8935         2640.589           0
        28        -9132        -9006         2724.523           0
        29        -8922        -8907           97.006           0
        30        -9115        -9023          882.575           0
        31        -9046        -8923          328.855           0
        32        -8926        -8908           40.539           0
        33        -9017        -8918          233.584           0
        34        -8918        -8907            26.34           0
        35        -8954        -8912          313.178           0
        36        -9315        -9310             1.62           0
        37        -8919        -8908           27.395           0
        38        -8914        -8907            16.62           0
        39        -8943        -8908           81.332           0
        40        -8951        -8911          216.519           0
        41        -9073        -8968          507.858           0
        42        -8948        -8908          118.628           0
        43        -8928        -8908          140.181           0
        44        -9022        -8957         1107.346           0
        45        -8960        -8915           885.23           0
        46        -8996        -8913           547.86           0
        47        -9045        -8915          513.182           0
        48        -8985        -8911          182.261           0
        49        -8945        -8908          112.302           0
        50        -8940        -8910          156.771           0
        51        -8995        -8909          417.696           0
        52        -8972        -8928         1551.284           0
        53        -9145        -8954         1612.687           0
        54        -9064        -8931         2035.066           0
        55        -9085        -9022          379.709           0
        56        -8939        -8908           78.231           0
        57        -8978        -8912          327.361           0
        58        -8931        -8907            25.58           0
        59        -9012        -8927         2233.292           0
        60        -9056        -9027         4882.092           0
        61        -9027        -8979          678.388           0
        62        -8934        -8908           75.546           0
        63        -9046        -9021          176.507           0
        64        -8976        -8913          421.795           0
        65        -9015        -8929          980.863           0
        66        -9076        -8958         1290.642           0
        67        -9010        -8951         1607.232           0
        68        -8931        -8908           34.071           0
        69        -9010        -8939         2712.833           0
        70        -8983        -8915          392.005           0
        71        -9045        -8926         1073.491           0
        72        -8971        -8926         1893.566           0
        73        -8911        -8908           164.44           0
        74        -9113        -8928          1751.25           0
        75        -9337        -9336            0.711           0
        76        -8941        -8908          108.326           0
        77        -9033        -8941         1415.834           0
        78        -8991        -8910           380.26           0
        79        -8970        -8917         1387.764           0
        80        -9001        -8918         1026.561           0
        81        -8914        -8907           48.866           0
        82        -8950        -8908           94.237           0
        83        -8927        -8908           86.396           0
        84        -9209        -9051         3754.942           0
        85        -9009        -8911           99.943           0
        86        -9110        -8969         1211.064           0
        87        -8992        -8911          375.556           0
        88        -8968        -8914          467.842           0
        89        -8994        -8910          131.256           0
        90        -9079        -9020           96.062           0
        91        -8916        -8907           10.775           0
        92        -9337        -9336            0.035           0
        93        -9491        -9336            1.582           0
        94        -9007        -8915           510.79           0
        95        -9156        -8933          768.215           0
        96        -8983        -8911          432.595           0
        97        -9049        -8991         3956.917           0
        98        -9164        -9132          250.953           0
        99        -9336        -9336             1.66           1
       100        -9137        -8922          791.998           0
       101        -9340        -9336            0.478           0
Candidate 1 dropped.
- Failed test 1: Too close to 4, 58, 81 in parameter space.
Candidate 8 dropped.
- Failed test 1: Too close to 16, 29, 62 in parameter space.
Candidate 16 dropped.
- Failed test 1: Too close to 22, 29, 38, 91 in parameter space.
Candidate 22 dropped.
- Failed test 1: Too close to 38, 91 in parameter space.
Candidate 24 dropped.
- Failed test 1: Too close to 73 in parameter space.
Candidate 29 dropped.
- Failed test 1: Too close to 22, 38, 91 in parameter space.
Candidate 32 dropped.
- Failed test 1: Too close to 1, 4, 34, 58, 73, 81 in parameter space.
Candidate 34 dropped.
- Failed test 1: Too close to 1, 4, 58, 81 in parameter space.
Candidate 37 dropped.
- Failed test 1: Too close to 1, 4, 58, 81 in parameter space.
Candidate 38 dropped.
- Failed test 1: Too close to 91 in parameter space.
Candidate 49 dropped.
- Failed test 1: Too close to 83 in parameter space.
Candidate 51 dropped.
- Failed test 1: Too close to 13, 83 in parameter space.
Candidate 56 dropped.
- Failed test 1: Too close to 4 in parameter space.
Candidate 58 dropped.
- Failed test 1: Too close to 4, 81 in parameter space.
Candidate 62 dropped.
- Failed test 1: Too close to 22, 29, 38 in parameter space.
Candidate 73 dropped.
- Failed test 1: Too close to 1, 4, 34, 58, 81 in parameter space.
Candidate 76 dropped.
- Failed test 1: Too close to 49, 83 in parameter space.
Candidate 81 dropped.
- Failed test 1: Too close to 4 in parameter space.
Best candidate so far (LL=-8907.1)

Stage 3, 82 active candidates.
Estimating 25 BFGS iteration(s) for each active candidate.
 Candidate......LLstart.....LLfinish.....GradientNorm...Converged
         2        -8909        -8907           36.428           0
         3        -8911        -8907          167.628           0
         4        -8907        -8907            7.792           1
         5        -8957        -8909           97.141           0
         6        -8912        -8907           21.483           0
         7        -8920        -8908           66.549           0
         9        -8914        -8907           174.25           0
        10        -8911        -8907           10.129           0
        11        -8914        -8907           33.086           0
        12        -8908        -8907           18.278           0
        13        -8908        -8907           17.827           0
        14        -8909        -8907           13.644           0
        15        -8909        -8907           12.202           0
        17        -8910        -8907           17.031           0
        18        -8916        -8908          133.882           0
        19        -8909        -8907           11.618           0
        20        -9039        -8920          492.446           0
        21        -8912        -8907           39.705           0
        23        -8913        -8907           29.074           0
        25        -8916        -8907          114.888           0
        26        -8920        -8909          328.349           0
        27        -8935        -8908           94.066           0
        28        -9006        -8929          877.123           0
        30        -9023        -9018            13.34           0
        31        -8923        -8908           185.28           0
        33        -8918        -8907           40.459           0
        35        -8912        -8907           26.993           0
        36        -9310        -9310            1.425           1
        39        -8908        -8907            9.078           0
        40        -8911        -8907           19.863           0
        41        -8968        -8929          570.436           0
        42        -8908        -8907            2.139           0
        43        -8908        -8907           24.744           0
        44        -8957        -8908           52.944           0
        45        -8915        -8907           40.231           0
        46        -8913        -8907           39.094           0
        47        -8915        -8907           60.585           0
        48        -8911        -8907           10.474           0
        50        -8910        -8907           20.283           0
        52        -8928        -8908           29.316           0
        53        -8954        -8908          127.529           0
        54        -8931        -8909           193.87           0
        55        -9022        -9019           13.664           0
        57        -8912        -8907           31.142           0
        59        -8927        -8907           20.848           0
        60        -9027        -8914          179.415           0
        61        -8979        -8931         3467.887           0
        63        -9021        -9018            30.35           0
        64        -8913        -8907          136.464           0
        65        -8929        -8909          461.179           0
        66        -8958        -8915           490.25           0
        67        -8951        -8908           92.969           0
        68        -8908        -8907            4.326           0
        69        -8939        -8909           46.768           0
        70        -8915        -8908           28.825           0
        71        -8926        -8909          114.157           0
        72        -8926        -8908           45.383           0
        74        -8928        -8908          128.342           0
        75        -9336        -9336            1.999           1
        77        -8941        -8908           69.378           0
        78        -8910        -8907           32.662           0
        79        -8917        -8907           17.593           0
        80        -8918        -8907           41.063           0
        82        -8908        -8907           14.961           0
        83        -8908        -8907            7.019           0
        84        -9051        -8909          264.493           0
        85        -8911        -8907           20.509           0
        86        -8969        -8909          109.078           0
        87        -8911        -8907           21.412           0
        88        -8914        -8907           39.927           0
        89        -8910        -8907            11.85           0
        90        -9020        -9018           13.603           0
        91        -8907        -8907           29.691           1
        92        -9336        -9336            0.024           1
        93        -9336        -9336            0.955           1
        94        -8915        -8907           45.636           0
        95        -8933        -8910          145.753           0
        96        -8911        -8907           23.832           0
        97        -8991        -8913          295.125           0
        98        -9132        -9132              Inf           1
       100        -8922        -8908           71.562           0
       101        -9336        -9336            0.294           1
Candidate 2 dropped.
- Failed test 1: Too close to 4, 15, 19, 68, 82 in parameter space.
Candidate 3 dropped.
- Failed test 1: Too close to 2, 4, 11, 15, 19, 21, 59, 68, 78, 82, 85,
  87, 96 in parameter space.
Candidate 6 dropped.
- Failed test 1: Too close to 10, 12, 13, 14, 17, 39, 40, 42, 43, 50,
  83, 88, 89, 91 in parameter space.
Candidate 7 dropped.
- Failed test 1: Too close to 6, 10, 12, 13, 14, 17, 39, 40, 42, 43,
  45, 46, 50, 83, 88, 89, 91 in parameter space.
Candidate 9 dropped.
- Failed test 1: Too close to 2, 4, 11, 15, 19, 59, 68, 78, 82, 87, 96
  in parameter space.
Candidate 10 dropped.
- Failed test 1: Too close to 12, 13, 14, 17, 39, 42, 43, 83, 89, 91 in
  parameter space.
Candidate 11 dropped.
- Failed test 1: Too close to 2, 4, 15, 19, 59, 68, 78, 82, 85, 87, 96
  in parameter space.
Candidate 12 dropped.
- Failed test 1: Too close to 17, 39, 42, 43, 83, 89 in parameter
  space.
Candidate 13 dropped.
- Failed test 1: Too close to 12, 14, 17, 39, 42, 43, 83, 89, 91 in
  parameter space.
Candidate 14 dropped.
- Failed test 1: Too close to 12, 17, 39, 42, 43, 83, 89 in parameter
  space.
Candidate 15 dropped.
- Failed test 1: Too close to 4, 68, 82 in parameter space.
Candidate 17 dropped.
- Failed test 1: Too close to 42, 83 in parameter space.
Candidate 18 dropped.
- Failed test 1: Too close to 2, 3, 4, 9, 11, 15, 47, 52, 68, 78, 80,
  82, 96 in parameter space.
Candidate 19 dropped.
- Failed test 1: Too close to 4, 15, 68, 82 in parameter space.
Candidate 21 dropped.
- Failed test 1: Too close to 2, 4, 9, 11, 15, 19, 59, 68, 78, 82, 85,
  87, 96 in parameter space.
Candidate 23 dropped.
- Failed test 1: Too close to 2, 4, 9, 11, 15, 19, 21, 59, 68, 78, 82,
  85, 87, 96 in parameter space.
Candidate 25 dropped.
- Failed test 1: Too close to 2, 3, 4, 11, 15, 19, 21, 23, 33, 57, 59,
  64, 68, 78, 79, 82, 85, 87, 94, 96 in parameter space.
Candidate 31 dropped.
- Failed test 1: Too close to 6, 12, 13, 14, 17, 39, 40, 42, 43, 45,
  50, 83, 88, 89, 91 in parameter space.
Candidate 33 dropped.
- Failed test 1: Too close to 2, 4, 11, 19, 21, 23, 59, 68, 79, 82 in
  parameter space.
Candidate 35 dropped.
- Failed test 1: Too close to 2, 4, 11, 15, 19, 21, 57, 59, 68, 78, 79,
  80, 82, 85, 87, 96 in parameter space.
Candidate 39 dropped.
- Failed test 1: Too close to 17, 42, 83 in parameter space.
Candidate 40 dropped.
- Failed test 1: Too close to 10, 12, 13, 14, 17, 39, 42, 43, 83, 88,
  89, 91 in parameter space.
Candidate 43 dropped.
- Failed test 1: Too close to 17, 39, 42, 83, 89 in parameter space.
Candidate 44 dropped.
- Failed test 1: Too close to 33 in parameter space.
Candidate 45 dropped.
- Failed test 1: Too close to 6, 10, 12, 13, 14, 17, 39, 40, 42, 43,
  46, 50, 83, 88, 89, 91 in parameter space.
Candidate 46 dropped.
- Failed test 1: Too close to 6, 10, 12, 13, 14, 17, 39, 40, 42, 43,
  50, 83, 88, 89, 91 in parameter space.
Candidate 47 dropped.
- Failed test 1: Too close to 2, 4, 9, 11, 15, 19, 21, 23, 35, 57, 59,
  68, 78, 79, 80, 82, 85, 87, 94, 96 in parameter space.
Candidate 48 dropped.
- Failed test 1: Too close to 6, 10, 14, 42, 50, 83, 89, 91 in
  parameter space.
Candidate 50 dropped.
- Failed test 1: Too close to 10, 12, 13, 14, 17, 39, 40, 42, 43, 83,
  88, 89, 91 in parameter space.
Candidate 52 dropped.
- Failed test 1: Too close to 2, 3, 4, 9, 11, 15, 19, 21, 35, 47, 57,
  59, 68, 78, 80, 82, 85, 87, 96 in parameter space.
Candidate 53 dropped.
- Failed test 1: Too close to 2, 3, 4, 9, 11, 15, 18, 19, 21, 23, 25,
  33, 35, 47, 52, 57, 59, 64, 68, 78, 79, 80, 82, 85, 87, 94, 96 in
  parameter space.
Candidate 57 dropped.
- Failed test 1: Too close to 2, 3, 4, 11, 15, 19, 21, 23, 59, 68, 78,
  80, 82, 85, 87, 96 in parameter space.
Candidate 59 dropped.
- Failed test 1: Too close to 2, 4, 15, 19, 68, 78, 82, 85, 87, 96 in
  parameter space.
Candidate 63 dropped.
- Failed test 1: Too close to 90 in parameter space.
Candidate 64 dropped.
- Failed test 1: Too close to 2, 3, 4, 9, 11, 15, 19, 21, 23, 59, 68,
  78, 79, 80, 82, 85, 87, 94, 96 in parameter space.
Candidate 67 dropped.
- Failed test 1: Too close to 2, 3, 4, 11, 15, 21, 25, 59, 64, 68, 82,
  85, 87, 94, 96 in parameter space.
Candidate 68 dropped.
- Failed test 1: Too close to 4 in parameter space.
Candidate 70 dropped.
- Failed test 1: Too close to 10, 12, 13, 14, 17, 39, 40, 42, 43, 45,
  46, 50, 83, 88, 89 in parameter space.
Candidate 72 dropped.
- Failed test 1: Too close to 6, 10, 14, 17, 88 in parameter space.
Candidate 74 dropped.
- Failed test 1: Too close to 6, 10, 12, 13, 14, 17, 39, 40, 42, 43,
  45, 46, 50, 70, 83, 88, 89, 91 in parameter space.
Candidate 78 dropped.
- Failed test 1: Too close to 2, 4, 15, 19, 68, 82, 85, 87, 96 in
  parameter space.
Candidate 79 dropped.
- Failed test 1: Too close to 2, 3, 4, 9, 11, 15, 19, 21, 23, 57, 59,
  68, 78, 80, 82, 85, 87, 96 in parameter space.
Candidate 80 dropped.
- Failed test 1: Too close to 2, 3, 4, 9, 11, 15, 19, 21, 23, 59, 68,
  78, 82, 85, 87, 96 in parameter space.
Candidate 82 dropped.
- Failed test 1: Too close to 4, 68 in parameter space.
Candidate 83 dropped.
- Failed test 1: Too close to 42 in parameter space.
Candidate 85 dropped.
- Failed test 1: Too close to 2, 4, 15, 19, 68, 82, 87, 96 in parameter
  space.
Candidate 87 dropped.
- Failed test 1: Too close to 2, 4, 15, 19, 68, 82 in parameter space.
Candidate 88 dropped.
- Failed test 1: Too close to 10, 12, 13, 14, 17, 39, 42, 43, 83, 89,
  91 in parameter space.
Candidate 89 dropped.
- Failed test 1: Too close to 17, 39, 42, 83 in parameter space.
Candidate 94 dropped.
- Failed test 1: Too close to 2, 3, 4, 9, 11, 15, 19, 21, 23, 33, 35,
  57, 59, 68, 78, 79, 80, 82, 85, 87, 96 in parameter space.
Candidate 96 dropped.
- Failed test 1: Too close to 2, 4, 15, 19, 68, 82, 87 in parameter
  space.
Best candidate so far (LL=-8907.1)

Stage 4, 24 active candidates.
Estimating 25 BFGS iteration(s) for each active candidate.
 Candidate......LLstart.....LLfinish.....GradientNorm...Converged
         4        -8907        -8907                0           1
         5        -8909        -8907            30.76           0
        20        -8920        -8907           61.545           0
        26        -8909        -8907            8.554           0
        27        -8908        -8907             6.76           0
        28        -8929        -8908           87.419           0
        30        -9018        -9018            3.196           0
        41        -8929        -8908          111.236           0
        42        -8907        -8907            5.053           1
        54        -8909        -8907           27.329           0
        55        -9019        -9018           14.393           0
        60        -8914        -8908           83.623           0
        61        -8931        -8907           61.253           0
        65        -8909        -8907            4.656           0
        66        -8915        -8907           73.508           0
        69        -8909        -8907           17.746           0
        71        -8909        -8907            6.624           0
        77        -8908        -8907            7.417           0
        84        -8909        -8907           53.939           0
        86        -8909        -8907           24.767           0
        90        -9018        -9018           10.986           0
        95        -8910        -8907           12.886           0
        97        -8913        -8907          151.643           0
       100        -8908        -8907           17.834           0
Candidate 5 dropped.
- Failed test 1: Too close to 27, 42, 71, 77 in parameter space.
Candidate 20 dropped.
- Failed test 1: Too close to 5, 27, 42, 54, 61, 71, 77, 84 in
  parameter space.
Candidate 26 dropped.
- Failed test 1: Too close to 4 in parameter space.
Candidate 27 dropped.
- Failed test 1: Too close to 42, 71, 77 in parameter space.
Candidate 28 dropped.
- Failed test 1: Too close to 20, 84 in parameter space.
Candidate 41 dropped.
- Failed test 1: Too close to 5, 20, 27, 42, 54, 60, 61, 71, 77, 84 in
  parameter space.
Candidate 54 dropped.
- Failed test 1: Too close to 5, 27, 42, 71, 77 in parameter space.
Candidate 55 dropped.
- Failed test 1: Too close to 90 in parameter space.
Candidate 60 dropped.
- Failed test 1: Too close to 5, 20, 27, 42, 54, 61, 71, 77, 84 in
  parameter space.
Candidate 61 dropped.
- Failed test 1: Too close to 5, 27, 42, 54, 71, 77, 84 in parameter
  space.
Candidate 65 dropped.
- Failed test 1: Too close to 4, 26, 69, 86, 100 in parameter space.
Candidate 66 dropped.
- Failed test 1: Too close to 4, 26, 65, 69, 86, 95, 97, 100 in
  parameter space.
Candidate 69 dropped.
- Failed test 1: Too close to 4, 26, 86, 100 in parameter space.
Candidate 71 dropped.
- Failed test 1: Too close to 42, 77 in parameter space.
Candidate 77 dropped.
- Failed test 1: Too close to 42 in parameter space.
Candidate 84 dropped.
- Failed test 1: Too close to 5, 27, 42, 54, 71, 77 in parameter space.
Candidate 86 dropped.
- Failed test 1: Too close to 4, 26, 100 in parameter space.
Candidate 95 dropped.
- Failed test 1: Too close to 4, 26, 65, 69, 86, 100 in parameter
  space.
Candidate 97 dropped.
- Failed test 1: Too close to 4, 26, 65, 69, 86, 95, 100 in parameter
  space.
Candidate 100 dropped.
- Failed test 1: Too close to 4, 26 in parameter space.
Best candidate so far (LL=-8907.1)

Stage 5, 3 active candidates.
Estimating 25 BFGS iteration(s) for each active candidate.
 Candidate......LLstart.....LLfinish.....GradientNorm...Converged
         4        -8907        -8907                0           1
        30        -9018        -9018            6.574           1
        90        -9018        -9018            4.516           1
Best candidate so far (LL=-8907.1)
  n_points n_best n_within_tol did_best_conv
1      101     47           90          TRUE
Search-Start Execution Complete 
Using  32 cores. 
Search-Start Post-Processing Complete 
Starting main estimation 
Preparing user-defined functions.

Testing likelihood function...
Apollo found a model component of type classAlloc without a
  componentName. The name was set to "classAlloc" by default.
INFORMATION: Setting "avail" is missing, so full availability is
  assumed. 
Apollo found a model component of type MNL without a componentName. The
  name was set to "Class_1" by default.
Setting "avail" is missing, so full availability is assumed.

Overview of choices for MNL model component Class_1:
                                       C1      C2       C3
Times available                  11010.00 11010.0 11010.00
Times chosen                      3670.00  3677.0  3663.00
Percentage chosen overall           33.33    33.4    33.27
Percentage chosen when available    33.33    33.4    33.27

Apollo found a model component of type MNL without a componentName. The
  name was set to "Class_2" by default.
Setting "avail" is missing, so full availability is assumed.

Overview of choices for MNL model component Class_2:
                                       C1      C2       C3
Times available                  11010.00 11010.0 11010.00
Times chosen                      3670.00  3677.0  3663.00
Percentage chosen overall           33.33    33.4    33.27
Percentage chosen when available    33.33    33.4    33.27


Summary of class allocation for model component :
         Mean prob.
Class_1      0.3558
Class_2      0.6442

Pre-processing likelihood function...
Creating cluster...
INFORMATION: While preparing your inputs for multi-core estimation, the
  following objects were found in "apollo_inputs", but were not split
  across cores: "attrCols", "availCols", "heterogeneity_spec",
  "lognorm_price_dist", "n_classes", "n_draws", "nesting_params",
  "nesting_spec", "observed_attributes", "scalingFactor_dist",
  "utility_space". If these objects contain observation or
  individual-specific data, and thus need to be split, please add a
  column with the IDs to these objects, and call this column "ID" 
Preparing workers for multithreading...

Testing influence of parameters...........................
Starting main estimation
initial  value 8907.050575 
iter   2 value 8907.050500
iter   3 value 8907.050227
iter   4 value 8907.050122
iter   5 value 8907.050046
iter   6 value 8907.049988
iter   7 value 8907.049934
iter   8 value 8907.049913
iter   9 value 8907.049856
iter  10 value 8907.049788
iter  11 value 8907.049727
iter  12 value 8907.049679
iter  13 value 8907.049654
iter  14 value 8907.049626
iter  15 value 8907.049625
iter  16 value 8907.049621
iter  17 value 8907.049617
iter  18 value 8907.049609
iter  19 value 8907.049601
iter  20 value 8907.049585
iter  21 value 8907.049576
iter  22 value 8907.049553
iter  23 value 8907.049502
iter  24 value 8907.049495
iter  25 value 8907.049494
iter  26 value 8907.049490
iter  27 value 8907.049459
iter  28 value 8907.049454
iter  29 value 8907.049453
iter  30 value 8907.049449
iter  31 value 8907.049448
iter  32 value 8907.049447
iter  33 value 8907.049447
iter  33 value 8907.049447
iter  33 value 8907.049447
final  value 8907.049447 
converged

Estimated parameters with approximate standard errors from BHHH matrix:
                     Estimate     BHHH se BHH t-ratio (0)
b_Price_1            -0.19519    0.005144        -37.9466
b_Acceleration_1     -0.09824    0.010892         -9.0198
b_OpCost_1           -0.18018    0.009072        -19.8618
b_hev_1               0.37627    0.080853          4.6538
b_phev20_1            0.35600    0.104335          3.4120
b_phev40_1            0.20046    0.091587          2.1887
b_bev_1              -0.05955    0.076242         -0.7811
b_bevRangeRel_1       0.37368    0.023966         15.5924
b_noBEVFC_1          -0.05996    0.072243         -0.8299
b_american_1          0.08175    0.074191          1.1019
b_chinese_1          -1.05764    0.065189        -16.2242
b_japanese_1         -0.15704    0.066201         -2.3722
b_skorean_1          -0.31553    0.069569         -4.5355
class_intercept_1     0.00000          NA              NA
b_Price_2            -0.04129  9.3009e-04        -44.3899
b_Acceleration_2     -0.09682    0.005922        -16.3486
b_OpCost_2           -0.11811    0.003833        -30.8103
b_hev_2              -0.03393    0.041415         -0.8193
b_phev20_2           -0.09653    0.040558         -2.3801
b_phev40_2            0.12034    0.041321          2.9122
b_bev_2              -0.32315    0.030573        -10.5698
b_bevRangeRel_2       0.31705    0.010344         30.6519
b_noBEVFC_2          -0.37165    0.036781        -10.1046
b_american_2         -0.17269    0.030253         -5.7082
b_chinese_2          -1.41652    0.028750        -49.2700
b_japanese_2         -0.01796    0.027470         -0.6539
b_skorean_2          -0.45518    0.029136        -15.6225
class_intercept_2     0.59305    0.067966          8.7257

Final LL: -8907.0494


Summary of class allocation for model component :
         Mean prob.
Class_1      0.3559
Class_2      0.6441

Calculating log-likelihood at equal shares (LL(0)) for applicable
  models...
Calculating LL of each model component...
Calculating other model fit measures
Computing covariance matrix using numerical methods (numDeriv).
 0%....25%....50%....75%....100%
Negative definite Hessian with maximum eigenvalue: -20.840715

Please acknowledge the use of Apollo by citing Hess & Palma (2019) -
  doi.org/10.1016/j.jocm.2019.100170
Model output saved to logs/job_35887057/LCL2_none_pref/LCL2_none_pref_output.txt 
Estimates saved to logs/job_35887057/LCL2_none_pref/LCL2_none_pref_estimates.csv 
Model object saved to logs/job_35887057/LCL2_none_pref/LCL2_none_pref.rds 
[1] TRUE
Starting Cross-Validation 
Testing likelihood function.
5 separate runs will be conducted, each using a random subset of 80% of
  individuals for estimation, and the remainder for validation.
Number of individuals
- for estimation : 587
- for forecasting : 147
- in sample (total): 734
Estimated parameters and log-likelihoods for each sample will be
  written to:
  logs/job_35887057/LCL2_none_pref/LCL2_none_pref_outOfSample_params.csv
The matrix defining the observations used in each repetition will be
  written to:
  logs/job_35887057/LCL2_none_pref/LCL2_none_pref_outOfSample_samples.csv

Estimation cycle 1 (8805 obs.)
INFORMATION: While preparing your inputs for multi-core estimation, the
  following objects were found in "apollo_inputs", but were not split
  across cores: "attrCols", "availCols", "heterogeneity_spec",
  "lognorm_price_dist", "n_classes", "n_draws", "nesting_params",
  "nesting_spec", "observed_attributes", "scalingFactor_dist",
  "utility_space". If these objects contain observation or
  individual-specific data, and thus need to be split, please add a
  column with the IDs to these objects, and call this column "ID" 
Saving CV model as: LCL2_none_pref_CV01
Model output saved to logs/job_35887057/LCL2_none_pref/LCL2_none_pref_CV01_output.txt 
Estimates saved to logs/job_35887057/LCL2_none_pref/LCL2_none_pref_CV01_estimates.csv 
Model object saved to logs/job_35887057/LCL2_none_pref/LCL2_none_pref_CV01.rds 
Out-of-sample time: 0.02
Iter. total wall time: 233.5549 secs
Estimation results written to file.
Estimation cycle 2 (8805 obs.)
INFORMATION: While preparing your inputs for multi-core estimation, the
  following objects were found in "apollo_inputs", but were not split
  across cores: "attrCols", "availCols", "heterogeneity_spec",
  "lognorm_price_dist", "n_classes", "n_draws", "nesting_params",
  "nesting_spec", "observed_attributes", "scalingFactor_dist",
  "utility_space". If these objects contain observation or
  individual-specific data, and thus need to be split, please add a
  column with the IDs to these objects, and call this column "ID" 
Saving CV model as: LCL2_none_pref_CV02
Model output saved to logs/job_35887057/LCL2_none_pref/LCL2_none_pref_CV02_output.txt 
Estimates saved to logs/job_35887057/LCL2_none_pref/LCL2_none_pref_CV02_estimates.csv 
Model object saved to logs/job_35887057/LCL2_none_pref/LCL2_none_pref_CV02.rds 
Out-of-sample time: 0.021
Iter. total wall time: 223.9273 secs
Estimation results written to file.
Estimation cycle 3 (8805 obs.)
INFORMATION: While preparing your inputs for multi-core estimation, the
  following objects were found in "apollo_inputs", but were not split
  across cores: "attrCols", "availCols", "heterogeneity_spec",
  "lognorm_price_dist", "n_classes", "n_draws", "nesting_params",
  "nesting_spec", "observed_attributes", "scalingFactor_dist",
  "utility_space". If these objects contain observation or
  individual-specific data, and thus need to be split, please add a
  column with the IDs to these objects, and call this column "ID" 
Saving CV model as: LCL2_none_pref_CV03
Model output saved to logs/job_35887057/LCL2_none_pref/LCL2_none_pref_CV03_output.txt 
Estimates saved to logs/job_35887057/LCL2_none_pref/LCL2_none_pref_CV03_estimates.csv 
Model object saved to logs/job_35887057/LCL2_none_pref/LCL2_none_pref_CV03.rds 
Out-of-sample time: 0.016
Iter. total wall time: 225.3308 secs
Estimation results written to file.
Estimation cycle 4 (8805 obs.)
INFORMATION: While preparing your inputs for multi-core estimation, the
  following objects were found in "apollo_inputs", but were not split
  across cores: "attrCols", "availCols", "heterogeneity_spec",
  "lognorm_price_dist", "n_classes", "n_draws", "nesting_params",
  "nesting_spec", "observed_attributes", "scalingFactor_dist",
  "utility_space". If these objects contain observation or
  individual-specific data, and thus need to be split, please add a
  column with the IDs to these objects, and call this column "ID" 
Saving CV model as: LCL2_none_pref_CV04
Model output saved to logs/job_35887057/LCL2_none_pref/LCL2_none_pref_CV04_output.txt 
Estimates saved to logs/job_35887057/LCL2_none_pref/LCL2_none_pref_CV04_estimates.csv 
Model object saved to logs/job_35887057/LCL2_none_pref/LCL2_none_pref_CV04.rds 
Out-of-sample time: 0.02
Iter. total wall time: 221.7276 secs
Estimation results written to file.
Estimation cycle 5 (8805 obs.)
INFORMATION: While preparing your inputs for multi-core estimation, the
  following objects were found in "apollo_inputs", but were not split
  across cores: "attrCols", "availCols", "heterogeneity_spec",
  "lognorm_price_dist", "n_classes", "n_draws", "nesting_params",
  "nesting_spec", "observed_attributes", "scalingFactor_dist",
  "utility_space". If these objects contain observation or
  individual-specific data, and thus need to be split, please add a
  column with the IDs to these objects, and call this column "ID" 
Saving CV model as: LCL2_none_pref_CV05
Model output saved to logs/job_35887057/LCL2_none_pref/LCL2_none_pref_CV05_output.txt 
Estimates saved to logs/job_35887057/LCL2_none_pref/LCL2_none_pref_CV05_estimates.csv 
Model object saved to logs/job_35887057/LCL2_none_pref/LCL2_none_pref_CV05.rds 
Out-of-sample time: 0.017
Iter. total wall time: 219.0774 secs
Estimation results written to file.
Processing time: 18.7395 mins

Summary of cross-validation:
         LL per obs in estimation sample LL per obs in validation sample
sample_1                         -0.8166                         -0.7949
sample_2                         -0.8195                         -0.7725
sample_3                         -0.8092                         -0.8150
sample_4                         -0.7756                         -0.9480
sample_5                         -0.8132                         -0.7974
Average                          -0.8068                         -0.8256
         % difference CPU sec in validation sample
sample_1      -2.6517                      0.02000
sample_2      -5.7359                      0.02100
sample_3       0.7163                      0.01600
sample_4      22.2376                      0.02000
sample_5      -1.9354                      0.01700
Average        2.5262                      0.01880
Cross-Validation Complete 
Starting Psi' on Dataset Test 
Mean Psi' (all) =  0.06864176 
Mean Psi' (chosen only) =  0.0680872 
Saved psi' dataset to:  logs/job_35887057/LCL2_none_pref//LCL2_none_pref_psi_prime_dataset.csv 
Psi' on Dataset Test Complete
Starting Speed Test 
       ___Draws___              sec/
nCores inter intra  progress  LLCall RAM(MB)
     1     0     0 ..........   0.30   953.8
     2     0     0 INFORMATION: While preparing your inputs for multi-core estimation, the
  following objects were found in "apollo_inputs", but were not split
  across cores: "attrCols", "availCols", "heterogeneity_spec",
  "lognorm_price_dist", "n_classes", "n_draws", "nesting_params",
  "nesting_spec", "observed_attributes", "scalingFactor_dist",
  "utility_space". If these objects contain observation or
  individual-specific data, and thus need to be split, please add a
  column with the IDs to these objects, and call this column "ID" 
..........   0.55  1331.9
     4     0     0 INFORMATION: While preparing your inputs for multi-core estimation, the
  following objects were found in "apollo_inputs", but were not split
  across cores: "attrCols", "availCols", "heterogeneity_spec",
  "lognorm_price_dist", "n_classes", "n_draws", "nesting_params",
  "nesting_spec", "observed_attributes", "scalingFactor_dist",
  "utility_space". If these objects contain observation or
  individual-specific data, and thus need to be split, please add a
  column with the IDs to these objects, and call this column "ID" 
..........   0.51  1698.2

Summary of results (sec. per call to LL function)
       draws0
cores1 0.3045
cores2 0.5508
cores4 0.5148
      model_name cores inter_draws intra_draws calls time_per_call ram_mb
1 LCL2_none_pref     1           0           0   100     0.3045143  953.8
2 LCL2_none_pref     2           0           0   100     0.5507532 1331.9
3 LCL2_none_pref     4           0           0   100     0.5148424 1698.2
Saved speed test results to: logs/job_35887057/LCL2_none_pref//LCL2_none_pref_speedTest.csv 
Saved detailed speed test results to: logs/job_35887057/LCL2_none_pref//LCL2_none_pref_speedTest_detailed.csv 
Speed Test Complete 
Starting Psi' Test 
Psi' Test Complete 
Starting Func Eval Timing 
Func Eval Timing Complete 
LCL2_none_pref done.
Results saved to: logs/job_35887057/LCL2_none_pref 
Done Running. Log files moved to logs/job_35887057/
