SLURM_ARRAY_JOB_ID: 35774751
SLURM_JOB_ID: 35774754
SLURM_ARRAY_TASK_ID: 2
Created job directory: logs/job_35774751
Task 2: Waiting for initialization to complete...
Task 2: Initialization complete, proceeding...
Running model 2...
Running Part 1 (Multistart): LC8_CNL_pref 
Starting Setup 
Setup Complete 
Starting Search-Start 
Saving original apollo_inputs 
Testing probability function (apollo_probabilities)
Apollo found a model component of type classAlloc without a
  componentName. The name was set to "classAlloc" by default.
INFORMATION: Setting "avail" is missing, so full availability is
  assumed. 
Apollo found a model component of type CNL without a componentName. The
  name was set to "Class_1" by default.
Apollo found a model component of type CNL without a componentName. The
  name was set to "Class_2" by default.
Apollo found a model component of type CNL without a componentName. The
  name was set to "Class_3" by default.
Apollo found a model component of type CNL without a componentName. The
  name was set to "Class_4" by default.
Apollo found a model component of type CNL without a componentName. The
  name was set to "Class_5" by default.
Apollo found a model component of type CNL without a componentName. The
  name was set to "Class_6" by default.
Apollo found a model component of type CNL without a componentName. The
  name was set to "Class_7" by default.
Apollo found a model component of type CNL without a componentName. The
  name was set to "Class_8" by default.
Pre-processing likelihood function...
Creating initial set of 101 candidate values.
Calculating LL of candidates 0%....50%.....100%
4 candidates removed due to non-finite starting LL. 97 remain.
Total avail. cores = 32 cores
Avail. GB per core = 2 GB
Req. GB per cluster = 2 GB
Running searchStart on 32 cores.

Stage 1, 97 active candidates.
Estimating 25 BFGS iteration(s) for each active candidate.
 Candidate......LLstart.....LLfinish.....GradientNorm...Converged
         1        -9336        -8399         1441.522           0
         2       -10131        -8173         1272.643           0
         3        -9251        -8180         1500.335           0
         4        -9160        -8091          1300.13           0
         5        -9798        -8173         1428.336           0
         6        -9043        -8051         1531.762           0
         7        -9381        -8245         1376.899           0
         8        -9454        -8109         3453.816           0
         9        -9630        -8191         1049.082           0
        10       -10722        -8378         1688.244           0
        11        -9765        -8155          597.413           0
        12        -9146        -8201         1466.868           0
        13        -9716        -8164         1558.203           0
        14        -9360        -8287          776.678           0
        15       -10133        -8170          764.561           0
        16        -9853        -8263         1352.292           0
        17        -9861        -8154         1055.688           0
        18        -9475        -8119         1149.395           0
        19        -9289        -8168          717.512           0
        20       -10395        -8211         1210.293           0
        21        -9026        -8084           912.12           0
        22        -9588        -8195         1833.748           0
        23        -9606        -8151         1688.151           0
        24       -10173        -8245         1679.874           0
        25        -9834        -8245         2534.942           0
        26        -9899        -8256          958.901           0
        27        -9628        -8115          756.957           0
        28        -9550        -8221         1861.832           0
        29        -9654        -8125         3133.844           0
        30        -9405        -8163         1187.098           0
        31        -9697        -8173         1378.326           0
        32        -9714        -8246         2564.073           0
        33        -9465        -8523              NaN           1
        34        -9241        -8222          733.962           0
        35        -9240        -8156         1698.805           0
        36        -9103        -8082         1579.386           0
        37        -9264        -8170          1481.81           0
        38        -9097        -8067         1737.918           0
        39        -9441        -8124         1442.072           0
        40        -9813        -8175         1207.763           0
        41        -9051        -8393         2627.652           0
        42        -9380        -8165          850.118           0
        43        -9210        -8053         1355.102           0
        44        -9424        -8176         1322.991           0
        45       -10041        -8299         1722.002           0
        46        -9525        -8071         2696.308           0
        47        -9279        -8056         1374.132           0
        48        -9284        -8130         1049.933           0
        49        -9100        -8046         1636.954           0
        50        -9195        -8085         1382.318           0
        51        -9453        -8132         1086.309           0
        52        -9895        -8163         2538.713           0
        53        -9276        -8237         2242.886           0
        54        -9521        -8181         1559.103           0
        55       -10564        -8153         1901.226           0
        56        -9794        -8235         2087.867           0
        57        -9239        -8075         1679.572           0
        58        -9242        -8031         2737.989           0
        59        -9782        -8156         1178.746           0
        60        -9626        -8096         1012.628           0
        61        -9795        -8283         2608.649           0
        62        -9511        -8365         1874.853           0
        63        -9238        -8220         1524.513           0
        64        -9555        -8143          530.837           0
        65        -9112        -8704              NaN           1
        66        -9537        -8078         1943.543           0
        67       -10026        -8196          2369.18           0
        68        -9109        -8059         1697.819           0
        69        -9240        -8041         1023.359           0
        70        -9124        -8030          633.653           0
        71        -9444        -8140         1270.342           0
        72        -9803        -8466              NaN           1
        73       -10448        -8288          687.882           0
        74        -9666        -8395         2944.774           0
        75        -9715        -8299         1654.388           0
        76        -9391        -8338         1225.289           0
        77        -9573        -8069         1295.275           0
        78        -9364        -8108         1086.546           0
        79        -9522        -8201          1526.36           0
        80        -9484        -8210          972.957           0
        81        -9173        -8149         1050.942           0
        82        -9149        -8061         1592.337           0
        83       -10035        -8239         1933.442           0
        84        -9371        -8082         1461.872           0
        85        -9952        -8329         1188.896           0
        86        -9067        -8165         3810.605           0
        87       -10159        -8274         2776.178           0
        88        -9018        -8139         1844.609           0
        89        -9483        -8276         2483.304           0
        90        -9264        -8226         1036.334           0
        91       -15986        -9090         2328.629           0
        92       -17790        -8979          967.327           0
        93       -20496        -9210         2806.092           0
        94       -17151        -9089         1390.413           0
        95       -20842       -10015        23719.425           0
        96       -27670        -9133         3036.771           0
        97       -15609        -8733         2696.399           0
Best candidate so far (LL=-8030.4)

Stage 2, 94 active candidates.
Estimating 25 BFGS iteration(s) for each active candidate.
 Candidate......LLstart.....LLfinish.....GradientNorm...Converged
         1        -8399        -8019         1116.092           0
         2        -8173        -7959         1000.261           0
         3        -8180        -8023          823.534           0
         4        -8091        -7948         1549.767           0
         5        -8173        -8009          800.455           0
         6        -8051        -7905          1043.93           0
         7        -8245        -8026         1255.961           0
         8        -8109        -7937              NaN           1
         9        -8191        -7959          965.885           0
        10        -8378        -7992         1594.856           0
        11        -8155        -8009          875.793           0
        12        -8201        -7951          894.691           0
        13        -8164        -7976         1617.155           0
        14        -8287        -8069         1395.447           0
        15        -8170        -7995         1068.648           0
        16        -8263        -8072         1340.126           0
        17        -8154        -8029              NaN           1
        18        -8119        -7942          966.678           0
        19        -8168        -8000          1191.18           0
        20        -8211        -7992         1224.255           0
        21        -8084        -7988         1097.711           0
        22        -8195        -7972          995.219           0
        23        -8151        -8139              NaN           1
        24        -8245        -8176              NaN           1
        25        -8245        -7936         1439.043           0
        26        -8256        -8075         1463.333           0
        27        -8115        -7938         1185.519           0
        28        -8221        -8129              NaN           1
        29        -8125        -7958         1112.002           0
        30        -8163        -7975         1918.067           0
        31        -8173        -7922         1263.941           0
        32        -8246        -8006         1022.301           0
        34        -8222        -8068         1785.631           0
        35        -8156        -7987         1020.506           0
        36        -8082        -7952          522.604           0
        37        -8170        -7979          1278.25           0
        38        -8067        -7932         1580.213           0
        39        -8124        -7942         1882.782           0
        40        -8175        -7932          1226.65           0
        41        -8393        -8027          904.462           0
        42        -8165        -7968         1228.478           0
        43        -8053        -7902         1019.899           0
        44        -8176        -7948          858.442           0
        45        -8299        -8025         1056.886           0
        46        -8071        -7922         2292.599           0
        47        -8056        -7906          671.854           0
        48        -8130        -8029              NaN           1
        49        -8046        -7907          924.136           0
        50        -8085        -7909          989.568           0
        51        -8132        -7974          925.348           0
        52        -8163        -7920           827.81           0
        53        -8237        -8080          607.057           0
        54        -8181        -7954         1166.045           0
        55        -8153        -8100              NaN           1
        56        -8235        -8109          680.871           0
        57        -8075        -7953          747.565           0
        58        -8031        -7917         1233.644           0
        59        -8156        -7927          865.232           0
        60        -8096        -7933           822.32           0
        61        -8283        -8020          907.954           0
        62        -8365        -8133         1062.275           0
        63        -8220        -7988         1034.907           0
        64        -8143        -8137              NaN           1
        66        -8078        -7899          930.761           0
        67        -8196        -7986         1315.826           0
        68        -8059        -7867          978.605           0
        69        -8041        -7898         1174.993           0
        70        -8030        -7911          734.288           0
        71        -8140        -7971         1466.644           0
        73        -8288        -8284              NaN           1
        74        -8395        -8060         1740.568           0
        75        -8299        -8092          915.464           0
        76        -8338        -8338              NaN           1
        77        -8069        -7932          847.128           0
        78        -8108        -7959          780.765           0
        79        -8201        -7988         1714.725           0
        80        -8210        -8048          510.805           0
        81        -8149        -7948         1068.168           0
        82        -8061        -7910          934.319           0
        83        -8239        -8153              NaN           1
        84        -8082        -7932          855.114           0
        85        -8329        -8085          694.972           0
        86        -8165        -8073              NaN           1
        87        -8274        -7973         1381.087           0
        88        -8139        -7953         1236.083           0
        89        -8276        -8275              NaN           1
        90        -8226        -8037         1696.216           0
        91        -9090        -8361         1487.288           0
        92        -8979        -8808          550.877           0
        93        -9210        -8815         8416.169           0
        94        -9089        -8831         1321.503           0
        95       -10015        -8952         1874.515           0
        96        -9133        -8737         1472.644           0
        97        -8733        -8331         1406.461           0
Best candidate so far (LL=-7866.8)

Stage 3, 81 active candidates.
Estimating 25 BFGS iteration(s) for each active candidate.
 Candidate......LLstart.....LLfinish.....GradientNorm...Converged
         1        -8019        -7930          888.638           0
         2        -7959        -7877          426.375           0
         3        -8023        -8023              NaN           1
         4        -7948        -7877          915.481           0
         5        -8009        -8009              NaN           1
         6        -7905        -7868          560.382           0
         7        -8026        -7908          551.733           0
         9        -7959        -7877          692.948           0
        10        -7992        -7876         1060.825           0
        11        -8009        -7943          426.147           0
        12        -7951        -7871          570.835           0
        13        -7976        -7911          654.551           0
        14        -8069        -7959          720.822           0
        15        -7995        -7936          714.015           0
        16        -8072        -8071              NaN           1
        18        -7942        -7901          753.219           0
        19        -8000        -7908          669.228           0
        20        -7992        -7917          862.644           0
        21        -7988        -7969              NaN           1
        22        -7972        -7892          847.064           0
        25        -7936        -7864          868.462           0
        26        -8075        -7985          601.839           0
        27        -7938        -7856          812.662           0
        29        -7958        -7944              NaN           1
        30        -7975        -7921          687.331           0
        31        -7922        -7857          544.718           0
        32        -8006        -7909          775.917           0
        34        -8068        -7875         1712.914           0
        35        -7987        -7942          533.305           0
        36        -7952        -7900         1411.062           0
        37        -7979        -7899          609.828           0
        38        -7932        -7873          630.609           0
        39        -7942        -7873          893.939           0
        40        -7932        -7871          553.219           0
        41        -8027        -7873          578.973           0
        42        -7968        -7906          918.281           0
        43        -7902        -7856          626.349           0
        44        -7948        -7851          700.537           0
        45        -8025        -7908          748.663           0
        46        -7922        -7876          458.133           0
        47        -7906        -7829          569.378           0
        49        -7907        -7869          648.263           0
        50        -7909        -7866          562.746           0
        51        -7974        -7908            812.4           0
        52        -7920        -7876          958.322           0
        53        -8080        -8080              NaN           1
        54        -7954        -7884         1016.879           0
        56        -8109        -8109              NaN           1
        57        -7953        -7935              NaN           1
        58        -7917        -7881          925.527           0
        59        -7927        -7867          297.943           0
        60        -7933        -7870          623.821           0
        61        -8020        -7898          672.075           0
        62        -8133        -8033          974.756           0
        63        -7988        -7986              NaN           1
        66        -7899        -7842          733.029           0
        67        -7986        -7936           388.88           0
        68        -7867        -7811          522.587           0
        69        -7898        -7857          526.318           0
        70        -7911        -7850          587.271           0
        71        -7971        -7898          907.236           0
        74        -8060        -7926         1049.564           0
        75        -8092        -8029         1180.874           0
        77        -7932        -7893              NaN           1
        78        -7959        -7909          559.148           0
        79        -7988        -7931          746.357           0
        80        -8048        -7949         1243.671           0
        81        -7948        -7894         1513.644           0
        82        -7910        -7852           697.21           0
        84        -7932        -7932              NaN           1
        85        -8085        -7974          554.423           0
        87        -7973        -7937              NaN           1
        88        -7953        -7876          724.129           0
        90        -8037        -7951          947.389           0
        91        -8361        -8216         1416.767           0
        92        -8808        -8758         3319.201           0
        93        -8815        -8695         3251.452           0
        94        -8831        -8653         1039.306           0
        95        -8952        -8689          878.639           0
        96        -8737        -8596          1081.81           0
        97        -8331        -8211          889.817           0
Best candidate so far (LL=-7811.2)

Stage 4, 69 active candidates.
Estimating 25 BFGS iteration(s) for each active candidate.
 Candidate......LLstart.....LLfinish.....GradientNorm...Converged
         1        -7930        -7913              NaN           1
         2        -7877        -7847          367.905           0
         4        -7877        -7842          486.738           0
         6        -7868        -7856          451.748           0
         7        -7908        -7871          982.808           0
         9        -7877        -7845          432.105           0
        10        -7876        -7850              NaN           1
        11        -7943        -7921          454.976           0
        12        -7871        -7850          364.294           0
        13        -7911        -7904              NaN           1
        14        -7959        -7948          500.449           0
        15        -7936        -7898          579.994           0
        18        -7901        -7894              NaN           1
        19        -7908        -7869              NaN           0
        20        -7917        -7901          586.319           0
        22        -7892        -7850          776.344           0
        25        -7864        -7841           564.07           0
        26        -7985        -7957          607.244           0
        27        -7856        -7816          538.961           0
        30        -7921        -7891              NaN           1
        31        -7857        -7833          474.011           0
        32        -7909        -7878          934.007           0
        34        -7875        -7830         1095.875           0
        35        -7942        -7908          483.323           0
        36        -7900        -7860          889.269           0
        37        -7899        -7873           407.77           0
        38        -7873        -7873              NaN           1
        39        -7873        -7826         1010.607           0
        40        -7871        -7852          261.489           0
        41        -7873        -7851          910.591           0
        42        -7906        -7889          903.739           0
        43        -7856        -7842          208.652           0
        44        -7851        -7836          438.138           0
        45        -7908        -7869          507.794           0
        46        -7876        -7857          513.397           0
        47        -7829        -7803           342.84           0
        49        -7869        -7842          392.533           0
        50        -7866        -7851           193.21           0
        51        -7908        -7875          535.801           0
        52        -7876        -7849          595.372           0
        54        -7884        -7843          236.335           0
        58        -7881        -7881              NaN           1
        59        -7867        -7850          477.491           0
        60        -7870        -7843          689.029           0
        61        -7898        -7886              NaN           1
        62        -8033        -7988          445.291           0
        66        -7842        -7823          381.988           0
        67        -7936        -7936              NaN           1
        68        -7811        -7799          341.467           0
        69        -7857        -7841           443.61           0
        70        -7850        -7826           874.72           0
        71        -7898        -7858          564.436           0
        74        -7926        -7886         1115.045           0
        75        -8029        -7979          996.494           0
        78        -7909        -7892          392.289           0
        79        -7931        -7926              NaN           1
        80        -7949        -7931              NaN           1
        81        -7894        -7870          720.803           0
        82        -7852        -7827          409.771           0
        85        -7974        -7951          579.474           0
        88        -7876        -7862              NaN           1
        90        -7951        -7910          548.675           0
        91        -8216        -8215              NaN           1
        92        -8758        -8595         1529.033           0
        93        -8695        -8625          258.606           0
        94        -8653        -8567          920.297           0
        95        -8689        -8564         1609.691           0
        96        -8596        -8466         1679.265           0
        97        -8211        -8141          639.471           0
Best candidate so far (LL=-7799.3)

Stage 5, 55 active candidates.
Estimating 25 BFGS iteration(s) for each active candidate.
 Candidate......LLstart.....LLfinish.....GradientNorm...Converged
         2        -7847        -7839          256.737           0
         4        -7842        -7841              NaN           1
         6        -7856        -7852          457.468           0
         7        -7871        -7857          304.022           0
         9        -7845        -7834          329.412           0
        11        -7921        -7911           330.49           0
        12        -7850        -7841          313.464           0
        14        -7948        -7947              NaN           1
        15        -7898        -7884          516.387           0
        20        -7901        -7896          414.896           0
        22        -7850        -7833          262.213           0
        25        -7841        -7833          288.379           0
        26        -7957        -7948          418.285           0
        27        -7816        -7802          422.012           0
        31        -7833        -7826          221.357           0
        32        -7878        -7863           988.93           0
        34        -7830        -7806          598.024           0
        35        -7908        -7894          512.392           0
        36        -7860        -7850          472.246           0
        37        -7873        -7857          559.539           0
        39        -7826        -7812          386.591           0
        40        -7852        -7846          430.712           0
        41        -7851        -7831          633.135           0
        42        -7889        -7879          448.776           0
        43        -7842        -7836          108.439           0
        44        -7836        -7829          363.714           0
        45        -7869        -7847          381.057           0
        46        -7857        -7842          242.749           0
        47        -7803        -7795          180.887           0
        49        -7842        -7818          501.134           0
        50        -7851        -7843          337.534           0
        51        -7875        -7863          374.316           0
        52        -7849        -7847              NaN           1
        54        -7843        -7829          325.276           0
        59        -7850        -7842          319.428           0
        60        -7843        -7829          606.554           0
        62        -7988        -7988              NaN           1
        66        -7823        -7812          375.656           0
        68        -7799        -7795          202.865           0
        69        -7841        -7832          200.868           0
        70        -7826        -7818          534.728           0
        71        -7858        -7842          325.508           0
        74        -7886        -7881              NaN           1
        75        -7979        -7944          872.906           0
        78        -7892        -7883          435.061           0
        81        -7870        -7860           427.79           0
        82        -7827        -7817          128.473           0
        85        -7951        -7944           321.22           0
        90        -7910        -7899          538.992           0
        92        -8595        -8579              NaN           1
        93        -8625        -8618           52.317           0
        94        -8567        -8557              NaN           1
        95        -8564        -8487         1888.397           0
        96        -8466        -8410           395.48           0
        97        -8141        -8127          358.409           0
Best candidate so far (LL=-7795.1)

Stage 6, 48 active candidates.
Estimating 25 BFGS iteration(s) for each active candidate.
 Candidate......LLstart.....LLfinish.....GradientNorm...Converged
         2        -7839        -7834          132.895           0
         6        -7852        -7850          238.789           0
         7        -7857        -7854           90.991           0
         9        -7834        -7832          120.906           0
        11        -7911        -7907           175.16           0
        12        -7841        -7836           109.92           0
        15        -7884        -7879          294.116           0
        20        -7896        -7894          315.607           0
        22        -7833        -7828          204.278           0
        25        -7833        -7827           348.87           0
        26        -7948        -7941          333.406           0
        27        -7802        -7795          191.279           0
        31        -7826        -7825          145.107           0
        32        -7863        -7863              NaN           1
        34        -7806        -7797          388.963           0
        35        -7894        -7892              NaN           1
        36        -7850        -7843          242.107           0
        37        -7857        -7852              NaN           1
        39        -7812        -7808          439.527           0
        40        -7846        -7842          190.139           0
        41        -7831        -7825          332.568           0
        42        -7879        -7874          321.415           0
        43        -7836        -7833           210.18           0
        44        -7829        -7824          350.401           0
        45        -7847        -7837          308.126           0
        46        -7842        -7834          236.781           0
        47        -7795        -7792           92.629           0
        49        -7818        -7805            206.6           0
        50        -7843        -7838          172.774           0
        51        -7863        -7856          362.178           0
        54        -7829        -7822          196.856           0
        59        -7842        -7837          142.647           0
        60        -7829        -7823          422.805           0
        66        -7812        -7807          202.863           0
        68        -7795        -7793            75.11           0
        69        -7832        -7825          260.081           0
        70        -7818        -7814          338.093           0
        71        -7842        -7833          191.927           0
        75        -7944        -7921          832.034           0
        78        -7883        -7865          365.149           0
        81        -7860        -7857          377.275           0
        82        -7817        -7806          294.721           0
        85        -7944        -7941          353.083           0
        90        -7899        -7891          348.873           0
        93        -8618        -8614          129.457           0
        95        -8487        -8351         1268.242           0
        96        -8410        -8400          228.043           0
        97        -8127        -8117          134.435           0
Best candidate so far (LL=-7791.7)

Stage 7, 45 active candidates.
Estimating 25 BFGS iteration(s) for each active candidate.
 Candidate......LLstart.....LLfinish.....GradientNorm...Converged
         2        -7834        -7826          365.657           0
         6        -7850        -7849          148.343           0
         7        -7854        -7853           88.525           0
         9        -7832        -7830          107.478           0
        11        -7907        -7905          139.937           0
        12        -7836        -7833          129.521           0
        15        -7879        -7876          195.383           0
        20        -7894        -7893          153.122           0
        22        -7828        -7822          333.694           0
        25        -7827        -7824          231.078           0
        26        -7941        -7936          181.995           0
        27        -7795        -7792            67.58           0
        31        -7825        -7824           85.453           0
        34        -7797        -7793          288.144           0
        36        -7843        -7840          213.589           0
        39        -7808        -7794          481.144           0
        40        -7842        -7841          119.786           0
        41        -7825        -7823           166.15           0
        42        -7874        -7870          295.629           0
        43        -7833        -7831          218.606           0
        44        -7824        -7819          228.095           0
        45        -7837        -7830          139.552           0
        46        -7834        -7828          203.844           0
        47        -7792        -7790           46.476           0
        49        -7805        -7801          192.441           0
        50        -7838        -7835           84.708           0
        51        -7856        -7852          176.635           0
        54        -7822        -7817          127.475           0
        59        -7837        -7833          245.481           0
        60        -7823        -7820          314.969           0
        66        -7807        -7804           88.927           0
        68        -7793        -7792           81.933           0
        69        -7825        -7822          138.038           0
        70        -7814        -7811          200.871           0
        71        -7833        -7829          208.662           0
        75        -7921        -7911          665.958           0
        78        -7865        -7852          364.263           0
        81        -7857        -7856          177.783           0
        82        -7806        -7799           204.65           0
        85        -7941        -7940          177.714           0
        90        -7891        -7888           201.79           0
        93        -8614        -8613           43.487           0
        95        -8351        -8295         1062.371           0
        96        -8400        -8396           86.794           0
        97        -8117        -8114           86.596           0
Best candidate so far (LL=-7790)

Stage 8, 45 active candidates.
Estimating 25 BFGS iteration(s) for each active candidate.
 Candidate......LLstart.....LLfinish.....GradientNorm...Converged
         2        -7826        -7816          345.703           0
         6        -7849        -7849           93.779           0
         7        -7853        -7852          100.109           0
         9        -7830        -7828          129.026           0
        11        -7905        -7903           93.414           0
        12        -7833        -7831            66.99           0
        15        -7876        -7873          166.737           0
        20        -7893        -7893           119.39           0
        22        -7822        -7818          396.719           0
        25        -7824        -7821          268.941           0
        26        -7936        -7928          259.605           0
        27        -7792        -7791           73.384           0
        31        -7824        -7823           44.686           0
        34        -7793        -7790          194.991           0
        36        -7840        -7837          143.535           0
        39        -7794        -7788          268.546           0
        40        -7841        -7840           39.458           0
        41        -7823        -7822           70.263           0
        42        -7870        -7869              NaN           1
        43        -7831        -7829          146.423           0
        44        -7819        -7817          247.842           0
        45        -7830        -7826          198.834           0
        46        -7828        -7825          159.608           0
        47        -7790        -7789          101.266           0
        49        -7801        -7798          100.754           0
        50        -7835        -7834          102.469           0
        51        -7852        -7851              NaN           1
        54        -7817        -7808           281.62           0
        59        -7833        -7830           109.97           0
        60        -7820        -7817          267.397           0
        66        -7804        -7803          123.359           0
        68        -7792        -7791           73.592           0
        69        -7822        -7820            84.24           0
        70        -7811        -7810           92.083           0
        71        -7829        -7827          109.068           0
        75        -7911        -7906          570.348           0
        78        -7852        -7847          239.346           0
        81        -7856        -7855          105.781           0
        82        -7799        -7796          143.156           0
        85        -7940        -7938           192.21           0
        90        -7888        -7884          171.159           0
        93        -8613        -8612           13.329           0
        95        -8295        -8263          333.153           0
        96        -8396        -8394          124.993           0
        97        -8114        -8112           43.741           0
Best candidate so far (LL=-7788.4)

Stage 9, 43 active candidates.
Estimating 25 BFGS iteration(s) for each active candidate.
 Candidate......LLstart.....LLfinish.....GradientNorm...Converged
         2        -7816        -7814          370.717           0
         6        -7849        -7848           63.497           0
         7        -7852        -7851           65.475           0
         9        -7828        -7825          247.209           0
        11        -7903        -7902            80.04           0
        12        -7831        -7830           88.489           0
        15        -7873        -7870          305.814           0
        20        -7893        -7893           80.104           0
        22        -7818        -7817              NaN           1
        25        -7821        -7818           191.69           0
        26        -7928        -7924          194.462           0
        27        -7791        -7788          192.691           0
        31        -7823        -7823            31.79           0
        34        -7790        -7789          139.184           0
        36        -7837        -7834          252.389           0
        39        -7788        -7787          201.008           0
        40        -7840        -7839           45.208           0
        41        -7822        -7822           47.598           0
        43        -7829        -7826          208.692           0
        44        -7817        -7816          147.582           0
        45        -7826        -7823          139.768           0
        46        -7825        -7822          137.381           0
        47        -7789        -7788          109.716           0
        49        -7798        -7796           92.512           0
        50        -7834        -7833           55.807           0
        54        -7808        -7800          132.341           0
        59        -7830        -7827          182.593           0
        60        -7817        -7815          249.045           0
        66        -7803        -7802           58.926           0
        68        -7791        -7791           36.639           0
        69        -7820        -7820           59.654           0
        70        -7810        -7809          116.346           0
        71        -7827        -7826           55.203           0
        75        -7906        -7904          317.507           0
        78        -7847        -7844           67.834           0
        81        -7855        -7854            65.45           0
        82        -7796        -7794           92.195           0
        85        -7938        -7932          166.729           0
        90        -7884        -7881          126.229           0
        93        -8612        -8612           10.906           0
        95        -8263        -8252          144.442           0
        96        -8394        -8393              NaN           1
        97        -8112        -8108          118.452           0
Best candidate so far (LL=-7786.5)

Stage 10, 41 active candidates.
Estimating 100 BFGS iteration(s) for each active candidate.
 Candidate......LLstart.....LLfinish.....GradientNorm...Converged
         2        -7814        -7796           38.427           0
         6        -7848        -7841            7.359           0
         7        -7851        -7820          290.505           0
         9        -7825        -7812              NaN           1
        11        -7902        -7895              4.1           0
        12        -7830        -7820            3.435           0
        15        -7870        -7869              NaN           1
        20        -7893        -7889           11.193           0
        25        -7818        -7806            12.37           0
        26        -7924        -7924              NaN           1
        27        -7788        -7777           23.706           0
        31        -7823        -7812           12.572           0
        34        -7789        -7777           13.132           0
        36        -7834        -7810           43.009           0
        39        -7787        -7782           10.263           0
        40        -7839        -7821           74.229           0
        41        -7822        -7818            6.742           0
        43        -7826        -7810            9.438           0
        44        -7816        -7802              NaN           1
        45        -7823        -7818              NaN           1
        46        -7822        -7799           37.899           0
        47        -7788        -7781           19.774           0
        49        -7796        -7787          119.224           0
        50        -7833        -7812           44.402           0
        54        -7800        -7785           11.959           0
        59        -7827        -7808           34.635           0
        60        -7815        -7805            29.94           0
        66        -7802        -7793           25.744           0
        68        -7791        -7788           29.084           0
        69        -7820        -7815              NaN           1
        70        -7809        -7804           33.103           0
        71        -7826        -7820           89.372           0
        75        -7904        -7900              NaN           1
        78        -7844        -7818           67.763           0
        81        -7854        -7849            6.424           0
        82        -7794        -7789           24.934           0
        85        -7932        -7866           26.542           0
        90        -7881        -7848           51.071           0
        93        -8612        -8611            0.033           1
        95        -8252        -8246            0.027           1
        97        -8108        -8108              NaN           1
Best candidate so far (LL=-7777.1)

Stage 11, 31 active candidates.
Estimating 100 BFGS iteration(s) for each active candidate.
 Candidate......LLstart.....LLfinish.....GradientNorm...Converged
         2        -7796        -7794           15.355           0
         6        -7841        -7841             3.37           1
         7        -7820        -7812              NaN           1
        11        -7895        -7895            3.609           1
        12        -7820        -7820            2.487           1
        20        -7889        -7889            5.042           1
        25        -7806        -7806           12.047           1
        27        -7777        -7775            7.679           0
        31        -7812        -7803          100.419           0
        34        -7777        -7777            9.128           1
        36        -7810        -7808            7.384           0
        39        -7782        -7782            3.698           1
        40        -7821        -7820            2.761           0
        41        -7818        -7818             1.01           0
        43        -7810        -7810           22.702           1
        46        -7799        -7799           10.736           0
        47        -7781        -7781            8.654           0
        49        -7787        -7785           10.556           0
        50        -7812        -7808              NaN           1
        54        -7785        -7785            2.902           1
        59        -7808        -7808            1.818           0
        60        -7805        -7805            6.901           1
        66        -7793        -7792            6.768           0
        68        -7788        -7787            2.845           0
        70        -7804        -7804            1.523           0
        71        -7820        -7818            1.327           0
        78        -7818        -7813            0.822           0
        81        -7849        -7849            3.343           1
        82        -7789        -7788            3.979           1
        85        -7866        -7859           20.426           0
        90        -7848        -7846            5.574           0
Best candidate so far (LL=-7775.4)

Stage 12, 17 active candidates.
Estimating 100 BFGS iteration(s) for each active candidate.
 Candidate......LLstart.....LLfinish.....GradientNorm...Converged
         2        -7794        -7793            4.394           0
        27        -7775        -7775           15.102           1
        31        -7803        -7802           90.027           0
        36        -7808        -7808           15.855           1
        40        -7820        -7820            2.162           1
        41        -7818        -7818            0.733           1
        46        -7799        -7799            6.213           1
        47        -7781        -7781            9.509           1
        49        -7785        -7785            1.717           0
        59        -7808        -7808            4.086           1
        66        -7792        -7792            2.647           0
        68        -7787        -7787            2.077           1
        70        -7804        -7804            1.102           1
        71        -7818        -7818            1.134           1
        78        -7813        -7813            0.684           1
        85        -7859        -7858           15.119           0
        90        -7846        -7846            0.714           0
Best candidate so far (LL=-7775.4)

Stage 13, 7 active candidates.
Estimating 100 BFGS iteration(s) for each active candidate.
 Candidate......LLstart.....LLfinish.....GradientNorm...Converged
         2        -7793        -7793             3.16           1
        27        -7775        -7775                0           1
        31        -7802        -7802            3.868           1
        49        -7785        -7785            1.119           1
        66        -7792        -7792            3.312           1
        85        -7858        -7858           12.446           1
        90        -7846        -7846            1.376           1
Best candidate so far (LL=-7775.4)
  n_points n_best n_within_tol did_best_conv
1       97      1            1          TRUE
Search-Start Execution Complete 
Search-Start Post-Processing Complete 
Part 1 (Multistart) complete for: LC8_CNL_pref 
Results saved to: logs/job_35774751/LC8_CNL_pref 
Total time: 34.51 hours
Ready for Part 2 (Estimation)
Done Running. Log files moved to logs/job_35774751/
